17:27:22.322 [JavaFX Application Thread] DEBUG GameApplication      - Logger initialized
17:27:22.349 [JavaFX Application Thread] DEBUG GameApplication      - Logging settings
Title: BreakOut
Version: 0.1
Width: 600
Height: 600
Fullscreen: false
Intro: false
Menus: false
Profiling: false
Single step:false
App Mode: DEVELOPER
Menu Key: ESCAPE
Stage Style: DECORATED
Scene Factory: class com.almasb.fxgl.scene.SceneFactory
Dialog Factory: class com.almasb.fxgl.ui.FXGLDialogFactory
UI Factory: class com.almasb.fxgl.ui.FXGLUIFactory
Notification Service: class com.almasb.fxgl.gameplay.notification.XboxNotificationView
Exception Handler: class com.almasb.fxgl.app.FXGLExceptionHandler
17:27:22.351 [JavaFX Application Thread] DEBUG GameApplication      - Starting FXGL
17:27:22.366 [JavaFX Application Thread] INFO  FXGL                 - FXGL-0.5.4 on DESKTOP
17:27:22.367 [JavaFX Application Thread] INFO  FXGL                 - Source code and latest versions at: https://github.com/AlmasB/FXGL
17:27:22.367 [JavaFX Application Thread] INFO  FXGL                 -              Join the FXGL chat at: https://gitter.im/AlmasB/FXGL
17:27:22.368 [JavaFX Application Thread] DEBUG FXGL                 - FXGL started
17:27:22.368 [JavaFX Application Thread] DEBUG FXGL                 - Initializing FXGL
17:27:22.463 [JavaFX Application Thread] DEBUG AssetLoader          - Loading from disk: /assets/ui/cursors/fxgl_default.png
17:27:22.555 [JavaFX Application Thread] DEBUG AssetLoader          - Loading from disk: /assets/ui/fonts/VarelaRound-Regular.ttf
17:27:22.806 [JavaFX Application Thread] DEBUG MainWindow           - Creating a JavaFX scene
17:27:22.950 [JavaFX Application Thread] DEBUG MainWindow           - Target settings size: 600.0 x 600.0
17:27:22.950 [JavaFX Application Thread] DEBUG MainWindow           - Scaled scene size:    600.0 x 600.0
17:27:22.950 [JavaFX Application Thread] DEBUG MainWindow           - Scaled ratio: (1.0, 1.0)
17:27:22.954 [JavaFX Application Thread] DEBUG AssetLoader          - Loading from disk: /assets/ui/css/fxgl_dark.css
17:27:22.959 [JavaFX Application Thread] DEBUG AssetLoader          - Loading from disk: /assets/textures/fxgl_icon.png
17:27:22.987 [JavaFX Application Thread] DEBUG MainWindow           - Opening main window
17:27:23.437 [JavaFX Application Thread] DEBUG MainWindow           - Window border size: (6.0, 29.0)
17:27:23.438 [JavaFX Application Thread] DEBUG MainWindow           - Scaled size: 600.0 x 600.0
17:27:23.438 [JavaFX Application Thread] DEBUG MainWindow           - Scaled ratio: (1.0, 1.0)
17:27:23.438 [JavaFX Application Thread] DEBUG MainWindow           - Scene size: 600.0 x 600.0
17:27:23.439 [JavaFX Application Thread] DEBUG MainWindow           - Stage size: 606.0 x 629.0
17:27:23.598 [ForkJoinPool.commonPool-worker-1] DEBUG FS                   - Loaded DesktopFSService
17:27:23.599 [ForkJoinPool.commonPool-worker-1] DEBUG FXGL                 - Loading FXGL system data
17:27:23.609 [ForkJoinPool.commonPool-worker-1] DEBUG DesktopFSService     - Reading from: system\fxgl.bundle
17:27:23.625 [ForkJoinPool.commonPool-worker-1] DEBUG Bundle               - Logging bundle: FXGL
17:27:23.627 [ForkJoinPool.commonPool-worker-1] DEBUG Bundle               - FXGL.offline.timer.version.check=2018-12-14T14:58:08.605
17:27:23.628 [ForkJoinPool.commonPool-worker-1] DEBUG FXGL                 - Initializing state machine and application states
17:27:23.632 [ForkJoinPool.commonPool-worker-1] DEBUG AssetLoader          - Loading from disk: /assets/ui/cursors/fxgl_default.png
17:27:23.642 [ForkJoinPool.commonPool-worker-1] DEBUG AssetLoader          - Loading from disk: /assets/ui/cursors/fxgl_default.png
17:27:23.654 [ForkJoinPool.commonPool-worker-1] DEBUG AssetLoader          - Loading from cache: /assets/ui/fonts/VarelaRound-Regular.ttf
17:27:23.659 [ForkJoinPool.commonPool-worker-1] DEBUG AssetLoader          - Loading from disk: /assets/ui/cursors/fxgl_default.png
17:27:23.668 [ForkJoinPool.commonPool-worker-1] DEBUG GameScene            - Game scene initialized: 600x600
17:27:23.684 [ForkJoinPool.commonPool-worker-1] DEBUG GameWorld            - Game world initialized
17:27:23.807 [ForkJoinPool.commonPool-worker-1] DEBUG PhysicsWorld         - Physics world initialized: appHeight=600, physics.ppm=50,0
17:27:23.856 [ForkJoinPool.commonPool-worker-1] DEBUG Input                - Registered new binding: Pause - Esc
17:27:23.934 [JavaFX Application Thread] DEBUG FXGL                 - Running preInit()
17:27:23.936 [JavaFX Application Thread] DEBUG Input                - Registered new binding: Screenshot - P
17:27:23.937 [JavaFX Application Thread] DEBUG Input                - Registered new binding: Dev Options - CTRL+0
17:27:23.938 [JavaFX Application Thread] DEBUG Input                - Registered new binding: System info dump - CTRL+9
17:27:23.939 [JavaFX Application Thread] DEBUG Input                - Registered new binding: Restart - CTRL+R
17:27:23.940 [JavaFX Application Thread] DEBUG Input                - Registered new binding: Move Right - D
17:27:23.940 [JavaFX Application Thread] DEBUG Input                - Registered new binding: Move Left - A
17:27:23.940 [JavaFX Application Thread] DEBUG Input                - Registered new binding: Move Ball - Space
17:27:23.940 [JavaFX Application Thread] DEBUG Input                - Registered new binding: New Level - N
17:27:23.941 [JavaFX Application Thread] DEBUG Input                - Registered new binding: New Ball - M
17:27:23.942 [JavaFX Application Thread] INFO  FXGL                 - FXGL initialization took: 1,573 sec
17:27:23.942 [JavaFX Application Thread] DEBUG LoopRunner           - Starting loop
17:27:23.945 [JavaFX Application Thread] DEBUG StartupState         - STARTUP
17:27:23.946 [JavaFX Application Thread] DEBUG GameApplication      - Starting new game
17:27:23.946 [JavaFX Application Thread] DEBUG Input                - Clearing active input actions
17:27:23.948 [JavaFX Application Thread] DEBUG AssetLoader          - Loading from disk: /assets/ui/css/fxgl_dark.css
17:27:23.960 [JavaFX Application Thread] DEBUG AppStateMachine      - StartupState -> LoadingState
17:27:23.978 [FXGL Background Thread 1 ] DEBUG InitAppTask          - Clearing previous game
17:27:23.978 [FXGL Background Thread 1 ] DEBUG GameWorld            - Clearing game world
17:27:23.979 [FXGL Background Thread 1 ] DEBUG PhysicsWorld         - Clearing physics world
17:27:23.979 [FXGL Background Thread 1 ] DEBUG GameScene            - Clearing game scene
17:27:23.986 [FXGL Background Thread 1 ] DEBUG InitAppTask          - Initializing Game
17:27:24.252 [FXGL Background Thread 1 ] DEBUG GameScene            - Creating render group for layer: DEFAULT(100000)
17:27:24.257 [FXGL Background Thread 1 ] DEBUG GameScene            - Creating render group for layer: BACKGROUND(1000)
17:27:24.263 [FXGL Background Thread 1 ] DEBUG InitAppTask          - Initializing Physics
17:27:24.264 [FXGL Background Thread 1 ] DEBUG InitAppTask          - Initializing UI
17:27:24.267 [JavaFX Application Thread] FATAL FXGL                 - Uncaught Exception:

Fatal exception occurred: java.lang.NullPointerException : null
E: View.GameApp.initUI(GameApp.java:98)
E: com.almasb.fxgl.app.LoadingState$InitAppTask.initUI(AppStates.kt:178)
E: com.almasb.fxgl.app.LoadingState$InitAppTask.call(AppStates.kt:140)
E: com.almasb.fxgl.app.LoadingState$InitAppTask.call(AppStates.kt:127)
E: javafx.concurrent.Task$TaskCallable.call(Task.java:1423)
E: java.util.concurrent.FutureTask.run(FutureTask.java:266)
E: java.util.concurrent.Executors$RunnableAdapter.call(Executors.java:511)
E: java.util.concurrent.FutureTask.run(FutureTask.java:266)
E: java.util.concurrent.ThreadPoolExecutor.runWorker(ThreadPoolExecutor.java:1149)
E: java.util.concurrent.ThreadPoolExecutor$Worker.run(ThreadPoolExecutor.java:624)
E: java.lang.Thread.run(Thread.java:748)

17:27:24.267 [JavaFX Application Thread] FATAL FXGL                 - Application will now exit
17:27:24.268 [JavaFX Application Thread] DEBUG LoopRunner           - Stopping loop
17:27:26.749 [JavaFX Application Thread] DEBUG FXGL                 - Exiting FXGL
17:27:26.750 [JavaFX Application Thread] DEBUG FXGL                 - Shutting down background threads
17:27:26.751 [JavaFX Application Thread] DEBUG FXGL                 - Saving FXGL system data
17:27:26.764 [JavaFX Application Thread] DEBUG DesktopFSService     - Writing to: system\fxgl.bundle
17:27:26.782 [JavaFX Application Thread] DEBUG FXGL                 - Closing logger and exiting JavaFX
