11:45:05.845 [JavaFX Application Thread] DEBUG GameApplication      - Logger initialized
11:45:05.875 [JavaFX Application Thread] DEBUG GameApplication      - Logging settings
Title: BreakOut
Version: 0.1
Width: 600
Height: 600
Fullscreen: false
Intro: false
Menus: false
Profiling: false
Single step:false
App Mode: DEVELOPER
Menu Key: ESCAPE
Stage Style: DECORATED
Scene Factory: class com.almasb.fxgl.scene.SceneFactory
Dialog Factory: class com.almasb.fxgl.ui.FXGLDialogFactory
UI Factory: class com.almasb.fxgl.ui.FXGLUIFactory
Notification Service: class com.almasb.fxgl.gameplay.notification.XboxNotificationView
Exception Handler: class com.almasb.fxgl.app.FXGLExceptionHandler
11:45:05.876 [JavaFX Application Thread] DEBUG GameApplication      - Starting FXGL
11:45:05.895 [JavaFX Application Thread] INFO  FXGL                 - FXGL-0.5.4 on DESKTOP
11:45:05.896 [JavaFX Application Thread] INFO  FXGL                 - Source code and latest versions at: https://github.com/AlmasB/FXGL
11:45:05.900 [JavaFX Application Thread] INFO  FXGL                 -              Join the FXGL chat at: https://gitter.im/AlmasB/FXGL
11:45:05.902 [JavaFX Application Thread] DEBUG FXGL                 - FXGL started
11:45:05.902 [JavaFX Application Thread] DEBUG FXGL                 - Initializing FXGL
11:45:06.021 [JavaFX Application Thread] DEBUG AssetLoader          - Loading from disk: /assets/ui/cursors/fxgl_default.png
11:45:06.111 [JavaFX Application Thread] DEBUG AssetLoader          - Loading from disk: /assets/ui/fonts/VarelaRound-Regular.ttf
11:45:06.382 [JavaFX Application Thread] DEBUG MainWindow           - Creating a JavaFX scene
11:45:06.456 [JavaFX Application Thread] DEBUG MainWindow           - Target settings size: 600.0 x 600.0
11:45:06.456 [JavaFX Application Thread] DEBUG MainWindow           - Scaled scene size:    600.0 x 600.0
11:45:06.457 [JavaFX Application Thread] DEBUG MainWindow           - Scaled ratio: (1.0, 1.0)
11:45:06.472 [JavaFX Application Thread] DEBUG AssetLoader          - Loading from disk: /assets/ui/css/fxgl_dark.css
11:45:06.480 [JavaFX Application Thread] DEBUG AssetLoader          - Loading from disk: /assets/textures/fxgl_icon.png
11:45:06.515 [JavaFX Application Thread] DEBUG MainWindow           - Opening main window
11:45:07.015 [JavaFX Application Thread] DEBUG MainWindow           - Window border size: (6.0, 29.0)
11:45:07.016 [JavaFX Application Thread] DEBUG MainWindow           - Scaled size: 600.0 x 600.0
11:45:07.017 [JavaFX Application Thread] DEBUG MainWindow           - Scaled ratio: (1.0, 1.0)
11:45:07.017 [JavaFX Application Thread] DEBUG MainWindow           - Scene size: 600.0 x 600.0
11:45:07.017 [JavaFX Application Thread] DEBUG MainWindow           - Stage size: 606.0 x 629.0
11:45:07.112 [ForkJoinPool.commonPool-worker-1] DEBUG FS                   - Loaded DesktopFSService
11:45:07.113 [ForkJoinPool.commonPool-worker-1] DEBUG FXGL                 - Loading FXGL system data
11:45:07.131 [ForkJoinPool.commonPool-worker-1] DEBUG DesktopFSService     - Reading from: system\fxgl.bundle
11:45:07.148 [ForkJoinPool.commonPool-worker-1] DEBUG Bundle               - Logging bundle: FXGL
11:45:07.150 [ForkJoinPool.commonPool-worker-1] DEBUG Bundle               - FXGL.offline.timer.version.check=2018-12-14T14:58:08.605
11:45:07.150 [ForkJoinPool.commonPool-worker-1] DEBUG FXGL                 - Initializing state machine and application states
11:45:07.155 [ForkJoinPool.commonPool-worker-1] DEBUG AssetLoader          - Loading from disk: /assets/ui/cursors/fxgl_default.png
11:45:07.177 [ForkJoinPool.commonPool-worker-1] DEBUG AssetLoader          - Loading from disk: /assets/ui/cursors/fxgl_default.png
11:45:07.188 [ForkJoinPool.commonPool-worker-1] DEBUG AssetLoader          - Loading from cache: /assets/ui/fonts/VarelaRound-Regular.ttf
11:45:07.193 [ForkJoinPool.commonPool-worker-1] DEBUG AssetLoader          - Loading from disk: /assets/ui/cursors/fxgl_default.png
11:45:07.198 [ForkJoinPool.commonPool-worker-1] DEBUG GameScene            - Game scene initialized: 600x600
11:45:07.210 [ForkJoinPool.commonPool-worker-1] DEBUG GameWorld            - Game world initialized
11:45:07.323 [ForkJoinPool.commonPool-worker-1] DEBUG PhysicsWorld         - Physics world initialized: appHeight=600, physics.ppm=50,0
11:45:07.362 [ForkJoinPool.commonPool-worker-1] DEBUG Input                - Registered new binding: Pause - Esc
11:45:07.441 [JavaFX Application Thread] DEBUG FXGL                 - Running preInit()
11:45:07.444 [JavaFX Application Thread] DEBUG Input                - Registered new binding: Screenshot - P
11:45:07.445 [JavaFX Application Thread] DEBUG Input                - Registered new binding: Dev Options - CTRL+0
11:45:07.446 [JavaFX Application Thread] DEBUG Input                - Registered new binding: System info dump - CTRL+9
11:45:07.446 [JavaFX Application Thread] DEBUG Input                - Registered new binding: Restart - CTRL+R
11:45:07.447 [JavaFX Application Thread] DEBUG Input                - Registered new binding: Move Right - D
11:45:07.447 [JavaFX Application Thread] DEBUG Input                - Registered new binding: Move Left - A
11:45:07.447 [JavaFX Application Thread] DEBUG Input                - Registered new binding: Move Ball - Space
11:45:07.448 [JavaFX Application Thread] DEBUG Input                - Registered new binding: New Level - N
11:45:07.448 [JavaFX Application Thread] DEBUG Input                - Registered new binding: New Ball - M
11:45:07.449 [JavaFX Application Thread] INFO  FXGL                 - FXGL initialization took: 1,546 sec
11:45:07.449 [JavaFX Application Thread] DEBUG LoopRunner           - Starting loop
11:45:07.452 [JavaFX Application Thread] DEBUG StartupState         - STARTUP
11:45:07.453 [JavaFX Application Thread] DEBUG GameApplication      - Starting new game
11:45:07.454 [JavaFX Application Thread] DEBUG Input                - Clearing active input actions
11:45:07.456 [JavaFX Application Thread] DEBUG AssetLoader          - Loading from disk: /assets/ui/css/fxgl_dark.css
11:45:07.467 [JavaFX Application Thread] DEBUG AppStateMachine      - StartupState -> LoadingState
11:45:07.484 [FXGL Background Thread 1 ] DEBUG InitAppTask          - Clearing previous game
11:45:07.484 [FXGL Background Thread 1 ] DEBUG GameWorld            - Clearing game world
11:45:07.485 [FXGL Background Thread 1 ] DEBUG PhysicsWorld         - Clearing physics world
11:45:07.485 [FXGL Background Thread 1 ] DEBUG GameScene            - Clearing game scene
11:45:07.488 [FXGL Background Thread 1 ] DEBUG InitAppTask          - Initializing Game
11:45:07.739 [FXGL Background Thread 1 ] DEBUG GameScene            - Creating render group for layer: DEFAULT(100000)
11:45:07.743 [FXGL Background Thread 1 ] DEBUG GameScene            - Creating render group for layer: BACKGROUND(1000)
11:45:07.750 [FXGL Background Thread 1 ] DEBUG InitAppTask          - Initializing Physics
11:45:07.751 [FXGL Background Thread 1 ] DEBUG InitAppTask          - Initializing UI
11:45:07.761 [FXGL Background Thread 1 ] DEBUG InitAppTask          - Initialization Complete
11:45:07.761 [FXGL Background Thread 1 ] INFO  InitAppTask          - Game initialization took: 0,277 sec
11:45:07.772 [JavaFX Application Thread] DEBUG Input                - Clearing active input actions
11:45:07.772 [JavaFX Application Thread] DEBUG AssetLoader          - Loading from disk: /assets/ui/css/fxgl_dark.css
11:45:07.796 [JavaFX Application Thread] DEBUG AppStateMachine      - LoadingState -> PlayState
11:45:12.040 [JavaFX Application Thread] DEBUG FXGL                 - Exiting FXGL
11:45:12.040 [JavaFX Application Thread] DEBUG FXGL                 - Shutting down background threads
11:45:12.041 [JavaFX Application Thread] DEBUG FXGL                 - Saving FXGL system data
11:45:12.050 [JavaFX Application Thread] DEBUG DesktopFSService     - Writing to: system\fxgl.bundle
11:45:12.068 [JavaFX Application Thread] DEBUG FXGL                 - Closing logger and exiting JavaFX
