10:22:56.562 [JavaFX Application Thread] DEBUG GameApplication      - Logger initialized
10:22:56.590 [JavaFX Application Thread] DEBUG GameApplication      - Logging settings
Title: BreakOut
Version: 0.1
Width: 600
Height: 600
Fullscreen: false
Intro: false
Menus: false
Profiling: false
Single step:false
App Mode: DEVELOPER
Menu Key: ESCAPE
Stage Style: DECORATED
Scene Factory: class com.almasb.fxgl.scene.SceneFactory
Dialog Factory: class com.almasb.fxgl.ui.FXGLDialogFactory
UI Factory: class com.almasb.fxgl.ui.FXGLUIFactory
Notification Service: class com.almasb.fxgl.gameplay.notification.XboxNotificationView
Exception Handler: class com.almasb.fxgl.app.FXGLExceptionHandler
10:22:56.590 [JavaFX Application Thread] DEBUG GameApplication      - Starting FXGL
10:22:56.611 [JavaFX Application Thread] INFO  FXGL                 - FXGL-0.5.4 on DESKTOP
10:22:56.612 [JavaFX Application Thread] INFO  FXGL                 - Source code and latest versions at: https://github.com/AlmasB/FXGL
10:22:56.613 [JavaFX Application Thread] INFO  FXGL                 -              Join the FXGL chat at: https://gitter.im/AlmasB/FXGL
10:22:56.613 [JavaFX Application Thread] DEBUG FXGL                 - FXGL started
10:22:56.614 [JavaFX Application Thread] DEBUG FXGL                 - Initializing FXGL
10:22:56.686 [JavaFX Application Thread] DEBUG AssetLoader          - Loading from disk: /assets/ui/cursors/fxgl_default.png
10:22:56.768 [JavaFX Application Thread] DEBUG AssetLoader          - Loading from disk: /assets/ui/fonts/VarelaRound-Regular.ttf
10:22:57.023 [JavaFX Application Thread] DEBUG MainWindow           - Creating a JavaFX scene
10:22:57.147 [JavaFX Application Thread] DEBUG MainWindow           - Target settings size: 600.0 x 600.0
10:22:57.147 [JavaFX Application Thread] DEBUG MainWindow           - Scaled scene size:    600.0 x 600.0
10:22:57.148 [JavaFX Application Thread] DEBUG MainWindow           - Scaled ratio: (1.0, 1.0)
10:22:57.151 [JavaFX Application Thread] DEBUG AssetLoader          - Loading from disk: /assets/ui/css/fxgl_dark.css
10:22:57.156 [JavaFX Application Thread] DEBUG AssetLoader          - Loading from disk: /assets/textures/fxgl_icon.png
10:22:57.175 [JavaFX Application Thread] DEBUG MainWindow           - Opening main window
10:22:57.662 [JavaFX Application Thread] DEBUG MainWindow           - Window border size: (6.0, 29.0)
10:22:57.662 [JavaFX Application Thread] DEBUG MainWindow           - Scaled size: 600.0 x 600.0
10:22:57.662 [JavaFX Application Thread] DEBUG MainWindow           - Scaled ratio: (1.0, 1.0)
10:22:57.663 [JavaFX Application Thread] DEBUG MainWindow           - Scene size: 600.0 x 600.0
10:22:57.663 [JavaFX Application Thread] DEBUG MainWindow           - Stage size: 606.0 x 629.0
10:22:57.783 [ForkJoinPool.commonPool-worker-1] DEBUG FS                   - Loaded DesktopFSService
10:22:57.783 [ForkJoinPool.commonPool-worker-1] DEBUG FXGL                 - Loading FXGL system data
10:22:57.794 [ForkJoinPool.commonPool-worker-1] DEBUG DesktopFSService     - Reading from: system\fxgl.bundle
10:22:57.811 [ForkJoinPool.commonPool-worker-1] DEBUG Bundle               - Logging bundle: FXGL
10:22:57.812 [ForkJoinPool.commonPool-worker-1] DEBUG Bundle               - FXGL.offline.timer.version.check=2018-12-21T23:35:16.236
10:22:57.814 [ForkJoinPool.commonPool-worker-1] DEBUG FXGL                 - Initializing state machine and application states
10:22:57.816 [ForkJoinPool.commonPool-worker-1] DEBUG AssetLoader          - Loading from disk: /assets/ui/cursors/fxgl_default.png
10:22:57.826 [ForkJoinPool.commonPool-worker-1] DEBUG AssetLoader          - Loading from disk: /assets/ui/cursors/fxgl_default.png
10:22:57.838 [ForkJoinPool.commonPool-worker-1] DEBUG AssetLoader          - Loading from cache: /assets/ui/fonts/VarelaRound-Regular.ttf
10:22:57.843 [ForkJoinPool.commonPool-worker-1] DEBUG AssetLoader          - Loading from disk: /assets/ui/cursors/fxgl_default.png
10:22:57.848 [ForkJoinPool.commonPool-worker-1] DEBUG GameScene            - Game scene initialized: 600x600
10:22:57.867 [ForkJoinPool.commonPool-worker-1] DEBUG GameWorld            - Game world initialized
10:22:57.977 [ForkJoinPool.commonPool-worker-1] DEBUG PhysicsWorld         - Physics world initialized: appHeight=600, physics.ppm=50,0
10:22:58.015 [ForkJoinPool.commonPool-worker-1] DEBUG Input                - Registered new binding: Pause - Esc
10:22:58.124 [JavaFX Application Thread] DEBUG FXGL                 - Running preInit()
10:22:58.127 [JavaFX Application Thread] DEBUG Input                - Registered new binding: Screenshot - P
10:22:58.128 [JavaFX Application Thread] DEBUG Input                - Registered new binding: Dev Options - CTRL+0
10:22:58.129 [JavaFX Application Thread] DEBUG Input                - Registered new binding: System info dump - CTRL+9
10:22:58.130 [JavaFX Application Thread] DEBUG Input                - Registered new binding: Restart - CTRL+R
10:22:58.130 [JavaFX Application Thread] DEBUG Input                - Registered new binding: Move Right - D
10:22:58.131 [JavaFX Application Thread] DEBUG Input                - Registered new binding: Move Left - A
10:22:58.131 [JavaFX Application Thread] DEBUG Input                - Registered new binding: Move Ball - Space
10:22:58.131 [JavaFX Application Thread] DEBUG Input                - Registered new binding: New Level - N
10:22:58.132 [JavaFX Application Thread] DEBUG Input                - Registered new binding: New Ball - M
10:22:58.133 [JavaFX Application Thread] INFO  FXGL                 - FXGL initialization took: 1,519 sec
10:22:58.133 [JavaFX Application Thread] DEBUG LoopRunner           - Starting loop
10:22:58.138 [JavaFX Application Thread] DEBUG StartupState         - STARTUP
10:22:58.138 [JavaFX Application Thread] DEBUG GameApplication      - Starting new game
10:22:58.139 [JavaFX Application Thread] DEBUG Input                - Clearing active input actions
10:22:58.141 [JavaFX Application Thread] DEBUG AssetLoader          - Loading from disk: /assets/ui/css/fxgl_dark.css
10:22:58.153 [JavaFX Application Thread] DEBUG AppStateMachine      - StartupState -> LoadingState
10:22:58.162 [FXGL Background Thread 1 ] DEBUG InitAppTask          - Clearing previous game
10:22:58.163 [FXGL Background Thread 1 ] DEBUG GameWorld            - Clearing game world
10:22:58.164 [FXGL Background Thread 1 ] DEBUG PhysicsWorld         - Clearing physics world
10:22:58.164 [FXGL Background Thread 1 ] DEBUG GameScene            - Clearing game scene
10:22:58.166 [FXGL Background Thread 1 ] DEBUG InitAppTask          - Initializing Game
10:22:58.396 [FXGL Background Thread 1 ] DEBUG GameScene            - Creating render group for layer: DEFAULT(100000)
10:22:58.400 [FXGL Background Thread 1 ] DEBUG GameScene            - Creating render group for layer: BACKGROUND(1000)
10:22:58.405 [FXGL Background Thread 1 ] DEBUG InitAppTask          - Initializing Physics
10:22:58.406 [FXGL Background Thread 1 ] DEBUG InitAppTask          - Initializing UI
10:22:58.417 [FXGL Background Thread 1 ] DEBUG InitAppTask          - Initialization Complete
10:22:58.417 [FXGL Background Thread 1 ] INFO  InitAppTask          - Game initialization took: 0,255 sec
10:22:58.425 [JavaFX Application Thread] DEBUG Input                - Clearing active input actions
10:22:58.425 [JavaFX Application Thread] DEBUG AssetLoader          - Loading from disk: /assets/ui/css/fxgl_dark.css
10:22:58.455 [JavaFX Application Thread] DEBUG AppStateMachine      - LoadingState -> PlayState
10:23:00.913 [JavaFX Application Thread] DEBUG FXGL                 - Exiting FXGL
10:23:00.914 [JavaFX Application Thread] DEBUG FXGL                 - Shutting down background threads
10:23:00.915 [JavaFX Application Thread] DEBUG FXGL                 - Saving FXGL system data
10:23:00.927 [JavaFX Application Thread] DEBUG DesktopFSService     - Writing to: system\fxgl.bundle
10:23:00.946 [JavaFX Application Thread] DEBUG FXGL                 - Closing logger and exiting JavaFX
