14:46:53.949 [JavaFX Application Thread] DEBUG GameApplication      - Logger initialized
14:46:53.970 [JavaFX Application Thread] DEBUG GameApplication      - Logging settings
Title: BreakOut
Version: 0.1
Width: 600
Height: 600
Fullscreen: false
Intro: false
Menus: false
Profiling: false
Single step:false
App Mode: DEVELOPER
Menu Key: ESCAPE
Stage Style: DECORATED
Scene Factory: class com.almasb.fxgl.scene.SceneFactory
Dialog Factory: class com.almasb.fxgl.ui.FXGLDialogFactory
UI Factory: class com.almasb.fxgl.ui.FXGLUIFactory
Notification Service: class com.almasb.fxgl.gameplay.notification.XboxNotificationView
Exception Handler: class com.almasb.fxgl.app.FXGLExceptionHandler
14:46:53.970 [JavaFX Application Thread] DEBUG GameApplication      - Starting FXGL
14:46:53.979 [JavaFX Application Thread] INFO  FXGL                 - FXGL-0.5.4 on DESKTOP
14:46:53.979 [JavaFX Application Thread] INFO  FXGL                 - Source code and latest versions at: https://github.com/AlmasB/FXGL
14:46:53.979 [JavaFX Application Thread] INFO  FXGL                 -              Join the FXGL chat at: https://gitter.im/AlmasB/FXGL
14:46:53.980 [JavaFX Application Thread] DEBUG FXGL                 - FXGL started
14:46:53.980 [JavaFX Application Thread] DEBUG FXGL                 - Initializing FXGL
14:46:54.063 [JavaFX Application Thread] DEBUG AssetLoader          - Loading from disk: /assets/ui/cursors/fxgl_default.png
14:46:54.138 [JavaFX Application Thread] DEBUG AssetLoader          - Loading from disk: /assets/ui/fonts/VarelaRound-Regular.ttf
14:46:54.329 [JavaFX Application Thread] DEBUG MainWindow           - Creating a JavaFX scene
14:46:54.419 [JavaFX Application Thread] DEBUG MainWindow           - Target settings size: 600.0 x 600.0
14:46:54.419 [JavaFX Application Thread] DEBUG MainWindow           - Scaled scene size:    600.0 x 600.0
14:46:54.419 [JavaFX Application Thread] DEBUG MainWindow           - Scaled ratio: (1.0, 1.0)
14:46:54.424 [JavaFX Application Thread] DEBUG AssetLoader          - Loading from disk: /assets/ui/css/fxgl_dark.css
14:46:54.429 [JavaFX Application Thread] DEBUG AssetLoader          - Loading from disk: /assets/textures/fxgl_icon.png
14:46:54.451 [JavaFX Application Thread] DEBUG MainWindow           - Opening main window
14:46:54.743 [JavaFX Application Thread] DEBUG MainWindow           - Window border size: (6.0, 29.0)
14:46:54.743 [JavaFX Application Thread] DEBUG MainWindow           - Scaled size: 600.0 x 600.0
14:46:54.743 [JavaFX Application Thread] DEBUG MainWindow           - Scaled ratio: (1.0, 1.0)
14:46:54.744 [JavaFX Application Thread] DEBUG MainWindow           - Scene size: 600.0 x 600.0
14:46:54.744 [JavaFX Application Thread] DEBUG MainWindow           - Stage size: 606.0 x 629.0
14:46:54.819 [ForkJoinPool.commonPool-worker-1] DEBUG FS                   - Loaded DesktopFSService
14:46:54.820 [ForkJoinPool.commonPool-worker-1] DEBUG FXGL                 - Loading FXGL system data
14:46:54.835 [ForkJoinPool.commonPool-worker-1] DEBUG DesktopFSService     - Reading from: system\fxgl.bundle
14:46:54.849 [ForkJoinPool.commonPool-worker-1] DEBUG Bundle               - Logging bundle: FXGL
14:46:54.853 [ForkJoinPool.commonPool-worker-1] DEBUG Bundle               - FXGL.offline.timer.version.check=2018-12-14T14:58:08.605
14:46:54.854 [ForkJoinPool.commonPool-worker-1] DEBUG FXGL                 - Initializing state machine and application states
14:46:54.856 [ForkJoinPool.commonPool-worker-1] DEBUG AssetLoader          - Loading from disk: /assets/ui/cursors/fxgl_default.png
14:46:54.865 [ForkJoinPool.commonPool-worker-1] DEBUG AssetLoader          - Loading from disk: /assets/ui/cursors/fxgl_default.png
14:46:54.874 [ForkJoinPool.commonPool-worker-1] DEBUG AssetLoader          - Loading from cache: /assets/ui/fonts/VarelaRound-Regular.ttf
14:46:54.878 [ForkJoinPool.commonPool-worker-1] DEBUG AssetLoader          - Loading from disk: /assets/ui/cursors/fxgl_default.png
14:46:54.884 [ForkJoinPool.commonPool-worker-1] DEBUG GameScene            - Game scene initialized: 600x600
14:46:54.899 [ForkJoinPool.commonPool-worker-1] DEBUG GameWorld            - Game world initialized
14:46:54.990 [ForkJoinPool.commonPool-worker-1] DEBUG PhysicsWorld         - Physics world initialized: appHeight=600, physics.ppm=50,0
14:46:55.016 [ForkJoinPool.commonPool-worker-1] DEBUG Input                - Registered new binding: Pause - Esc
14:46:55.070 [JavaFX Application Thread] DEBUG FXGL                 - Running preInit()
14:46:55.073 [JavaFX Application Thread] DEBUG Input                - Registered new binding: Screenshot - P
14:46:55.074 [JavaFX Application Thread] DEBUG Input                - Registered new binding: Dev Options - CTRL+0
14:46:55.074 [JavaFX Application Thread] DEBUG Input                - Registered new binding: System info dump - CTRL+9
14:46:55.075 [JavaFX Application Thread] DEBUG Input                - Registered new binding: Restart - CTRL+R
14:46:55.075 [JavaFX Application Thread] DEBUG Input                - Registered new binding: Move Right - D
14:46:55.076 [JavaFX Application Thread] DEBUG Input                - Registered new binding: Move Left - A
14:46:55.076 [JavaFX Application Thread] DEBUG Input                - Registered new binding: Move Ball - Space
14:46:55.076 [JavaFX Application Thread] DEBUG Input                - Registered new binding: New Level - N
14:46:55.076 [JavaFX Application Thread] DEBUG Input                - Registered new binding: New Ball - M
14:46:55.077 [JavaFX Application Thread] INFO  FXGL                 - FXGL initialization took: 1,097 sec
14:46:55.077 [JavaFX Application Thread] DEBUG LoopRunner           - Starting loop
14:46:55.081 [JavaFX Application Thread] DEBUG StartupState         - STARTUP
14:46:55.081 [JavaFX Application Thread] DEBUG GameApplication      - Starting new game
14:46:55.081 [JavaFX Application Thread] DEBUG Input                - Clearing active input actions
14:46:55.083 [JavaFX Application Thread] DEBUG AssetLoader          - Loading from disk: /assets/ui/css/fxgl_dark.css
14:46:55.091 [JavaFX Application Thread] DEBUG AppStateMachine      - StartupState -> LoadingState
14:46:55.141 [FXGL Background Thread 1 ] DEBUG InitAppTask          - Clearing previous game
14:46:55.141 [FXGL Background Thread 1 ] DEBUG GameWorld            - Clearing game world
14:46:55.142 [FXGL Background Thread 1 ] DEBUG PhysicsWorld         - Clearing physics world
14:46:55.142 [FXGL Background Thread 1 ] DEBUG GameScene            - Clearing game scene
14:46:55.143 [FXGL Background Thread 1 ] DEBUG InitAppTask          - Initializing Game
14:46:55.321 [FXGL Background Thread 1 ] DEBUG GameScene            - Creating render group for layer: DEFAULT(100000)
14:46:55.325 [FXGL Background Thread 1 ] DEBUG GameScene            - Creating render group for layer: BACKGROUND(1000)
14:46:55.354 [FXGL Background Thread 1 ] DEBUG InitAppTask          - Initializing Physics
14:46:55.355 [FXGL Background Thread 1 ] DEBUG InitAppTask          - Initializing UI
14:46:55.358 [FXGL Background Thread 1 ] DEBUG InitAppTask          - Initialization Complete
14:46:55.358 [FXGL Background Thread 1 ] INFO  InitAppTask          - Game initialization took: 0,217 sec
14:46:55.363 [JavaFX Application Thread] DEBUG Input                - Clearing active input actions
14:46:55.363 [JavaFX Application Thread] DEBUG AssetLoader          - Loading from disk: /assets/ui/css/fxgl_dark.css
14:46:55.379 [JavaFX Application Thread] DEBUG AppStateMachine      - LoadingState -> PlayState
14:47:01.681 [JavaFX Application Thread] DEBUG FXGL                 - Exiting FXGL
14:47:01.681 [JavaFX Application Thread] DEBUG FXGL                 - Shutting down background threads
14:47:01.682 [JavaFX Application Thread] DEBUG FXGL                 - Saving FXGL system data
14:47:01.684 [JavaFX Application Thread] DEBUG DesktopFSService     - Writing to: system\fxgl.bundle
14:47:01.688 [JavaFX Application Thread] DEBUG FXGL                 - Closing logger and exiting JavaFX
