22:59:19.615 [JavaFX Application Thread] DEBUG GameApplication      - Logger initialized
22:59:19.639 [JavaFX Application Thread] DEBUG GameApplication      - Logging settings
Title: BreakOut
Version: 0.1
Width: 600
Height: 600
Fullscreen: false
Intro: false
Menus: false
Profiling: false
Single step:false
App Mode: DEVELOPER
Menu Key: ESCAPE
Stage Style: DECORATED
Scene Factory: class com.almasb.fxgl.scene.SceneFactory
Dialog Factory: class com.almasb.fxgl.ui.FXGLDialogFactory
UI Factory: class com.almasb.fxgl.ui.FXGLUIFactory
Notification Service: class com.almasb.fxgl.gameplay.notification.XboxNotificationView
Exception Handler: class com.almasb.fxgl.app.FXGLExceptionHandler
22:59:19.640 [JavaFX Application Thread] DEBUG GameApplication      - Starting FXGL
22:59:19.654 [JavaFX Application Thread] INFO  FXGL                 - FXGL-0.5.4 on DESKTOP
22:59:19.654 [JavaFX Application Thread] INFO  FXGL                 - Source code and latest versions at: https://github.com/AlmasB/FXGL
22:59:19.655 [JavaFX Application Thread] INFO  FXGL                 -              Join the FXGL chat at: https://gitter.im/AlmasB/FXGL
22:59:19.655 [JavaFX Application Thread] DEBUG FXGL                 - FXGL started
22:59:19.656 [JavaFX Application Thread] DEBUG FXGL                 - Initializing FXGL
22:59:19.765 [JavaFX Application Thread] DEBUG AssetLoader          - Loading from disk: /assets/ui/cursors/fxgl_default.png
22:59:19.852 [JavaFX Application Thread] DEBUG AssetLoader          - Loading from disk: /assets/ui/fonts/VarelaRound-Regular.ttf
22:59:20.146 [JavaFX Application Thread] DEBUG MainWindow           - Creating a JavaFX scene
22:59:20.261 [JavaFX Application Thread] DEBUG MainWindow           - Target settings size: 600.0 x 600.0
22:59:20.262 [JavaFX Application Thread] DEBUG MainWindow           - Scaled scene size:    600.0 x 600.0
22:59:20.262 [JavaFX Application Thread] DEBUG MainWindow           - Scaled ratio: (1.0, 1.0)
22:59:20.269 [JavaFX Application Thread] DEBUG AssetLoader          - Loading from disk: /assets/ui/css/fxgl_dark.css
22:59:20.277 [JavaFX Application Thread] DEBUG AssetLoader          - Loading from disk: /assets/textures/fxgl_icon.png
22:59:20.325 [JavaFX Application Thread] DEBUG MainWindow           - Opening main window
22:59:20.852 [JavaFX Application Thread] DEBUG MainWindow           - Window border size: (6.0, 29.0)
22:59:20.854 [JavaFX Application Thread] DEBUG MainWindow           - Scaled size: 600.0 x 600.0
22:59:20.854 [JavaFX Application Thread] DEBUG MainWindow           - Scaled ratio: (1.0, 1.0)
22:59:20.854 [JavaFX Application Thread] DEBUG MainWindow           - Scene size: 600.0 x 600.0
22:59:20.855 [JavaFX Application Thread] DEBUG MainWindow           - Stage size: 606.0 x 629.0
22:59:21.023 [ForkJoinPool.commonPool-worker-1] DEBUG FS                   - Loaded DesktopFSService
22:59:21.023 [ForkJoinPool.commonPool-worker-1] DEBUG FXGL                 - Loading FXGL system data
22:59:21.035 [ForkJoinPool.commonPool-worker-1] DEBUG DesktopFSService     - Reading from: system\fxgl.bundle
22:59:21.053 [ForkJoinPool.commonPool-worker-1] DEBUG Bundle               - Logging bundle: FXGL
22:59:21.054 [ForkJoinPool.commonPool-worker-1] DEBUG Bundle               - FXGL.offline.timer.version.check=2018-12-14T14:58:08.605
22:59:21.056 [ForkJoinPool.commonPool-worker-1] DEBUG FXGL                 - Initializing state machine and application states
22:59:21.059 [ForkJoinPool.commonPool-worker-1] DEBUG AssetLoader          - Loading from disk: /assets/ui/cursors/fxgl_default.png
22:59:21.070 [ForkJoinPool.commonPool-worker-1] DEBUG AssetLoader          - Loading from disk: /assets/ui/cursors/fxgl_default.png
22:59:21.080 [ForkJoinPool.commonPool-worker-1] DEBUG AssetLoader          - Loading from cache: /assets/ui/fonts/VarelaRound-Regular.ttf
22:59:21.086 [ForkJoinPool.commonPool-worker-1] DEBUG AssetLoader          - Loading from disk: /assets/ui/cursors/fxgl_default.png
22:59:21.095 [ForkJoinPool.commonPool-worker-1] DEBUG GameScene            - Game scene initialized: 600x600
22:59:21.111 [ForkJoinPool.commonPool-worker-1] DEBUG GameWorld            - Game world initialized
22:59:21.231 [ForkJoinPool.commonPool-worker-1] DEBUG PhysicsWorld         - Physics world initialized: appHeight=600, physics.ppm=50,0
22:59:21.279 [ForkJoinPool.commonPool-worker-1] DEBUG Input                - Registered new binding: Pause - Esc
22:59:21.373 [JavaFX Application Thread] DEBUG FXGL                 - Running preInit()
22:59:21.376 [JavaFX Application Thread] DEBUG Input                - Registered new binding: Screenshot - P
22:59:21.377 [JavaFX Application Thread] DEBUG Input                - Registered new binding: Dev Options - CTRL+0
22:59:21.378 [JavaFX Application Thread] DEBUG Input                - Registered new binding: System info dump - CTRL+9
22:59:21.379 [JavaFX Application Thread] DEBUG Input                - Registered new binding: Restart - CTRL+R
22:59:21.380 [JavaFX Application Thread] DEBUG Input                - Registered new binding: Move Right - D
22:59:21.380 [JavaFX Application Thread] DEBUG Input                - Registered new binding: Move Left - A
22:59:21.381 [JavaFX Application Thread] DEBUG Input                - Registered new binding: Move Ball - Space
22:59:21.381 [JavaFX Application Thread] DEBUG Input                - Registered new binding: New Level - N
22:59:21.381 [JavaFX Application Thread] DEBUG Input                - Registered new binding: New Ball - M
22:59:21.383 [JavaFX Application Thread] DEBUG Input                - Registered new binding: Testing - LMB
22:59:21.386 [JavaFX Application Thread] INFO  FXGL                 - FXGL initialization took: 1,729 sec
22:59:21.386 [JavaFX Application Thread] DEBUG LoopRunner           - Starting loop
22:59:21.388 [JavaFX Application Thread] DEBUG StartupState         - STARTUP
22:59:21.389 [JavaFX Application Thread] DEBUG GameApplication      - Starting new game
22:59:21.389 [JavaFX Application Thread] DEBUG Input                - Clearing active input actions
22:59:21.390 [JavaFX Application Thread] DEBUG AssetLoader          - Loading from disk: /assets/ui/css/fxgl_dark.css
22:59:21.404 [JavaFX Application Thread] DEBUG AppStateMachine      - StartupState -> LoadingState
22:59:21.438 [FXGL Background Thread 1 ] DEBUG InitAppTask          - Clearing previous game
22:59:21.438 [FXGL Background Thread 1 ] DEBUG GameWorld            - Clearing game world
22:59:21.439 [FXGL Background Thread 1 ] DEBUG PhysicsWorld         - Clearing physics world
22:59:21.439 [FXGL Background Thread 1 ] DEBUG GameScene            - Clearing game scene
22:59:21.441 [FXGL Background Thread 1 ] DEBUG InitAppTask          - Initializing Game
22:59:21.704 [FXGL Background Thread 1 ] DEBUG GameScene            - Creating render group for layer: DEFAULT(100000)
22:59:21.707 [FXGL Background Thread 1 ] DEBUG GameScene            - Creating render group for layer: BACKGROUND(1000)
22:59:21.713 [FXGL Background Thread 1 ] DEBUG InitAppTask          - Initializing Physics
22:59:21.714 [FXGL Background Thread 1 ] DEBUG InitAppTask          - Initializing UI
22:59:21.765 [FXGL Background Thread 1 ] DEBUG InitAppTask          - Initialization Complete
22:59:21.765 [FXGL Background Thread 1 ] INFO  InitAppTask          - Game initialization took: 0,327 sec
22:59:21.768 [JavaFX Application Thread] DEBUG Input                - Clearing active input actions
22:59:21.768 [JavaFX Application Thread] DEBUG AssetLoader          - Loading from disk: /assets/ui/css/fxgl_dark.css
22:59:21.850 [JavaFX Application Thread] DEBUG AppStateMachine      - LoadingState -> PlayState
22:59:38.429 [JavaFX Application Thread] DEBUG FXGL                 - Exiting FXGL
22:59:38.430 [JavaFX Application Thread] DEBUG FXGL                 - Shutting down background threads
22:59:38.431 [JavaFX Application Thread] DEBUG FXGL                 - Saving FXGL system data
22:59:38.439 [JavaFX Application Thread] DEBUG DesktopFSService     - Writing to: system\fxgl.bundle
22:59:38.453 [JavaFX Application Thread] DEBUG FXGL                 - Closing logger and exiting JavaFX
