23:23:35.514 [JavaFX Application Thread] DEBUG GameApplication      - Logger initialized
23:23:35.531 [JavaFX Application Thread] DEBUG GameApplication      - Logging settings
Title: BreakOut
Version: 0.1
Width: 600
Height: 600
Fullscreen: false
Intro: false
Menus: false
Profiling: false
Single step:false
App Mode: DEVELOPER
Menu Key: ESCAPE
Stage Style: DECORATED
Scene Factory: class com.almasb.fxgl.scene.SceneFactory
Dialog Factory: class com.almasb.fxgl.ui.FXGLDialogFactory
UI Factory: class com.almasb.fxgl.ui.FXGLUIFactory
Notification Service: class com.almasb.fxgl.gameplay.notification.XboxNotificationView
Exception Handler: class com.almasb.fxgl.app.FXGLExceptionHandler
23:23:35.532 [JavaFX Application Thread] DEBUG GameApplication      - Starting FXGL
23:23:35.542 [JavaFX Application Thread] INFO  FXGL                 - FXGL-0.5.4 on DESKTOP
23:23:35.543 [JavaFX Application Thread] INFO  FXGL                 - Source code and latest versions at: https://github.com/AlmasB/FXGL
23:23:35.543 [JavaFX Application Thread] INFO  FXGL                 -              Join the FXGL chat at: https://gitter.im/AlmasB/FXGL
23:23:35.544 [JavaFX Application Thread] DEBUG FXGL                 - FXGL started
23:23:35.544 [JavaFX Application Thread] DEBUG FXGL                 - Initializing FXGL
23:23:35.621 [JavaFX Application Thread] DEBUG AssetLoader          - Loading from disk: /assets/ui/cursors/fxgl_default.png
23:23:35.691 [JavaFX Application Thread] DEBUG AssetLoader          - Loading from disk: /assets/ui/fonts/VarelaRound-Regular.ttf
23:23:35.900 [JavaFX Application Thread] DEBUG MainWindow           - Creating a JavaFX scene
23:23:35.957 [JavaFX Application Thread] DEBUG MainWindow           - Target settings size: 600.0 x 600.0
23:23:35.957 [JavaFX Application Thread] DEBUG MainWindow           - Scaled scene size:    600.0 x 600.0
23:23:35.957 [JavaFX Application Thread] DEBUG MainWindow           - Scaled ratio: (1.0, 1.0)
23:23:35.961 [JavaFX Application Thread] DEBUG AssetLoader          - Loading from disk: /assets/ui/css/fxgl_dark.css
23:23:35.969 [JavaFX Application Thread] DEBUG AssetLoader          - Loading from disk: /assets/textures/fxgl_icon.png
23:23:36.015 [JavaFX Application Thread] DEBUG MainWindow           - Opening main window
23:23:36.360 [JavaFX Application Thread] DEBUG MainWindow           - Window border size: (6.0, 29.0)
23:23:36.361 [JavaFX Application Thread] DEBUG MainWindow           - Scaled size: 600.0 x 600.0
23:23:36.361 [JavaFX Application Thread] DEBUG MainWindow           - Scaled ratio: (1.0, 1.0)
23:23:36.362 [JavaFX Application Thread] DEBUG MainWindow           - Scene size: 600.0 x 600.0
23:23:36.362 [JavaFX Application Thread] DEBUG MainWindow           - Stage size: 606.0 x 629.0
23:23:36.506 [ForkJoinPool.commonPool-worker-1] DEBUG FS                   - Loaded DesktopFSService
23:23:36.507 [ForkJoinPool.commonPool-worker-1] DEBUG FXGL                 - Loading FXGL system data
23:23:36.518 [ForkJoinPool.commonPool-worker-1] DEBUG DesktopFSService     - Reading from: system\fxgl.bundle
23:23:36.536 [ForkJoinPool.commonPool-worker-1] DEBUG Bundle               - Logging bundle: FXGL
23:23:36.537 [ForkJoinPool.commonPool-worker-1] DEBUG Bundle               - FXGL.offline.timer.version.check=2018-12-14T14:58:08.605
23:23:36.538 [ForkJoinPool.commonPool-worker-1] DEBUG FXGL                 - Initializing state machine and application states
23:23:36.541 [ForkJoinPool.commonPool-worker-1] DEBUG AssetLoader          - Loading from disk: /assets/ui/cursors/fxgl_default.png
23:23:36.552 [ForkJoinPool.commonPool-worker-1] DEBUG AssetLoader          - Loading from disk: /assets/ui/cursors/fxgl_default.png
23:23:36.564 [ForkJoinPool.commonPool-worker-1] DEBUG AssetLoader          - Loading from cache: /assets/ui/fonts/VarelaRound-Regular.ttf
23:23:36.568 [ForkJoinPool.commonPool-worker-1] DEBUG AssetLoader          - Loading from disk: /assets/ui/cursors/fxgl_default.png
23:23:36.573 [ForkJoinPool.commonPool-worker-1] DEBUG GameScene            - Game scene initialized: 600x600
23:23:36.590 [ForkJoinPool.commonPool-worker-1] DEBUG GameWorld            - Game world initialized
23:23:36.690 [ForkJoinPool.commonPool-worker-1] DEBUG PhysicsWorld         - Physics world initialized: appHeight=600, physics.ppm=50,0
23:23:36.735 [ForkJoinPool.commonPool-worker-1] DEBUG Input                - Registered new binding: Pause - Esc
23:23:36.802 [JavaFX Application Thread] DEBUG FXGL                 - Running preInit()
23:23:36.804 [JavaFX Application Thread] DEBUG Input                - Registered new binding: Screenshot - P
23:23:36.805 [JavaFX Application Thread] DEBUG Input                - Registered new binding: Dev Options - CTRL+0
23:23:36.806 [JavaFX Application Thread] DEBUG Input                - Registered new binding: System info dump - CTRL+9
23:23:36.807 [JavaFX Application Thread] DEBUG Input                - Registered new binding: Restart - CTRL+R
23:23:36.807 [JavaFX Application Thread] DEBUG Input                - Registered new binding: Move Right - D
23:23:36.808 [JavaFX Application Thread] DEBUG Input                - Registered new binding: Move Left - A
23:23:36.808 [JavaFX Application Thread] DEBUG Input                - Registered new binding: Move Ball - Space
23:23:36.808 [JavaFX Application Thread] DEBUG Input                - Registered new binding: New Level - N
23:23:36.808 [JavaFX Application Thread] DEBUG Input                - Registered new binding: New Ball - M
23:23:36.810 [JavaFX Application Thread] INFO  FXGL                 - FXGL initialization took: 1,265 sec
23:23:36.811 [JavaFX Application Thread] DEBUG LoopRunner           - Starting loop
23:23:36.814 [JavaFX Application Thread] DEBUG StartupState         - STARTUP
23:23:36.814 [JavaFX Application Thread] DEBUG GameApplication      - Starting new game
23:23:36.814 [JavaFX Application Thread] DEBUG Input                - Clearing active input actions
23:23:36.816 [JavaFX Application Thread] DEBUG AssetLoader          - Loading from disk: /assets/ui/css/fxgl_dark.css
23:23:36.827 [JavaFX Application Thread] DEBUG AppStateMachine      - StartupState -> LoadingState
23:23:36.852 [FXGL Background Thread 1 ] DEBUG InitAppTask          - Clearing previous game
23:23:36.852 [FXGL Background Thread 1 ] DEBUG GameWorld            - Clearing game world
23:23:36.853 [FXGL Background Thread 1 ] DEBUG PhysicsWorld         - Clearing physics world
23:23:36.853 [FXGL Background Thread 1 ] DEBUG GameScene            - Clearing game scene
23:23:36.855 [FXGL Background Thread 1 ] DEBUG InitAppTask          - Initializing Game
23:23:37.053 [FXGL Background Thread 1 ] DEBUG GameScene            - Creating render group for layer: DEFAULT(100000)
23:23:37.057 [FXGL Background Thread 1 ] DEBUG GameScene            - Creating render group for layer: BACKGROUND(1000)
23:23:37.063 [FXGL Background Thread 1 ] DEBUG InitAppTask          - Initializing Physics
23:23:37.064 [FXGL Background Thread 1 ] DEBUG InitAppTask          - Initializing UI
23:23:37.071 [FXGL Background Thread 1 ] DEBUG InitAppTask          - Initialization Complete
23:23:37.071 [FXGL Background Thread 1 ] INFO  InitAppTask          - Game initialization took: 0,219 sec
23:23:37.072 [JavaFX Application Thread] DEBUG Input                - Clearing active input actions
23:23:37.072 [JavaFX Application Thread] DEBUG AssetLoader          - Loading from disk: /assets/ui/css/fxgl_dark.css
23:23:37.090 [JavaFX Application Thread] DEBUG AppStateMachine      - LoadingState -> PlayState
23:23:41.307 [JavaFX Application Thread] DEBUG FXGL                 - Exiting FXGL
23:23:41.307 [JavaFX Application Thread] DEBUG FXGL                 - Shutting down background threads
23:23:41.308 [JavaFX Application Thread] DEBUG FXGL                 - Saving FXGL system data
23:23:41.316 [JavaFX Application Thread] DEBUG DesktopFSService     - Writing to: system\fxgl.bundle
23:23:41.328 [JavaFX Application Thread] DEBUG FXGL                 - Closing logger and exiting JavaFX
