19:24:48.052 [JavaFX Application Thread] DEBUG GameApplication      - Logger initialized
19:24:48.070 [JavaFX Application Thread] DEBUG GameApplication      - Logging settings
Title: BreakOut
Version: 0.1
Width: 600
Height: 600
Fullscreen: false
Intro: false
Menus: false
Profiling: false
Single step:false
App Mode: DEVELOPER
Menu Key: ESCAPE
Stage Style: DECORATED
Scene Factory: class com.almasb.fxgl.scene.SceneFactory
Dialog Factory: class com.almasb.fxgl.ui.FXGLDialogFactory
UI Factory: class com.almasb.fxgl.ui.FXGLUIFactory
Notification Service: class com.almasb.fxgl.gameplay.notification.XboxNotificationView
Exception Handler: class com.almasb.fxgl.app.FXGLExceptionHandler
19:24:48.070 [JavaFX Application Thread] DEBUG GameApplication      - Starting FXGL
19:24:48.088 [JavaFX Application Thread] INFO  FXGL                 - FXGL-0.5.4 on DESKTOP
19:24:48.088 [JavaFX Application Thread] INFO  FXGL                 - Source code and latest versions at: https://github.com/AlmasB/FXGL
19:24:48.089 [JavaFX Application Thread] INFO  FXGL                 -              Join the FXGL chat at: https://gitter.im/AlmasB/FXGL
19:24:48.089 [JavaFX Application Thread] DEBUG FXGL                 - FXGL started
19:24:48.090 [JavaFX Application Thread] DEBUG FXGL                 - Initializing FXGL
19:24:48.195 [JavaFX Application Thread] DEBUG AssetLoader          - Loading from disk: /assets/ui/cursors/fxgl_default.png
19:24:48.270 [JavaFX Application Thread] DEBUG AssetLoader          - Loading from disk: /assets/ui/fonts/VarelaRound-Regular.ttf
19:24:48.530 [JavaFX Application Thread] DEBUG MainWindow           - Creating a JavaFX scene
19:24:48.663 [JavaFX Application Thread] DEBUG MainWindow           - Target settings size: 600.0 x 600.0
19:24:48.663 [JavaFX Application Thread] DEBUG MainWindow           - Scaled scene size:    600.0 x 600.0
19:24:48.664 [JavaFX Application Thread] DEBUG MainWindow           - Scaled ratio: (1.0, 1.0)
19:24:48.669 [JavaFX Application Thread] DEBUG AssetLoader          - Loading from disk: /assets/ui/css/fxgl_dark.css
19:24:48.676 [JavaFX Application Thread] DEBUG AssetLoader          - Loading from disk: /assets/textures/fxgl_icon.png
19:24:48.724 [JavaFX Application Thread] DEBUG MainWindow           - Opening main window
19:24:49.202 [JavaFX Application Thread] DEBUG MainWindow           - Window border size: (6.0, 29.0)
19:24:49.202 [JavaFX Application Thread] DEBUG MainWindow           - Scaled size: 600.0 x 600.0
19:24:49.202 [JavaFX Application Thread] DEBUG MainWindow           - Scaled ratio: (1.0, 1.0)
19:24:49.202 [JavaFX Application Thread] DEBUG MainWindow           - Scene size: 600.0 x 600.0
19:24:49.203 [JavaFX Application Thread] DEBUG MainWindow           - Stage size: 606.0 x 629.0
19:24:49.353 [ForkJoinPool.commonPool-worker-1] DEBUG FS                   - Loaded DesktopFSService
19:24:49.354 [ForkJoinPool.commonPool-worker-1] DEBUG FXGL                 - Loading FXGL system data
19:24:49.367 [ForkJoinPool.commonPool-worker-1] DEBUG DesktopFSService     - Reading from: system\fxgl.bundle
19:24:49.385 [ForkJoinPool.commonPool-worker-1] DEBUG Bundle               - Logging bundle: FXGL
19:24:49.386 [ForkJoinPool.commonPool-worker-1] DEBUG Bundle               - FXGL.offline.timer.version.check=2018-12-14T14:58:08.605
19:24:49.387 [ForkJoinPool.commonPool-worker-1] DEBUG FXGL                 - Initializing state machine and application states
19:24:49.390 [ForkJoinPool.commonPool-worker-1] DEBUG AssetLoader          - Loading from disk: /assets/ui/cursors/fxgl_default.png
19:24:49.400 [ForkJoinPool.commonPool-worker-1] DEBUG AssetLoader          - Loading from disk: /assets/ui/cursors/fxgl_default.png
19:24:49.412 [ForkJoinPool.commonPool-worker-1] DEBUG AssetLoader          - Loading from cache: /assets/ui/fonts/VarelaRound-Regular.ttf
19:24:49.418 [ForkJoinPool.commonPool-worker-1] DEBUG AssetLoader          - Loading from disk: /assets/ui/cursors/fxgl_default.png
19:24:49.423 [ForkJoinPool.commonPool-worker-1] DEBUG GameScene            - Game scene initialized: 600x600
19:24:49.462 [ForkJoinPool.commonPool-worker-1] DEBUG GameWorld            - Game world initialized
19:24:49.566 [ForkJoinPool.commonPool-worker-1] DEBUG PhysicsWorld         - Physics world initialized: appHeight=600, physics.ppm=50,0
19:24:49.608 [ForkJoinPool.commonPool-worker-1] DEBUG Input                - Registered new binding: Pause - Esc
19:24:49.693 [JavaFX Application Thread] DEBUG FXGL                 - Running preInit()
19:24:49.696 [JavaFX Application Thread] DEBUG Input                - Registered new binding: Screenshot - P
19:24:49.697 [JavaFX Application Thread] DEBUG Input                - Registered new binding: Dev Options - CTRL+0
19:24:49.698 [JavaFX Application Thread] DEBUG Input                - Registered new binding: System info dump - CTRL+9
19:24:49.699 [JavaFX Application Thread] DEBUG Input                - Registered new binding: Restart - CTRL+R
19:24:49.700 [JavaFX Application Thread] DEBUG Input                - Registered new binding: Move Right - D
19:24:49.700 [JavaFX Application Thread] DEBUG Input                - Registered new binding: Move Left - A
19:24:49.702 [JavaFX Application Thread] DEBUG Input                - Registered new binding: Move Ball - Space
19:24:49.702 [JavaFX Application Thread] DEBUG Input                - Registered new binding: New Level - N
19:24:49.702 [JavaFX Application Thread] DEBUG Input                - Registered new binding: New Ball - M
19:24:49.704 [JavaFX Application Thread] DEBUG Input                - Registered new binding: Testing - LMB
19:24:49.705 [JavaFX Application Thread] INFO  FXGL                 - FXGL initialization took: 1,615 sec
19:24:49.705 [JavaFX Application Thread] DEBUG LoopRunner           - Starting loop
19:24:49.708 [JavaFX Application Thread] DEBUG StartupState         - STARTUP
19:24:49.708 [JavaFX Application Thread] DEBUG GameApplication      - Starting new game
19:24:49.709 [JavaFX Application Thread] DEBUG Input                - Clearing active input actions
19:24:49.711 [JavaFX Application Thread] DEBUG AssetLoader          - Loading from disk: /assets/ui/css/fxgl_dark.css
19:24:49.723 [JavaFX Application Thread] DEBUG AppStateMachine      - StartupState -> LoadingState
19:24:49.740 [FXGL Background Thread 1 ] DEBUG InitAppTask          - Clearing previous game
19:24:49.740 [FXGL Background Thread 1 ] DEBUG GameWorld            - Clearing game world
19:24:49.741 [FXGL Background Thread 1 ] DEBUG PhysicsWorld         - Clearing physics world
19:24:49.741 [FXGL Background Thread 1 ] DEBUG GameScene            - Clearing game scene
19:24:49.748 [FXGL Background Thread 1 ] DEBUG InitAppTask          - Initializing Game
19:24:49.947 [FXGL Background Thread 1 ] DEBUG GameScene            - Creating render group for layer: DEFAULT(100000)
19:24:49.952 [FXGL Background Thread 1 ] DEBUG GameScene            - Creating render group for layer: BACKGROUND(1000)
19:24:49.958 [FXGL Background Thread 1 ] DEBUG InitAppTask          - Initializing Physics
19:24:49.959 [FXGL Background Thread 1 ] DEBUG InitAppTask          - Initializing UI
19:24:49.968 [FXGL Background Thread 1 ] DEBUG InitAppTask          - Initialization Complete
19:24:49.969 [FXGL Background Thread 1 ] INFO  InitAppTask          - Game initialization took: 0,229 sec
19:24:49.982 [JavaFX Application Thread] DEBUG Input                - Clearing active input actions
19:24:49.982 [JavaFX Application Thread] DEBUG AssetLoader          - Loading from disk: /assets/ui/css/fxgl_dark.css
19:24:50.111 [JavaFX Application Thread] DEBUG AppStateMachine      - LoadingState -> PlayState
19:30:30.718 [JavaFX Application Thread] DEBUG AssetLoader          - Loading from cache: /assets/sounds/boom8.wav
19:30:33.101 [JavaFX Application Thread] DEBUG AssetLoader          - Loading from cache: /assets/sounds/boom8.wav
19:30:36.270 [JavaFX Application Thread] DEBUG AssetLoader          - Loading from cache: /assets/sounds/boom8.wav
19:30:36.286 [JavaFX Application Thread] DEBUG AssetLoader          - Loading from cache: /assets/sounds/boom8.wav
19:30:38.783 [JavaFX Application Thread] DEBUG FXGL                 - Exiting FXGL
19:30:38.784 [JavaFX Application Thread] DEBUG FXGL                 - Shutting down background threads
19:30:38.785 [JavaFX Application Thread] DEBUG FXGL                 - Saving FXGL system data
19:30:38.796 [JavaFX Application Thread] DEBUG DesktopFSService     - Writing to: system\fxgl.bundle
19:30:38.811 [JavaFX Application Thread] DEBUG FXGL                 - Closing logger and exiting JavaFX
