17:10:20.234 [JavaFX Application Thread] DEBUG GameApplication      - Logger initialized
17:10:20.260 [JavaFX Application Thread] DEBUG GameApplication      - Logging settings
Title: BreakOut
Version: 0.1
Width: 600
Height: 600
Fullscreen: false
Intro: false
Menus: false
Profiling: false
Single step:false
App Mode: DEVELOPER
Menu Key: ESCAPE
Stage Style: DECORATED
Scene Factory: class com.almasb.fxgl.scene.SceneFactory
Dialog Factory: class com.almasb.fxgl.ui.FXGLDialogFactory
UI Factory: class com.almasb.fxgl.ui.FXGLUIFactory
Notification Service: class com.almasb.fxgl.gameplay.notification.XboxNotificationView
Exception Handler: class com.almasb.fxgl.app.FXGLExceptionHandler
17:10:20.260 [JavaFX Application Thread] DEBUG GameApplication      - Starting FXGL
17:10:20.271 [JavaFX Application Thread] INFO  FXGL                 - FXGL-0.5.4 on DESKTOP
17:10:20.271 [JavaFX Application Thread] INFO  FXGL                 - Source code and latest versions at: https://github.com/AlmasB/FXGL
17:10:20.272 [JavaFX Application Thread] INFO  FXGL                 -              Join the FXGL chat at: https://gitter.im/AlmasB/FXGL
17:10:20.272 [JavaFX Application Thread] DEBUG FXGL                 - FXGL started
17:10:20.272 [JavaFX Application Thread] DEBUG FXGL                 - Initializing FXGL
17:10:20.330 [JavaFX Application Thread] DEBUG AssetLoader          - Loading from disk: /assets/ui/cursors/fxgl_default.png
17:10:20.380 [JavaFX Application Thread] DEBUG AssetLoader          - Loading from disk: /assets/ui/fonts/VarelaRound-Regular.ttf
17:10:20.595 [JavaFX Application Thread] DEBUG MainWindow           - Creating a JavaFX scene
17:10:20.686 [JavaFX Application Thread] DEBUG MainWindow           - Target settings size: 600.0 x 600.0
17:10:20.687 [JavaFX Application Thread] DEBUG MainWindow           - Scaled scene size:    600.0 x 600.0
17:10:20.687 [JavaFX Application Thread] DEBUG MainWindow           - Scaled ratio: (1.0, 1.0)
17:10:20.692 [JavaFX Application Thread] DEBUG AssetLoader          - Loading from disk: /assets/ui/css/fxgl_dark.css
17:10:20.704 [JavaFX Application Thread] DEBUG AssetLoader          - Loading from disk: /assets/textures/fxgl_icon.png
17:10:20.738 [JavaFX Application Thread] DEBUG MainWindow           - Opening main window
17:10:21.109 [JavaFX Application Thread] DEBUG MainWindow           - Window border size: (6.0, 29.0)
17:10:21.110 [JavaFX Application Thread] DEBUG MainWindow           - Scaled size: 600.0 x 600.0
17:10:21.110 [JavaFX Application Thread] DEBUG MainWindow           - Scaled ratio: (1.0, 1.0)
17:10:21.110 [JavaFX Application Thread] DEBUG MainWindow           - Scene size: 600.0 x 600.0
17:10:21.111 [JavaFX Application Thread] DEBUG MainWindow           - Stage size: 606.0 x 629.0
17:10:21.215 [ForkJoinPool.commonPool-worker-1] DEBUG FS                   - Loaded DesktopFSService
17:10:21.215 [ForkJoinPool.commonPool-worker-1] DEBUG FXGL                 - Loading FXGL system data
17:10:21.223 [ForkJoinPool.commonPool-worker-1] DEBUG DesktopFSService     - Reading from: system\fxgl.bundle
17:10:21.236 [ForkJoinPool.commonPool-worker-1] DEBUG Bundle               - Logging bundle: FXGL
17:10:21.237 [ForkJoinPool.commonPool-worker-1] DEBUG Bundle               - FXGL.offline.timer.version.check=2018-12-21T23:35:16.236
17:10:21.237 [ForkJoinPool.commonPool-worker-1] DEBUG FXGL                 - Initializing state machine and application states
17:10:21.239 [ForkJoinPool.commonPool-worker-1] DEBUG AssetLoader          - Loading from disk: /assets/ui/cursors/fxgl_default.png
17:10:21.247 [ForkJoinPool.commonPool-worker-1] DEBUG AssetLoader          - Loading from disk: /assets/ui/cursors/fxgl_default.png
17:10:21.255 [ForkJoinPool.commonPool-worker-1] DEBUG AssetLoader          - Loading from cache: /assets/ui/fonts/VarelaRound-Regular.ttf
17:10:21.258 [ForkJoinPool.commonPool-worker-1] DEBUG AssetLoader          - Loading from disk: /assets/ui/cursors/fxgl_default.png
17:10:21.263 [ForkJoinPool.commonPool-worker-1] DEBUG GameScene            - Game scene initialized: 600x600
17:10:21.270 [ForkJoinPool.commonPool-worker-1] DEBUG GameWorld            - Game world initialized
17:10:21.346 [ForkJoinPool.commonPool-worker-1] DEBUG PhysicsWorld         - Physics world initialized: appHeight=600, physics.ppm=50,0
17:10:21.371 [ForkJoinPool.commonPool-worker-1] DEBUG Input                - Registered new binding: Pause - Esc
17:10:21.430 [JavaFX Application Thread] DEBUG FXGL                 - Running preInit()
17:10:21.432 [JavaFX Application Thread] DEBUG Input                - Registered new binding: Screenshot - P
17:10:21.432 [JavaFX Application Thread] DEBUG Input                - Registered new binding: Dev Options - CTRL+0
17:10:21.433 [JavaFX Application Thread] DEBUG Input                - Registered new binding: System info dump - CTRL+9
17:10:21.433 [JavaFX Application Thread] DEBUG Input                - Registered new binding: Restart - CTRL+R
17:10:21.433 [JavaFX Application Thread] DEBUG Input                - Registered new binding: Move Right - D
17:10:21.434 [JavaFX Application Thread] DEBUG Input                - Registered new binding: Move Left - A
17:10:21.434 [JavaFX Application Thread] DEBUG Input                - Registered new binding: Move Ball - Space
17:10:21.434 [JavaFX Application Thread] DEBUG Input                - Registered new binding: New Level - N
17:10:21.434 [JavaFX Application Thread] DEBUG Input                - Registered new binding: New Ball - M
17:10:21.439 [JavaFX Application Thread] INFO  FXGL                 - FXGL initialization took: 1,162 sec
17:10:21.439 [JavaFX Application Thread] DEBUG LoopRunner           - Starting loop
17:10:21.441 [JavaFX Application Thread] DEBUG StartupState         - STARTUP
17:10:21.441 [JavaFX Application Thread] DEBUG GameApplication      - Starting new game
17:10:21.441 [JavaFX Application Thread] DEBUG Input                - Clearing active input actions
17:10:21.444 [JavaFX Application Thread] DEBUG AssetLoader          - Loading from disk: /assets/ui/css/fxgl_dark.css
17:10:21.453 [JavaFX Application Thread] DEBUG AppStateMachine      - StartupState -> LoadingState
17:10:21.466 [FXGL Background Thread 1 ] DEBUG InitAppTask          - Clearing previous game
17:10:21.466 [FXGL Background Thread 1 ] DEBUG GameWorld            - Clearing game world
17:10:21.466 [FXGL Background Thread 1 ] DEBUG PhysicsWorld         - Clearing physics world
17:10:21.466 [FXGL Background Thread 1 ] DEBUG GameScene            - Clearing game scene
17:10:21.469 [FXGL Background Thread 1 ] DEBUG InitAppTask          - Initializing Game
17:10:21.598 [FXGL Background Thread 1 ] DEBUG GameScene            - Creating render group for layer: DEFAULT(100000)
17:10:21.601 [FXGL Background Thread 1 ] DEBUG GameScene            - Creating render group for layer: BACKGROUND(1000)
17:10:21.661 [FXGL Background Thread 1 ] DEBUG InitAppTask          - Initializing Physics
17:10:21.662 [FXGL Background Thread 1 ] DEBUG InitAppTask          - Initializing UI
17:10:21.668 [FXGL Background Thread 1 ] DEBUG InitAppTask          - Initialization Complete
17:10:21.669 [FXGL Background Thread 1 ] INFO  InitAppTask          - Game initialization took: 0,203 sec
17:10:21.671 [JavaFX Application Thread] DEBUG Input                - Clearing active input actions
17:10:21.671 [JavaFX Application Thread] DEBUG AssetLoader          - Loading from disk: /assets/ui/css/fxgl_dark.css
17:10:21.690 [JavaFX Application Thread] DEBUG AppStateMachine      - LoadingState -> PlayState
17:10:24.497 [JavaFX Application Thread] DEBUG AssetLoader          - Loading from cache: /assets/sounds/pumpkin_break_01.wav
17:10:24.713 [JavaFX Application Thread] DEBUG AssetLoader          - Loading from cache: /assets/sounds/pumpkin_break_01.wav
17:10:27.283 [JavaFX Application Thread] DEBUG AssetLoader          - Loading from cache: /assets/sounds/pumpkin_break_01.wav
17:10:27.440 [JavaFX Application Thread] DEBUG AssetLoader          - Loading from cache: /assets/sounds/pumpkin_break_01.wav
17:10:27.605 [JavaFX Application Thread] DEBUG AssetLoader          - Loading from cache: /assets/sounds/pumpkin_break_01.wav
17:10:27.607 [JavaFX Application Thread] DEBUG AssetLoader          - Loading from cache: /assets/sounds/boom8.wav
17:10:28.354 [JavaFX Application Thread] DEBUG AssetLoader          - Loading from cache: /assets/sounds/pumpkin_break_01.wav
17:10:28.530 [JavaFX Application Thread] DEBUG AssetLoader          - Loading from cache: /assets/sounds/pumpkin_break_01.wav
17:10:28.685 [JavaFX Application Thread] DEBUG AssetLoader          - Loading from cache: /assets/sounds/pumpkin_break_01.wav
17:10:28.686 [JavaFX Application Thread] DEBUG AssetLoader          - Loading from cache: /assets/sounds/boom8.wav
17:10:29.380 [JavaFX Application Thread] DEBUG AssetLoader          - Loading from cache: /assets/sounds/pumpkin_break_01.wav
17:10:29.532 [JavaFX Application Thread] DEBUG AssetLoader          - Loading from cache: /assets/sounds/pumpkin_break_01.wav
17:10:29.731 [JavaFX Application Thread] DEBUG AssetLoader          - Loading from cache: /assets/sounds/pumpkin_break_01.wav
17:10:29.732 [JavaFX Application Thread] DEBUG AssetLoader          - Loading from cache: /assets/sounds/boom8.wav
17:10:30.298 [JavaFX Application Thread] DEBUG AssetLoader          - Loading from cache: /assets/sounds/pumpkin_break_01.wav
17:10:30.464 [JavaFX Application Thread] DEBUG AssetLoader          - Loading from cache: /assets/sounds/pumpkin_break_01.wav
17:10:30.630 [JavaFX Application Thread] DEBUG AssetLoader          - Loading from cache: /assets/sounds/pumpkin_break_01.wav
17:10:30.631 [JavaFX Application Thread] DEBUG AssetLoader          - Loading from cache: /assets/sounds/boom8.wav
17:10:31.247 [JavaFX Application Thread] DEBUG AssetLoader          - Loading from cache: /assets/sounds/pumpkin_break_01.wav
17:10:31.423 [JavaFX Application Thread] DEBUG AssetLoader          - Loading from cache: /assets/sounds/pumpkin_break_01.wav
17:10:31.604 [JavaFX Application Thread] DEBUG AssetLoader          - Loading from cache: /assets/sounds/pumpkin_break_01.wav
17:10:31.605 [JavaFX Application Thread] DEBUG AssetLoader          - Loading from cache: /assets/sounds/boom8.wav
17:10:32.347 [JavaFX Application Thread] DEBUG AssetLoader          - Loading from cache: /assets/sounds/pumpkin_break_01.wav
17:10:32.531 [JavaFX Application Thread] DEBUG AssetLoader          - Loading from cache: /assets/sounds/pumpkin_break_01.wav
17:10:32.706 [JavaFX Application Thread] DEBUG AssetLoader          - Loading from cache: /assets/sounds/pumpkin_break_01.wav
17:10:32.706 [JavaFX Application Thread] DEBUG AssetLoader          - Loading from cache: /assets/sounds/boom8.wav
17:10:33.440 [JavaFX Application Thread] DEBUG AssetLoader          - Loading from cache: /assets/sounds/pumpkin_break_01.wav
17:10:33.632 [JavaFX Application Thread] DEBUG AssetLoader          - Loading from cache: /assets/sounds/pumpkin_break_01.wav
17:10:33.801 [JavaFX Application Thread] DEBUG AssetLoader          - Loading from cache: /assets/sounds/pumpkin_break_01.wav
17:10:33.802 [JavaFX Application Thread] DEBUG AssetLoader          - Loading from cache: /assets/sounds/boom8.wav
17:10:34.417 [JavaFX Application Thread] DEBUG AssetLoader          - Loading from cache: /assets/sounds/pumpkin_break_01.wav
17:10:34.615 [JavaFX Application Thread] DEBUG AssetLoader          - Loading from cache: /assets/sounds/pumpkin_break_01.wav
17:10:34.799 [JavaFX Application Thread] DEBUG AssetLoader          - Loading from cache: /assets/sounds/pumpkin_break_01.wav
17:10:34.801 [JavaFX Application Thread] DEBUG AssetLoader          - Loading from cache: /assets/sounds/boom8.wav
17:10:35.407 [JavaFX Application Thread] DEBUG AssetLoader          - Loading from cache: /assets/sounds/pumpkin_break_01.wav
17:10:35.586 [JavaFX Application Thread] DEBUG AssetLoader          - Loading from cache: /assets/sounds/pumpkin_break_01.wav
17:10:35.752 [JavaFX Application Thread] DEBUG AssetLoader          - Loading from cache: /assets/sounds/pumpkin_break_01.wav
17:10:35.752 [JavaFX Application Thread] DEBUG AssetLoader          - Loading from cache: /assets/sounds/boom8.wav
17:10:36.675 [JavaFX Application Thread] DEBUG AssetLoader          - Loading from cache: /assets/sounds/pumpkin_break_01.wav
17:10:36.867 [JavaFX Application Thread] DEBUG AssetLoader          - Loading from cache: /assets/sounds/pumpkin_break_01.wav
17:10:37.418 [JavaFX Application Thread] DEBUG AssetLoader          - Loading from cache: /assets/sounds/pumpkin_break_01.wav
17:10:37.419 [JavaFX Application Thread] DEBUG AssetLoader          - Loading from cache: /assets/sounds/boom8.wav
17:10:38.504 [JavaFX Application Thread] DEBUG AssetLoader          - Loading from cache: /assets/sounds/pumpkin_break_01.wav
17:10:38.701 [JavaFX Application Thread] DEBUG AssetLoader          - Loading from cache: /assets/sounds/pumpkin_break_01.wav
17:10:38.884 [JavaFX Application Thread] DEBUG AssetLoader          - Loading from cache: /assets/sounds/pumpkin_break_01.wav
17:10:38.885 [JavaFX Application Thread] DEBUG AssetLoader          - Loading from cache: /assets/sounds/boom8.wav
17:10:39.418 [JavaFX Application Thread] DEBUG AssetLoader          - Loading from cache: /assets/sounds/pumpkin_break_01.wav
17:10:39.601 [JavaFX Application Thread] DEBUG AssetLoader          - Loading from cache: /assets/sounds/pumpkin_break_01.wav
17:10:39.784 [JavaFX Application Thread] DEBUG AssetLoader          - Loading from cache: /assets/sounds/pumpkin_break_01.wav
17:10:39.785 [JavaFX Application Thread] DEBUG AssetLoader          - Loading from cache: /assets/sounds/boom8.wav
17:10:40.920 [JavaFX Application Thread] DEBUG AssetLoader          - Loading from cache: /assets/sounds/pumpkin_break_01.wav
17:10:42.556 [JavaFX Application Thread] DEBUG AssetLoader          - Loading from cache: /assets/sounds/pumpkin_break_01.wav
17:10:43.169 [JavaFX Application Thread] DEBUG AssetLoader          - Loading from cache: /assets/sounds/pumpkin_break_01.wav
17:10:43.171 [JavaFX Application Thread] DEBUG AssetLoader          - Loading from cache: /assets/sounds/boom8.wav
17:10:45.604 [JavaFX Application Thread] DEBUG AssetLoader          - Loading from cache: /assets/sounds/boom8.wav
17:10:46.667 [JavaFX Application Thread] DEBUG AssetLoader          - Loading from cache: /assets/sounds/pumpkin_break_01.wav
17:10:51.620 [JavaFX Application Thread] DEBUG AssetLoader          - Loading from cache: /assets/sounds/pumpkin_break_01.wav
17:10:51.793 [JavaFX Application Thread] DEBUG AssetLoader          - Loading from cache: /assets/sounds/pumpkin_break_01.wav
17:10:51.794 [JavaFX Application Thread] DEBUG AssetLoader          - Loading from cache: /assets/sounds/boom8.wav
17:10:52.724 [JavaFX Application Thread] DEBUG AssetLoader          - Loading from cache: /assets/sounds/pumpkin_break_01.wav
17:10:52.880 [JavaFX Application Thread] DEBUG AssetLoader          - Loading from cache: /assets/sounds/pumpkin_break_01.wav
17:10:53.074 [JavaFX Application Thread] DEBUG AssetLoader          - Loading from cache: /assets/sounds/pumpkin_break_01.wav
17:10:53.075 [JavaFX Application Thread] DEBUG AssetLoader          - Loading from cache: /assets/sounds/boom8.wav
17:10:54.091 [JavaFX Application Thread] DEBUG AssetLoader          - Loading from cache: /assets/sounds/pumpkin_break_01.wav
17:10:54.275 [JavaFX Application Thread] DEBUG AssetLoader          - Loading from cache: /assets/sounds/pumpkin_break_01.wav
17:10:54.449 [JavaFX Application Thread] DEBUG AssetLoader          - Loading from cache: /assets/sounds/pumpkin_break_01.wav
17:10:54.450 [JavaFX Application Thread] DEBUG AssetLoader          - Loading from cache: /assets/sounds/boom8.wav
17:10:54.976 [JavaFX Application Thread] DEBUG AssetLoader          - Loading from cache: /assets/sounds/boom8.wav
17:10:55.826 [JavaFX Application Thread] DEBUG AssetLoader          - Loading from cache: /assets/sounds/pumpkin_break_01.wav
17:10:55.986 [JavaFX Application Thread] DEBUG AssetLoader          - Loading from cache: /assets/sounds/pumpkin_break_01.wav
17:10:56.144 [JavaFX Application Thread] DEBUG AssetLoader          - Loading from cache: /assets/sounds/pumpkin_break_01.wav
17:10:56.144 [JavaFX Application Thread] DEBUG AssetLoader          - Loading from cache: /assets/sounds/boom8.wav
17:10:57.392 [JavaFX Application Thread] DEBUG AssetLoader          - Loading from cache: /assets/sounds/pumpkin_break_01.wav
17:10:57.569 [JavaFX Application Thread] DEBUG AssetLoader          - Loading from cache: /assets/sounds/pumpkin_break_01.wav
17:10:57.727 [JavaFX Application Thread] DEBUG AssetLoader          - Loading from cache: /assets/sounds/pumpkin_break_01.wav
17:10:57.728 [JavaFX Application Thread] DEBUG AssetLoader          - Loading from cache: /assets/sounds/boom8.wav
17:10:58.510 [JavaFX Application Thread] DEBUG AssetLoader          - Loading from cache: /assets/sounds/pumpkin_break_01.wav
17:10:58.680 [JavaFX Application Thread] DEBUG AssetLoader          - Loading from cache: /assets/sounds/pumpkin_break_01.wav
17:10:58.845 [JavaFX Application Thread] DEBUG AssetLoader          - Loading from cache: /assets/sounds/pumpkin_break_01.wav
17:10:58.846 [JavaFX Application Thread] DEBUG AssetLoader          - Loading from cache: /assets/sounds/boom8.wav
17:10:59.377 [JavaFX Application Thread] DEBUG AssetLoader          - Loading from cache: /assets/sounds/pumpkin_break_01.wav
17:10:59.560 [JavaFX Application Thread] DEBUG AssetLoader          - Loading from cache: /assets/sounds/pumpkin_break_01.wav
17:10:59.726 [JavaFX Application Thread] DEBUG AssetLoader          - Loading from cache: /assets/sounds/pumpkin_break_01.wav
17:10:59.728 [JavaFX Application Thread] DEBUG AssetLoader          - Loading from cache: /assets/sounds/boom8.wav
17:11:00.428 [JavaFX Application Thread] DEBUG AssetLoader          - Loading from cache: /assets/sounds/pumpkin_break_01.wav
17:11:00.610 [JavaFX Application Thread] DEBUG AssetLoader          - Loading from cache: /assets/sounds/pumpkin_break_01.wav
17:11:00.794 [JavaFX Application Thread] DEBUG AssetLoader          - Loading from cache: /assets/sounds/pumpkin_break_01.wav
17:11:00.795 [JavaFX Application Thread] DEBUG AssetLoader          - Loading from cache: /assets/sounds/boom8.wav
17:11:01.261 [JavaFX Application Thread] DEBUG AssetLoader          - Loading from cache: /assets/sounds/pumpkin_break_01.wav
17:11:01.432 [JavaFX Application Thread] DEBUG AssetLoader          - Loading from cache: /assets/sounds/pumpkin_break_01.wav
17:11:02.195 [JavaFX Application Thread] DEBUG AssetLoader          - Loading from cache: /assets/sounds/pumpkin_break_01.wav
17:11:02.196 [JavaFX Application Thread] DEBUG AssetLoader          - Loading from cache: /assets/sounds/boom8.wav
17:11:03.129 [JavaFX Application Thread] DEBUG AssetLoader          - Loading from cache: /assets/sounds/pumpkin_break_01.wav
17:11:03.312 [JavaFX Application Thread] DEBUG AssetLoader          - Loading from cache: /assets/sounds/pumpkin_break_01.wav
17:11:03.502 [JavaFX Application Thread] DEBUG AssetLoader          - Loading from cache: /assets/sounds/pumpkin_break_01.wav
17:11:03.503 [JavaFX Application Thread] DEBUG AssetLoader          - Loading from cache: /assets/sounds/boom8.wav
17:11:04.212 [JavaFX Application Thread] DEBUG AssetLoader          - Loading from cache: /assets/sounds/pumpkin_break_01.wav
17:11:04.380 [JavaFX Application Thread] DEBUG AssetLoader          - Loading from cache: /assets/sounds/pumpkin_break_01.wav
17:11:04.562 [JavaFX Application Thread] DEBUG AssetLoader          - Loading from cache: /assets/sounds/pumpkin_break_01.wav
17:11:04.563 [JavaFX Application Thread] DEBUG AssetLoader          - Loading from cache: /assets/sounds/boom8.wav
17:11:05.112 [JavaFX Application Thread] DEBUG AssetLoader          - Loading from cache: /assets/sounds/pumpkin_break_01.wav
17:11:05.297 [JavaFX Application Thread] DEBUG AssetLoader          - Loading from cache: /assets/sounds/pumpkin_break_01.wav
17:11:05.468 [JavaFX Application Thread] DEBUG AssetLoader          - Loading from cache: /assets/sounds/pumpkin_break_01.wav
17:11:05.468 [JavaFX Application Thread] DEBUG AssetLoader          - Loading from cache: /assets/sounds/boom8.wav
17:11:06.256 [JavaFX Application Thread] DEBUG AssetLoader          - Loading from cache: /assets/sounds/pumpkin_break_01.wav
17:11:06.430 [JavaFX Application Thread] DEBUG AssetLoader          - Loading from cache: /assets/sounds/pumpkin_break_01.wav
17:11:06.623 [JavaFX Application Thread] DEBUG AssetLoader          - Loading from cache: /assets/sounds/pumpkin_break_01.wav
17:11:06.623 [JavaFX Application Thread] DEBUG AssetLoader          - Loading from cache: /assets/sounds/boom8.wav
17:11:07.380 [JavaFX Application Thread] DEBUG AssetLoader          - Loading from cache: /assets/sounds/pumpkin_break_01.wav
17:11:07.630 [JavaFX Application Thread] DEBUG AssetLoader          - Loading from cache: /assets/sounds/pumpkin_break_01.wav
17:11:07.848 [JavaFX Application Thread] FATAL FXGL                 - Uncaught Exception:

Fatal exception occurred: java.lang.NullPointerException : null
E: View.GameApp.levelChanges(GameApp.java:256)
E: logic.ViewUpdates.MaxScoreAdapter.accept(MaxScoreAdapter.java:20)
E: View.GameApp.update(GameApp.java:233)
E: java.util.Observable.notifyObservers(Observable.java:159)
E: controller.Game.maxLevelScoreUpdate(Game.java:99)
E: logic.update.MaxLevelScoreReachedUpdate.accept(MaxLevelScoreReachedUpdate.java:10)
E: controller.Game.update(Game.java:84)
E: java.util.Observable.notifyObservers(Observable.java:159)
E: logic.level.BreakoutLevel.brickDestroyedUpdate(BreakoutLevel.java:123)
E: logic.update.BrickDestroyedUpdate.accept(BrickDestroyedUpdate.java:21)
E: logic.level.BreakoutLevel.update(BreakoutLevel.java:109)
E: java.util.Observable.notifyObservers(Observable.java:159)
E: logic.brick.WoodenBrick.sendUpdate(WoodenBrick.java:16)
E: logic.brick.AbstractBrick.hit(AbstractBrick.java:29)
E: View.BrickComponent.hit(BrickComponent.java:32)
E: View.LevelView.lambda$getL$0(LevelView.java:60)
E: com.sun.javafx.event.CompositeEventHandler.dispatchBubblingEvent(CompositeEventHandler.java:86)
E: com.sun.javafx.event.EventHandlerManager.dispatchBubblingEvent(EventHandlerManager.java:238)
E: com.sun.javafx.event.EventHandlerManager.dispatchBubblingEvent(EventHandlerManager.java:191)
E: com.sun.javafx.event.CompositeEventDispatcher.dispatchBubblingEvent(CompositeEventDispatcher.java:59)
E: com.sun.javafx.event.BasicEventDispatcher.dispatchEvent(BasicEventDispatcher.java:58)
E: com.sun.javafx.event.EventDispatchChainImpl.dispatchEvent(EventDispatchChainImpl.java:114)
E: com.sun.javafx.event.BasicEventDispatcher.dispatchEvent(BasicEventDispatcher.java:56)
E: com.sun.javafx.event.EventDispatchChainImpl.dispatchEvent(EventDispatchChainImpl.java:114)
E: com.sun.javafx.event.BasicEventDispatcher.dispatchEvent(BasicEventDispatcher.java:56)
E: com.sun.javafx.event.EventDispatchChainImpl.dispatchEvent(EventDispatchChainImpl.java:114)
E: com.sun.javafx.event.EventUtil.fireEventImpl(EventUtil.java:74)
E: com.sun.javafx.event.EventUtil.fireEvent(EventUtil.java:54)
E: javafx.event.Event.fireEvent(Event.java:198)
E: javafx.scene.Scene$ClickGenerator.postProcess(Scene.java:3470)
E: javafx.scene.Scene$ClickGenerator.access$8100(Scene.java:3398)
E: javafx.scene.Scene$MouseHandler.process(Scene.java:3766)
E: javafx.scene.Scene$MouseHandler.access$1500(Scene.java:3485)
E: javafx.scene.Scene.impl_processMouseEvent(Scene.java:1762)
E: javafx.scene.Scene$ScenePeerListener.mouseEvent(Scene.java:2494)
E: com.sun.javafx.tk.quantum.GlassViewEventHandler$MouseEventNotification.run(GlassViewEventHandler.java:394)
E: com.sun.javafx.tk.quantum.GlassViewEventHandler$MouseEventNotification.run(GlassViewEventHandler.java:295)
E: java.security.AccessController.doPrivileged(Native Method)
E: com.sun.javafx.tk.quantum.GlassViewEventHandler.lambda$handleMouseEvent$353(GlassViewEventHandler.java:432)
E: com.sun.javafx.tk.quantum.QuantumToolkit.runWithoutRenderLock(QuantumToolkit.java:389)
E: com.sun.javafx.tk.quantum.GlassViewEventHandler.handleMouseEvent(GlassViewEventHandler.java:431)
E: com.sun.glass.ui.View.handleMouseEvent(View.java:555)
E: com.sun.glass.ui.View.notifyMouse(View.java:937)
E: com.sun.glass.ui.win.WinApplication._runLoop(Native Method)
E: com.sun.glass.ui.win.WinApplication.lambda$null$147(WinApplication.java:177)
E: java.lang.Thread.run(Thread.java:748)

17:11:07.849 [JavaFX Application Thread] FATAL FXGL                 - Application will now exit
17:11:07.849 [JavaFX Application Thread] DEBUG LoopRunner           - Stopping loop
17:11:26.883 [JavaFX Application Thread] DEBUG FXGL                 - Exiting FXGL
17:11:26.884 [JavaFX Application Thread] DEBUG FXGL                 - Shutting down background threads
17:11:26.884 [JavaFX Application Thread] DEBUG FXGL                 - Saving FXGL system data
17:11:26.889 [JavaFX Application Thread] DEBUG DesktopFSService     - Writing to: system\fxgl.bundle
17:11:26.896 [JavaFX Application Thread] DEBUG FXGL                 - Closing logger and exiting JavaFX
