11:43:35.689 [JavaFX Application Thread] DEBUG GameApplication      - Logger initialized
11:43:35.725 [JavaFX Application Thread] DEBUG GameApplication      - Logging settings
Title: BreakOut
Version: 0.1
Width: 600
Height: 600
Fullscreen: false
Intro: false
Menus: false
Profiling: false
Single step:false
App Mode: DEVELOPER
Menu Key: ESCAPE
Stage Style: DECORATED
Scene Factory: class com.almasb.fxgl.scene.SceneFactory
Dialog Factory: class com.almasb.fxgl.ui.FXGLDialogFactory
UI Factory: class com.almasb.fxgl.ui.FXGLUIFactory
Notification Service: class com.almasb.fxgl.gameplay.notification.XboxNotificationView
Exception Handler: class com.almasb.fxgl.app.FXGLExceptionHandler
11:43:35.725 [JavaFX Application Thread] DEBUG GameApplication      - Starting FXGL
11:43:35.736 [JavaFX Application Thread] INFO  FXGL                 - FXGL-0.5.4 on DESKTOP
11:43:35.737 [JavaFX Application Thread] INFO  FXGL                 - Source code and latest versions at: https://github.com/AlmasB/FXGL
11:43:35.738 [JavaFX Application Thread] INFO  FXGL                 -              Join the FXGL chat at: https://gitter.im/AlmasB/FXGL
11:43:35.738 [JavaFX Application Thread] DEBUG FXGL                 - FXGL started
11:43:35.738 [JavaFX Application Thread] DEBUG FXGL                 - Initializing FXGL
11:43:35.833 [JavaFX Application Thread] DEBUG AssetLoader          - Loading from disk: /assets/ui/cursors/fxgl_default.png
11:43:35.910 [JavaFX Application Thread] DEBUG AssetLoader          - Loading from disk: /assets/ui/fonts/VarelaRound-Regular.ttf
11:43:36.201 [JavaFX Application Thread] DEBUG MainWindow           - Creating a JavaFX scene
11:43:36.294 [JavaFX Application Thread] DEBUG MainWindow           - Target settings size: 600.0 x 600.0
11:43:36.295 [JavaFX Application Thread] DEBUG MainWindow           - Scaled scene size:    600.0 x 600.0
11:43:36.295 [JavaFX Application Thread] DEBUG MainWindow           - Scaled ratio: (1.0, 1.0)
11:43:36.300 [JavaFX Application Thread] DEBUG AssetLoader          - Loading from disk: /assets/ui/css/fxgl_dark.css
11:43:36.310 [JavaFX Application Thread] DEBUG AssetLoader          - Loading from disk: /assets/textures/fxgl_icon.png
11:43:36.375 [JavaFX Application Thread] DEBUG MainWindow           - Opening main window
11:43:36.858 [JavaFX Application Thread] DEBUG MainWindow           - Window border size: (6.0, 29.0)
11:43:36.858 [JavaFX Application Thread] DEBUG MainWindow           - Scaled size: 600.0 x 600.0
11:43:36.858 [JavaFX Application Thread] DEBUG MainWindow           - Scaled ratio: (1.0, 1.0)
11:43:36.859 [JavaFX Application Thread] DEBUG MainWindow           - Scene size: 600.0 x 600.0
11:43:36.859 [JavaFX Application Thread] DEBUG MainWindow           - Stage size: 606.0 x 629.0
11:43:37.003 [ForkJoinPool.commonPool-worker-1] DEBUG FS                   - Loaded DesktopFSService
11:43:37.005 [ForkJoinPool.commonPool-worker-1] DEBUG FXGL                 - Loading FXGL system data
11:43:37.016 [ForkJoinPool.commonPool-worker-1] DEBUG DesktopFSService     - Reading from: system\fxgl.bundle
11:43:37.034 [ForkJoinPool.commonPool-worker-1] DEBUG Bundle               - Logging bundle: FXGL
11:43:37.035 [ForkJoinPool.commonPool-worker-1] DEBUG Bundle               - FXGL.offline.timer.version.check=2018-12-14T14:58:08.605
11:43:37.037 [ForkJoinPool.commonPool-worker-1] DEBUG FXGL                 - Initializing state machine and application states
11:43:37.040 [ForkJoinPool.commonPool-worker-1] DEBUG AssetLoader          - Loading from disk: /assets/ui/cursors/fxgl_default.png
11:43:37.052 [ForkJoinPool.commonPool-worker-1] DEBUG AssetLoader          - Loading from disk: /assets/ui/cursors/fxgl_default.png
11:43:37.065 [ForkJoinPool.commonPool-worker-1] DEBUG AssetLoader          - Loading from cache: /assets/ui/fonts/VarelaRound-Regular.ttf
11:43:37.069 [ForkJoinPool.commonPool-worker-1] DEBUG AssetLoader          - Loading from disk: /assets/ui/cursors/fxgl_default.png
11:43:37.076 [ForkJoinPool.commonPool-worker-1] DEBUG GameScene            - Game scene initialized: 600x600
11:43:37.096 [ForkJoinPool.commonPool-worker-1] DEBUG GameWorld            - Game world initialized
11:43:37.219 [ForkJoinPool.commonPool-worker-1] DEBUG PhysicsWorld         - Physics world initialized: appHeight=600, physics.ppm=50,0
11:43:37.260 [ForkJoinPool.commonPool-worker-1] DEBUG Input                - Registered new binding: Pause - Esc
11:43:37.351 [JavaFX Application Thread] DEBUG FXGL                 - Running preInit()
11:43:37.353 [JavaFX Application Thread] DEBUG Input                - Registered new binding: Screenshot - P
11:43:37.354 [JavaFX Application Thread] DEBUG Input                - Registered new binding: Dev Options - CTRL+0
11:43:37.355 [JavaFX Application Thread] DEBUG Input                - Registered new binding: System info dump - CTRL+9
11:43:37.356 [JavaFX Application Thread] DEBUG Input                - Registered new binding: Restart - CTRL+R
11:43:37.357 [JavaFX Application Thread] DEBUG Input                - Registered new binding: Move Right - D
11:43:37.357 [JavaFX Application Thread] DEBUG Input                - Registered new binding: Move Left - A
11:43:37.357 [JavaFX Application Thread] DEBUG Input                - Registered new binding: Move Ball - Space
11:43:37.358 [JavaFX Application Thread] DEBUG Input                - Registered new binding: New Level - N
11:43:37.358 [JavaFX Application Thread] DEBUG Input                - Registered new binding: New Ball - M
11:43:37.359 [JavaFX Application Thread] INFO  FXGL                 - FXGL initialization took: 1,620 sec
11:43:37.360 [JavaFX Application Thread] DEBUG LoopRunner           - Starting loop
11:43:37.363 [JavaFX Application Thread] DEBUG StartupState         - STARTUP
11:43:37.364 [JavaFX Application Thread] DEBUG GameApplication      - Starting new game
11:43:37.364 [JavaFX Application Thread] DEBUG Input                - Clearing active input actions
11:43:37.366 [JavaFX Application Thread] DEBUG AssetLoader          - Loading from disk: /assets/ui/css/fxgl_dark.css
11:43:37.377 [JavaFX Application Thread] DEBUG AppStateMachine      - StartupState -> LoadingState
11:43:37.404 [FXGL Background Thread 1 ] DEBUG InitAppTask          - Clearing previous game
11:43:37.405 [FXGL Background Thread 1 ] DEBUG GameWorld            - Clearing game world
11:43:37.405 [FXGL Background Thread 1 ] DEBUG PhysicsWorld         - Clearing physics world
11:43:37.405 [FXGL Background Thread 1 ] DEBUG GameScene            - Clearing game scene
11:43:37.408 [FXGL Background Thread 1 ] DEBUG InitAppTask          - Initializing Game
11:43:37.682 [FXGL Background Thread 1 ] DEBUG GameScene            - Creating render group for layer: DEFAULT(100000)
11:43:37.687 [FXGL Background Thread 1 ] DEBUG GameScene            - Creating render group for layer: BACKGROUND(1000)
11:43:37.694 [FXGL Background Thread 1 ] DEBUG InitAppTask          - Initializing Physics
11:43:37.695 [FXGL Background Thread 1 ] DEBUG InitAppTask          - Initializing UI
11:43:37.704 [FXGL Background Thread 1 ] DEBUG InitAppTask          - Initialization Complete
11:43:37.705 [FXGL Background Thread 1 ] INFO  InitAppTask          - Game initialization took: 0,301 sec
11:43:37.709 [JavaFX Application Thread] DEBUG Input                - Clearing active input actions
11:43:37.709 [JavaFX Application Thread] DEBUG AssetLoader          - Loading from disk: /assets/ui/css/fxgl_dark.css
11:43:37.736 [JavaFX Application Thread] DEBUG AppStateMachine      - LoadingState -> PlayState
11:43:45.217 [JavaFX Application Thread] DEBUG FXGL                 - Exiting FXGL
11:43:45.218 [JavaFX Application Thread] DEBUG FXGL                 - Shutting down background threads
11:43:45.218 [JavaFX Application Thread] DEBUG FXGL                 - Saving FXGL system data
11:43:45.227 [JavaFX Application Thread] DEBUG DesktopFSService     - Writing to: system\fxgl.bundle
11:43:45.242 [JavaFX Application Thread] DEBUG FXGL                 - Closing logger and exiting JavaFX
