16:44:00.391 [JavaFX Application Thread] DEBUG GameApplication      - Logger initialized
16:44:00.406 [JavaFX Application Thread] DEBUG GameApplication      - Logging settings
Title: BreakOut
Version: 0.1
Width: 600
Height: 600
Fullscreen: false
Intro: false
Menus: false
Profiling: false
Single step:false
App Mode: DEVELOPER
Menu Key: ESCAPE
Stage Style: DECORATED
Scene Factory: class com.almasb.fxgl.scene.SceneFactory
Dialog Factory: class com.almasb.fxgl.ui.FXGLDialogFactory
UI Factory: class com.almasb.fxgl.ui.FXGLUIFactory
Notification Service: class com.almasb.fxgl.gameplay.notification.XboxNotificationView
Exception Handler: class com.almasb.fxgl.app.FXGLExceptionHandler
16:44:00.407 [JavaFX Application Thread] DEBUG GameApplication      - Starting FXGL
16:44:00.416 [JavaFX Application Thread] INFO  FXGL                 - FXGL-0.5.4 on DESKTOP
16:44:00.416 [JavaFX Application Thread] INFO  FXGL                 - Source code and latest versions at: https://github.com/AlmasB/FXGL
16:44:00.416 [JavaFX Application Thread] INFO  FXGL                 -              Join the FXGL chat at: https://gitter.im/AlmasB/FXGL
16:44:00.417 [JavaFX Application Thread] DEBUG FXGL                 - FXGL started
16:44:00.417 [JavaFX Application Thread] DEBUG FXGL                 - Initializing FXGL
16:44:00.491 [JavaFX Application Thread] DEBUG AssetLoader          - Loading from disk: /assets/ui/cursors/fxgl_default.png
16:44:00.544 [JavaFX Application Thread] DEBUG AssetLoader          - Loading from disk: /assets/ui/fonts/VarelaRound-Regular.ttf
16:44:00.761 [JavaFX Application Thread] DEBUG MainWindow           - Creating a JavaFX scene
16:44:00.860 [JavaFX Application Thread] DEBUG MainWindow           - Target settings size: 600.0 x 600.0
16:44:00.861 [JavaFX Application Thread] DEBUG MainWindow           - Scaled scene size:    600.0 x 600.0
16:44:00.861 [JavaFX Application Thread] DEBUG MainWindow           - Scaled ratio: (1.0, 1.0)
16:44:00.865 [JavaFX Application Thread] DEBUG AssetLoader          - Loading from disk: /assets/ui/css/fxgl_dark.css
16:44:00.870 [JavaFX Application Thread] DEBUG AssetLoader          - Loading from disk: /assets/textures/fxgl_icon.png
16:44:00.933 [JavaFX Application Thread] DEBUG MainWindow           - Opening main window
16:44:01.334 [JavaFX Application Thread] DEBUG MainWindow           - Window border size: (6.0, 29.0)
16:44:01.335 [JavaFX Application Thread] DEBUG MainWindow           - Scaled size: 600.0 x 600.0
16:44:01.335 [JavaFX Application Thread] DEBUG MainWindow           - Scaled ratio: (1.0, 1.0)
16:44:01.335 [JavaFX Application Thread] DEBUG MainWindow           - Scene size: 600.0 x 600.0
16:44:01.336 [JavaFX Application Thread] DEBUG MainWindow           - Stage size: 606.0 x 629.0
16:44:01.434 [ForkJoinPool.commonPool-worker-1] DEBUG FS                   - Loaded DesktopFSService
16:44:01.434 [ForkJoinPool.commonPool-worker-1] DEBUG FXGL                 - Loading FXGL system data
16:44:01.441 [ForkJoinPool.commonPool-worker-1] DEBUG DesktopFSService     - Reading from: system\fxgl.bundle
16:44:01.454 [ForkJoinPool.commonPool-worker-1] DEBUG Bundle               - Logging bundle: FXGL
16:44:01.455 [ForkJoinPool.commonPool-worker-1] DEBUG Bundle               - FXGL.offline.timer.version.check=2018-12-21T23:35:16.236
16:44:01.456 [ForkJoinPool.commonPool-worker-1] DEBUG FXGL                 - Initializing state machine and application states
16:44:01.459 [ForkJoinPool.commonPool-worker-1] DEBUG AssetLoader          - Loading from disk: /assets/ui/cursors/fxgl_default.png
16:44:01.467 [ForkJoinPool.commonPool-worker-1] DEBUG AssetLoader          - Loading from disk: /assets/ui/cursors/fxgl_default.png
16:44:01.475 [ForkJoinPool.commonPool-worker-1] DEBUG AssetLoader          - Loading from cache: /assets/ui/fonts/VarelaRound-Regular.ttf
16:44:01.479 [ForkJoinPool.commonPool-worker-1] DEBUG AssetLoader          - Loading from disk: /assets/ui/cursors/fxgl_default.png
16:44:01.483 [ForkJoinPool.commonPool-worker-1] DEBUG GameScene            - Game scene initialized: 600x600
16:44:01.496 [ForkJoinPool.commonPool-worker-1] DEBUG GameWorld            - Game world initialized
16:44:01.603 [ForkJoinPool.commonPool-worker-1] DEBUG PhysicsWorld         - Physics world initialized: appHeight=600, physics.ppm=50,0
16:44:01.630 [ForkJoinPool.commonPool-worker-1] DEBUG Input                - Registered new binding: Pause - Esc
16:44:01.691 [JavaFX Application Thread] DEBUG FXGL                 - Running preInit()
16:44:01.693 [JavaFX Application Thread] DEBUG Input                - Registered new binding: Screenshot - P
16:44:01.694 [JavaFX Application Thread] DEBUG Input                - Registered new binding: Dev Options - CTRL+0
16:44:01.695 [JavaFX Application Thread] DEBUG Input                - Registered new binding: System info dump - CTRL+9
16:44:01.697 [JavaFX Application Thread] DEBUG Input                - Registered new binding: Restart - CTRL+R
16:44:01.697 [JavaFX Application Thread] DEBUG Input                - Registered new binding: Move Right - D
16:44:01.697 [JavaFX Application Thread] DEBUG Input                - Registered new binding: Move Left - A
16:44:01.698 [JavaFX Application Thread] DEBUG Input                - Registered new binding: Move Ball - Space
16:44:01.698 [JavaFX Application Thread] DEBUG Input                - Registered new binding: New Level - N
16:44:01.698 [JavaFX Application Thread] DEBUG Input                - Registered new binding: New Ball - M
16:44:01.699 [JavaFX Application Thread] INFO  FXGL                 - FXGL initialization took: 1,281 sec
16:44:01.699 [JavaFX Application Thread] DEBUG LoopRunner           - Starting loop
16:44:01.700 [JavaFX Application Thread] DEBUG StartupState         - STARTUP
16:44:01.701 [JavaFX Application Thread] DEBUG GameApplication      - Starting new game
16:44:01.701 [JavaFX Application Thread] DEBUG Input                - Clearing active input actions
16:44:01.702 [JavaFX Application Thread] DEBUG AssetLoader          - Loading from disk: /assets/ui/css/fxgl_dark.css
16:44:01.711 [JavaFX Application Thread] DEBUG AppStateMachine      - StartupState -> LoadingState
16:44:01.742 [FXGL Background Thread 1 ] DEBUG InitAppTask          - Clearing previous game
16:44:01.743 [FXGL Background Thread 1 ] DEBUG GameWorld            - Clearing game world
16:44:01.743 [FXGL Background Thread 1 ] DEBUG PhysicsWorld         - Clearing physics world
16:44:01.743 [FXGL Background Thread 1 ] DEBUG GameScene            - Clearing game scene
16:44:01.745 [FXGL Background Thread 1 ] DEBUG InitAppTask          - Initializing Game
16:44:01.929 [FXGL Background Thread 1 ] DEBUG GameScene            - Creating render group for layer: DEFAULT(100000)
16:44:01.931 [FXGL Background Thread 1 ] DEBUG GameScene            - Creating render group for layer: BACKGROUND(1000)
16:44:01.934 [FXGL Background Thread 1 ] DEBUG InitAppTask          - Initializing Physics
16:44:01.934 [FXGL Background Thread 1 ] DEBUG InitAppTask          - Initializing UI
16:44:01.940 [FXGL Background Thread 1 ] DEBUG InitAppTask          - Initialization Complete
16:44:01.940 [FXGL Background Thread 1 ] INFO  InitAppTask          - Game initialization took: 0,197 sec
16:44:01.945 [JavaFX Application Thread] DEBUG Input                - Clearing active input actions
16:44:01.945 [JavaFX Application Thread] DEBUG AssetLoader          - Loading from disk: /assets/ui/css/fxgl_dark.css
16:44:01.963 [JavaFX Application Thread] DEBUG AppStateMachine      - LoadingState -> PlayState
16:44:05.302 [JavaFX Application Thread] DEBUG AssetLoader          - Loading from cache: /assets/sounds/boom8.wav
16:44:05.904 [JavaFX Application Thread] DEBUG AssetLoader          - Loading from cache: /assets/sounds/boom8.wav
16:44:06.535 [JavaFX Application Thread] DEBUG AssetLoader          - Loading from cache: /assets/sounds/boom8.wav
16:44:07.083 [JavaFX Application Thread] DEBUG AssetLoader          - Loading from cache: /assets/sounds/boom8.wav
16:44:07.877 [JavaFX Application Thread] DEBUG AssetLoader          - Loading from cache: /assets/sounds/boom8.wav
16:44:09.341 [JavaFX Application Thread] DEBUG AssetLoader          - Loading from cache: /assets/sounds/boom8.wav
16:44:09.978 [JavaFX Application Thread] DEBUG AssetLoader          - Loading from cache: /assets/sounds/boom8.wav
16:44:12.967 [JavaFX Application Thread] DEBUG AssetLoader          - Loading from cache: /assets/sounds/boom8.wav
16:44:13.811 [JavaFX Application Thread] DEBUG AssetLoader          - Loading from cache: /assets/sounds/boom2.wav
16:44:13.975 [JavaFX Application Thread] DEBUG AssetLoader          - Loading from cache: /assets/sounds/boom2.wav
16:44:15.365 [JavaFX Application Thread] DEBUG AssetLoader          - Loading from cache: /assets/sounds/boom2.wav
16:44:15.551 [JavaFX Application Thread] DEBUG AssetLoader          - Loading from cache: /assets/sounds/boom2.wav
16:44:15.723 [JavaFX Application Thread] DEBUG AssetLoader          - Loading from cache: /assets/sounds/boom2.wav
16:44:15.911 [JavaFX Application Thread] DEBUG AssetLoader          - Loading from cache: /assets/sounds/boom2.wav
16:44:16.535 [JavaFX Application Thread] DEBUG AssetLoader          - Loading from cache: /assets/sounds/boom2.wav
16:44:16.730 [JavaFX Application Thread] DEBUG AssetLoader          - Loading from cache: /assets/sounds/boom2.wav
16:44:17.185 [JavaFX Application Thread] DEBUG AssetLoader          - Loading from cache: /assets/sounds/boom2.wav
16:44:17.186 [JavaFX Application Thread] DEBUG AssetLoader          - Loading from cache: /assets/sounds/boom8.wav
16:44:18.756 [JavaFX Application Thread] DEBUG AssetLoader          - Loading from cache: /assets/sounds/pumpkin_break_01.wav
16:44:19.108 [JavaFX Application Thread] DEBUG AssetLoader          - Loading from cache: /assets/sounds/pumpkin_break_01.wav
16:44:19.109 [JavaFX Application Thread] DEBUG AssetLoader          - Loading from cache: /assets/sounds/boom8.wav
16:44:20.407 [JavaFX Application Thread] DEBUG AssetLoader          - Loading from cache: /assets/sounds/pumpkin_break_01.wav
16:44:20.580 [JavaFX Application Thread] DEBUG AssetLoader          - Loading from cache: /assets/sounds/pumpkin_break_01.wav
16:44:20.744 [JavaFX Application Thread] DEBUG AssetLoader          - Loading from cache: /assets/sounds/pumpkin_break_01.wav
16:44:20.747 [JavaFX Application Thread] DEBUG AssetLoader          - Loading from cache: /assets/sounds/boom8.wav
16:44:21.826 [JavaFX Application Thread] DEBUG AssetLoader          - Loading from cache: /assets/sounds/pumpkin_break_01.wav
16:44:22.005 [JavaFX Application Thread] DEBUG AssetLoader          - Loading from cache: /assets/sounds/pumpkin_break_01.wav
16:44:22.179 [JavaFX Application Thread] DEBUG AssetLoader          - Loading from cache: /assets/sounds/pumpkin_break_01.wav
16:44:22.182 [JavaFX Application Thread] DEBUG AssetLoader          - Loading from cache: /assets/sounds/boom8.wav
16:44:22.944 [JavaFX Application Thread] DEBUG AssetLoader          - Loading from cache: /assets/sounds/pumpkin_break_01.wav
16:44:23.115 [JavaFX Application Thread] DEBUG AssetLoader          - Loading from cache: /assets/sounds/pumpkin_break_01.wav
16:44:23.281 [JavaFX Application Thread] DEBUG AssetLoader          - Loading from cache: /assets/sounds/pumpkin_break_01.wav
16:44:23.283 [JavaFX Application Thread] DEBUG AssetLoader          - Loading from cache: /assets/sounds/boom8.wav
16:44:24.136 [JavaFX Application Thread] DEBUG AssetLoader          - Loading from cache: /assets/sounds/pumpkin_break_01.wav
16:44:24.309 [JavaFX Application Thread] DEBUG AssetLoader          - Loading from cache: /assets/sounds/pumpkin_break_01.wav
16:44:24.495 [JavaFX Application Thread] DEBUG AssetLoader          - Loading from cache: /assets/sounds/pumpkin_break_01.wav
16:44:24.496 [JavaFX Application Thread] DEBUG AssetLoader          - Loading from cache: /assets/sounds/boom8.wav
16:44:25.141 [JavaFX Application Thread] DEBUG AssetLoader          - Loading from cache: /assets/sounds/pumpkin_break_01.wav
16:44:25.312 [JavaFX Application Thread] DEBUG AssetLoader          - Loading from cache: /assets/sounds/pumpkin_break_01.wav
16:44:25.494 [JavaFX Application Thread] DEBUG AssetLoader          - Loading from cache: /assets/sounds/pumpkin_break_01.wav
16:44:25.495 [JavaFX Application Thread] DEBUG AssetLoader          - Loading from cache: /assets/sounds/boom8.wav
16:44:26.207 [JavaFX Application Thread] DEBUG AssetLoader          - Loading from cache: /assets/sounds/pumpkin_break_01.wav
16:44:26.387 [JavaFX Application Thread] DEBUG AssetLoader          - Loading from cache: /assets/sounds/pumpkin_break_01.wav
16:44:26.544 [JavaFX Application Thread] DEBUG AssetLoader          - Loading from cache: /assets/sounds/pumpkin_break_01.wav
16:44:26.546 [JavaFX Application Thread] DEBUG AssetLoader          - Loading from cache: /assets/sounds/boom8.wav
16:44:27.249 [JavaFX Application Thread] DEBUG AssetLoader          - Loading from cache: /assets/sounds/pumpkin_break_01.wav
16:44:27.467 [JavaFX Application Thread] DEBUG AssetLoader          - Loading from cache: /assets/sounds/pumpkin_break_01.wav
16:44:27.668 [JavaFX Application Thread] DEBUG AssetLoader          - Loading from cache: /assets/sounds/pumpkin_break_01.wav
16:44:27.670 [JavaFX Application Thread] DEBUG AssetLoader          - Loading from cache: /assets/sounds/boom8.wav
16:44:28.983 [JavaFX Application Thread] DEBUG AssetLoader          - Loading from cache: /assets/sounds/pumpkin_break_01.wav
16:44:29.178 [JavaFX Application Thread] DEBUG AssetLoader          - Loading from cache: /assets/sounds/pumpkin_break_01.wav
16:44:29.358 [JavaFX Application Thread] DEBUG AssetLoader          - Loading from cache: /assets/sounds/pumpkin_break_01.wav
16:44:29.360 [JavaFX Application Thread] DEBUG AssetLoader          - Loading from cache: /assets/sounds/boom8.wav
16:44:30.064 [JavaFX Application Thread] DEBUG AssetLoader          - Loading from cache: /assets/sounds/pumpkin_break_01.wav
16:44:30.302 [JavaFX Application Thread] DEBUG AssetLoader          - Loading from cache: /assets/sounds/pumpkin_break_01.wav
16:44:30.439 [JavaFX Application Thread] DEBUG AssetLoader          - Loading from cache: /assets/sounds/pumpkin_break_01.wav
16:44:30.442 [JavaFX Application Thread] DEBUG AssetLoader          - Loading from cache: /assets/sounds/boom8.wav
16:44:31.234 [JavaFX Application Thread] DEBUG AssetLoader          - Loading from cache: /assets/sounds/pumpkin_break_01.wav
16:44:31.413 [JavaFX Application Thread] DEBUG AssetLoader          - Loading from cache: /assets/sounds/pumpkin_break_01.wav
16:44:31.624 [JavaFX Application Thread] DEBUG AssetLoader          - Loading from cache: /assets/sounds/pumpkin_break_01.wav
16:44:31.626 [JavaFX Application Thread] DEBUG AssetLoader          - Loading from cache: /assets/sounds/boom8.wav
16:44:32.253 [JavaFX Application Thread] DEBUG AssetLoader          - Loading from cache: /assets/sounds/pumpkin_break_01.wav
16:44:32.456 [JavaFX Application Thread] DEBUG AssetLoader          - Loading from cache: /assets/sounds/pumpkin_break_01.wav
16:44:32.667 [JavaFX Application Thread] DEBUG AssetLoader          - Loading from cache: /assets/sounds/pumpkin_break_01.wav
16:44:32.669 [JavaFX Application Thread] DEBUG AssetLoader          - Loading from cache: /assets/sounds/boom8.wav
16:44:33.454 [JavaFX Application Thread] DEBUG AssetLoader          - Loading from cache: /assets/sounds/pumpkin_break_01.wav
16:44:33.649 [JavaFX Application Thread] DEBUG AssetLoader          - Loading from cache: /assets/sounds/pumpkin_break_01.wav
16:44:33.852 [JavaFX Application Thread] DEBUG AssetLoader          - Loading from cache: /assets/sounds/pumpkin_break_01.wav
16:44:33.854 [JavaFX Application Thread] DEBUG AssetLoader          - Loading from cache: /assets/sounds/boom8.wav
16:44:34.618 [JavaFX Application Thread] DEBUG AssetLoader          - Loading from cache: /assets/sounds/pumpkin_break_01.wav
16:44:34.819 [JavaFX Application Thread] DEBUG AssetLoader          - Loading from cache: /assets/sounds/pumpkin_break_01.wav
16:44:35.016 [JavaFX Application Thread] DEBUG AssetLoader          - Loading from cache: /assets/sounds/pumpkin_break_01.wav
16:44:35.018 [JavaFX Application Thread] DEBUG AssetLoader          - Loading from cache: /assets/sounds/boom8.wav
16:44:35.555 [JavaFX Application Thread] DEBUG AssetLoader          - Loading from cache: /assets/sounds/pumpkin_break_01.wav
16:44:35.749 [JavaFX Application Thread] DEBUG AssetLoader          - Loading from cache: /assets/sounds/pumpkin_break_01.wav
16:44:35.946 [JavaFX Application Thread] DEBUG AssetLoader          - Loading from cache: /assets/sounds/pumpkin_break_01.wav
16:44:35.948 [JavaFX Application Thread] DEBUG AssetLoader          - Loading from cache: /assets/sounds/boom8.wav
16:44:36.575 [JavaFX Application Thread] DEBUG AssetLoader          - Loading from cache: /assets/sounds/pumpkin_break_01.wav
16:44:36.770 [JavaFX Application Thread] DEBUG AssetLoader          - Loading from cache: /assets/sounds/pumpkin_break_01.wav
16:44:36.950 [JavaFX Application Thread] DEBUG AssetLoader          - Loading from cache: /assets/sounds/pumpkin_break_01.wav
16:44:36.952 [JavaFX Application Thread] DEBUG AssetLoader          - Loading from cache: /assets/sounds/boom8.wav
16:44:37.430 [JavaFX Application Thread] DEBUG AssetLoader          - Loading from cache: /assets/sounds/pumpkin_break_01.wav
16:44:37.602 [JavaFX Application Thread] DEBUG AssetLoader          - Loading from cache: /assets/sounds/pumpkin_break_01.wav
16:44:37.784 [JavaFX Application Thread] DEBUG AssetLoader          - Loading from cache: /assets/sounds/pumpkin_break_01.wav
16:44:37.786 [JavaFX Application Thread] DEBUG AssetLoader          - Loading from cache: /assets/sounds/boom8.wav
16:44:38.322 [JavaFX Application Thread] DEBUG AssetLoader          - Loading from cache: /assets/sounds/pumpkin_break_01.wav
16:44:38.510 [JavaFX Application Thread] DEBUG AssetLoader          - Loading from cache: /assets/sounds/pumpkin_break_01.wav
16:44:38.706 [JavaFX Application Thread] DEBUG AssetLoader          - Loading from cache: /assets/sounds/pumpkin_break_01.wav
16:44:38.708 [JavaFX Application Thread] DEBUG AssetLoader          - Loading from cache: /assets/sounds/boom8.wav
16:44:40.588 [JavaFX Application Thread] DEBUG AssetLoader          - Loading from cache: /assets/sounds/pumpkin_break_01.wav
16:44:40.776 [JavaFX Application Thread] DEBUG AssetLoader          - Loading from cache: /assets/sounds/pumpkin_break_01.wav
16:44:40.987 [JavaFX Application Thread] DEBUG AssetLoader          - Loading from cache: /assets/sounds/pumpkin_break_01.wav
16:44:40.988 [JavaFX Application Thread] DEBUG AssetLoader          - Loading from cache: /assets/sounds/boom8.wav
16:44:41.944 [JavaFX Application Thread] DEBUG AssetLoader          - Loading from cache: /assets/sounds/pumpkin_break_01.wav
16:44:42.145 [JavaFX Application Thread] DEBUG AssetLoader          - Loading from cache: /assets/sounds/pumpkin_break_01.wav
16:44:42.419 [JavaFX Application Thread] DEBUG AssetLoader          - Loading from cache: /assets/sounds/pumpkin_break_01.wav
16:44:42.421 [JavaFX Application Thread] DEBUG AssetLoader          - Loading from cache: /assets/sounds/boom8.wav
16:44:48.681 [JavaFX Application Thread] DEBUG AssetLoader          - Loading from cache: /assets/sounds/blacksmith_1.wav
16:44:50.187 [JavaFX Application Thread] DEBUG FXGL                 - Exiting FXGL
16:44:50.187 [JavaFX Application Thread] DEBUG FXGL                 - Shutting down background threads
16:44:50.188 [JavaFX Application Thread] DEBUG FXGL                 - Saving FXGL system data
16:44:50.198 [JavaFX Application Thread] DEBUG DesktopFSService     - Writing to: system\fxgl.bundle
16:44:50.208 [JavaFX Application Thread] DEBUG FXGL                 - Closing logger and exiting JavaFX
