11:42:15.354 [JavaFX Application Thread] DEBUG GameApplication      - Logger initialized
11:42:15.371 [JavaFX Application Thread] DEBUG GameApplication      - Logging settings
Title: BreakOut
Version: 0.1
Width: 600
Height: 600
Fullscreen: false
Intro: false
Menus: false
Profiling: false
Single step:false
App Mode: DEVELOPER
Menu Key: ESCAPE
Stage Style: DECORATED
Scene Factory: class com.almasb.fxgl.scene.SceneFactory
Dialog Factory: class com.almasb.fxgl.ui.FXGLDialogFactory
UI Factory: class com.almasb.fxgl.ui.FXGLUIFactory
Notification Service: class com.almasb.fxgl.gameplay.notification.XboxNotificationView
Exception Handler: class com.almasb.fxgl.app.FXGLExceptionHandler
11:42:15.372 [JavaFX Application Thread] DEBUG GameApplication      - Starting FXGL
11:42:15.389 [JavaFX Application Thread] INFO  FXGL                 - FXGL-0.5.4 on DESKTOP
11:42:15.390 [JavaFX Application Thread] INFO  FXGL                 - Source code and latest versions at: https://github.com/AlmasB/FXGL
11:42:15.390 [JavaFX Application Thread] INFO  FXGL                 -              Join the FXGL chat at: https://gitter.im/AlmasB/FXGL
11:42:15.391 [JavaFX Application Thread] DEBUG FXGL                 - FXGL started
11:42:15.391 [JavaFX Application Thread] DEBUG FXGL                 - Initializing FXGL
11:42:15.490 [JavaFX Application Thread] DEBUG AssetLoader          - Loading from disk: /assets/ui/cursors/fxgl_default.png
11:42:15.583 [JavaFX Application Thread] DEBUG AssetLoader          - Loading from disk: /assets/ui/fonts/VarelaRound-Regular.ttf
11:42:15.960 [JavaFX Application Thread] DEBUG MainWindow           - Creating a JavaFX scene
11:42:16.085 [JavaFX Application Thread] DEBUG MainWindow           - Target settings size: 600.0 x 600.0
11:42:16.085 [JavaFX Application Thread] DEBUG MainWindow           - Scaled scene size:    600.0 x 600.0
11:42:16.086 [JavaFX Application Thread] DEBUG MainWindow           - Scaled ratio: (1.0, 1.0)
11:42:16.092 [JavaFX Application Thread] DEBUG AssetLoader          - Loading from disk: /assets/ui/css/fxgl_dark.css
11:42:16.099 [JavaFX Application Thread] DEBUG AssetLoader          - Loading from disk: /assets/textures/fxgl_icon.png
11:42:16.123 [JavaFX Application Thread] DEBUG MainWindow           - Opening main window
11:42:16.584 [JavaFX Application Thread] DEBUG MainWindow           - Window border size: (6.0, 29.0)
11:42:16.585 [JavaFX Application Thread] DEBUG MainWindow           - Scaled size: 600.0 x 600.0
11:42:16.585 [JavaFX Application Thread] DEBUG MainWindow           - Scaled ratio: (1.0, 1.0)
11:42:16.585 [JavaFX Application Thread] DEBUG MainWindow           - Scene size: 600.0 x 600.0
11:42:16.586 [JavaFX Application Thread] DEBUG MainWindow           - Stage size: 606.0 x 629.0
11:42:16.722 [ForkJoinPool.commonPool-worker-1] DEBUG FS                   - Loaded DesktopFSService
11:42:16.724 [ForkJoinPool.commonPool-worker-1] DEBUG FXGL                 - Loading FXGL system data
11:42:16.743 [ForkJoinPool.commonPool-worker-1] DEBUG DesktopFSService     - Reading from: system\fxgl.bundle
11:42:16.769 [ForkJoinPool.commonPool-worker-1] DEBUG Bundle               - Logging bundle: FXGL
11:42:16.770 [ForkJoinPool.commonPool-worker-1] DEBUG Bundle               - FXGL.offline.timer.version.check=2018-12-14T14:58:08.605
11:42:16.771 [ForkJoinPool.commonPool-worker-1] DEBUG FXGL                 - Initializing state machine and application states
11:42:16.775 [ForkJoinPool.commonPool-worker-1] DEBUG AssetLoader          - Loading from disk: /assets/ui/cursors/fxgl_default.png
11:42:16.787 [ForkJoinPool.commonPool-worker-1] DEBUG AssetLoader          - Loading from disk: /assets/ui/cursors/fxgl_default.png
11:42:16.801 [ForkJoinPool.commonPool-worker-1] DEBUG AssetLoader          - Loading from cache: /assets/ui/fonts/VarelaRound-Regular.ttf
11:42:16.806 [ForkJoinPool.commonPool-worker-1] DEBUG AssetLoader          - Loading from disk: /assets/ui/cursors/fxgl_default.png
11:42:16.815 [ForkJoinPool.commonPool-worker-1] DEBUG GameScene            - Game scene initialized: 600x600
11:42:16.835 [ForkJoinPool.commonPool-worker-1] DEBUG GameWorld            - Game world initialized
11:42:16.950 [ForkJoinPool.commonPool-worker-1] DEBUG PhysicsWorld         - Physics world initialized: appHeight=600, physics.ppm=50,0
11:42:16.985 [ForkJoinPool.commonPool-worker-1] DEBUG Input                - Registered new binding: Pause - Esc
11:42:17.069 [JavaFX Application Thread] DEBUG FXGL                 - Running preInit()
11:42:17.073 [JavaFX Application Thread] DEBUG Input                - Registered new binding: Screenshot - P
11:42:17.074 [JavaFX Application Thread] DEBUG Input                - Registered new binding: Dev Options - CTRL+0
11:42:17.075 [JavaFX Application Thread] DEBUG Input                - Registered new binding: System info dump - CTRL+9
11:42:17.076 [JavaFX Application Thread] DEBUG Input                - Registered new binding: Restart - CTRL+R
11:42:17.077 [JavaFX Application Thread] DEBUG Input                - Registered new binding: Move Right - D
11:42:17.077 [JavaFX Application Thread] DEBUG Input                - Registered new binding: Move Left - A
11:42:17.078 [JavaFX Application Thread] DEBUG Input                - Registered new binding: Move Ball - Space
11:42:17.078 [JavaFX Application Thread] DEBUG Input                - Registered new binding: New Level - N
11:42:17.078 [JavaFX Application Thread] DEBUG Input                - Registered new binding: New Ball - M
11:42:17.079 [JavaFX Application Thread] INFO  FXGL                 - FXGL initialization took: 1,688 sec
11:42:17.079 [JavaFX Application Thread] DEBUG LoopRunner           - Starting loop
11:42:17.082 [JavaFX Application Thread] DEBUG StartupState         - STARTUP
11:42:17.082 [JavaFX Application Thread] DEBUG GameApplication      - Starting new game
11:42:17.082 [JavaFX Application Thread] DEBUG Input                - Clearing active input actions
11:42:17.084 [JavaFX Application Thread] DEBUG AssetLoader          - Loading from disk: /assets/ui/css/fxgl_dark.css
11:42:17.096 [JavaFX Application Thread] DEBUG AppStateMachine      - StartupState -> LoadingState
11:42:17.109 [FXGL Background Thread 1 ] DEBUG InitAppTask          - Clearing previous game
11:42:17.110 [FXGL Background Thread 1 ] DEBUG GameWorld            - Clearing game world
11:42:17.110 [FXGL Background Thread 1 ] DEBUG PhysicsWorld         - Clearing physics world
11:42:17.111 [FXGL Background Thread 1 ] DEBUG GameScene            - Clearing game scene
11:42:17.113 [FXGL Background Thread 1 ] DEBUG InitAppTask          - Initializing Game
11:42:17.433 [FXGL Background Thread 1 ] DEBUG GameScene            - Creating render group for layer: DEFAULT(100000)
11:42:17.437 [FXGL Background Thread 1 ] DEBUG GameScene            - Creating render group for layer: BACKGROUND(1000)
11:42:17.500 [FXGL Background Thread 1 ] DEBUG InitAppTask          - Initializing Physics
11:42:17.501 [FXGL Background Thread 1 ] DEBUG InitAppTask          - Initializing UI
11:42:17.511 [FXGL Background Thread 1 ] DEBUG InitAppTask          - Initialization Complete
11:42:17.514 [FXGL Background Thread 1 ] INFO  InitAppTask          - Game initialization took: 0,404 sec
11:42:17.523 [JavaFX Application Thread] DEBUG Input                - Clearing active input actions
11:42:17.524 [JavaFX Application Thread] DEBUG AssetLoader          - Loading from disk: /assets/ui/css/fxgl_dark.css
11:42:17.550 [JavaFX Application Thread] DEBUG AppStateMachine      - LoadingState -> PlayState
11:42:24.806 [JavaFX Application Thread] DEBUG FXGL                 - Exiting FXGL
11:42:24.806 [JavaFX Application Thread] DEBUG FXGL                 - Shutting down background threads
11:42:24.807 [JavaFX Application Thread] DEBUG FXGL                 - Saving FXGL system data
11:42:24.813 [JavaFX Application Thread] DEBUG DesktopFSService     - Writing to: system\fxgl.bundle
11:42:24.829 [JavaFX Application Thread] DEBUG FXGL                 - Closing logger and exiting JavaFX
