11:12:26.950 [JavaFX Application Thread] DEBUG GameApplication      - Logger initialized
11:12:26.966 [JavaFX Application Thread] DEBUG GameApplication      - Logging settings
Title: BreakOut
Version: 0.1
Width: 600
Height: 600
Fullscreen: false
Intro: false
Menus: false
Profiling: false
Single step:false
App Mode: DEVELOPER
Menu Key: ESCAPE
Stage Style: DECORATED
Scene Factory: class com.almasb.fxgl.scene.SceneFactory
Dialog Factory: class com.almasb.fxgl.ui.FXGLDialogFactory
UI Factory: class com.almasb.fxgl.ui.FXGLUIFactory
Notification Service: class com.almasb.fxgl.gameplay.notification.XboxNotificationView
Exception Handler: class com.almasb.fxgl.app.FXGLExceptionHandler
11:12:26.966 [JavaFX Application Thread] DEBUG GameApplication      - Starting FXGL
11:12:26.981 [JavaFX Application Thread] INFO  FXGL                 - FXGL-0.5.4 on DESKTOP
11:12:26.982 [JavaFX Application Thread] INFO  FXGL                 - Source code and latest versions at: https://github.com/AlmasB/FXGL
11:12:26.983 [JavaFX Application Thread] INFO  FXGL                 -              Join the FXGL chat at: https://gitter.im/AlmasB/FXGL
11:12:26.983 [JavaFX Application Thread] DEBUG FXGL                 - FXGL started
11:12:26.983 [JavaFX Application Thread] DEBUG FXGL                 - Initializing FXGL
11:12:27.072 [JavaFX Application Thread] DEBUG AssetLoader          - Loading from disk: /assets/ui/cursors/fxgl_default.png
11:12:27.160 [JavaFX Application Thread] DEBUG AssetLoader          - Loading from disk: /assets/ui/fonts/VarelaRound-Regular.ttf
11:12:27.431 [JavaFX Application Thread] DEBUG MainWindow           - Creating a JavaFX scene
11:12:27.526 [JavaFX Application Thread] DEBUG MainWindow           - Target settings size: 600.0 x 600.0
11:12:27.527 [JavaFX Application Thread] DEBUG MainWindow           - Scaled scene size:    600.0 x 600.0
11:12:27.527 [JavaFX Application Thread] DEBUG MainWindow           - Scaled ratio: (1.0, 1.0)
11:12:27.533 [JavaFX Application Thread] DEBUG AssetLoader          - Loading from disk: /assets/ui/css/fxgl_dark.css
11:12:27.540 [JavaFX Application Thread] DEBUG AssetLoader          - Loading from disk: /assets/textures/fxgl_icon.png
11:12:27.595 [JavaFX Application Thread] DEBUG MainWindow           - Opening main window
11:12:28.089 [JavaFX Application Thread] DEBUG MainWindow           - Window border size: (6.0, 29.0)
11:12:28.089 [JavaFX Application Thread] DEBUG MainWindow           - Scaled size: 600.0 x 600.0
11:12:28.089 [JavaFX Application Thread] DEBUG MainWindow           - Scaled ratio: (1.0, 1.0)
11:12:28.090 [JavaFX Application Thread] DEBUG MainWindow           - Scene size: 600.0 x 600.0
11:12:28.090 [JavaFX Application Thread] DEBUG MainWindow           - Stage size: 606.0 x 629.0
11:12:28.204 [ForkJoinPool.commonPool-worker-1] DEBUG FS                   - Loaded DesktopFSService
11:12:28.204 [ForkJoinPool.commonPool-worker-1] DEBUG FXGL                 - Loading FXGL system data
11:12:28.215 [ForkJoinPool.commonPool-worker-1] DEBUG DesktopFSService     - Reading from: system\fxgl.bundle
11:12:28.236 [ForkJoinPool.commonPool-worker-1] DEBUG Bundle               - Logging bundle: FXGL
11:12:28.237 [ForkJoinPool.commonPool-worker-1] DEBUG Bundle               - FXGL.offline.timer.version.check=2018-12-14T14:58:08.605
11:12:28.239 [ForkJoinPool.commonPool-worker-1] DEBUG FXGL                 - Initializing state machine and application states
11:12:28.242 [ForkJoinPool.commonPool-worker-1] DEBUG AssetLoader          - Loading from disk: /assets/ui/cursors/fxgl_default.png
11:12:28.254 [ForkJoinPool.commonPool-worker-1] DEBUG AssetLoader          - Loading from disk: /assets/ui/cursors/fxgl_default.png
11:12:28.267 [ForkJoinPool.commonPool-worker-1] DEBUG AssetLoader          - Loading from cache: /assets/ui/fonts/VarelaRound-Regular.ttf
11:12:28.273 [ForkJoinPool.commonPool-worker-1] DEBUG AssetLoader          - Loading from disk: /assets/ui/cursors/fxgl_default.png
11:12:28.279 [ForkJoinPool.commonPool-worker-1] DEBUG GameScene            - Game scene initialized: 600x600
11:12:28.300 [ForkJoinPool.commonPool-worker-1] DEBUG GameWorld            - Game world initialized
11:12:28.411 [ForkJoinPool.commonPool-worker-1] DEBUG PhysicsWorld         - Physics world initialized: appHeight=600, physics.ppm=50,0
11:12:28.447 [ForkJoinPool.commonPool-worker-1] DEBUG Input                - Registered new binding: Pause - Esc
11:12:28.556 [JavaFX Application Thread] DEBUG FXGL                 - Running preInit()
11:12:28.559 [JavaFX Application Thread] DEBUG Input                - Registered new binding: Screenshot - P
11:12:28.560 [JavaFX Application Thread] DEBUG Input                - Registered new binding: Dev Options - CTRL+0
11:12:28.561 [JavaFX Application Thread] DEBUG Input                - Registered new binding: System info dump - CTRL+9
11:12:28.562 [JavaFX Application Thread] DEBUG Input                - Registered new binding: Restart - CTRL+R
11:12:28.563 [JavaFX Application Thread] DEBUG Input                - Registered new binding: Move Right - D
11:12:28.563 [JavaFX Application Thread] DEBUG Input                - Registered new binding: Move Left - A
11:12:28.564 [JavaFX Application Thread] DEBUG Input                - Registered new binding: Move Ball - Space
11:12:28.564 [JavaFX Application Thread] DEBUG Input                - Registered new binding: New Level - N
11:12:28.564 [JavaFX Application Thread] DEBUG Input                - Registered new binding: New Ball - M
11:12:28.566 [JavaFX Application Thread] INFO  FXGL                 - FXGL initialization took: 1,582 sec
11:12:28.568 [JavaFX Application Thread] DEBUG LoopRunner           - Starting loop
11:12:28.571 [JavaFX Application Thread] DEBUG StartupState         - STARTUP
11:12:28.571 [JavaFX Application Thread] DEBUG GameApplication      - Starting new game
11:12:28.571 [JavaFX Application Thread] DEBUG Input                - Clearing active input actions
11:12:28.573 [JavaFX Application Thread] DEBUG AssetLoader          - Loading from disk: /assets/ui/css/fxgl_dark.css
11:12:28.585 [JavaFX Application Thread] DEBUG AppStateMachine      - StartupState -> LoadingState
11:12:28.603 [FXGL Background Thread 1 ] DEBUG InitAppTask          - Clearing previous game
11:12:28.603 [FXGL Background Thread 1 ] DEBUG GameWorld            - Clearing game world
11:12:28.603 [FXGL Background Thread 1 ] DEBUG PhysicsWorld         - Clearing physics world
11:12:28.603 [FXGL Background Thread 1 ] DEBUG GameScene            - Clearing game scene
11:12:28.605 [FXGL Background Thread 1 ] DEBUG InitAppTask          - Initializing Game
11:12:28.865 [FXGL Background Thread 1 ] DEBUG GameScene            - Creating render group for layer: DEFAULT(100000)
11:12:28.870 [FXGL Background Thread 1 ] DEBUG GameScene            - Creating render group for layer: BACKGROUND(1000)
11:12:28.876 [FXGL Background Thread 1 ] DEBUG InitAppTask          - Initializing Physics
11:12:28.878 [FXGL Background Thread 1 ] DEBUG InitAppTask          - Initializing UI
11:12:28.894 [FXGL Background Thread 1 ] DEBUG InitAppTask          - Initialization Complete
11:12:28.897 [FXGL Background Thread 1 ] INFO  InitAppTask          - Game initialization took: 0,294 sec
11:12:28.904 [JavaFX Application Thread] DEBUG Input                - Clearing active input actions
11:12:28.904 [JavaFX Application Thread] DEBUG AssetLoader          - Loading from disk: /assets/ui/css/fxgl_dark.css
11:12:28.933 [JavaFX Application Thread] DEBUG AppStateMachine      - LoadingState -> PlayState
11:12:43.207 [JavaFX Application Thread] DEBUG AssetLoader          - Loading from cache: /assets/sounds/boom8.wav
11:12:43.799 [JavaFX Application Thread] DEBUG AssetLoader          - Loading from cache: /assets/sounds/boom8.wav
11:12:43.971 [JavaFX Application Thread] DEBUG AssetLoader          - Loading from cache: /assets/sounds/boom8.wav
11:12:44.151 [JavaFX Application Thread] DEBUG AssetLoader          - Loading from cache: /assets/sounds/boom8.wav
11:12:44.329 [JavaFX Application Thread] DEBUG AssetLoader          - Loading from cache: /assets/sounds/boom8.wav
11:12:44.518 [JavaFX Application Thread] DEBUG AssetLoader          - Loading from cache: /assets/sounds/boom8.wav
11:12:44.699 [JavaFX Application Thread] DEBUG AssetLoader          - Loading from cache: /assets/sounds/boom8.wav
11:12:44.879 [JavaFX Application Thread] DEBUG AssetLoader          - Loading from cache: /assets/sounds/boom8.wav
11:12:45.059 [JavaFX Application Thread] DEBUG AssetLoader          - Loading from cache: /assets/sounds/boom8.wav
11:12:46.102 [JavaFX Application Thread] DEBUG AssetLoader          - Loading from cache: /assets/sounds/boom8.wav
11:12:46.295 [JavaFX Application Thread] DEBUG AssetLoader          - Loading from cache: /assets/sounds/boom8.wav
11:12:46.461 [JavaFX Application Thread] DEBUG AssetLoader          - Loading from cache: /assets/sounds/boom8.wav
11:12:46.627 [JavaFX Application Thread] DEBUG AssetLoader          - Loading from cache: /assets/sounds/boom8.wav
11:12:46.792 [JavaFX Application Thread] DEBUG AssetLoader          - Loading from cache: /assets/sounds/boom8.wav
11:12:46.956 [JavaFX Application Thread] DEBUG AssetLoader          - Loading from cache: /assets/sounds/boom8.wav
11:12:47.130 [JavaFX Application Thread] DEBUG AssetLoader          - Loading from cache: /assets/sounds/boom8.wav
11:12:47.278 [JavaFX Application Thread] DEBUG AssetLoader          - Loading from cache: /assets/sounds/boom8.wav
11:12:47.437 [JavaFX Application Thread] DEBUG AssetLoader          - Loading from cache: /assets/sounds/boom8.wav
11:12:47.608 [JavaFX Application Thread] DEBUG AssetLoader          - Loading from cache: /assets/sounds/boom8.wav
11:12:49.736 [JavaFX Application Thread] DEBUG AssetLoader          - Loading from cache: /assets/sounds/boom8.wav
11:12:49.753 [JavaFX Application Thread] DEBUG AssetLoader          - Loading from cache: /assets/sounds/boom8.wav
11:12:52.744 [JavaFX Application Thread] DEBUG AssetLoader          - Loading from cache: /assets/sounds/boom8.wav
11:12:55.611 [JavaFX Application Thread] DEBUG FXGL                 - Exiting FXGL
11:12:55.612 [JavaFX Application Thread] DEBUG FXGL                 - Shutting down background threads
11:12:55.613 [JavaFX Application Thread] DEBUG FXGL                 - Saving FXGL system data
11:12:55.622 [JavaFX Application Thread] DEBUG DesktopFSService     - Writing to: system\fxgl.bundle
11:12:55.635 [JavaFX Application Thread] DEBUG FXGL                 - Closing logger and exiting JavaFX
