17:30:06.541 [JavaFX Application Thread] DEBUG GameApplication      - Logger initialized
17:30:06.560 [JavaFX Application Thread] DEBUG GameApplication      - Logging settings
Title: BreakOut
Version: 0.1
Width: 600
Height: 600
Fullscreen: false
Intro: false
Menus: false
Profiling: false
Single step:false
App Mode: DEVELOPER
Menu Key: ESCAPE
Stage Style: DECORATED
Scene Factory: class com.almasb.fxgl.scene.SceneFactory
Dialog Factory: class com.almasb.fxgl.ui.FXGLDialogFactory
UI Factory: class com.almasb.fxgl.ui.FXGLUIFactory
Notification Service: class com.almasb.fxgl.gameplay.notification.XboxNotificationView
Exception Handler: class com.almasb.fxgl.app.FXGLExceptionHandler
17:30:06.560 [JavaFX Application Thread] DEBUG GameApplication      - Starting FXGL
17:30:06.573 [JavaFX Application Thread] INFO  FXGL                 - FXGL-0.5.4 on DESKTOP
17:30:06.574 [JavaFX Application Thread] INFO  FXGL                 - Source code and latest versions at: https://github.com/AlmasB/FXGL
17:30:06.574 [JavaFX Application Thread] INFO  FXGL                 -              Join the FXGL chat at: https://gitter.im/AlmasB/FXGL
17:30:06.575 [JavaFX Application Thread] DEBUG FXGL                 - FXGL started
17:30:06.575 [JavaFX Application Thread] DEBUG FXGL                 - Initializing FXGL
17:30:06.688 [JavaFX Application Thread] DEBUG AssetLoader          - Loading from disk: /assets/ui/cursors/fxgl_default.png
17:30:06.768 [JavaFX Application Thread] DEBUG AssetLoader          - Loading from disk: /assets/ui/fonts/VarelaRound-Regular.ttf
17:30:07.023 [JavaFX Application Thread] DEBUG MainWindow           - Creating a JavaFX scene
17:30:07.109 [JavaFX Application Thread] DEBUG MainWindow           - Target settings size: 600.0 x 600.0
17:30:07.110 [JavaFX Application Thread] DEBUG MainWindow           - Scaled scene size:    600.0 x 600.0
17:30:07.111 [JavaFX Application Thread] DEBUG MainWindow           - Scaled ratio: (1.0, 1.0)
17:30:07.116 [JavaFX Application Thread] DEBUG AssetLoader          - Loading from disk: /assets/ui/css/fxgl_dark.css
17:30:07.125 [JavaFX Application Thread] DEBUG AssetLoader          - Loading from disk: /assets/textures/fxgl_icon.png
17:30:07.160 [JavaFX Application Thread] DEBUG MainWindow           - Opening main window
17:30:07.591 [JavaFX Application Thread] DEBUG MainWindow           - Window border size: (6.0, 29.0)
17:30:07.591 [JavaFX Application Thread] DEBUG MainWindow           - Scaled size: 600.0 x 600.0
17:30:07.591 [JavaFX Application Thread] DEBUG MainWindow           - Scaled ratio: (1.0, 1.0)
17:30:07.592 [JavaFX Application Thread] DEBUG MainWindow           - Scene size: 600.0 x 600.0
17:30:07.592 [JavaFX Application Thread] DEBUG MainWindow           - Stage size: 606.0 x 629.0
17:30:07.718 [ForkJoinPool.commonPool-worker-1] DEBUG FS                   - Loaded DesktopFSService
17:30:07.719 [ForkJoinPool.commonPool-worker-1] DEBUG FXGL                 - Loading FXGL system data
17:30:07.729 [ForkJoinPool.commonPool-worker-1] DEBUG DesktopFSService     - Reading from: system\fxgl.bundle
17:30:07.746 [ForkJoinPool.commonPool-worker-1] DEBUG Bundle               - Logging bundle: FXGL
17:30:07.747 [ForkJoinPool.commonPool-worker-1] DEBUG Bundle               - FXGL.offline.timer.version.check=2018-12-14T14:58:08.605
17:30:07.748 [ForkJoinPool.commonPool-worker-1] DEBUG FXGL                 - Initializing state machine and application states
17:30:07.752 [ForkJoinPool.commonPool-worker-1] DEBUG AssetLoader          - Loading from disk: /assets/ui/cursors/fxgl_default.png
17:30:07.762 [ForkJoinPool.commonPool-worker-1] DEBUG AssetLoader          - Loading from disk: /assets/ui/cursors/fxgl_default.png
17:30:07.774 [ForkJoinPool.commonPool-worker-1] DEBUG AssetLoader          - Loading from cache: /assets/ui/fonts/VarelaRound-Regular.ttf
17:30:07.779 [ForkJoinPool.commonPool-worker-1] DEBUG AssetLoader          - Loading from disk: /assets/ui/cursors/fxgl_default.png
17:30:07.787 [ForkJoinPool.commonPool-worker-1] DEBUG GameScene            - Game scene initialized: 600x600
17:30:07.798 [ForkJoinPool.commonPool-worker-1] DEBUG GameWorld            - Game world initialized
17:30:07.910 [ForkJoinPool.commonPool-worker-1] DEBUG PhysicsWorld         - Physics world initialized: appHeight=600, physics.ppm=50,0
17:30:07.948 [ForkJoinPool.commonPool-worker-1] DEBUG Input                - Registered new binding: Pause - Esc
17:30:08.042 [JavaFX Application Thread] DEBUG FXGL                 - Running preInit()
17:30:08.044 [JavaFX Application Thread] DEBUG Input                - Registered new binding: Screenshot - P
17:30:08.045 [JavaFX Application Thread] DEBUG Input                - Registered new binding: Dev Options - CTRL+0
17:30:08.046 [JavaFX Application Thread] DEBUG Input                - Registered new binding: System info dump - CTRL+9
17:30:08.047 [JavaFX Application Thread] DEBUG Input                - Registered new binding: Restart - CTRL+R
17:30:08.047 [JavaFX Application Thread] DEBUG Input                - Registered new binding: Move Right - D
17:30:08.048 [JavaFX Application Thread] DEBUG Input                - Registered new binding: Move Left - A
17:30:08.048 [JavaFX Application Thread] DEBUG Input                - Registered new binding: Move Ball - Space
17:30:08.048 [JavaFX Application Thread] DEBUG Input                - Registered new binding: New Level - N
17:30:08.049 [JavaFX Application Thread] DEBUG Input                - Registered new binding: New Ball - M
17:30:08.050 [JavaFX Application Thread] INFO  FXGL                 - FXGL initialization took: 1,474 sec
17:30:08.050 [JavaFX Application Thread] DEBUG LoopRunner           - Starting loop
17:30:08.053 [JavaFX Application Thread] DEBUG StartupState         - STARTUP
17:30:08.054 [JavaFX Application Thread] DEBUG GameApplication      - Starting new game
17:30:08.054 [JavaFX Application Thread] DEBUG Input                - Clearing active input actions
17:30:08.056 [JavaFX Application Thread] DEBUG AssetLoader          - Loading from disk: /assets/ui/css/fxgl_dark.css
17:30:08.068 [JavaFX Application Thread] DEBUG AppStateMachine      - StartupState -> LoadingState
17:30:08.086 [FXGL Background Thread 1 ] DEBUG InitAppTask          - Clearing previous game
17:30:08.086 [FXGL Background Thread 1 ] DEBUG GameWorld            - Clearing game world
17:30:08.086 [FXGL Background Thread 1 ] DEBUG PhysicsWorld         - Clearing physics world
17:30:08.086 [FXGL Background Thread 1 ] DEBUG GameScene            - Clearing game scene
17:30:08.088 [FXGL Background Thread 1 ] DEBUG InitAppTask          - Initializing Game
17:30:08.324 [FXGL Background Thread 1 ] DEBUG GameScene            - Creating render group for layer: DEFAULT(100000)
17:30:08.329 [FXGL Background Thread 1 ] DEBUG GameScene            - Creating render group for layer: BACKGROUND(1000)
17:30:08.335 [FXGL Background Thread 1 ] DEBUG InitAppTask          - Initializing Physics
17:30:08.336 [FXGL Background Thread 1 ] DEBUG InitAppTask          - Initializing UI
17:30:08.345 [FXGL Background Thread 1 ] DEBUG InitAppTask          - Initialization Complete
17:30:08.346 [FXGL Background Thread 1 ] INFO  InitAppTask          - Game initialization took: 0,260 sec
17:30:08.354 [JavaFX Application Thread] DEBUG Input                - Clearing active input actions
17:30:08.355 [JavaFX Application Thread] DEBUG AssetLoader          - Loading from disk: /assets/ui/css/fxgl_dark.css
17:30:08.378 [JavaFX Application Thread] DEBUG AppStateMachine      - LoadingState -> PlayState
17:30:13.097 [JavaFX Application Thread] DEBUG AssetLoader          - Loading from cache: /assets/ui/fonts/VarelaRound-Regular.ttf
17:30:13.101 [JavaFX Application Thread] DEBUG AssetLoader          - Loading from cache: /assets/ui/fonts/VarelaRound-Regular.ttf
17:30:13.103 [JavaFX Application Thread] DEBUG AssetLoader          - Loading from disk: /assets/properties/languages/english.properties
17:30:13.106 [JavaFX Application Thread] DEBUG AssetLoader          - Loading from cache: /assets/ui/fonts/VarelaRound-Regular.ttf
17:30:13.106 [JavaFX Application Thread] DEBUG AssetLoader          - Loading from cache: /assets/properties/languages/english.properties
17:30:13.110 [JavaFX Application Thread] DEBUG AssetLoader          - Loading from cache: /assets/ui/fonts/VarelaRound-Regular.ttf
17:30:13.111 [JavaFX Application Thread] DEBUG AppStateMachine      - Push state: DialogSubState
17:30:13.111 [JavaFX Application Thread] DEBUG Input                - Clearing active input actions
17:30:13.112 [JavaFX Application Thread] DEBUG AppStateMachine      - PlayState -> DialogSubState
17:30:15.118 [JavaFX Application Thread] DEBUG AppStateMachine      - Pop state: DialogSubState
17:30:15.119 [JavaFX Application Thread] DEBUG Input                - Clearing active input actions
17:30:15.121 [JavaFX Application Thread] DEBUG AppStateMachine      - PlayState <- DialogSubState
17:30:15.122 [JavaFX Application Thread] DEBUG FXGL                 - Exiting FXGL
17:30:15.123 [JavaFX Application Thread] DEBUG FXGL                 - Shutting down background threads
17:30:15.124 [JavaFX Application Thread] DEBUG FXGL                 - Saving FXGL system data
17:30:15.133 [JavaFX Application Thread] DEBUG DesktopFSService     - Writing to: system\fxgl.bundle
17:30:15.147 [JavaFX Application Thread] DEBUG FXGL                 - Closing logger and exiting JavaFX
