22:26:59.705 [JavaFX Application Thread] DEBUG GameApplication      - Logger initialized
22:26:59.720 [JavaFX Application Thread] DEBUG GameApplication      - Logging settings
Title: BreakOut
Version: 0.1
Width: 600
Height: 600
Fullscreen: false
Intro: false
Menus: false
Profiling: false
Single step:false
App Mode: DEVELOPER
Menu Key: ESCAPE
Stage Style: DECORATED
Scene Factory: class com.almasb.fxgl.scene.SceneFactory
Dialog Factory: class com.almasb.fxgl.ui.FXGLDialogFactory
UI Factory: class com.almasb.fxgl.ui.FXGLUIFactory
Notification Service: class com.almasb.fxgl.gameplay.notification.XboxNotificationView
Exception Handler: class com.almasb.fxgl.app.FXGLExceptionHandler
22:26:59.720 [JavaFX Application Thread] DEBUG GameApplication      - Starting FXGL
22:26:59.736 [JavaFX Application Thread] INFO  FXGL                 - FXGL-0.5.4 on DESKTOP
22:26:59.736 [JavaFX Application Thread] INFO  FXGL                 - Source code and latest versions at: https://github.com/AlmasB/FXGL
22:26:59.737 [JavaFX Application Thread] INFO  FXGL                 -              Join the FXGL chat at: https://gitter.im/AlmasB/FXGL
22:26:59.737 [JavaFX Application Thread] DEBUG FXGL                 - FXGL started
22:26:59.738 [JavaFX Application Thread] DEBUG FXGL                 - Initializing FXGL
22:26:59.833 [JavaFX Application Thread] DEBUG AssetLoader          - Loading from disk: /assets/ui/cursors/fxgl_default.png
22:26:59.913 [JavaFX Application Thread] DEBUG AssetLoader          - Loading from disk: /assets/ui/fonts/VarelaRound-Regular.ttf
22:27:00.178 [JavaFX Application Thread] DEBUG MainWindow           - Creating a JavaFX scene
22:27:00.252 [JavaFX Application Thread] DEBUG MainWindow           - Target settings size: 600.0 x 600.0
22:27:00.261 [JavaFX Application Thread] DEBUG MainWindow           - Scaled scene size:    600.0 x 600.0
22:27:00.261 [JavaFX Application Thread] DEBUG MainWindow           - Scaled ratio: (1.0, 1.0)
22:27:00.267 [JavaFX Application Thread] DEBUG AssetLoader          - Loading from disk: /assets/ui/css/fxgl_dark.css
22:27:00.275 [JavaFX Application Thread] DEBUG AssetLoader          - Loading from disk: /assets/textures/fxgl_icon.png
22:27:00.313 [JavaFX Application Thread] DEBUG MainWindow           - Opening main window
22:27:00.781 [JavaFX Application Thread] DEBUG MainWindow           - Window border size: (6.0, 29.0)
22:27:00.781 [JavaFX Application Thread] DEBUG MainWindow           - Scaled size: 600.0 x 600.0
22:27:00.781 [JavaFX Application Thread] DEBUG MainWindow           - Scaled ratio: (1.0, 1.0)
22:27:00.782 [JavaFX Application Thread] DEBUG MainWindow           - Scene size: 600.0 x 600.0
22:27:00.782 [JavaFX Application Thread] DEBUG MainWindow           - Stage size: 606.0 x 629.0
22:27:00.898 [ForkJoinPool.commonPool-worker-1] DEBUG FS                   - Loaded DesktopFSService
22:27:00.899 [ForkJoinPool.commonPool-worker-1] DEBUG FXGL                 - Loading FXGL system data
22:27:00.914 [ForkJoinPool.commonPool-worker-1] DEBUG DesktopFSService     - Reading from: system\fxgl.bundle
22:27:00.929 [ForkJoinPool.commonPool-worker-1] DEBUG Bundle               - Logging bundle: FXGL
22:27:00.930 [ForkJoinPool.commonPool-worker-1] DEBUG Bundle               - FXGL.offline.timer.version.check=2018-12-14T14:58:08.605
22:27:00.932 [ForkJoinPool.commonPool-worker-1] DEBUG FXGL                 - Initializing state machine and application states
22:27:00.934 [ForkJoinPool.commonPool-worker-1] DEBUG AssetLoader          - Loading from disk: /assets/ui/cursors/fxgl_default.png
22:27:00.944 [ForkJoinPool.commonPool-worker-1] DEBUG AssetLoader          - Loading from disk: /assets/ui/cursors/fxgl_default.png
22:27:00.953 [ForkJoinPool.commonPool-worker-1] DEBUG AssetLoader          - Loading from cache: /assets/ui/fonts/VarelaRound-Regular.ttf
22:27:00.957 [ForkJoinPool.commonPool-worker-1] DEBUG AssetLoader          - Loading from disk: /assets/ui/cursors/fxgl_default.png
22:27:00.964 [ForkJoinPool.commonPool-worker-1] DEBUG GameScene            - Game scene initialized: 600x600
22:27:00.978 [ForkJoinPool.commonPool-worker-1] DEBUG GameWorld            - Game world initialized
22:27:01.097 [ForkJoinPool.commonPool-worker-1] DEBUG PhysicsWorld         - Physics world initialized: appHeight=600, physics.ppm=50,0
22:27:01.135 [ForkJoinPool.commonPool-worker-1] DEBUG Input                - Registered new binding: Pause - Esc
22:27:01.217 [JavaFX Application Thread] DEBUG FXGL                 - Running preInit()
22:27:01.220 [JavaFX Application Thread] DEBUG Input                - Registered new binding: Screenshot - P
22:27:01.221 [JavaFX Application Thread] DEBUG Input                - Registered new binding: Dev Options - CTRL+0
22:27:01.222 [JavaFX Application Thread] DEBUG Input                - Registered new binding: System info dump - CTRL+9
22:27:01.223 [JavaFX Application Thread] DEBUG Input                - Registered new binding: Restart - CTRL+R
22:27:01.223 [JavaFX Application Thread] DEBUG Input                - Registered new binding: Move Right - D
22:27:01.224 [JavaFX Application Thread] DEBUG Input                - Registered new binding: Move Left - A
22:27:01.225 [JavaFX Application Thread] DEBUG Input                - Registered new binding: Move Ball - Space
22:27:01.225 [JavaFX Application Thread] DEBUG Input                - Registered new binding: New Level - N
22:27:01.225 [JavaFX Application Thread] DEBUG Input                - Registered new binding: New Ball - M
22:27:01.228 [JavaFX Application Thread] DEBUG Input                - Registered new binding: Testing - LMB
22:27:01.229 [JavaFX Application Thread] INFO  FXGL                 - FXGL initialization took: 1,491 sec
22:27:01.229 [JavaFX Application Thread] DEBUG LoopRunner           - Starting loop
22:27:01.232 [JavaFX Application Thread] DEBUG StartupState         - STARTUP
22:27:01.232 [JavaFX Application Thread] DEBUG GameApplication      - Starting new game
22:27:01.232 [JavaFX Application Thread] DEBUG Input                - Clearing active input actions
22:27:01.234 [JavaFX Application Thread] DEBUG AssetLoader          - Loading from disk: /assets/ui/css/fxgl_dark.css
22:27:01.246 [JavaFX Application Thread] DEBUG AppStateMachine      - StartupState -> LoadingState
22:27:01.263 [FXGL Background Thread 1 ] DEBUG InitAppTask          - Clearing previous game
22:27:01.263 [FXGL Background Thread 1 ] DEBUG GameWorld            - Clearing game world
22:27:01.263 [FXGL Background Thread 1 ] DEBUG PhysicsWorld         - Clearing physics world
22:27:01.264 [FXGL Background Thread 1 ] DEBUG GameScene            - Clearing game scene
22:27:01.266 [FXGL Background Thread 1 ] DEBUG InitAppTask          - Initializing Game
22:27:01.520 [FXGL Background Thread 1 ] DEBUG GameScene            - Creating render group for layer: DEFAULT(100000)
22:27:01.525 [FXGL Background Thread 1 ] DEBUG GameScene            - Creating render group for layer: BACKGROUND(1000)
22:27:01.531 [FXGL Background Thread 1 ] DEBUG InitAppTask          - Initializing Physics
22:27:01.533 [FXGL Background Thread 1 ] DEBUG InitAppTask          - Initializing UI
22:27:01.544 [FXGL Background Thread 1 ] DEBUG InitAppTask          - Initialization Complete
22:27:01.545 [FXGL Background Thread 1 ] INFO  InitAppTask          - Game initialization took: 0,282 sec
22:27:01.550 [JavaFX Application Thread] DEBUG Input                - Clearing active input actions
22:27:01.550 [JavaFX Application Thread] DEBUG AssetLoader          - Loading from disk: /assets/ui/css/fxgl_dark.css
22:27:01.575 [JavaFX Application Thread] DEBUG AppStateMachine      - LoadingState -> PlayState
22:27:05.326 [JavaFX Application Thread] DEBUG AssetLoader          - Loading from cache: /assets/sounds/boom8.wav
22:27:07.792 [JavaFX Application Thread] DEBUG AssetLoader          - Loading from cache: /assets/sounds/boom8.wav
22:27:07.793 [JavaFX Application Thread] DEBUG AssetLoader          - Loading from cache: /assets/sounds/boom8.wav
22:27:11.360 [JavaFX Application Thread] DEBUG AssetLoader          - Loading from cache: /assets/sounds/boom8.wav
22:27:15.006 [JavaFX Application Thread] DEBUG AssetLoader          - Loading from cache: /assets/sounds/boom8.wav
22:27:15.295 [JavaFX Application Thread] DEBUG AssetLoader          - Loading from cache: /assets/sounds/boom8.wav
22:27:18.558 [JavaFX Application Thread] DEBUG AssetLoader          - Loading from cache: /assets/sounds/boom8.wav
22:27:22.255 [JavaFX Application Thread] DEBUG AssetLoader          - Loading from cache: /assets/sounds/boom8.wav
22:27:25.806 [JavaFX Application Thread] DEBUG AssetLoader          - Loading from cache: /assets/sounds/boom8.wav
22:27:35.423 [JavaFX Application Thread] DEBUG AssetLoader          - Loading from cache: /assets/sounds/boom8.wav
22:27:39.471 [JavaFX Application Thread] DEBUG AssetLoader          - Loading from cache: /assets/sounds/boom8.wav
22:27:43.471 [JavaFX Application Thread] DEBUG AssetLoader          - Loading from cache: /assets/sounds/boom8.wav
22:27:47.392 [JavaFX Application Thread] DEBUG AssetLoader          - Loading from cache: /assets/sounds/boom8.wav
22:27:47.392 [JavaFX Application Thread] DEBUG AssetLoader          - Loading from cache: /assets/sounds/boom8.wav
22:27:50.559 [JavaFX Application Thread] DEBUG AssetLoader          - Loading from cache: /assets/sounds/boom8.wav
22:27:53.646 [JavaFX Application Thread] DEBUG AssetLoader          - Loading from cache: /assets/sounds/boom8.wav
22:28:00.751 [JavaFX Application Thread] DEBUG AssetLoader          - Loading from cache: /assets/sounds/boom8.wav
22:28:03.886 [JavaFX Application Thread] DEBUG AssetLoader          - Loading from cache: /assets/sounds/boom8.wav
22:28:07.646 [JavaFX Application Thread] DEBUG AssetLoader          - Loading from cache: /assets/sounds/boom8.wav
22:28:14.046 [JavaFX Application Thread] DEBUG AssetLoader          - Loading from cache: /assets/sounds/boom8.wav
22:28:18.127 [JavaFX Application Thread] DEBUG AssetLoader          - Loading from cache: /assets/sounds/boom8.wav
22:28:33.679 [JavaFX Application Thread] DEBUG AssetLoader          - Loading from cache: /assets/sounds/boom8.wav
22:28:37.791 [JavaFX Application Thread] DEBUG AssetLoader          - Loading from cache: /assets/sounds/boom8.wav
22:28:37.792 [JavaFX Application Thread] DEBUG AssetLoader          - Loading from cache: /assets/sounds/boom8.wav
22:28:41.522 [JavaFX Application Thread] DEBUG FXGL                 - Exiting FXGL
22:28:41.522 [JavaFX Application Thread] DEBUG FXGL                 - Shutting down background threads
22:28:41.523 [JavaFX Application Thread] DEBUG FXGL                 - Saving FXGL system data
22:28:41.532 [JavaFX Application Thread] DEBUG DesktopFSService     - Writing to: system\fxgl.bundle
22:28:41.546 [JavaFX Application Thread] DEBUG FXGL                 - Closing logger and exiting JavaFX
