22:31:33.632 [JavaFX Application Thread] DEBUG GameApplication      - Logger initialized
22:31:33.648 [JavaFX Application Thread] DEBUG GameApplication      - Logging settings
Title: BreakOut
Version: 0.1
Width: 600
Height: 600
Fullscreen: false
Intro: false
Menus: false
Profiling: false
Single step:false
App Mode: DEVELOPER
Menu Key: ESCAPE
Stage Style: DECORATED
Scene Factory: class com.almasb.fxgl.scene.SceneFactory
Dialog Factory: class com.almasb.fxgl.ui.FXGLDialogFactory
UI Factory: class com.almasb.fxgl.ui.FXGLUIFactory
Notification Service: class com.almasb.fxgl.gameplay.notification.XboxNotificationView
Exception Handler: class com.almasb.fxgl.app.FXGLExceptionHandler
22:31:33.648 [JavaFX Application Thread] DEBUG GameApplication      - Starting FXGL
22:31:33.662 [JavaFX Application Thread] INFO  FXGL                 - FXGL-0.5.4 on DESKTOP
22:31:33.662 [JavaFX Application Thread] INFO  FXGL                 - Source code and latest versions at: https://github.com/AlmasB/FXGL
22:31:33.663 [JavaFX Application Thread] INFO  FXGL                 -              Join the FXGL chat at: https://gitter.im/AlmasB/FXGL
22:31:33.664 [JavaFX Application Thread] DEBUG FXGL                 - FXGL started
22:31:33.664 [JavaFX Application Thread] DEBUG FXGL                 - Initializing FXGL
22:31:33.765 [JavaFX Application Thread] DEBUG AssetLoader          - Loading from disk: /assets/ui/cursors/fxgl_default.png
22:31:33.845 [JavaFX Application Thread] DEBUG AssetLoader          - Loading from disk: /assets/ui/fonts/VarelaRound-Regular.ttf
22:31:34.114 [JavaFX Application Thread] DEBUG MainWindow           - Creating a JavaFX scene
22:31:34.232 [JavaFX Application Thread] DEBUG MainWindow           - Target settings size: 600.0 x 600.0
22:31:34.232 [JavaFX Application Thread] DEBUG MainWindow           - Scaled scene size:    600.0 x 600.0
22:31:34.232 [JavaFX Application Thread] DEBUG MainWindow           - Scaled ratio: (1.0, 1.0)
22:31:34.238 [JavaFX Application Thread] DEBUG AssetLoader          - Loading from disk: /assets/ui/css/fxgl_dark.css
22:31:34.246 [JavaFX Application Thread] DEBUG AssetLoader          - Loading from disk: /assets/textures/fxgl_icon.png
22:31:34.283 [JavaFX Application Thread] DEBUG MainWindow           - Opening main window
22:31:34.755 [JavaFX Application Thread] DEBUG MainWindow           - Window border size: (6.0, 29.0)
22:31:34.755 [JavaFX Application Thread] DEBUG MainWindow           - Scaled size: 600.0 x 600.0
22:31:34.755 [JavaFX Application Thread] DEBUG MainWindow           - Scaled ratio: (1.0, 1.0)
22:31:34.756 [JavaFX Application Thread] DEBUG MainWindow           - Scene size: 600.0 x 600.0
22:31:34.756 [JavaFX Application Thread] DEBUG MainWindow           - Stage size: 606.0 x 629.0
22:31:34.890 [ForkJoinPool.commonPool-worker-1] DEBUG FS                   - Loaded DesktopFSService
22:31:34.891 [ForkJoinPool.commonPool-worker-1] DEBUG FXGL                 - Loading FXGL system data
22:31:34.901 [ForkJoinPool.commonPool-worker-1] DEBUG DesktopFSService     - Reading from: system\fxgl.bundle
22:31:34.917 [ForkJoinPool.commonPool-worker-1] DEBUG Bundle               - Logging bundle: FXGL
22:31:34.918 [ForkJoinPool.commonPool-worker-1] DEBUG Bundle               - FXGL.offline.timer.version.check=2018-12-14T14:58:08.605
22:31:34.919 [ForkJoinPool.commonPool-worker-1] DEBUG FXGL                 - Initializing state machine and application states
22:31:34.922 [ForkJoinPool.commonPool-worker-1] DEBUG AssetLoader          - Loading from disk: /assets/ui/cursors/fxgl_default.png
22:31:34.932 [ForkJoinPool.commonPool-worker-1] DEBUG AssetLoader          - Loading from disk: /assets/ui/cursors/fxgl_default.png
22:31:34.945 [ForkJoinPool.commonPool-worker-1] DEBUG AssetLoader          - Loading from cache: /assets/ui/fonts/VarelaRound-Regular.ttf
22:31:34.951 [ForkJoinPool.commonPool-worker-1] DEBUG AssetLoader          - Loading from disk: /assets/ui/cursors/fxgl_default.png
22:31:34.957 [ForkJoinPool.commonPool-worker-1] DEBUG GameScene            - Game scene initialized: 600x600
22:31:34.973 [ForkJoinPool.commonPool-worker-1] DEBUG GameWorld            - Game world initialized
22:31:35.100 [ForkJoinPool.commonPool-worker-1] DEBUG PhysicsWorld         - Physics world initialized: appHeight=600, physics.ppm=50,0
22:31:35.141 [ForkJoinPool.commonPool-worker-1] DEBUG Input                - Registered new binding: Pause - Esc
22:31:35.216 [JavaFX Application Thread] DEBUG FXGL                 - Running preInit()
22:31:35.219 [JavaFX Application Thread] DEBUG Input                - Registered new binding: Screenshot - P
22:31:35.220 [JavaFX Application Thread] DEBUG Input                - Registered new binding: Dev Options - CTRL+0
22:31:35.221 [JavaFX Application Thread] DEBUG Input                - Registered new binding: System info dump - CTRL+9
22:31:35.222 [JavaFX Application Thread] DEBUG Input                - Registered new binding: Restart - CTRL+R
22:31:35.222 [JavaFX Application Thread] DEBUG Input                - Registered new binding: Move Right - D
22:31:35.223 [JavaFX Application Thread] DEBUG Input                - Registered new binding: Move Left - A
22:31:35.223 [JavaFX Application Thread] DEBUG Input                - Registered new binding: Move Ball - Space
22:31:35.223 [JavaFX Application Thread] DEBUG Input                - Registered new binding: New Level - N
22:31:35.224 [JavaFX Application Thread] DEBUG Input                - Registered new binding: New Ball - M
22:31:35.226 [JavaFX Application Thread] DEBUG Input                - Registered new binding: Testing - LMB
22:31:35.227 [JavaFX Application Thread] INFO  FXGL                 - FXGL initialization took: 1,563 sec
22:31:35.227 [JavaFX Application Thread] DEBUG LoopRunner           - Starting loop
22:31:35.230 [JavaFX Application Thread] DEBUG StartupState         - STARTUP
22:31:35.231 [JavaFX Application Thread] DEBUG GameApplication      - Starting new game
22:31:35.231 [JavaFX Application Thread] DEBUG Input                - Clearing active input actions
22:31:35.233 [JavaFX Application Thread] DEBUG AssetLoader          - Loading from disk: /assets/ui/css/fxgl_dark.css
22:31:35.245 [JavaFX Application Thread] DEBUG AppStateMachine      - StartupState -> LoadingState
22:31:35.270 [FXGL Background Thread 1 ] DEBUG InitAppTask          - Clearing previous game
22:31:35.271 [FXGL Background Thread 1 ] DEBUG GameWorld            - Clearing game world
22:31:35.271 [FXGL Background Thread 1 ] DEBUG PhysicsWorld         - Clearing physics world
22:31:35.271 [FXGL Background Thread 1 ] DEBUG GameScene            - Clearing game scene
22:31:35.273 [FXGL Background Thread 1 ] DEBUG InitAppTask          - Initializing Game
22:31:35.499 [FXGL Background Thread 1 ] DEBUG GameScene            - Creating render group for layer: DEFAULT(100000)
22:31:35.503 [FXGL Background Thread 1 ] DEBUG GameScene            - Creating render group for layer: BACKGROUND(1000)
22:31:35.509 [FXGL Background Thread 1 ] DEBUG InitAppTask          - Initializing Physics
22:31:35.511 [FXGL Background Thread 1 ] DEBUG InitAppTask          - Initializing UI
22:31:35.520 [FXGL Background Thread 1 ] DEBUG InitAppTask          - Initialization Complete
22:31:35.521 [FXGL Background Thread 1 ] INFO  InitAppTask          - Game initialization took: 0,251 sec
22:31:35.528 [JavaFX Application Thread] DEBUG Input                - Clearing active input actions
22:31:35.528 [JavaFX Application Thread] DEBUG AssetLoader          - Loading from disk: /assets/ui/css/fxgl_dark.css
22:31:35.555 [JavaFX Application Thread] DEBUG AppStateMachine      - LoadingState -> PlayState
22:31:38.310 [JavaFX Application Thread] DEBUG AssetLoader          - Loading from cache: /assets/sounds/boom8.wav
22:31:39.375 [JavaFX Application Thread] FATAL FXGL                 - Uncaught Exception:

Fatal exception occurred: java.lang.ClassCastException : javafx.beans.property.SimpleIntegerProperty cannot be cast to javafx.beans.property.StringProperty
E: com.almasb.fxgl.core.collection.PropertyMap.stringProperty(PropertyMap.kt:165)
E: com.almasb.fxgl.core.collection.PropertyMap.getString(PropertyMap.kt:155)
E: com.almasb.fxgl.gameplay.GameState.getString(GameState.kt:68)
E: View.GameApp.addBall(GameApp.java:193)
E: View.GameApp.access$100(GameApp.java:29)
E: View.GameApp$7.onHitBoxTrigger(GameApp.java:169)
E: com.almasb.fxgl.physics.PhysicsWorld.beginContact(PhysicsWorld.java:320)
E: com.almasb.fxgl.physics.box2d.dynamics.contacts.Contact.update(Contact.java:277)
E: com.almasb.fxgl.physics.box2d.dynamics.World.solveTOI(World.java:629)
E: com.almasb.fxgl.physics.box2d.dynamics.World.step(World.java:314)
E: com.almasb.fxgl.physics.PhysicsWorld.onUpdate(PhysicsWorld.java:235)
E: com.almasb.fxgl.app.PlayState.step(AppStates.kt:245)
E: com.almasb.fxgl.app.PlayState.onUpdate(AppStates.kt:240)
E: com.almasb.fxgl.app.State.update(State.java:73)
E: com.almasb.fxgl.app.AppStateMachine.onUpdate(AppStateMachine.java:100)
E: com.almasb.fxgl.app.FXGL.loop(FXGL.kt:356)
E: com.almasb.fxgl.app.FXGL.access$loop(FXGL.kt:54)
E: com.almasb.fxgl.app.FXGL$loop$1.accept(FXGL.kt:78)
E: com.almasb.fxgl.app.FXGL$loop$1.accept(FXGL.kt:54)
E: com.almasb.fxgl.app.LoopRunner.frame(LoopRunner.kt:88)
E: com.almasb.fxgl.app.LoopRunner.access$frame(LoopRunner.kt:19)
E: com.almasb.fxgl.app.LoopRunner$impl$2$1.handle(LoopRunner.kt:39)
E: javafx.animation.AnimationTimer$AnimationTimerReceiver.lambda$handle$485(AnimationTimer.java:57)
E: java.security.AccessController.doPrivileged(Native Method)
E: javafx.animation.AnimationTimer$AnimationTimerReceiver.handle(AnimationTimer.java:56)
E: com.sun.scenario.animation.AbstractMasterTimer.timePulseImpl(AbstractMasterTimer.java:357)
E: com.sun.scenario.animation.AbstractMasterTimer$MainLoop.run(AbstractMasterTimer.java:267)
E: com.sun.javafx.tk.quantum.QuantumToolkit.pulse(QuantumToolkit.java:514)
E: com.sun.javafx.tk.quantum.QuantumToolkit.pulse(QuantumToolkit.java:498)
E: com.sun.javafx.tk.quantum.QuantumToolkit.pulseFromQueue(QuantumToolkit.java:491)
E: com.sun.javafx.tk.quantum.QuantumToolkit.lambda$runToolkit$403(QuantumToolkit.java:319)
E: com.sun.glass.ui.InvokeLaterDispatcher$Future.run(InvokeLaterDispatcher.java:95)
E: com.sun.glass.ui.win.WinApplication._runLoop(Native Method)
E: com.sun.glass.ui.win.WinApplication.lambda$null$147(WinApplication.java:177)
E: java.lang.Thread.run(Thread.java:748)

22:31:39.376 [JavaFX Application Thread] FATAL FXGL                 - Application will now exit
22:31:39.376 [JavaFX Application Thread] DEBUG LoopRunner           - Stopping loop
22:31:45.315 [JavaFX Application Thread] DEBUG FXGL                 - Exiting FXGL
22:31:45.316 [JavaFX Application Thread] DEBUG FXGL                 - Shutting down background threads
22:31:45.318 [JavaFX Application Thread] DEBUG FXGL                 - Saving FXGL system data
22:31:45.329 [JavaFX Application Thread] DEBUG DesktopFSService     - Writing to: system\fxgl.bundle
22:31:45.346 [JavaFX Application Thread] DEBUG FXGL                 - Closing logger and exiting JavaFX
