19:23:17.167 [JavaFX Application Thread] DEBUG GameApplication      - Logger initialized
19:23:17.188 [JavaFX Application Thread] DEBUG GameApplication      - Logging settings
Title: BreakOut
Version: 0.1
Width: 600
Height: 600
Fullscreen: false
Intro: false
Menus: false
Profiling: false
Single step:false
App Mode: DEVELOPER
Menu Key: ESCAPE
Stage Style: DECORATED
Scene Factory: class com.almasb.fxgl.scene.SceneFactory
Dialog Factory: class com.almasb.fxgl.ui.FXGLDialogFactory
UI Factory: class com.almasb.fxgl.ui.FXGLUIFactory
Notification Service: class com.almasb.fxgl.gameplay.notification.XboxNotificationView
Exception Handler: class com.almasb.fxgl.app.FXGLExceptionHandler
19:23:17.188 [JavaFX Application Thread] DEBUG GameApplication      - Starting FXGL
19:23:17.200 [JavaFX Application Thread] INFO  FXGL                 - FXGL-0.5.4 on DESKTOP
19:23:17.201 [JavaFX Application Thread] INFO  FXGL                 - Source code and latest versions at: https://github.com/AlmasB/FXGL
19:23:17.201 [JavaFX Application Thread] INFO  FXGL                 -              Join the FXGL chat at: https://gitter.im/AlmasB/FXGL
19:23:17.201 [JavaFX Application Thread] DEBUG FXGL                 - FXGL started
19:23:17.202 [JavaFX Application Thread] DEBUG FXGL                 - Initializing FXGL
19:23:17.297 [JavaFX Application Thread] DEBUG AssetLoader          - Loading from disk: /assets/ui/cursors/fxgl_default.png
19:23:17.373 [JavaFX Application Thread] DEBUG AssetLoader          - Loading from disk: /assets/ui/fonts/VarelaRound-Regular.ttf
19:23:17.665 [JavaFX Application Thread] DEBUG MainWindow           - Creating a JavaFX scene
19:23:17.781 [JavaFX Application Thread] DEBUG MainWindow           - Target settings size: 600.0 x 600.0
19:23:17.782 [JavaFX Application Thread] DEBUG MainWindow           - Scaled scene size:    600.0 x 600.0
19:23:17.783 [JavaFX Application Thread] DEBUG MainWindow           - Scaled ratio: (1.0, 1.0)
19:23:17.788 [JavaFX Application Thread] DEBUG AssetLoader          - Loading from disk: /assets/ui/css/fxgl_dark.css
19:23:17.794 [JavaFX Application Thread] DEBUG AssetLoader          - Loading from disk: /assets/textures/fxgl_icon.png
19:23:17.877 [JavaFX Application Thread] DEBUG MainWindow           - Opening main window
19:23:18.350 [JavaFX Application Thread] DEBUG MainWindow           - Window border size: (6.0, 29.0)
19:23:18.351 [JavaFX Application Thread] DEBUG MainWindow           - Scaled size: 600.0 x 600.0
19:23:18.351 [JavaFX Application Thread] DEBUG MainWindow           - Scaled ratio: (1.0, 1.0)
19:23:18.351 [JavaFX Application Thread] DEBUG MainWindow           - Scene size: 600.0 x 600.0
19:23:18.352 [JavaFX Application Thread] DEBUG MainWindow           - Stage size: 606.0 x 629.0
19:23:18.469 [ForkJoinPool.commonPool-worker-1] DEBUG FS                   - Loaded DesktopFSService
19:23:18.470 [ForkJoinPool.commonPool-worker-1] DEBUG FXGL                 - Loading FXGL system data
19:23:18.481 [ForkJoinPool.commonPool-worker-1] DEBUG DesktopFSService     - Reading from: system\fxgl.bundle
19:23:18.498 [ForkJoinPool.commonPool-worker-1] DEBUG Bundle               - Logging bundle: FXGL
19:23:18.500 [ForkJoinPool.commonPool-worker-1] DEBUG Bundle               - FXGL.offline.timer.version.check=2018-12-14T14:58:08.605
19:23:18.501 [ForkJoinPool.commonPool-worker-1] DEBUG FXGL                 - Initializing state machine and application states
19:23:18.504 [ForkJoinPool.commonPool-worker-1] DEBUG AssetLoader          - Loading from disk: /assets/ui/cursors/fxgl_default.png
19:23:18.513 [ForkJoinPool.commonPool-worker-1] DEBUG AssetLoader          - Loading from disk: /assets/ui/cursors/fxgl_default.png
19:23:18.525 [ForkJoinPool.commonPool-worker-1] DEBUG AssetLoader          - Loading from cache: /assets/ui/fonts/VarelaRound-Regular.ttf
19:23:18.530 [ForkJoinPool.commonPool-worker-1] DEBUG AssetLoader          - Loading from disk: /assets/ui/cursors/fxgl_default.png
19:23:18.535 [ForkJoinPool.commonPool-worker-1] DEBUG GameScene            - Game scene initialized: 600x600
19:23:18.555 [ForkJoinPool.commonPool-worker-1] DEBUG GameWorld            - Game world initialized
19:23:18.680 [ForkJoinPool.commonPool-worker-1] DEBUG PhysicsWorld         - Physics world initialized: appHeight=600, physics.ppm=50,0
19:23:18.723 [ForkJoinPool.commonPool-worker-1] DEBUG Input                - Registered new binding: Pause - Esc
19:23:18.812 [JavaFX Application Thread] DEBUG FXGL                 - Running preInit()
19:23:18.815 [JavaFX Application Thread] DEBUG Input                - Registered new binding: Screenshot - P
19:23:18.816 [JavaFX Application Thread] DEBUG Input                - Registered new binding: Dev Options - CTRL+0
19:23:18.817 [JavaFX Application Thread] DEBUG Input                - Registered new binding: System info dump - CTRL+9
19:23:18.817 [JavaFX Application Thread] DEBUG Input                - Registered new binding: Restart - CTRL+R
19:23:18.818 [JavaFX Application Thread] DEBUG Input                - Registered new binding: Move Right - D
19:23:18.820 [JavaFX Application Thread] DEBUG Input                - Registered new binding: Move Left - A
19:23:18.821 [JavaFX Application Thread] DEBUG Input                - Registered new binding: Move Ball - Space
19:23:18.821 [JavaFX Application Thread] DEBUG Input                - Registered new binding: New Level - N
19:23:18.821 [JavaFX Application Thread] DEBUG Input                - Registered new binding: New Ball - M
19:23:18.825 [JavaFX Application Thread] DEBUG Input                - Registered new binding: Testing - LMB
19:23:18.826 [JavaFX Application Thread] INFO  FXGL                 - FXGL initialization took: 1,624 sec
19:23:18.826 [JavaFX Application Thread] DEBUG LoopRunner           - Starting loop
19:23:18.829 [JavaFX Application Thread] DEBUG StartupState         - STARTUP
19:23:18.829 [JavaFX Application Thread] DEBUG GameApplication      - Starting new game
19:23:18.830 [JavaFX Application Thread] DEBUG Input                - Clearing active input actions
19:23:18.832 [JavaFX Application Thread] DEBUG AssetLoader          - Loading from disk: /assets/ui/css/fxgl_dark.css
19:23:18.845 [JavaFX Application Thread] DEBUG AppStateMachine      - StartupState -> LoadingState
19:23:18.854 [FXGL Background Thread 1 ] DEBUG InitAppTask          - Clearing previous game
19:23:18.854 [FXGL Background Thread 1 ] DEBUG GameWorld            - Clearing game world
19:23:18.854 [FXGL Background Thread 1 ] DEBUG PhysicsWorld         - Clearing physics world
19:23:18.855 [FXGL Background Thread 1 ] DEBUG GameScene            - Clearing game scene
19:23:18.857 [FXGL Background Thread 1 ] DEBUG InitAppTask          - Initializing Game
19:23:19.135 [FXGL Background Thread 1 ] DEBUG GameScene            - Creating render group for layer: DEFAULT(100000)
19:23:19.140 [FXGL Background Thread 1 ] DEBUG GameScene            - Creating render group for layer: BACKGROUND(1000)
19:23:19.145 [FXGL Background Thread 1 ] DEBUG InitAppTask          - Initializing Physics
19:23:19.146 [FXGL Background Thread 1 ] DEBUG InitAppTask          - Initializing UI
19:23:19.155 [JavaFX Application Thread] FATAL FXGL                 - Uncaught Exception:

Fatal exception occurred: java.lang.IllegalArgumentException : Property Level Name does not exist
E: com.almasb.fxgl.core.collection.PropertyMap.get(PropertyMap.kt:208)
E: com.almasb.fxgl.core.collection.PropertyMap.stringProperty(PropertyMap.kt:165)
E: com.almasb.fxgl.core.collection.PropertyMap.getString(PropertyMap.kt:155)
E: com.almasb.fxgl.gameplay.GameState.getString(GameState.kt:68)
E: View.GameApp.initUI(GameApp.java:108)
E: com.almasb.fxgl.app.LoadingState$InitAppTask.initUI(AppStates.kt:178)
E: com.almasb.fxgl.app.LoadingState$InitAppTask.call(AppStates.kt:140)
E: com.almasb.fxgl.app.LoadingState$InitAppTask.call(AppStates.kt:127)
E: javafx.concurrent.Task$TaskCallable.call(Task.java:1423)
E: java.util.concurrent.FutureTask.run(FutureTask.java:266)
E: java.util.concurrent.Executors$RunnableAdapter.call(Executors.java:511)
E: java.util.concurrent.FutureTask.run(FutureTask.java:266)
E: java.util.concurrent.ThreadPoolExecutor.runWorker(ThreadPoolExecutor.java:1149)
E: java.util.concurrent.ThreadPoolExecutor$Worker.run(ThreadPoolExecutor.java:624)
E: java.lang.Thread.run(Thread.java:748)

19:23:19.156 [JavaFX Application Thread] FATAL FXGL                 - Application will now exit
19:23:19.156 [JavaFX Application Thread] DEBUG LoopRunner           - Stopping loop
19:23:30.936 [JavaFX Application Thread] DEBUG FXGL                 - Exiting FXGL
19:23:30.936 [JavaFX Application Thread] DEBUG FXGL                 - Shutting down background threads
19:23:30.939 [JavaFX Application Thread] DEBUG FXGL                 - Saving FXGL system data
19:23:30.955 [JavaFX Application Thread] DEBUG DesktopFSService     - Writing to: system\fxgl.bundle
19:23:30.978 [JavaFX Application Thread] DEBUG FXGL                 - Closing logger and exiting JavaFX
