22:54:16.947 [JavaFX Application Thread] DEBUG GameApplication      - Logger initialized
22:54:16.969 [JavaFX Application Thread] DEBUG GameApplication      - Logging settings
Title: BreakOut
Version: 0.1
Width: 600
Height: 600
Fullscreen: false
Intro: false
Menus: false
Profiling: false
Single step:false
App Mode: DEVELOPER
Menu Key: ESCAPE
Stage Style: DECORATED
Scene Factory: class com.almasb.fxgl.scene.SceneFactory
Dialog Factory: class com.almasb.fxgl.ui.FXGLDialogFactory
UI Factory: class com.almasb.fxgl.ui.FXGLUIFactory
Notification Service: class com.almasb.fxgl.gameplay.notification.XboxNotificationView
Exception Handler: class com.almasb.fxgl.app.FXGLExceptionHandler
22:54:16.969 [JavaFX Application Thread] DEBUG GameApplication      - Starting FXGL
22:54:16.986 [JavaFX Application Thread] INFO  FXGL                 - FXGL-0.5.4 on DESKTOP
22:54:16.987 [JavaFX Application Thread] INFO  FXGL                 - Source code and latest versions at: https://github.com/AlmasB/FXGL
22:54:16.987 [JavaFX Application Thread] INFO  FXGL                 -              Join the FXGL chat at: https://gitter.im/AlmasB/FXGL
22:54:16.988 [JavaFX Application Thread] DEBUG FXGL                 - FXGL started
22:54:16.988 [JavaFX Application Thread] DEBUG FXGL                 - Initializing FXGL
22:54:17.108 [JavaFX Application Thread] DEBUG AssetLoader          - Loading from disk: /assets/ui/cursors/fxgl_default.png
22:54:17.218 [JavaFX Application Thread] DEBUG AssetLoader          - Loading from disk: /assets/ui/fonts/VarelaRound-Regular.ttf
22:54:17.537 [JavaFX Application Thread] DEBUG MainWindow           - Creating a JavaFX scene
22:54:17.646 [JavaFX Application Thread] DEBUG MainWindow           - Target settings size: 600.0 x 600.0
22:54:17.647 [JavaFX Application Thread] DEBUG MainWindow           - Scaled scene size:    600.0 x 600.0
22:54:17.647 [JavaFX Application Thread] DEBUG MainWindow           - Scaled ratio: (1.0, 1.0)
22:54:17.651 [JavaFX Application Thread] DEBUG AssetLoader          - Loading from disk: /assets/ui/css/fxgl_dark.css
22:54:17.657 [JavaFX Application Thread] DEBUG AssetLoader          - Loading from disk: /assets/textures/fxgl_icon.png
22:54:17.693 [JavaFX Application Thread] DEBUG MainWindow           - Opening main window
22:54:18.222 [JavaFX Application Thread] DEBUG MainWindow           - Window border size: (6.0, 29.0)
22:54:18.222 [JavaFX Application Thread] DEBUG MainWindow           - Scaled size: 600.0 x 600.0
22:54:18.222 [JavaFX Application Thread] DEBUG MainWindow           - Scaled ratio: (1.0, 1.0)
22:54:18.223 [JavaFX Application Thread] DEBUG MainWindow           - Scene size: 600.0 x 600.0
22:54:18.223 [JavaFX Application Thread] DEBUG MainWindow           - Stage size: 606.0 x 629.0
22:54:18.322 [ForkJoinPool.commonPool-worker-1] DEBUG FS                   - Loaded DesktopFSService
22:54:18.323 [ForkJoinPool.commonPool-worker-1] DEBUG FXGL                 - Loading FXGL system data
22:54:18.338 [ForkJoinPool.commonPool-worker-1] DEBUG DesktopFSService     - Reading from: system\fxgl.bundle
22:54:18.359 [ForkJoinPool.commonPool-worker-1] DEBUG Bundle               - Logging bundle: FXGL
22:54:18.360 [ForkJoinPool.commonPool-worker-1] DEBUG Bundle               - FXGL.offline.timer.version.check=2018-12-14T14:58:08.605
22:54:18.361 [ForkJoinPool.commonPool-worker-1] DEBUG FXGL                 - Initializing state machine and application states
22:54:18.367 [ForkJoinPool.commonPool-worker-1] DEBUG AssetLoader          - Loading from disk: /assets/ui/cursors/fxgl_default.png
22:54:18.377 [ForkJoinPool.commonPool-worker-1] DEBUG AssetLoader          - Loading from disk: /assets/ui/cursors/fxgl_default.png
22:54:18.395 [ForkJoinPool.commonPool-worker-1] DEBUG AssetLoader          - Loading from cache: /assets/ui/fonts/VarelaRound-Regular.ttf
22:54:18.402 [ForkJoinPool.commonPool-worker-1] DEBUG AssetLoader          - Loading from disk: /assets/ui/cursors/fxgl_default.png
22:54:18.408 [ForkJoinPool.commonPool-worker-1] DEBUG GameScene            - Game scene initialized: 600x600
22:54:18.438 [ForkJoinPool.commonPool-worker-1] DEBUG GameWorld            - Game world initialized
22:54:18.566 [ForkJoinPool.commonPool-worker-1] DEBUG PhysicsWorld         - Physics world initialized: appHeight=600, physics.ppm=50,0
22:54:18.607 [ForkJoinPool.commonPool-worker-1] DEBUG Input                - Registered new binding: Pause - Esc
22:54:18.687 [JavaFX Application Thread] DEBUG FXGL                 - Running preInit()
22:54:18.690 [JavaFX Application Thread] DEBUG Input                - Registered new binding: Screenshot - P
22:54:18.691 [JavaFX Application Thread] DEBUG Input                - Registered new binding: Dev Options - CTRL+0
22:54:18.692 [JavaFX Application Thread] DEBUG Input                - Registered new binding: System info dump - CTRL+9
22:54:18.692 [JavaFX Application Thread] DEBUG Input                - Registered new binding: Restart - CTRL+R
22:54:18.693 [JavaFX Application Thread] DEBUG Input                - Registered new binding: Move Right - D
22:54:18.693 [JavaFX Application Thread] DEBUG Input                - Registered new binding: Move Left - A
22:54:18.694 [JavaFX Application Thread] DEBUG Input                - Registered new binding: Move Ball - Space
22:54:18.694 [JavaFX Application Thread] DEBUG Input                - Registered new binding: New Level - N
22:54:18.694 [JavaFX Application Thread] DEBUG Input                - Registered new binding: New Ball - M
22:54:18.696 [JavaFX Application Thread] DEBUG Input                - Registered new binding: Testing - LMB
22:54:18.697 [JavaFX Application Thread] INFO  FXGL                 - FXGL initialization took: 1,709 sec
22:54:18.698 [JavaFX Application Thread] DEBUG LoopRunner           - Starting loop
22:54:18.701 [JavaFX Application Thread] DEBUG StartupState         - STARTUP
22:54:18.701 [JavaFX Application Thread] DEBUG GameApplication      - Starting new game
22:54:18.702 [JavaFX Application Thread] DEBUG Input                - Clearing active input actions
22:54:18.704 [JavaFX Application Thread] DEBUG AssetLoader          - Loading from disk: /assets/ui/css/fxgl_dark.css
22:54:18.716 [JavaFX Application Thread] DEBUG AppStateMachine      - StartupState -> LoadingState
22:54:18.852 [FXGL Background Thread 1 ] DEBUG InitAppTask          - Clearing previous game
22:54:18.852 [FXGL Background Thread 1 ] DEBUG GameWorld            - Clearing game world
22:54:18.853 [FXGL Background Thread 1 ] DEBUG PhysicsWorld         - Clearing physics world
22:54:18.853 [FXGL Background Thread 1 ] DEBUG GameScene            - Clearing game scene
22:54:18.855 [FXGL Background Thread 1 ] DEBUG InitAppTask          - Initializing Game
22:54:19.178 [FXGL Background Thread 1 ] DEBUG GameScene            - Creating render group for layer: DEFAULT(100000)
22:54:19.197 [FXGL Background Thread 1 ] DEBUG GameScene            - Creating render group for layer: BACKGROUND(1000)
22:54:19.222 [FXGL Background Thread 1 ] DEBUG InitAppTask          - Initializing Physics
22:54:19.224 [FXGL Background Thread 1 ] DEBUG InitAppTask          - Initializing UI
22:54:19.233 [FXGL Background Thread 1 ] DEBUG InitAppTask          - Initialization Complete
22:54:19.233 [FXGL Background Thread 1 ] INFO  InitAppTask          - Game initialization took: 0,381 sec
22:54:19.237 [JavaFX Application Thread] DEBUG Input                - Clearing active input actions
22:54:19.237 [JavaFX Application Thread] DEBUG AssetLoader          - Loading from disk: /assets/ui/css/fxgl_dark.css
22:54:19.280 [JavaFX Application Thread] DEBUG AppStateMachine      - LoadingState -> PlayState
22:54:22.162 [JavaFX Application Thread] DEBUG AssetLoader          - Loading from cache: /assets/sounds/boom8.wav
22:54:24.326 [JavaFX Application Thread] DEBUG AssetLoader          - Loading from cache: /assets/sounds/boom8.wav
22:54:24.328 [JavaFX Application Thread] DEBUG AssetLoader          - Loading from cache: /assets/sounds/boom8.wav
22:54:27.638 [JavaFX Application Thread] DEBUG AssetLoader          - Loading from cache: /assets/sounds/boom8.wav
22:54:27.645 [JavaFX Application Thread] DEBUG AssetLoader          - Loading from cache: /assets/sounds/boom8.wav
22:54:31.174 [JavaFX Application Thread] DEBUG AssetLoader          - Loading from cache: /assets/sounds/boom8.wav
22:54:31.175 [JavaFX Application Thread] DEBUG AssetLoader          - Loading from cache: /assets/sounds/boom8.wav
22:54:34.566 [JavaFX Application Thread] DEBUG AssetLoader          - Loading from cache: /assets/sounds/boom8.wav
22:54:37.733 [JavaFX Application Thread] DEBUG AssetLoader          - Loading from cache: /assets/sounds/boom8.wav
22:54:38.972 [JavaFX Application Thread] DEBUG FXGL                 - Exiting FXGL
22:54:38.972 [JavaFX Application Thread] DEBUG FXGL                 - Shutting down background threads
22:54:38.973 [JavaFX Application Thread] DEBUG FXGL                 - Saving FXGL system data
22:54:38.979 [JavaFX Application Thread] DEBUG DesktopFSService     - Writing to: system\fxgl.bundle
22:54:38.988 [JavaFX Application Thread] DEBUG FXGL                 - Closing logger and exiting JavaFX
