11:47:29.362 [JavaFX Application Thread] DEBUG GameApplication      - Logger initialized
11:47:29.387 [JavaFX Application Thread] DEBUG GameApplication      - Logging settings
Title: BreakOut
Version: 0.1
Width: 600
Height: 600
Fullscreen: false
Intro: false
Menus: false
Profiling: false
Single step:false
App Mode: DEVELOPER
Menu Key: ESCAPE
Stage Style: DECORATED
Scene Factory: class com.almasb.fxgl.scene.SceneFactory
Dialog Factory: class com.almasb.fxgl.ui.FXGLDialogFactory
UI Factory: class com.almasb.fxgl.ui.FXGLUIFactory
Notification Service: class com.almasb.fxgl.gameplay.notification.XboxNotificationView
Exception Handler: class com.almasb.fxgl.app.FXGLExceptionHandler
11:47:29.387 [JavaFX Application Thread] DEBUG GameApplication      - Starting FXGL
11:47:29.406 [JavaFX Application Thread] INFO  FXGL                 - FXGL-0.5.4 on DESKTOP
11:47:29.407 [JavaFX Application Thread] INFO  FXGL                 - Source code and latest versions at: https://github.com/AlmasB/FXGL
11:47:29.407 [JavaFX Application Thread] INFO  FXGL                 -              Join the FXGL chat at: https://gitter.im/AlmasB/FXGL
11:47:29.408 [JavaFX Application Thread] DEBUG FXGL                 - FXGL started
11:47:29.408 [JavaFX Application Thread] DEBUG FXGL                 - Initializing FXGL
11:47:29.521 [JavaFX Application Thread] DEBUG AssetLoader          - Loading from disk: /assets/ui/cursors/fxgl_default.png
11:47:29.608 [JavaFX Application Thread] DEBUG AssetLoader          - Loading from disk: /assets/ui/fonts/VarelaRound-Regular.ttf
11:47:29.894 [JavaFX Application Thread] DEBUG MainWindow           - Creating a JavaFX scene
11:47:30.003 [JavaFX Application Thread] DEBUG MainWindow           - Target settings size: 600.0 x 600.0
11:47:30.003 [JavaFX Application Thread] DEBUG MainWindow           - Scaled scene size:    600.0 x 600.0
11:47:30.004 [JavaFX Application Thread] DEBUG MainWindow           - Scaled ratio: (1.0, 1.0)
11:47:30.009 [JavaFX Application Thread] DEBUG AssetLoader          - Loading from disk: /assets/ui/css/fxgl_dark.css
11:47:30.017 [JavaFX Application Thread] DEBUG AssetLoader          - Loading from disk: /assets/textures/fxgl_icon.png
11:47:30.079 [JavaFX Application Thread] DEBUG MainWindow           - Opening main window
11:47:30.547 [JavaFX Application Thread] DEBUG MainWindow           - Window border size: (6.0, 29.0)
11:47:30.547 [JavaFX Application Thread] DEBUG MainWindow           - Scaled size: 600.0 x 600.0
11:47:30.548 [JavaFX Application Thread] DEBUG MainWindow           - Scaled ratio: (1.0, 1.0)
11:47:30.548 [JavaFX Application Thread] DEBUG MainWindow           - Scene size: 600.0 x 600.0
11:47:30.548 [JavaFX Application Thread] DEBUG MainWindow           - Stage size: 606.0 x 629.0
11:47:30.677 [ForkJoinPool.commonPool-worker-1] DEBUG FS                   - Loaded DesktopFSService
11:47:30.679 [ForkJoinPool.commonPool-worker-1] DEBUG FXGL                 - Loading FXGL system data
11:47:30.689 [ForkJoinPool.commonPool-worker-1] DEBUG DesktopFSService     - Reading from: system\fxgl.bundle
11:47:30.705 [ForkJoinPool.commonPool-worker-1] DEBUG Bundle               - Logging bundle: FXGL
11:47:30.707 [ForkJoinPool.commonPool-worker-1] DEBUG Bundle               - FXGL.offline.timer.version.check=2018-12-14T14:58:08.605
11:47:30.708 [ForkJoinPool.commonPool-worker-1] DEBUG FXGL                 - Initializing state machine and application states
11:47:30.711 [ForkJoinPool.commonPool-worker-1] DEBUG AssetLoader          - Loading from disk: /assets/ui/cursors/fxgl_default.png
11:47:30.721 [ForkJoinPool.commonPool-worker-1] DEBUG AssetLoader          - Loading from disk: /assets/ui/cursors/fxgl_default.png
11:47:30.732 [ForkJoinPool.commonPool-worker-1] DEBUG AssetLoader          - Loading from cache: /assets/ui/fonts/VarelaRound-Regular.ttf
11:47:30.737 [ForkJoinPool.commonPool-worker-1] DEBUG AssetLoader          - Loading from disk: /assets/ui/cursors/fxgl_default.png
11:47:30.746 [ForkJoinPool.commonPool-worker-1] DEBUG GameScene            - Game scene initialized: 600x600
11:47:30.759 [ForkJoinPool.commonPool-worker-1] DEBUG GameWorld            - Game world initialized
11:47:30.876 [ForkJoinPool.commonPool-worker-1] DEBUG PhysicsWorld         - Physics world initialized: appHeight=600, physics.ppm=50,0
11:47:30.928 [ForkJoinPool.commonPool-worker-1] DEBUG Input                - Registered new binding: Pause - Esc
11:47:31.003 [JavaFX Application Thread] DEBUG FXGL                 - Running preInit()
11:47:31.006 [JavaFX Application Thread] DEBUG Input                - Registered new binding: Screenshot - P
11:47:31.007 [JavaFX Application Thread] DEBUG Input                - Registered new binding: Dev Options - CTRL+0
11:47:31.007 [JavaFX Application Thread] DEBUG Input                - Registered new binding: System info dump - CTRL+9
11:47:31.008 [JavaFX Application Thread] DEBUG Input                - Registered new binding: Restart - CTRL+R
11:47:31.009 [JavaFX Application Thread] DEBUG Input                - Registered new binding: Move Right - D
11:47:31.009 [JavaFX Application Thread] DEBUG Input                - Registered new binding: Move Left - A
11:47:31.009 [JavaFX Application Thread] DEBUG Input                - Registered new binding: Move Ball - Space
11:47:31.010 [JavaFX Application Thread] DEBUG Input                - Registered new binding: New Level - N
11:47:31.011 [JavaFX Application Thread] DEBUG Input                - Registered new binding: New Ball - M
11:47:31.015 [JavaFX Application Thread] INFO  FXGL                 - FXGL initialization took: 1,607 sec
11:47:31.015 [JavaFX Application Thread] DEBUG LoopRunner           - Starting loop
11:47:31.018 [JavaFX Application Thread] DEBUG StartupState         - STARTUP
11:47:31.019 [JavaFX Application Thread] DEBUG GameApplication      - Starting new game
11:47:31.019 [JavaFX Application Thread] DEBUG Input                - Clearing active input actions
11:47:31.021 [JavaFX Application Thread] DEBUG AssetLoader          - Loading from disk: /assets/ui/css/fxgl_dark.css
11:47:31.033 [JavaFX Application Thread] DEBUG AppStateMachine      - StartupState -> LoadingState
11:47:31.046 [FXGL Background Thread 1 ] DEBUG InitAppTask          - Clearing previous game
11:47:31.046 [FXGL Background Thread 1 ] DEBUG GameWorld            - Clearing game world
11:47:31.047 [FXGL Background Thread 1 ] DEBUG PhysicsWorld         - Clearing physics world
11:47:31.047 [FXGL Background Thread 1 ] DEBUG GameScene            - Clearing game scene
11:47:31.049 [FXGL Background Thread 1 ] DEBUG InitAppTask          - Initializing Game
11:47:31.290 [FXGL Background Thread 1 ] DEBUG GameScene            - Creating render group for layer: DEFAULT(100000)
11:47:31.294 [FXGL Background Thread 1 ] DEBUG GameScene            - Creating render group for layer: BACKGROUND(1000)
11:47:31.300 [FXGL Background Thread 1 ] DEBUG InitAppTask          - Initializing Physics
11:47:31.302 [FXGL Background Thread 1 ] DEBUG InitAppTask          - Initializing UI
11:47:31.311 [FXGL Background Thread 1 ] DEBUG InitAppTask          - Initialization Complete
11:47:31.312 [FXGL Background Thread 1 ] INFO  InitAppTask          - Game initialization took: 0,265 sec
11:47:31.319 [JavaFX Application Thread] DEBUG Input                - Clearing active input actions
11:47:31.319 [JavaFX Application Thread] DEBUG AssetLoader          - Loading from disk: /assets/ui/css/fxgl_dark.css
11:47:31.348 [JavaFX Application Thread] DEBUG AppStateMachine      - LoadingState -> PlayState
11:47:36.094 [JavaFX Application Thread] DEBUG FXGL                 - Exiting FXGL
11:47:36.095 [JavaFX Application Thread] DEBUG FXGL                 - Shutting down background threads
11:47:36.096 [JavaFX Application Thread] DEBUG FXGL                 - Saving FXGL system data
11:47:36.104 [JavaFX Application Thread] DEBUG DesktopFSService     - Writing to: system\fxgl.bundle
11:47:36.118 [JavaFX Application Thread] DEBUG FXGL                 - Closing logger and exiting JavaFX
