17:30:53.396 [JavaFX Application Thread] DEBUG GameApplication      - Logger initialized
17:30:53.419 [JavaFX Application Thread] DEBUG GameApplication      - Logging settings
Title: BreakOut
Version: 0.1
Width: 600
Height: 600
Fullscreen: false
Intro: false
Menus: false
Profiling: false
Single step:false
App Mode: DEVELOPER
Menu Key: ESCAPE
Stage Style: DECORATED
Scene Factory: class com.almasb.fxgl.scene.SceneFactory
Dialog Factory: class com.almasb.fxgl.ui.FXGLDialogFactory
UI Factory: class com.almasb.fxgl.ui.FXGLUIFactory
Notification Service: class com.almasb.fxgl.gameplay.notification.XboxNotificationView
Exception Handler: class com.almasb.fxgl.app.FXGLExceptionHandler
17:30:53.419 [JavaFX Application Thread] DEBUG GameApplication      - Starting FXGL
17:30:53.435 [JavaFX Application Thread] INFO  FXGL                 - FXGL-0.5.4 on DESKTOP
17:30:53.436 [JavaFX Application Thread] INFO  FXGL                 - Source code and latest versions at: https://github.com/AlmasB/FXGL
17:30:53.436 [JavaFX Application Thread] INFO  FXGL                 -              Join the FXGL chat at: https://gitter.im/AlmasB/FXGL
17:30:53.437 [JavaFX Application Thread] DEBUG FXGL                 - FXGL started
17:30:53.437 [JavaFX Application Thread] DEBUG FXGL                 - Initializing FXGL
17:30:53.539 [JavaFX Application Thread] DEBUG AssetLoader          - Loading from disk: /assets/ui/cursors/fxgl_default.png
17:30:53.623 [JavaFX Application Thread] DEBUG AssetLoader          - Loading from disk: /assets/ui/fonts/VarelaRound-Regular.ttf
17:30:53.873 [JavaFX Application Thread] DEBUG MainWindow           - Creating a JavaFX scene
17:30:53.952 [JavaFX Application Thread] DEBUG MainWindow           - Target settings size: 600.0 x 600.0
17:30:53.952 [JavaFX Application Thread] DEBUG MainWindow           - Scaled scene size:    600.0 x 600.0
17:30:53.952 [JavaFX Application Thread] DEBUG MainWindow           - Scaled ratio: (1.0, 1.0)
17:30:53.958 [JavaFX Application Thread] DEBUG AssetLoader          - Loading from disk: /assets/ui/css/fxgl_dark.css
17:30:53.967 [JavaFX Application Thread] DEBUG AssetLoader          - Loading from disk: /assets/textures/fxgl_icon.png
17:30:54.008 [JavaFX Application Thread] DEBUG MainWindow           - Opening main window
17:30:54.497 [JavaFX Application Thread] DEBUG MainWindow           - Window border size: (6.0, 29.0)
17:30:54.498 [JavaFX Application Thread] DEBUG MainWindow           - Scaled size: 600.0 x 600.0
17:30:54.498 [JavaFX Application Thread] DEBUG MainWindow           - Scaled ratio: (1.0, 1.0)
17:30:54.499 [JavaFX Application Thread] DEBUG MainWindow           - Scene size: 600.0 x 600.0
17:30:54.499 [JavaFX Application Thread] DEBUG MainWindow           - Stage size: 606.0 x 629.0
17:30:54.624 [ForkJoinPool.commonPool-worker-1] DEBUG FS                   - Loaded DesktopFSService
17:30:54.625 [ForkJoinPool.commonPool-worker-1] DEBUG FXGL                 - Loading FXGL system data
17:30:54.636 [ForkJoinPool.commonPool-worker-1] DEBUG DesktopFSService     - Reading from: system\fxgl.bundle
17:30:54.656 [ForkJoinPool.commonPool-worker-1] DEBUG Bundle               - Logging bundle: FXGL
17:30:54.659 [ForkJoinPool.commonPool-worker-1] DEBUG Bundle               - FXGL.offline.timer.version.check=2018-12-14T14:58:08.605
17:30:54.660 [ForkJoinPool.commonPool-worker-1] DEBUG FXGL                 - Initializing state machine and application states
17:30:54.663 [ForkJoinPool.commonPool-worker-1] DEBUG AssetLoader          - Loading from disk: /assets/ui/cursors/fxgl_default.png
17:30:54.673 [ForkJoinPool.commonPool-worker-1] DEBUG AssetLoader          - Loading from disk: /assets/ui/cursors/fxgl_default.png
17:30:54.684 [ForkJoinPool.commonPool-worker-1] DEBUG AssetLoader          - Loading from cache: /assets/ui/fonts/VarelaRound-Regular.ttf
17:30:54.689 [ForkJoinPool.commonPool-worker-1] DEBUG AssetLoader          - Loading from disk: /assets/ui/cursors/fxgl_default.png
17:30:54.720 [ForkJoinPool.commonPool-worker-1] DEBUG GameScene            - Game scene initialized: 600x600
17:30:54.741 [ForkJoinPool.commonPool-worker-1] DEBUG GameWorld            - Game world initialized
17:30:54.850 [ForkJoinPool.commonPool-worker-1] DEBUG PhysicsWorld         - Physics world initialized: appHeight=600, physics.ppm=50,0
17:30:54.897 [ForkJoinPool.commonPool-worker-1] DEBUG Input                - Registered new binding: Pause - Esc
17:30:54.987 [JavaFX Application Thread] DEBUG FXGL                 - Running preInit()
17:30:54.992 [JavaFX Application Thread] DEBUG Input                - Registered new binding: Screenshot - P
17:30:54.993 [JavaFX Application Thread] DEBUG Input                - Registered new binding: Dev Options - CTRL+0
17:30:54.994 [JavaFX Application Thread] DEBUG Input                - Registered new binding: System info dump - CTRL+9
17:30:54.995 [JavaFX Application Thread] DEBUG Input                - Registered new binding: Restart - CTRL+R
17:30:54.996 [JavaFX Application Thread] DEBUG Input                - Registered new binding: Move Right - D
17:30:54.997 [JavaFX Application Thread] DEBUG Input                - Registered new binding: Move Left - A
17:30:54.997 [JavaFX Application Thread] DEBUG Input                - Registered new binding: Move Ball - Space
17:30:54.998 [JavaFX Application Thread] DEBUG Input                - Registered new binding: New Level - N
17:30:54.998 [JavaFX Application Thread] DEBUG Input                - Registered new binding: New Ball - M
17:30:54.999 [JavaFX Application Thread] INFO  FXGL                 - FXGL initialization took: 1,562 sec
17:30:55.000 [JavaFX Application Thread] DEBUG LoopRunner           - Starting loop
17:30:55.002 [JavaFX Application Thread] DEBUG StartupState         - STARTUP
17:30:55.002 [JavaFX Application Thread] DEBUG GameApplication      - Starting new game
17:30:55.003 [JavaFX Application Thread] DEBUG Input                - Clearing active input actions
17:30:55.004 [JavaFX Application Thread] DEBUG AssetLoader          - Loading from disk: /assets/ui/css/fxgl_dark.css
17:30:55.018 [JavaFX Application Thread] DEBUG AppStateMachine      - StartupState -> LoadingState
17:30:55.031 [FXGL Background Thread 1 ] DEBUG InitAppTask          - Clearing previous game
17:30:55.031 [FXGL Background Thread 1 ] DEBUG GameWorld            - Clearing game world
17:30:55.032 [FXGL Background Thread 1 ] DEBUG PhysicsWorld         - Clearing physics world
17:30:55.032 [FXGL Background Thread 1 ] DEBUG GameScene            - Clearing game scene
17:30:55.034 [FXGL Background Thread 1 ] DEBUG InitAppTask          - Initializing Game
17:30:55.299 [FXGL Background Thread 1 ] DEBUG GameScene            - Creating render group for layer: DEFAULT(100000)
17:30:55.303 [FXGL Background Thread 1 ] DEBUG GameScene            - Creating render group for layer: BACKGROUND(1000)
17:30:55.310 [FXGL Background Thread 1 ] DEBUG InitAppTask          - Initializing Physics
17:30:55.311 [FXGL Background Thread 1 ] DEBUG InitAppTask          - Initializing UI
17:30:55.320 [FXGL Background Thread 1 ] DEBUG InitAppTask          - Initialization Complete
17:30:55.320 [FXGL Background Thread 1 ] INFO  InitAppTask          - Game initialization took: 0,289 sec
17:30:55.324 [JavaFX Application Thread] DEBUG Input                - Clearing active input actions
17:30:55.325 [JavaFX Application Thread] DEBUG AssetLoader          - Loading from disk: /assets/ui/css/fxgl_dark.css
17:30:55.347 [JavaFX Application Thread] DEBUG AppStateMachine      - LoadingState -> PlayState
17:30:59.244 [JavaFX Application Thread] DEBUG FXGL                 - Exiting FXGL
17:30:59.245 [JavaFX Application Thread] DEBUG FXGL                 - Shutting down background threads
17:30:59.246 [JavaFX Application Thread] DEBUG FXGL                 - Saving FXGL system data
17:30:59.254 [JavaFX Application Thread] DEBUG DesktopFSService     - Writing to: system\fxgl.bundle
17:30:59.266 [JavaFX Application Thread] DEBUG FXGL                 - Closing logger and exiting JavaFX
