22:29:21.921 [JavaFX Application Thread] DEBUG GameApplication      - Logger initialized
22:29:21.938 [JavaFX Application Thread] DEBUG GameApplication      - Logging settings
Title: BreakOut
Version: 0.1
Width: 600
Height: 600
Fullscreen: false
Intro: false
Menus: false
Profiling: false
Single step:false
App Mode: DEVELOPER
Menu Key: ESCAPE
Stage Style: DECORATED
Scene Factory: class com.almasb.fxgl.scene.SceneFactory
Dialog Factory: class com.almasb.fxgl.ui.FXGLDialogFactory
UI Factory: class com.almasb.fxgl.ui.FXGLUIFactory
Notification Service: class com.almasb.fxgl.gameplay.notification.XboxNotificationView
Exception Handler: class com.almasb.fxgl.app.FXGLExceptionHandler
22:29:21.939 [JavaFX Application Thread] DEBUG GameApplication      - Starting FXGL
22:29:21.984 [JavaFX Application Thread] INFO  FXGL                 - FXGL-0.5.4 on DESKTOP
22:29:21.985 [JavaFX Application Thread] INFO  FXGL                 - Source code and latest versions at: https://github.com/AlmasB/FXGL
22:29:21.986 [JavaFX Application Thread] INFO  FXGL                 -              Join the FXGL chat at: https://gitter.im/AlmasB/FXGL
22:29:21.987 [JavaFX Application Thread] DEBUG FXGL                 - FXGL started
22:29:21.988 [JavaFX Application Thread] DEBUG FXGL                 - Initializing FXGL
22:29:22.100 [JavaFX Application Thread] DEBUG AssetLoader          - Loading from disk: /assets/ui/cursors/fxgl_default.png
22:29:22.170 [JavaFX Application Thread] DEBUG AssetLoader          - Loading from disk: /assets/ui/fonts/VarelaRound-Regular.ttf
22:29:22.480 [JavaFX Application Thread] DEBUG MainWindow           - Creating a JavaFX scene
22:29:22.623 [JavaFX Application Thread] DEBUG MainWindow           - Target settings size: 600.0 x 600.0
22:29:22.623 [JavaFX Application Thread] DEBUG MainWindow           - Scaled scene size:    600.0 x 600.0
22:29:22.623 [JavaFX Application Thread] DEBUG MainWindow           - Scaled ratio: (1.0, 1.0)
22:29:22.627 [JavaFX Application Thread] DEBUG AssetLoader          - Loading from disk: /assets/ui/css/fxgl_dark.css
22:29:22.633 [JavaFX Application Thread] DEBUG AssetLoader          - Loading from disk: /assets/textures/fxgl_icon.png
22:29:22.696 [JavaFX Application Thread] DEBUG MainWindow           - Opening main window
22:29:23.159 [JavaFX Application Thread] DEBUG MainWindow           - Window border size: (6.0, 29.0)
22:29:23.160 [JavaFX Application Thread] DEBUG MainWindow           - Scaled size: 600.0 x 600.0
22:29:23.160 [JavaFX Application Thread] DEBUG MainWindow           - Scaled ratio: (1.0, 1.0)
22:29:23.160 [JavaFX Application Thread] DEBUG MainWindow           - Scene size: 600.0 x 600.0
22:29:23.161 [JavaFX Application Thread] DEBUG MainWindow           - Stage size: 606.0 x 629.0
22:29:23.319 [ForkJoinPool.commonPool-worker-1] DEBUG FS                   - Loaded DesktopFSService
22:29:23.320 [ForkJoinPool.commonPool-worker-1] DEBUG FXGL                 - Loading FXGL system data
22:29:23.331 [ForkJoinPool.commonPool-worker-1] DEBUG DesktopFSService     - Reading from: system\fxgl.bundle
22:29:23.349 [ForkJoinPool.commonPool-worker-1] DEBUG Bundle               - Logging bundle: FXGL
22:29:23.351 [ForkJoinPool.commonPool-worker-1] DEBUG Bundle               - FXGL.offline.timer.version.check=2018-12-14T14:58:08.605
22:29:23.352 [ForkJoinPool.commonPool-worker-1] DEBUG FXGL                 - Initializing state machine and application states
22:29:23.356 [ForkJoinPool.commonPool-worker-1] DEBUG AssetLoader          - Loading from disk: /assets/ui/cursors/fxgl_default.png
22:29:23.365 [ForkJoinPool.commonPool-worker-1] DEBUG AssetLoader          - Loading from disk: /assets/ui/cursors/fxgl_default.png
22:29:23.378 [ForkJoinPool.commonPool-worker-1] DEBUG AssetLoader          - Loading from cache: /assets/ui/fonts/VarelaRound-Regular.ttf
22:29:23.382 [ForkJoinPool.commonPool-worker-1] DEBUG AssetLoader          - Loading from disk: /assets/ui/cursors/fxgl_default.png
22:29:23.394 [ForkJoinPool.commonPool-worker-1] DEBUG GameScene            - Game scene initialized: 600x600
22:29:23.409 [ForkJoinPool.commonPool-worker-1] DEBUG GameWorld            - Game world initialized
22:29:23.514 [ForkJoinPool.commonPool-worker-1] DEBUG PhysicsWorld         - Physics world initialized: appHeight=600, physics.ppm=50,0
22:29:23.563 [ForkJoinPool.commonPool-worker-1] DEBUG Input                - Registered new binding: Pause - Esc
22:29:23.642 [JavaFX Application Thread] DEBUG FXGL                 - Running preInit()
22:29:23.645 [JavaFX Application Thread] DEBUG Input                - Registered new binding: Screenshot - P
22:29:23.645 [JavaFX Application Thread] DEBUG Input                - Registered new binding: Dev Options - CTRL+0
22:29:23.646 [JavaFX Application Thread] DEBUG Input                - Registered new binding: System info dump - CTRL+9
22:29:23.647 [JavaFX Application Thread] DEBUG Input                - Registered new binding: Restart - CTRL+R
22:29:23.647 [JavaFX Application Thread] DEBUG Input                - Registered new binding: Move Right - D
22:29:23.648 [JavaFX Application Thread] DEBUG Input                - Registered new binding: Move Left - A
22:29:23.648 [JavaFX Application Thread] DEBUG Input                - Registered new binding: Move Ball - Space
22:29:23.648 [JavaFX Application Thread] DEBUG Input                - Registered new binding: New Level - N
22:29:23.649 [JavaFX Application Thread] DEBUG Input                - Registered new binding: New Ball - M
22:29:23.651 [JavaFX Application Thread] DEBUG Input                - Registered new binding: Testing - LMB
22:29:23.652 [JavaFX Application Thread] INFO  FXGL                 - FXGL initialization took: 1,664 sec
22:29:23.652 [JavaFX Application Thread] DEBUG LoopRunner           - Starting loop
22:29:23.656 [JavaFX Application Thread] DEBUG StartupState         - STARTUP
22:29:23.657 [JavaFX Application Thread] DEBUG GameApplication      - Starting new game
22:29:23.657 [JavaFX Application Thread] DEBUG Input                - Clearing active input actions
22:29:23.659 [JavaFX Application Thread] DEBUG AssetLoader          - Loading from disk: /assets/ui/css/fxgl_dark.css
22:29:23.670 [JavaFX Application Thread] DEBUG AppStateMachine      - StartupState -> LoadingState
22:29:23.677 [FXGL Background Thread 1 ] DEBUG InitAppTask          - Clearing previous game
22:29:23.678 [FXGL Background Thread 1 ] DEBUG GameWorld            - Clearing game world
22:29:23.678 [FXGL Background Thread 1 ] DEBUG PhysicsWorld         - Clearing physics world
22:29:23.678 [FXGL Background Thread 1 ] DEBUG GameScene            - Clearing game scene
22:29:23.680 [FXGL Background Thread 1 ] DEBUG InitAppTask          - Initializing Game
22:29:23.874 [FXGL Background Thread 1 ] DEBUG GameScene            - Creating render group for layer: DEFAULT(100000)
22:29:23.877 [FXGL Background Thread 1 ] DEBUG GameScene            - Creating render group for layer: BACKGROUND(1000)
22:29:23.881 [FXGL Background Thread 1 ] DEBUG InitAppTask          - Initializing Physics
22:29:23.882 [FXGL Background Thread 1 ] DEBUG InitAppTask          - Initializing UI
22:29:23.889 [FXGL Background Thread 1 ] DEBUG InitAppTask          - Initialization Complete
22:29:23.889 [FXGL Background Thread 1 ] INFO  InitAppTask          - Game initialization took: 0,211 sec
22:29:23.895 [JavaFX Application Thread] DEBUG Input                - Clearing active input actions
22:29:23.895 [JavaFX Application Thread] DEBUG AssetLoader          - Loading from disk: /assets/ui/css/fxgl_dark.css
22:29:24.028 [JavaFX Application Thread] DEBUG AppStateMachine      - LoadingState -> PlayState
22:29:27.514 [JavaFX Application Thread] DEBUG AssetLoader          - Loading from cache: /assets/sounds/boom8.wav
22:29:29.897 [JavaFX Application Thread] DEBUG AssetLoader          - Loading from cache: /assets/sounds/boom8.wav
22:29:29.897 [JavaFX Application Thread] DEBUG AssetLoader          - Loading from cache: /assets/sounds/boom8.wav
22:29:33.496 [JavaFX Application Thread] DEBUG AssetLoader          - Loading from cache: /assets/sounds/boom8.wav
22:29:37.511 [JavaFX Application Thread] DEBUG AssetLoader          - Loading from cache: /assets/sounds/boom8.wav
22:29:41.575 [JavaFX Application Thread] DEBUG AssetLoader          - Loading from cache: /assets/sounds/boom8.wav
22:29:41.576 [JavaFX Application Thread] DEBUG AssetLoader          - Loading from cache: /assets/sounds/boom8.wav
22:29:45.447 [JavaFX Application Thread] DEBUG AssetLoader          - Loading from cache: /assets/sounds/boom8.wav
22:29:49.591 [JavaFX Application Thread] DEBUG AssetLoader          - Loading from cache: /assets/sounds/boom8.wav
22:29:53.560 [JavaFX Application Thread] DEBUG AssetLoader          - Loading from cache: /assets/sounds/boom8.wav
22:29:57.800 [JavaFX Application Thread] DEBUG AssetLoader          - Loading from cache: /assets/sounds/boom8.wav
22:30:00.887 [JavaFX Application Thread] DEBUG AssetLoader          - Loading from cache: /assets/sounds/boom8.wav
22:30:04.008 [JavaFX Application Thread] DEBUG AssetLoader          - Loading from cache: /assets/sounds/boom8.wav
22:30:07.511 [JavaFX Application Thread] DEBUG AssetLoader          - Loading from cache: /assets/sounds/boom8.wav
22:30:07.544 [JavaFX Application Thread] DEBUG AssetLoader          - Loading from cache: /assets/sounds/boom8.wav
22:30:07.879 [JavaFX Application Thread] DEBUG AssetLoader          - Loading from cache: /assets/sounds/boom8.wav
22:30:08.087 [JavaFX Application Thread] DEBUG AssetLoader          - Loading from cache: /assets/sounds/boom8.wav
22:30:08.088 [JavaFX Application Thread] DEBUG AssetLoader          - Loading from cache: /assets/sounds/boom8.wav
22:30:08.280 [JavaFX Application Thread] DEBUG AssetLoader          - Loading from cache: /assets/sounds/boom8.wav
22:30:11.447 [JavaFX Application Thread] DEBUG AssetLoader          - Loading from cache: /assets/sounds/boom8.wav
22:30:14.935 [JavaFX Application Thread] DEBUG AssetLoader          - Loading from cache: /assets/sounds/boom8.wav
22:30:19.687 [JavaFX Application Thread] DEBUG AssetLoader          - Loading from cache: /assets/sounds/boom8.wav
22:30:23.335 [JavaFX Application Thread] DEBUG AssetLoader          - Loading from cache: /assets/sounds/boom8.wav
22:30:23.831 [JavaFX Application Thread] DEBUG AssetLoader          - Loading from cache: /assets/sounds/boom8.wav
22:30:28.215 [JavaFX Application Thread] DEBUG AssetLoader          - Loading from cache: /assets/sounds/boom8.wav
22:30:28.471 [JavaFX Application Thread] DEBUG AssetLoader          - Loading from cache: /assets/sounds/boom8.wav
22:30:28.647 [JavaFX Application Thread] DEBUG AssetLoader          - Loading from cache: /assets/sounds/boom8.wav
22:30:28.840 [JavaFX Application Thread] DEBUG AssetLoader          - Loading from cache: /assets/sounds/boom8.wav
22:30:28.840 [JavaFX Application Thread] DEBUG AssetLoader          - Loading from cache: /assets/sounds/boom8.wav
22:30:29.047 [JavaFX Application Thread] DEBUG AssetLoader          - Loading from cache: /assets/sounds/boom8.wav
22:30:32.551 [JavaFX Application Thread] DEBUG AssetLoader          - Loading from cache: /assets/sounds/boom8.wav
22:30:35.735 [JavaFX Application Thread] DEBUG AssetLoader          - Loading from cache: /assets/sounds/boom8.wav
22:30:35.737 [JavaFX Application Thread] DEBUG AssetLoader          - Loading from cache: /assets/sounds/boom8.wav
22:30:39.337 [JavaFX Application Thread] DEBUG FXGL                 - Exiting FXGL
22:30:39.338 [JavaFX Application Thread] DEBUG FXGL                 - Shutting down background threads
22:30:39.339 [JavaFX Application Thread] DEBUG FXGL                 - Saving FXGL system data
22:30:39.350 [JavaFX Application Thread] DEBUG DesktopFSService     - Writing to: system\fxgl.bundle
22:30:39.362 [JavaFX Application Thread] DEBUG FXGL                 - Closing logger and exiting JavaFX
