10:39:34.257 [JavaFX Application Thread] DEBUG GameApplication      - Logger initialized
10:39:34.277 [JavaFX Application Thread] DEBUG GameApplication      - Logging settings
Title: BreakOut
Version: 0.1
Width: 600
Height: 600
Fullscreen: false
Intro: false
Menus: false
Profiling: false
Single step:false
App Mode: DEVELOPER
Menu Key: ESCAPE
Stage Style: DECORATED
Scene Factory: class com.almasb.fxgl.scene.SceneFactory
Dialog Factory: class com.almasb.fxgl.ui.FXGLDialogFactory
UI Factory: class com.almasb.fxgl.ui.FXGLUIFactory
Notification Service: class com.almasb.fxgl.gameplay.notification.XboxNotificationView
Exception Handler: class com.almasb.fxgl.app.FXGLExceptionHandler
10:39:34.278 [JavaFX Application Thread] DEBUG GameApplication      - Starting FXGL
10:39:34.291 [JavaFX Application Thread] INFO  FXGL                 - FXGL-0.5.4 on DESKTOP
10:39:34.291 [JavaFX Application Thread] INFO  FXGL                 - Source code and latest versions at: https://github.com/AlmasB/FXGL
10:39:34.295 [JavaFX Application Thread] INFO  FXGL                 -              Join the FXGL chat at: https://gitter.im/AlmasB/FXGL
10:39:34.298 [JavaFX Application Thread] DEBUG FXGL                 - FXGL started
10:39:34.298 [JavaFX Application Thread] DEBUG FXGL                 - Initializing FXGL
10:39:34.368 [JavaFX Application Thread] DEBUG AssetLoader          - Loading from disk: /assets/ui/cursors/fxgl_default.png
10:39:34.433 [JavaFX Application Thread] DEBUG AssetLoader          - Loading from disk: /assets/ui/fonts/VarelaRound-Regular.ttf
10:39:34.681 [JavaFX Application Thread] DEBUG MainWindow           - Creating a JavaFX scene
10:39:34.794 [JavaFX Application Thread] DEBUG MainWindow           - Target settings size: 600.0 x 600.0
10:39:34.794 [JavaFX Application Thread] DEBUG MainWindow           - Scaled scene size:    600.0 x 600.0
10:39:34.795 [JavaFX Application Thread] DEBUG MainWindow           - Scaled ratio: (1.0, 1.0)
10:39:34.801 [JavaFX Application Thread] DEBUG AssetLoader          - Loading from disk: /assets/ui/css/fxgl_dark.css
10:39:34.808 [JavaFX Application Thread] DEBUG AssetLoader          - Loading from disk: /assets/textures/fxgl_icon.png
10:39:34.843 [JavaFX Application Thread] DEBUG MainWindow           - Opening main window
10:39:35.254 [JavaFX Application Thread] DEBUG MainWindow           - Window border size: (6.0, 29.0)
10:39:35.254 [JavaFX Application Thread] DEBUG MainWindow           - Scaled size: 600.0 x 600.0
10:39:35.255 [JavaFX Application Thread] DEBUG MainWindow           - Scaled ratio: (1.0, 1.0)
10:39:35.255 [JavaFX Application Thread] DEBUG MainWindow           - Scene size: 600.0 x 600.0
10:39:35.255 [JavaFX Application Thread] DEBUG MainWindow           - Stage size: 606.0 x 629.0
10:39:35.388 [ForkJoinPool.commonPool-worker-1] DEBUG FS                   - Loaded DesktopFSService
10:39:35.389 [ForkJoinPool.commonPool-worker-1] DEBUG FXGL                 - Loading FXGL system data
10:39:35.399 [ForkJoinPool.commonPool-worker-1] DEBUG DesktopFSService     - Reading from: system\fxgl.bundle
10:39:35.416 [ForkJoinPool.commonPool-worker-1] DEBUG Bundle               - Logging bundle: FXGL
10:39:35.417 [ForkJoinPool.commonPool-worker-1] DEBUG Bundle               - FXGL.offline.timer.version.check=2018-12-21T23:35:16.236
10:39:35.418 [ForkJoinPool.commonPool-worker-1] DEBUG FXGL                 - Initializing state machine and application states
10:39:35.423 [ForkJoinPool.commonPool-worker-1] DEBUG AssetLoader          - Loading from disk: /assets/ui/cursors/fxgl_default.png
10:39:35.431 [ForkJoinPool.commonPool-worker-1] DEBUG AssetLoader          - Loading from disk: /assets/ui/cursors/fxgl_default.png
10:39:35.442 [ForkJoinPool.commonPool-worker-1] DEBUG AssetLoader          - Loading from cache: /assets/ui/fonts/VarelaRound-Regular.ttf
10:39:35.446 [ForkJoinPool.commonPool-worker-1] DEBUG AssetLoader          - Loading from disk: /assets/ui/cursors/fxgl_default.png
10:39:35.451 [ForkJoinPool.commonPool-worker-1] DEBUG GameScene            - Game scene initialized: 600x600
10:39:35.463 [ForkJoinPool.commonPool-worker-1] DEBUG GameWorld            - Game world initialized
10:39:35.627 [ForkJoinPool.commonPool-worker-1] DEBUG PhysicsWorld         - Physics world initialized: appHeight=600, physics.ppm=50,0
10:39:35.665 [ForkJoinPool.commonPool-worker-1] DEBUG Input                - Registered new binding: Pause - Esc
10:39:35.742 [JavaFX Application Thread] DEBUG FXGL                 - Running preInit()
10:39:35.745 [JavaFX Application Thread] DEBUG Input                - Registered new binding: Screenshot - P
10:39:35.746 [JavaFX Application Thread] DEBUG Input                - Registered new binding: Dev Options - CTRL+0
10:39:35.747 [JavaFX Application Thread] DEBUG Input                - Registered new binding: System info dump - CTRL+9
10:39:35.747 [JavaFX Application Thread] DEBUG Input                - Registered new binding: Restart - CTRL+R
10:39:35.748 [JavaFX Application Thread] DEBUG Input                - Registered new binding: Move Right - D
10:39:35.748 [JavaFX Application Thread] DEBUG Input                - Registered new binding: Move Left - A
10:39:35.748 [JavaFX Application Thread] DEBUG Input                - Registered new binding: Move Ball - Space
10:39:35.749 [JavaFX Application Thread] DEBUG Input                - Registered new binding: New Level - N
10:39:35.749 [JavaFX Application Thread] DEBUG Input                - Registered new binding: New Ball - M
10:39:35.750 [JavaFX Application Thread] INFO  FXGL                 - FXGL initialization took: 1,451 sec
10:39:35.750 [JavaFX Application Thread] DEBUG LoopRunner           - Starting loop
10:39:35.754 [JavaFX Application Thread] DEBUG StartupState         - STARTUP
10:39:35.754 [JavaFX Application Thread] DEBUG GameApplication      - Starting new game
10:39:35.755 [JavaFX Application Thread] DEBUG Input                - Clearing active input actions
10:39:35.756 [JavaFX Application Thread] DEBUG AssetLoader          - Loading from disk: /assets/ui/css/fxgl_dark.css
10:39:35.768 [JavaFX Application Thread] DEBUG AppStateMachine      - StartupState -> LoadingState
10:39:35.791 [FXGL Background Thread 1 ] DEBUG InitAppTask          - Clearing previous game
10:39:35.792 [FXGL Background Thread 1 ] DEBUG GameWorld            - Clearing game world
10:39:35.792 [FXGL Background Thread 1 ] DEBUG PhysicsWorld         - Clearing physics world
10:39:35.792 [FXGL Background Thread 1 ] DEBUG GameScene            - Clearing game scene
10:39:35.794 [FXGL Background Thread 1 ] DEBUG InitAppTask          - Initializing Game
10:39:35.940 [FXGL Background Thread 1 ] DEBUG GameScene            - Creating render group for layer: DEFAULT(100000)
10:39:35.943 [FXGL Background Thread 1 ] DEBUG GameScene            - Creating render group for layer: BACKGROUND(1000)
10:39:35.947 [FXGL Background Thread 1 ] DEBUG InitAppTask          - Initializing Physics
10:39:35.948 [FXGL Background Thread 1 ] DEBUG InitAppTask          - Initializing UI
10:39:35.956 [FXGL Background Thread 1 ] DEBUG InitAppTask          - Initialization Complete
10:39:35.957 [FXGL Background Thread 1 ] INFO  InitAppTask          - Game initialization took: 0,165 sec
10:39:35.961 [JavaFX Application Thread] DEBUG Input                - Clearing active input actions
10:39:35.961 [JavaFX Application Thread] DEBUG AssetLoader          - Loading from disk: /assets/ui/css/fxgl_dark.css
10:39:36.049 [JavaFX Application Thread] DEBUG AppStateMachine      - LoadingState -> PlayState
10:39:38.805 [JavaFX Application Thread] DEBUG AssetLoader          - Loading from cache: /assets/sounds/boom8.wav
10:39:39.492 [JavaFX Application Thread] DEBUG AssetLoader          - Loading from cache: /assets/sounds/boom8.wav
10:39:40.206 [JavaFX Application Thread] DEBUG AssetLoader          - Loading from cache: /assets/sounds/boom8.wav
10:39:40.731 [JavaFX Application Thread] DEBUG AssetLoader          - Loading from cache: /assets/sounds/boom8.wav
10:39:41.271 [JavaFX Application Thread] DEBUG AssetLoader          - Loading from cache: /assets/sounds/boom8.wav
10:39:41.900 [JavaFX Application Thread] DEBUG AssetLoader          - Loading from cache: /assets/sounds/boom8.wav
10:39:42.613 [JavaFX Application Thread] DEBUG AssetLoader          - Loading from cache: /assets/sounds/boom8.wav
10:39:43.228 [JavaFX Application Thread] DEBUG AssetLoader          - Loading from cache: /assets/sounds/boom8.wav
10:39:43.775 [JavaFX Application Thread] DEBUG AssetLoader          - Loading from cache: /assets/sounds/boom8.wav
10:39:44.165 [JavaFX Application Thread] DEBUG AssetLoader          - Loading from cache: /assets/sounds/boom8.wav
10:39:44.711 [JavaFX Application Thread] DEBUG AssetLoader          - Loading from cache: /assets/sounds/boom8.wav
10:39:45.312 [JavaFX Application Thread] DEBUG AssetLoader          - Loading from cache: /assets/sounds/boom8.wav
10:39:46.040 [JavaFX Application Thread] DEBUG AssetLoader          - Loading from cache: /assets/sounds/boom8.wav
10:39:46.653 [JavaFX Application Thread] DEBUG AssetLoader          - Loading from cache: /assets/sounds/boom8.wav
10:39:47.268 [JavaFX Application Thread] DEBUG AssetLoader          - Loading from cache: /assets/sounds/boom8.wav
10:39:48.630 [JavaFX Application Thread] DEBUG AssetLoader          - Loading from cache: /assets/sounds/pumpkin_break_01.wav
10:39:48.812 [JavaFX Application Thread] DEBUG AssetLoader          - Loading from cache: /assets/sounds/pumpkin_break_01.wav
10:39:48.813 [JavaFX Application Thread] DEBUG AssetLoader          - Loading from cache: /assets/sounds/boom8.wav
10:39:49.427 [JavaFX Application Thread] DEBUG AssetLoader          - Loading from cache: /assets/sounds/pumpkin_break_01.wav
10:39:49.607 [JavaFX Application Thread] DEBUG AssetLoader          - Loading from cache: /assets/sounds/pumpkin_break_01.wav
10:39:49.802 [JavaFX Application Thread] DEBUG AssetLoader          - Loading from cache: /assets/sounds/pumpkin_break_01.wav
10:39:49.803 [JavaFX Application Thread] DEBUG AssetLoader          - Loading from cache: /assets/sounds/boom8.wav
10:39:51.894 [JavaFX Application Thread] DEBUG AssetLoader          - Loading from cache: /assets/sounds/pumpkin_break_01.wav
10:39:52.087 [JavaFX Application Thread] DEBUG AssetLoader          - Loading from cache: /assets/sounds/pumpkin_break_01.wav
10:39:52.280 [JavaFX Application Thread] DEBUG AssetLoader          - Loading from cache: /assets/sounds/pumpkin_break_01.wav
10:39:52.281 [JavaFX Application Thread] DEBUG AssetLoader          - Loading from cache: /assets/sounds/boom8.wav
10:39:53.220 [JavaFX Application Thread] DEBUG AssetLoader          - Loading from cache: /assets/sounds/pumpkin_break_01.wav
10:39:53.407 [JavaFX Application Thread] DEBUG AssetLoader          - Loading from cache: /assets/sounds/pumpkin_break_01.wav
10:39:53.708 [JavaFX Application Thread] DEBUG AssetLoader          - Loading from cache: /assets/sounds/pumpkin_break_01.wav
10:39:53.708 [JavaFX Application Thread] DEBUG AssetLoader          - Loading from cache: /assets/sounds/boom8.wav
10:39:54.488 [JavaFX Application Thread] DEBUG AssetLoader          - Loading from cache: /assets/sounds/pumpkin_break_01.wav
10:39:54.705 [JavaFX Application Thread] DEBUG AssetLoader          - Loading from cache: /assets/sounds/pumpkin_break_01.wav
10:39:54.901 [JavaFX Application Thread] DEBUG AssetLoader          - Loading from cache: /assets/sounds/pumpkin_break_01.wav
10:39:54.901 [JavaFX Application Thread] DEBUG AssetLoader          - Loading from cache: /assets/sounds/boom8.wav
10:39:55.761 [JavaFX Application Thread] DEBUG AssetLoader          - Loading from cache: /assets/sounds/pumpkin_break_01.wav
10:39:55.942 [JavaFX Application Thread] DEBUG AssetLoader          - Loading from cache: /assets/sounds/pumpkin_break_01.wav
10:39:56.152 [JavaFX Application Thread] DEBUG AssetLoader          - Loading from cache: /assets/sounds/pumpkin_break_01.wav
10:39:56.152 [JavaFX Application Thread] DEBUG AssetLoader          - Loading from cache: /assets/sounds/boom8.wav
10:39:56.728 [JavaFX Application Thread] DEBUG AssetLoader          - Loading from cache: /assets/sounds/pumpkin_break_01.wav
10:39:56.900 [JavaFX Application Thread] DEBUG AssetLoader          - Loading from cache: /assets/sounds/pumpkin_break_01.wav
10:39:57.088 [JavaFX Application Thread] DEBUG AssetLoader          - Loading from cache: /assets/sounds/pumpkin_break_01.wav
10:39:57.089 [JavaFX Application Thread] DEBUG AssetLoader          - Loading from cache: /assets/sounds/boom8.wav
10:39:57.853 [JavaFX Application Thread] DEBUG AssetLoader          - Loading from cache: /assets/sounds/pumpkin_break_01.wav
10:39:58.033 [JavaFX Application Thread] DEBUG AssetLoader          - Loading from cache: /assets/sounds/pumpkin_break_01.wav
10:39:58.213 [JavaFX Application Thread] DEBUG AssetLoader          - Loading from cache: /assets/sounds/pumpkin_break_01.wav
10:39:58.213 [JavaFX Application Thread] DEBUG AssetLoader          - Loading from cache: /assets/sounds/boom8.wav
10:39:58.992 [JavaFX Application Thread] DEBUG AssetLoader          - Loading from cache: /assets/sounds/pumpkin_break_01.wav
10:39:59.180 [JavaFX Application Thread] DEBUG AssetLoader          - Loading from cache: /assets/sounds/pumpkin_break_01.wav
10:39:59.383 [JavaFX Application Thread] DEBUG AssetLoader          - Loading from cache: /assets/sounds/pumpkin_break_01.wav
10:39:59.384 [JavaFX Application Thread] DEBUG AssetLoader          - Loading from cache: /assets/sounds/boom8.wav
10:40:00.327 [JavaFX Application Thread] DEBUG AssetLoader          - Loading from cache: /assets/sounds/pumpkin_break_01.wav
10:40:00.507 [JavaFX Application Thread] DEBUG AssetLoader          - Loading from cache: /assets/sounds/pumpkin_break_01.wav
10:40:00.695 [JavaFX Application Thread] DEBUG AssetLoader          - Loading from cache: /assets/sounds/pumpkin_break_01.wav
10:40:00.696 [JavaFX Application Thread] DEBUG AssetLoader          - Loading from cache: /assets/sounds/boom8.wav
10:40:01.632 [JavaFX Application Thread] DEBUG AssetLoader          - Loading from cache: /assets/sounds/pumpkin_break_01.wav
10:40:01.803 [JavaFX Application Thread] DEBUG AssetLoader          - Loading from cache: /assets/sounds/pumpkin_break_01.wav
10:40:02.022 [JavaFX Application Thread] DEBUG AssetLoader          - Loading from cache: /assets/sounds/pumpkin_break_01.wav
10:40:02.022 [JavaFX Application Thread] DEBUG AssetLoader          - Loading from cache: /assets/sounds/boom8.wav
10:40:02.741 [JavaFX Application Thread] DEBUG AssetLoader          - Loading from cache: /assets/sounds/pumpkin_break_01.wav
10:40:02.928 [JavaFX Application Thread] DEBUG AssetLoader          - Loading from cache: /assets/sounds/pumpkin_break_01.wav
10:40:03.147 [JavaFX Application Thread] DEBUG AssetLoader          - Loading from cache: /assets/sounds/pumpkin_break_01.wav
10:40:03.148 [JavaFX Application Thread] DEBUG AssetLoader          - Loading from cache: /assets/sounds/boom8.wav
10:40:03.858 [JavaFX Application Thread] DEBUG AssetLoader          - Loading from cache: /assets/sounds/pumpkin_break_01.wav
10:40:04.039 [JavaFX Application Thread] DEBUG AssetLoader          - Loading from cache: /assets/sounds/pumpkin_break_01.wav
10:40:04.271 [JavaFX Application Thread] DEBUG AssetLoader          - Loading from cache: /assets/sounds/pumpkin_break_01.wav
10:40:04.271 [JavaFX Application Thread] DEBUG AssetLoader          - Loading from cache: /assets/sounds/boom8.wav
10:40:08.347 [JavaFX Application Thread] DEBUG AssetLoader          - Loading from cache: /assets/sounds/blacksmith_1.wav
10:40:08.866 [JavaFX Application Thread] DEBUG AssetLoader          - Loading from cache: /assets/sounds/blacksmith_1.wav
10:40:09.075 [JavaFX Application Thread] DEBUG AssetLoader          - Loading from cache: /assets/sounds/blacksmith_1.wav
10:40:09.481 [JavaFX Application Thread] DEBUG AssetLoader          - Loading from cache: /assets/sounds/blacksmith_1.wav
10:40:09.930 [JavaFX Application Thread] DEBUG AssetLoader          - Loading from cache: /assets/sounds/blacksmith_1.wav
10:40:10.395 [JavaFX Application Thread] DEBUG AssetLoader          - Loading from cache: /assets/sounds/blacksmith_1.wav
10:40:10.837 [JavaFX Application Thread] DEBUG AssetLoader          - Loading from cache: /assets/sounds/blacksmith_1.wav
10:40:11.273 [JavaFX Application Thread] DEBUG AssetLoader          - Loading from cache: /assets/sounds/blacksmith_1.wav
10:40:11.461 [JavaFX Application Thread] DEBUG AssetLoader          - Loading from cache: /assets/sounds/blacksmith_1.wav
10:40:11.461 [JavaFX Application Thread] DEBUG AssetLoader          - Loading from cache: /assets/sounds/boom8.wav
10:40:12.300 [JavaFX Application Thread] DEBUG AssetLoader          - Loading from cache: /assets/sounds/blacksmith_1.wav
10:40:12.502 [JavaFX Application Thread] DEBUG AssetLoader          - Loading from cache: /assets/sounds/blacksmith_1.wav
10:40:12.705 [JavaFX Application Thread] DEBUG AssetLoader          - Loading from cache: /assets/sounds/blacksmith_1.wav
10:40:12.921 [JavaFX Application Thread] DEBUG AssetLoader          - Loading from cache: /assets/sounds/blacksmith_1.wav
10:40:13.154 [JavaFX Application Thread] DEBUG AssetLoader          - Loading from cache: /assets/sounds/blacksmith_1.wav
10:40:14.249 [JavaFX Application Thread] DEBUG FXGL                 - Exiting FXGL
10:40:14.250 [JavaFX Application Thread] DEBUG FXGL                 - Shutting down background threads
10:40:14.250 [JavaFX Application Thread] DEBUG FXGL                 - Saving FXGL system data
10:40:14.259 [JavaFX Application Thread] DEBUG DesktopFSService     - Writing to: system\fxgl.bundle
10:40:14.276 [JavaFX Application Thread] DEBUG FXGL                 - Closing logger and exiting JavaFX
