22:21:50.572 [JavaFX Application Thread] DEBUG GameApplication      - Logger initialized
22:21:50.593 [JavaFX Application Thread] DEBUG GameApplication      - Logging settings
Title: BreakOut
Version: 0.1
Width: 600
Height: 600
Fullscreen: false
Intro: false
Menus: false
Profiling: false
Single step:false
App Mode: DEVELOPER
Menu Key: ESCAPE
Stage Style: DECORATED
Scene Factory: class com.almasb.fxgl.scene.SceneFactory
Dialog Factory: class com.almasb.fxgl.ui.FXGLDialogFactory
UI Factory: class com.almasb.fxgl.ui.FXGLUIFactory
Notification Service: class com.almasb.fxgl.gameplay.notification.XboxNotificationView
Exception Handler: class com.almasb.fxgl.app.FXGLExceptionHandler
22:21:50.594 [JavaFX Application Thread] DEBUG GameApplication      - Starting FXGL
22:21:50.608 [JavaFX Application Thread] INFO  FXGL                 - FXGL-0.5.4 on DESKTOP
22:21:50.609 [JavaFX Application Thread] INFO  FXGL                 - Source code and latest versions at: https://github.com/AlmasB/FXGL
22:21:50.609 [JavaFX Application Thread] INFO  FXGL                 -              Join the FXGL chat at: https://gitter.im/AlmasB/FXGL
22:21:50.610 [JavaFX Application Thread] DEBUG FXGL                 - FXGL started
22:21:50.610 [JavaFX Application Thread] DEBUG FXGL                 - Initializing FXGL
22:21:50.723 [JavaFX Application Thread] DEBUG AssetLoader          - Loading from disk: /assets/ui/cursors/fxgl_default.png
22:21:50.804 [JavaFX Application Thread] DEBUG AssetLoader          - Loading from disk: /assets/ui/fonts/VarelaRound-Regular.ttf
22:21:51.058 [JavaFX Application Thread] DEBUG MainWindow           - Creating a JavaFX scene
22:21:51.137 [JavaFX Application Thread] DEBUG MainWindow           - Target settings size: 600.0 x 600.0
22:21:51.138 [JavaFX Application Thread] DEBUG MainWindow           - Scaled scene size:    600.0 x 600.0
22:21:51.138 [JavaFX Application Thread] DEBUG MainWindow           - Scaled ratio: (1.0, 1.0)
22:21:51.143 [JavaFX Application Thread] DEBUG AssetLoader          - Loading from disk: /assets/ui/css/fxgl_dark.css
22:21:51.150 [JavaFX Application Thread] DEBUG AssetLoader          - Loading from disk: /assets/textures/fxgl_icon.png
22:21:51.183 [JavaFX Application Thread] DEBUG MainWindow           - Opening main window
22:21:51.675 [JavaFX Application Thread] DEBUG MainWindow           - Window border size: (6.0, 29.0)
22:21:51.675 [JavaFX Application Thread] DEBUG MainWindow           - Scaled size: 600.0 x 600.0
22:21:51.675 [JavaFX Application Thread] DEBUG MainWindow           - Scaled ratio: (1.0, 1.0)
22:21:51.675 [JavaFX Application Thread] DEBUG MainWindow           - Scene size: 600.0 x 600.0
22:21:51.675 [JavaFX Application Thread] DEBUG MainWindow           - Stage size: 606.0 x 629.0
22:21:51.826 [ForkJoinPool.commonPool-worker-1] DEBUG FS                   - Loaded DesktopFSService
22:21:51.827 [ForkJoinPool.commonPool-worker-1] DEBUG FXGL                 - Loading FXGL system data
22:21:51.838 [ForkJoinPool.commonPool-worker-1] DEBUG DesktopFSService     - Reading from: system\fxgl.bundle
22:21:51.855 [ForkJoinPool.commonPool-worker-1] DEBUG Bundle               - Logging bundle: FXGL
22:21:51.856 [ForkJoinPool.commonPool-worker-1] DEBUG Bundle               - FXGL.offline.timer.version.check=2018-12-14T14:58:08.605
22:21:51.858 [ForkJoinPool.commonPool-worker-1] DEBUG FXGL                 - Initializing state machine and application states
22:21:51.860 [ForkJoinPool.commonPool-worker-1] DEBUG AssetLoader          - Loading from disk: /assets/ui/cursors/fxgl_default.png
22:21:51.872 [ForkJoinPool.commonPool-worker-1] DEBUG AssetLoader          - Loading from disk: /assets/ui/cursors/fxgl_default.png
22:21:51.882 [ForkJoinPool.commonPool-worker-1] DEBUG AssetLoader          - Loading from cache: /assets/ui/fonts/VarelaRound-Regular.ttf
22:21:51.889 [ForkJoinPool.commonPool-worker-1] DEBUG AssetLoader          - Loading from disk: /assets/ui/cursors/fxgl_default.png
22:21:51.899 [ForkJoinPool.commonPool-worker-1] DEBUG GameScene            - Game scene initialized: 600x600
22:21:51.931 [ForkJoinPool.commonPool-worker-1] DEBUG GameWorld            - Game world initialized
22:21:52.037 [ForkJoinPool.commonPool-worker-1] DEBUG PhysicsWorld         - Physics world initialized: appHeight=600, physics.ppm=50,0
22:21:52.078 [ForkJoinPool.commonPool-worker-1] DEBUG Input                - Registered new binding: Pause - Esc
22:21:52.172 [JavaFX Application Thread] DEBUG FXGL                 - Running preInit()
22:21:52.175 [JavaFX Application Thread] DEBUG Input                - Registered new binding: Screenshot - P
22:21:52.177 [JavaFX Application Thread] DEBUG Input                - Registered new binding: Dev Options - CTRL+0
22:21:52.178 [JavaFX Application Thread] DEBUG Input                - Registered new binding: System info dump - CTRL+9
22:21:52.178 [JavaFX Application Thread] DEBUG Input                - Registered new binding: Restart - CTRL+R
22:21:52.179 [JavaFX Application Thread] DEBUG Input                - Registered new binding: Move Right - D
22:21:52.179 [JavaFX Application Thread] DEBUG Input                - Registered new binding: Move Left - A
22:21:52.179 [JavaFX Application Thread] DEBUG Input                - Registered new binding: Move Ball - Space
22:21:52.180 [JavaFX Application Thread] DEBUG Input                - Registered new binding: New Level - N
22:21:52.180 [JavaFX Application Thread] DEBUG Input                - Registered new binding: New Ball - M
22:21:52.183 [JavaFX Application Thread] DEBUG Input                - Registered new binding: Testing - LMB
22:21:52.188 [JavaFX Application Thread] INFO  FXGL                 - FXGL initialization took: 1,577 sec
22:21:52.190 [JavaFX Application Thread] DEBUG LoopRunner           - Starting loop
22:21:52.192 [JavaFX Application Thread] DEBUG StartupState         - STARTUP
22:21:52.193 [JavaFX Application Thread] DEBUG GameApplication      - Starting new game
22:21:52.193 [JavaFX Application Thread] DEBUG Input                - Clearing active input actions
22:21:52.195 [JavaFX Application Thread] DEBUG AssetLoader          - Loading from disk: /assets/ui/css/fxgl_dark.css
22:21:52.208 [JavaFX Application Thread] DEBUG AppStateMachine      - StartupState -> LoadingState
22:21:52.233 [FXGL Background Thread 1 ] DEBUG InitAppTask          - Clearing previous game
22:21:52.233 [FXGL Background Thread 1 ] DEBUG GameWorld            - Clearing game world
22:21:52.234 [FXGL Background Thread 1 ] DEBUG PhysicsWorld         - Clearing physics world
22:21:52.234 [FXGL Background Thread 1 ] DEBUG GameScene            - Clearing game scene
22:21:52.236 [FXGL Background Thread 1 ] DEBUG InitAppTask          - Initializing Game
22:21:52.493 [FXGL Background Thread 1 ] DEBUG GameScene            - Creating render group for layer: DEFAULT(100000)
22:21:52.497 [FXGL Background Thread 1 ] DEBUG GameScene            - Creating render group for layer: BACKGROUND(1000)
22:21:52.503 [FXGL Background Thread 1 ] DEBUG InitAppTask          - Initializing Physics
22:21:52.504 [FXGL Background Thread 1 ] DEBUG InitAppTask          - Initializing UI
22:21:52.515 [FXGL Background Thread 1 ] DEBUG InitAppTask          - Initialization Complete
22:21:52.515 [FXGL Background Thread 1 ] INFO  InitAppTask          - Game initialization took: 0,283 sec
22:21:52.518 [JavaFX Application Thread] DEBUG Input                - Clearing active input actions
22:21:52.519 [JavaFX Application Thread] DEBUG AssetLoader          - Loading from disk: /assets/ui/css/fxgl_dark.css
22:21:52.544 [JavaFX Application Thread] DEBUG AppStateMachine      - LoadingState -> PlayState
22:21:55.550 [JavaFX Application Thread] DEBUG AssetLoader          - Loading from cache: /assets/sounds/boom8.wav
22:21:58.986 [JavaFX Application Thread] DEBUG AssetLoader          - Loading from cache: /assets/sounds/boom8.wav
22:21:58.991 [JavaFX Application Thread] DEBUG AssetLoader          - Loading from cache: /assets/sounds/boom8.wav
22:22:02.650 [JavaFX Application Thread] DEBUG AssetLoader          - Loading from cache: /assets/sounds/boom8.wav
22:22:02.650 [JavaFX Application Thread] DEBUG AssetLoader          - Loading from cache: /assets/sounds/boom8.wav
22:22:06.091 [JavaFX Application Thread] DEBUG AssetLoader          - Loading from cache: /assets/sounds/boom8.wav
22:22:09.530 [JavaFX Application Thread] DEBUG AssetLoader          - Loading from cache: /assets/sounds/boom8.wav
22:22:12.921 [JavaFX Application Thread] DEBUG AssetLoader          - Loading from cache: /assets/sounds/boom8.wav
22:22:16.377 [JavaFX Application Thread] DEBUG AssetLoader          - Loading from cache: /assets/sounds/boom8.wav
22:22:16.379 [JavaFX Application Thread] DEBUG AssetLoader          - Loading from cache: /assets/sounds/boom8.wav
22:22:18.730 [JavaFX Application Thread] DEBUG AssetLoader          - Loading from cache: /assets/sounds/boom8.wav
22:22:18.731 [JavaFX Application Thread] DEBUG AssetLoader          - Loading from cache: /assets/sounds/boom8.wav
22:22:22.089 [JavaFX Application Thread] DEBUG AssetLoader          - Loading from cache: /assets/sounds/boom8.wav
22:22:25.241 [JavaFX Application Thread] DEBUG AssetLoader          - Loading from cache: /assets/sounds/boom8.wav
22:22:29.434 [JavaFX Application Thread] DEBUG AssetLoader          - Loading from cache: /assets/sounds/boom8.wav
22:22:32.954 [JavaFX Application Thread] DEBUG AssetLoader          - Loading from cache: /assets/sounds/boom8.wav
22:22:36.682 [JavaFX Application Thread] DEBUG AssetLoader          - Loading from cache: /assets/sounds/boom8.wav
22:22:40.169 [JavaFX Application Thread] DEBUG AssetLoader          - Loading from cache: /assets/sounds/boom8.wav
22:22:44.041 [JavaFX Application Thread] DEBUG AssetLoader          - Loading from cache: /assets/sounds/boom8.wav
22:22:47.689 [JavaFX Application Thread] DEBUG AssetLoader          - Loading from cache: /assets/sounds/boom8.wav
22:22:51.369 [JavaFX Application Thread] DEBUG AssetLoader          - Loading from cache: /assets/sounds/boom8.wav
22:22:51.914 [JavaFX Application Thread] DEBUG AssetLoader          - Loading from cache: /assets/sounds/boom8.wav
22:22:55.482 [JavaFX Application Thread] DEBUG AssetLoader          - Loading from cache: /assets/sounds/boom8.wav
22:22:59.001 [JavaFX Application Thread] DEBUG AssetLoader          - Loading from cache: /assets/sounds/boom8.wav
22:23:05.322 [JavaFX Application Thread] DEBUG AssetLoader          - Loading from cache: /assets/sounds/boom8.wav
22:23:05.322 [JavaFX Application Thread] DEBUG AssetLoader          - Loading from cache: /assets/sounds/boom8.wav
22:23:09.321 [JavaFX Application Thread] DEBUG AssetLoader          - Loading from cache: /assets/sounds/boom8.wav
22:23:09.322 [JavaFX Application Thread] DEBUG AssetLoader          - Loading from cache: /assets/sounds/boom8.wav
22:23:12.617 [JavaFX Application Thread] DEBUG AssetLoader          - Loading from cache: /assets/sounds/boom8.wav
22:23:12.618 [JavaFX Application Thread] DEBUG AssetLoader          - Loading from cache: /assets/sounds/boom8.wav
22:23:16.027 [JavaFX Application Thread] DEBUG AssetLoader          - Loading from cache: /assets/sounds/boom8.wav
22:23:17.062 [JavaFX Application Thread] DEBUG FXGL                 - Exiting FXGL
22:23:17.062 [JavaFX Application Thread] DEBUG FXGL                 - Shutting down background threads
22:23:17.063 [JavaFX Application Thread] DEBUG FXGL                 - Saving FXGL system data
22:23:17.072 [JavaFX Application Thread] DEBUG DesktopFSService     - Writing to: system\fxgl.bundle
22:23:17.085 [JavaFX Application Thread] DEBUG FXGL                 - Closing logger and exiting JavaFX
