14:43:58.602 [JavaFX Application Thread] DEBUG GameApplication      - Logger initialized
14:43:58.619 [JavaFX Application Thread] DEBUG GameApplication      - Logging settings
Title: BreakOut
Version: 0.1
Width: 600
Height: 600
Fullscreen: false
Intro: false
Menus: false
Profiling: false
Single step:false
App Mode: DEVELOPER
Menu Key: ESCAPE
Stage Style: DECORATED
Scene Factory: class com.almasb.fxgl.scene.SceneFactory
Dialog Factory: class com.almasb.fxgl.ui.FXGLDialogFactory
UI Factory: class com.almasb.fxgl.ui.FXGLUIFactory
Notification Service: class com.almasb.fxgl.gameplay.notification.XboxNotificationView
Exception Handler: class com.almasb.fxgl.app.FXGLExceptionHandler
14:43:58.619 [JavaFX Application Thread] DEBUG GameApplication      - Starting FXGL
14:43:58.630 [JavaFX Application Thread] INFO  FXGL                 - FXGL-0.5.4 on DESKTOP
14:43:58.630 [JavaFX Application Thread] INFO  FXGL                 - Source code and latest versions at: https://github.com/AlmasB/FXGL
14:43:58.630 [JavaFX Application Thread] INFO  FXGL                 -              Join the FXGL chat at: https://gitter.im/AlmasB/FXGL
14:43:58.631 [JavaFX Application Thread] DEBUG FXGL                 - FXGL started
14:43:58.631 [JavaFX Application Thread] DEBUG FXGL                 - Initializing FXGL
14:43:58.696 [JavaFX Application Thread] DEBUG AssetLoader          - Loading from disk: /assets/ui/cursors/fxgl_default.png
14:43:58.764 [JavaFX Application Thread] DEBUG AssetLoader          - Loading from disk: /assets/ui/fonts/VarelaRound-Regular.ttf
14:43:58.961 [JavaFX Application Thread] DEBUG MainWindow           - Creating a JavaFX scene
14:43:59.036 [JavaFX Application Thread] DEBUG MainWindow           - Target settings size: 600.0 x 600.0
14:43:59.037 [JavaFX Application Thread] DEBUG MainWindow           - Scaled scene size:    600.0 x 600.0
14:43:59.037 [JavaFX Application Thread] DEBUG MainWindow           - Scaled ratio: (1.0, 1.0)
14:43:59.041 [JavaFX Application Thread] DEBUG AssetLoader          - Loading from disk: /assets/ui/css/fxgl_dark.css
14:43:59.046 [JavaFX Application Thread] DEBUG AssetLoader          - Loading from disk: /assets/textures/fxgl_icon.png
14:43:59.071 [JavaFX Application Thread] DEBUG MainWindow           - Opening main window
14:43:59.436 [JavaFX Application Thread] DEBUG MainWindow           - Window border size: (6.0, 29.0)
14:43:59.437 [JavaFX Application Thread] DEBUG MainWindow           - Scaled size: 600.0 x 600.0
14:43:59.437 [JavaFX Application Thread] DEBUG MainWindow           - Scaled ratio: (1.0, 1.0)
14:43:59.437 [JavaFX Application Thread] DEBUG MainWindow           - Scene size: 600.0 x 600.0
14:43:59.437 [JavaFX Application Thread] DEBUG MainWindow           - Stage size: 606.0 x 629.0
14:43:59.511 [ForkJoinPool.commonPool-worker-1] DEBUG FS                   - Loaded DesktopFSService
14:43:59.511 [ForkJoinPool.commonPool-worker-1] DEBUG FXGL                 - Loading FXGL system data
14:43:59.528 [ForkJoinPool.commonPool-worker-1] DEBUG DesktopFSService     - Reading from: system\fxgl.bundle
14:43:59.542 [ForkJoinPool.commonPool-worker-1] DEBUG Bundle               - Logging bundle: FXGL
14:43:59.543 [ForkJoinPool.commonPool-worker-1] DEBUG Bundle               - FXGL.offline.timer.version.check=2018-12-14T14:58:08.605
14:43:59.543 [ForkJoinPool.commonPool-worker-1] DEBUG FXGL                 - Initializing state machine and application states
14:43:59.546 [ForkJoinPool.commonPool-worker-1] DEBUG AssetLoader          - Loading from disk: /assets/ui/cursors/fxgl_default.png
14:43:59.555 [ForkJoinPool.commonPool-worker-1] DEBUG AssetLoader          - Loading from disk: /assets/ui/cursors/fxgl_default.png
14:43:59.563 [ForkJoinPool.commonPool-worker-1] DEBUG AssetLoader          - Loading from cache: /assets/ui/fonts/VarelaRound-Regular.ttf
14:43:59.568 [ForkJoinPool.commonPool-worker-1] DEBUG AssetLoader          - Loading from disk: /assets/ui/cursors/fxgl_default.png
14:43:59.573 [ForkJoinPool.commonPool-worker-1] DEBUG GameScene            - Game scene initialized: 600x600
14:43:59.593 [ForkJoinPool.commonPool-worker-1] DEBUG GameWorld            - Game world initialized
14:43:59.669 [ForkJoinPool.commonPool-worker-1] DEBUG PhysicsWorld         - Physics world initialized: appHeight=600, physics.ppm=50,0
14:43:59.697 [ForkJoinPool.commonPool-worker-1] DEBUG Input                - Registered new binding: Pause - Esc
14:43:59.758 [JavaFX Application Thread] DEBUG FXGL                 - Running preInit()
14:43:59.760 [JavaFX Application Thread] DEBUG Input                - Registered new binding: Screenshot - P
14:43:59.761 [JavaFX Application Thread] DEBUG Input                - Registered new binding: Dev Options - CTRL+0
14:43:59.761 [JavaFX Application Thread] DEBUG Input                - Registered new binding: System info dump - CTRL+9
14:43:59.762 [JavaFX Application Thread] DEBUG Input                - Registered new binding: Restart - CTRL+R
14:43:59.762 [JavaFX Application Thread] DEBUG Input                - Registered new binding: Move Right - D
14:43:59.763 [JavaFX Application Thread] DEBUG Input                - Registered new binding: Move Left - A
14:43:59.763 [JavaFX Application Thread] DEBUG Input                - Registered new binding: Move Ball - Space
14:43:59.763 [JavaFX Application Thread] DEBUG Input                - Registered new binding: New Level - N
14:43:59.763 [JavaFX Application Thread] DEBUG Input                - Registered new binding: New Ball - M
14:43:59.768 [JavaFX Application Thread] INFO  FXGL                 - FXGL initialization took: 1,133 sec
14:43:59.768 [JavaFX Application Thread] DEBUG LoopRunner           - Starting loop
14:43:59.770 [JavaFX Application Thread] DEBUG StartupState         - STARTUP
14:43:59.771 [JavaFX Application Thread] DEBUG GameApplication      - Starting new game
14:43:59.771 [JavaFX Application Thread] DEBUG Input                - Clearing active input actions
14:43:59.772 [JavaFX Application Thread] DEBUG AssetLoader          - Loading from disk: /assets/ui/css/fxgl_dark.css
14:43:59.781 [JavaFX Application Thread] DEBUG AppStateMachine      - StartupState -> LoadingState
14:43:59.793 [FXGL Background Thread 1 ] DEBUG InitAppTask          - Clearing previous game
14:43:59.793 [FXGL Background Thread 1 ] DEBUG GameWorld            - Clearing game world
14:43:59.794 [FXGL Background Thread 1 ] DEBUG PhysicsWorld         - Clearing physics world
14:43:59.794 [FXGL Background Thread 1 ] DEBUG GameScene            - Clearing game scene
14:43:59.795 [FXGL Background Thread 1 ] DEBUG InitAppTask          - Initializing Game
14:43:59.967 [FXGL Background Thread 1 ] DEBUG GameScene            - Creating render group for layer: DEFAULT(100000)
14:43:59.971 [FXGL Background Thread 1 ] DEBUG GameScene            - Creating render group for layer: BACKGROUND(1000)
14:44:00.058 [FXGL Background Thread 1 ] DEBUG InitAppTask          - Initializing Physics
14:44:00.059 [FXGL Background Thread 1 ] DEBUG InitAppTask          - Initializing UI
14:44:00.061 [FXGL Background Thread 1 ] DEBUG InitAppTask          - Initialization Complete
14:44:00.061 [FXGL Background Thread 1 ] INFO  InitAppTask          - Game initialization took: 0,268 sec
14:44:00.063 [JavaFX Application Thread] DEBUG Input                - Clearing active input actions
14:44:00.063 [JavaFX Application Thread] DEBUG AssetLoader          - Loading from disk: /assets/ui/css/fxgl_dark.css
14:44:00.081 [JavaFX Application Thread] DEBUG AppStateMachine      - LoadingState -> PlayState
14:44:02.980 [JavaFX Application Thread] DEBUG FXGL                 - Exiting FXGL
14:44:02.981 [JavaFX Application Thread] DEBUG FXGL                 - Shutting down background threads
14:44:02.981 [JavaFX Application Thread] DEBUG FXGL                 - Saving FXGL system data
14:44:02.983 [JavaFX Application Thread] DEBUG DesktopFSService     - Writing to: system\fxgl.bundle
14:44:02.987 [JavaFX Application Thread] DEBUG FXGL                 - Closing logger and exiting JavaFX
