14:23:18.341 [JavaFX Application Thread] DEBUG GameApplication      - Logger initialized
14:23:18.363 [JavaFX Application Thread] DEBUG GameApplication      - Logging settings
Title: BreakOut
Version: 0.1
Width: 600
Height: 600
Fullscreen: false
Intro: false
Menus: false
Profiling: false
Single step:false
App Mode: DEVELOPER
Menu Key: ESCAPE
Stage Style: DECORATED
Scene Factory: class com.almasb.fxgl.scene.SceneFactory
Dialog Factory: class com.almasb.fxgl.ui.FXGLDialogFactory
UI Factory: class com.almasb.fxgl.ui.FXGLUIFactory
Notification Service: class com.almasb.fxgl.gameplay.notification.XboxNotificationView
Exception Handler: class com.almasb.fxgl.app.FXGLExceptionHandler
14:23:18.364 [JavaFX Application Thread] DEBUG GameApplication      - Starting FXGL
14:23:18.381 [JavaFX Application Thread] INFO  FXGL                 - FXGL-0.5.4 on DESKTOP
14:23:18.382 [JavaFX Application Thread] INFO  FXGL                 - Source code and latest versions at: https://github.com/AlmasB/FXGL
14:23:18.382 [JavaFX Application Thread] INFO  FXGL                 -              Join the FXGL chat at: https://gitter.im/AlmasB/FXGL
14:23:18.383 [JavaFX Application Thread] DEBUG FXGL                 - FXGL started
14:23:18.383 [JavaFX Application Thread] DEBUG FXGL                 - Initializing FXGL
14:23:18.487 [JavaFX Application Thread] DEBUG AssetLoader          - Loading from disk: /assets/ui/cursors/fxgl_default.png
14:23:18.590 [JavaFX Application Thread] DEBUG AssetLoader          - Loading from disk: /assets/ui/fonts/VarelaRound-Regular.ttf
14:23:18.909 [JavaFX Application Thread] DEBUG MainWindow           - Creating a JavaFX scene
14:23:18.996 [JavaFX Application Thread] DEBUG MainWindow           - Target settings size: 600.0 x 600.0
14:23:18.996 [JavaFX Application Thread] DEBUG MainWindow           - Scaled scene size:    600.0 x 600.0
14:23:18.996 [JavaFX Application Thread] DEBUG MainWindow           - Scaled ratio: (1.0, 1.0)
14:23:19.003 [JavaFX Application Thread] DEBUG AssetLoader          - Loading from disk: /assets/ui/css/fxgl_dark.css
14:23:19.013 [JavaFX Application Thread] DEBUG AssetLoader          - Loading from disk: /assets/textures/fxgl_icon.png
14:23:19.089 [JavaFX Application Thread] DEBUG MainWindow           - Opening main window
14:23:19.645 [JavaFX Application Thread] DEBUG MainWindow           - Window border size: (6.0, 29.0)
14:23:19.645 [JavaFX Application Thread] DEBUG MainWindow           - Scaled size: 600.0 x 600.0
14:23:19.645 [JavaFX Application Thread] DEBUG MainWindow           - Scaled ratio: (1.0, 1.0)
14:23:19.646 [JavaFX Application Thread] DEBUG MainWindow           - Scene size: 600.0 x 600.0
14:23:19.646 [JavaFX Application Thread] DEBUG MainWindow           - Stage size: 606.0 x 629.0
14:23:19.779 [ForkJoinPool.commonPool-worker-1] DEBUG FS                   - Loaded DesktopFSService
14:23:19.780 [ForkJoinPool.commonPool-worker-1] DEBUG FXGL                 - Loading FXGL system data
14:23:19.790 [ForkJoinPool.commonPool-worker-1] DEBUG DesktopFSService     - Reading from: system\fxgl.bundle
14:23:19.810 [ForkJoinPool.commonPool-worker-1] DEBUG Bundle               - Logging bundle: FXGL
14:23:19.812 [ForkJoinPool.commonPool-worker-1] DEBUG Bundle               - FXGL.offline.timer.version.check=2018-12-14T14:58:08.605
14:23:19.813 [ForkJoinPool.commonPool-worker-1] DEBUG FXGL                 - Initializing state machine and application states
14:23:19.816 [ForkJoinPool.commonPool-worker-1] DEBUG AssetLoader          - Loading from disk: /assets/ui/cursors/fxgl_default.png
14:23:19.828 [ForkJoinPool.commonPool-worker-1] DEBUG AssetLoader          - Loading from disk: /assets/ui/cursors/fxgl_default.png
14:23:19.845 [ForkJoinPool.commonPool-worker-1] DEBUG AssetLoader          - Loading from cache: /assets/ui/fonts/VarelaRound-Regular.ttf
14:23:19.850 [ForkJoinPool.commonPool-worker-1] DEBUG AssetLoader          - Loading from disk: /assets/ui/cursors/fxgl_default.png
14:23:19.881 [ForkJoinPool.commonPool-worker-1] DEBUG GameScene            - Game scene initialized: 600x600
14:23:19.904 [ForkJoinPool.commonPool-worker-1] DEBUG GameWorld            - Game world initialized
14:23:20.022 [ForkJoinPool.commonPool-worker-1] DEBUG PhysicsWorld         - Physics world initialized: appHeight=600, physics.ppm=50,0
14:23:20.062 [ForkJoinPool.commonPool-worker-1] DEBUG Input                - Registered new binding: Pause - Esc
14:23:20.147 [JavaFX Application Thread] DEBUG FXGL                 - Running preInit()
14:23:20.151 [JavaFX Application Thread] DEBUG Input                - Registered new binding: Screenshot - P
14:23:20.152 [JavaFX Application Thread] DEBUG Input                - Registered new binding: Dev Options - CTRL+0
14:23:20.152 [JavaFX Application Thread] DEBUG Input                - Registered new binding: System info dump - CTRL+9
14:23:20.153 [JavaFX Application Thread] DEBUG Input                - Registered new binding: Restart - CTRL+R
14:23:20.154 [JavaFX Application Thread] DEBUG Input                - Registered new binding: Move Right - D
14:23:20.154 [JavaFX Application Thread] DEBUG Input                - Registered new binding: Move Left - A
14:23:20.154 [JavaFX Application Thread] DEBUG Input                - Registered new binding: Move Ball - Space
14:23:20.154 [JavaFX Application Thread] DEBUG Input                - Registered new binding: New Level - N
14:23:20.154 [JavaFX Application Thread] DEBUG Input                - Registered new binding: New Ball - M
14:23:20.155 [JavaFX Application Thread] INFO  FXGL                 - FXGL initialization took: 1,773 sec
14:23:20.156 [JavaFX Application Thread] DEBUG LoopRunner           - Starting loop
14:23:20.160 [JavaFX Application Thread] DEBUG StartupState         - STARTUP
14:23:20.160 [JavaFX Application Thread] DEBUG GameApplication      - Starting new game
14:23:20.161 [JavaFX Application Thread] DEBUG Input                - Clearing active input actions
14:23:20.162 [JavaFX Application Thread] DEBUG AssetLoader          - Loading from disk: /assets/ui/css/fxgl_dark.css
14:23:20.177 [JavaFX Application Thread] DEBUG AppStateMachine      - StartupState -> LoadingState
14:23:20.191 [FXGL Background Thread 1 ] DEBUG InitAppTask          - Clearing previous game
14:23:20.191 [FXGL Background Thread 1 ] DEBUG GameWorld            - Clearing game world
14:23:20.191 [FXGL Background Thread 1 ] DEBUG PhysicsWorld         - Clearing physics world
14:23:20.191 [FXGL Background Thread 1 ] DEBUG GameScene            - Clearing game scene
14:23:20.194 [FXGL Background Thread 1 ] DEBUG InitAppTask          - Initializing Game
14:23:20.451 [FXGL Background Thread 1 ] DEBUG GameScene            - Creating render group for layer: DEFAULT(100000)
14:23:20.455 [FXGL Background Thread 1 ] DEBUG GameScene            - Creating render group for layer: BACKGROUND(1000)
14:23:20.488 [FXGL Background Thread 1 ] DEBUG InitAppTask          - Initializing Physics
14:23:20.489 [FXGL Background Thread 1 ] DEBUG InitAppTask          - Initializing UI
14:23:20.597 [FXGL Background Thread 1 ] DEBUG InitAppTask          - Initialization Complete
14:23:20.598 [FXGL Background Thread 1 ] INFO  InitAppTask          - Game initialization took: 0,407 sec
14:23:20.600 [JavaFX Application Thread] DEBUG Input                - Clearing active input actions
14:23:20.600 [JavaFX Application Thread] DEBUG AssetLoader          - Loading from disk: /assets/ui/css/fxgl_dark.css
14:23:20.626 [JavaFX Application Thread] DEBUG AppStateMachine      - LoadingState -> PlayState
14:23:25.003 [JavaFX Application Thread] DEBUG AssetLoader          - Loading from cache: /assets/ui/fonts/VarelaRound-Regular.ttf
14:23:25.013 [JavaFX Application Thread] DEBUG AssetLoader          - Loading from cache: /assets/ui/fonts/VarelaRound-Regular.ttf
14:23:25.016 [JavaFX Application Thread] DEBUG AssetLoader          - Loading from disk: /assets/properties/languages/english.properties
14:23:25.018 [JavaFX Application Thread] DEBUG AssetLoader          - Loading from cache: /assets/ui/fonts/VarelaRound-Regular.ttf
14:23:25.018 [JavaFX Application Thread] DEBUG AssetLoader          - Loading from cache: /assets/properties/languages/english.properties
14:23:25.022 [JavaFX Application Thread] DEBUG AssetLoader          - Loading from cache: /assets/ui/fonts/VarelaRound-Regular.ttf
14:23:25.023 [JavaFX Application Thread] DEBUG AppStateMachine      - Push state: DialogSubState
14:23:25.023 [JavaFX Application Thread] DEBUG Input                - Clearing active input actions
14:23:25.024 [JavaFX Application Thread] DEBUG AppStateMachine      - PlayState -> DialogSubState
14:23:26.889 [JavaFX Application Thread] DEBUG AppStateMachine      - Pop state: DialogSubState
14:23:26.889 [JavaFX Application Thread] DEBUG Input                - Clearing active input actions
14:23:26.891 [JavaFX Application Thread] DEBUG AppStateMachine      - PlayState <- DialogSubState
14:23:27.658 [JavaFX Application Thread] FATAL FXGL                 - Uncaught Exception:

Fatal exception occurred: java.util.NoSuchElementException : No value present
E: com.almasb.fxgl.util.Optional.get(Optional.java:103)
E: View.PlayerControl.isBallMoving(PlayerControl.java:23)
E: View.PlayerControl.left(PlayerControl.java:31)
E: View.GameApp$2.lambda$onAction$0(GameApp.java:90)
E: java.util.ArrayList.forEach(ArrayList.java:1257)
E: View.GameApp$2.onAction(GameApp.java:90)
E: com.almasb.fxgl.input.UserAction.fireAction(UserAction.java:80)
E: com.almasb.fxgl.input.Input.update(Input.kt:148)
E: com.almasb.fxgl.app.State.update(State.java:71)
E: com.almasb.fxgl.app.AppStateMachine.onUpdate(AppStateMachine.java:100)
E: com.almasb.fxgl.app.FXGL.loop(FXGL.kt:356)
E: com.almasb.fxgl.app.FXGL.access$loop(FXGL.kt:54)
E: com.almasb.fxgl.app.FXGL$loop$1.accept(FXGL.kt:78)
E: com.almasb.fxgl.app.FXGL$loop$1.accept(FXGL.kt:54)
E: com.almasb.fxgl.app.LoopRunner.frame(LoopRunner.kt:88)
E: com.almasb.fxgl.app.LoopRunner.access$frame(LoopRunner.kt:19)
E: com.almasb.fxgl.app.LoopRunner$impl$2$1.handle(LoopRunner.kt:39)
E: javafx.animation.AnimationTimer$AnimationTimerReceiver.lambda$handle$485(AnimationTimer.java:57)
E: java.security.AccessController.doPrivileged(Native Method)
E: javafx.animation.AnimationTimer$AnimationTimerReceiver.handle(AnimationTimer.java:56)
E: com.sun.scenario.animation.AbstractMasterTimer.timePulseImpl(AbstractMasterTimer.java:357)
E: com.sun.scenario.animation.AbstractMasterTimer$MainLoop.run(AbstractMasterTimer.java:267)
E: com.sun.javafx.tk.quantum.QuantumToolkit.pulse(QuantumToolkit.java:514)
E: com.sun.javafx.tk.quantum.QuantumToolkit.pulse(QuantumToolkit.java:498)
E: com.sun.javafx.tk.quantum.QuantumToolkit.pulseFromQueue(QuantumToolkit.java:491)
E: com.sun.javafx.tk.quantum.QuantumToolkit.lambda$runToolkit$403(QuantumToolkit.java:319)
E: com.sun.glass.ui.InvokeLaterDispatcher$Future.run(InvokeLaterDispatcher.java:95)
E: com.sun.glass.ui.win.WinApplication._runLoop(Native Method)
E: com.sun.glass.ui.win.WinApplication.lambda$null$147(WinApplication.java:177)
E: java.lang.Thread.run(Thread.java:748)

14:23:27.659 [JavaFX Application Thread] FATAL FXGL                 - Application will now exit
14:23:27.659 [JavaFX Application Thread] DEBUG LoopRunner           - Stopping loop
14:23:30.055 [JavaFX Application Thread] DEBUG FXGL                 - Exiting FXGL
14:23:30.056 [JavaFX Application Thread] DEBUG FXGL                 - Shutting down background threads
14:23:30.056 [JavaFX Application Thread] DEBUG FXGL                 - Saving FXGL system data
14:23:30.061 [JavaFX Application Thread] DEBUG DesktopFSService     - Writing to: system\fxgl.bundle
14:23:30.067 [JavaFX Application Thread] DEBUG FXGL                 - Closing logger and exiting JavaFX
