20:44:31.307 [JavaFX Application Thread] DEBUG GameApplication      - Logger initialized
20:44:31.325 [JavaFX Application Thread] DEBUG GameApplication      - Logging settings
Title: BreakOut
Version: 0.1
Width: 600
Height: 600
Fullscreen: false
Intro: false
Menus: false
Profiling: false
Single step:false
App Mode: DEVELOPER
Menu Key: ESCAPE
Stage Style: DECORATED
Scene Factory: class com.almasb.fxgl.scene.SceneFactory
Dialog Factory: class com.almasb.fxgl.ui.FXGLDialogFactory
UI Factory: class com.almasb.fxgl.ui.FXGLUIFactory
Notification Service: class com.almasb.fxgl.gameplay.notification.XboxNotificationView
Exception Handler: class com.almasb.fxgl.app.FXGLExceptionHandler
20:44:31.326 [JavaFX Application Thread] DEBUG GameApplication      - Starting FXGL
20:44:31.338 [JavaFX Application Thread] INFO  FXGL                 - FXGL-0.5.4 on DESKTOP
20:44:31.339 [JavaFX Application Thread] INFO  FXGL                 - Source code and latest versions at: https://github.com/AlmasB/FXGL
20:44:31.339 [JavaFX Application Thread] INFO  FXGL                 -              Join the FXGL chat at: https://gitter.im/AlmasB/FXGL
20:44:31.340 [JavaFX Application Thread] DEBUG FXGL                 - FXGL started
20:44:31.340 [JavaFX Application Thread] DEBUG FXGL                 - Initializing FXGL
20:44:31.466 [JavaFX Application Thread] DEBUG AssetLoader          - Loading from disk: /assets/ui/cursors/fxgl_default.png
20:44:31.551 [JavaFX Application Thread] DEBUG AssetLoader          - Loading from disk: /assets/ui/fonts/VarelaRound-Regular.ttf
20:44:31.800 [JavaFX Application Thread] DEBUG MainWindow           - Creating a JavaFX scene
20:44:31.914 [JavaFX Application Thread] DEBUG MainWindow           - Target settings size: 600.0 x 600.0
20:44:31.914 [JavaFX Application Thread] DEBUG MainWindow           - Scaled scene size:    600.0 x 600.0
20:44:31.914 [JavaFX Application Thread] DEBUG MainWindow           - Scaled ratio: (1.0, 1.0)
20:44:31.920 [JavaFX Application Thread] DEBUG AssetLoader          - Loading from disk: /assets/ui/css/fxgl_dark.css
20:44:31.927 [JavaFX Application Thread] DEBUG AssetLoader          - Loading from disk: /assets/textures/fxgl_icon.png
20:44:31.959 [JavaFX Application Thread] DEBUG MainWindow           - Opening main window
20:44:32.497 [JavaFX Application Thread] DEBUG MainWindow           - Window border size: (6.0, 29.0)
20:44:32.498 [JavaFX Application Thread] DEBUG MainWindow           - Scaled size: 600.0 x 600.0
20:44:32.499 [JavaFX Application Thread] DEBUG MainWindow           - Scaled ratio: (1.0, 1.0)
20:44:32.499 [JavaFX Application Thread] DEBUG MainWindow           - Scene size: 600.0 x 600.0
20:44:32.499 [JavaFX Application Thread] DEBUG MainWindow           - Stage size: 606.0 x 629.0
20:44:32.591 [ForkJoinPool.commonPool-worker-1] DEBUG FS                   - Loaded DesktopFSService
20:44:32.592 [ForkJoinPool.commonPool-worker-1] DEBUG FXGL                 - Loading FXGL system data
20:44:32.605 [ForkJoinPool.commonPool-worker-1] DEBUG DesktopFSService     - Reading from: system\fxgl.bundle
20:44:32.622 [ForkJoinPool.commonPool-worker-1] DEBUG Bundle               - Logging bundle: FXGL
20:44:32.623 [ForkJoinPool.commonPool-worker-1] DEBUG Bundle               - FXGL.offline.timer.version.check=2018-12-14T14:58:08.605
20:44:32.624 [ForkJoinPool.commonPool-worker-1] DEBUG FXGL                 - Initializing state machine and application states
20:44:32.627 [ForkJoinPool.commonPool-worker-1] DEBUG AssetLoader          - Loading from disk: /assets/ui/cursors/fxgl_default.png
20:44:32.638 [ForkJoinPool.commonPool-worker-1] DEBUG AssetLoader          - Loading from disk: /assets/ui/cursors/fxgl_default.png
20:44:32.649 [ForkJoinPool.commonPool-worker-1] DEBUG AssetLoader          - Loading from cache: /assets/ui/fonts/VarelaRound-Regular.ttf
20:44:32.658 [ForkJoinPool.commonPool-worker-1] DEBUG AssetLoader          - Loading from disk: /assets/ui/cursors/fxgl_default.png
20:44:32.666 [ForkJoinPool.commonPool-worker-1] DEBUG GameScene            - Game scene initialized: 600x600
20:44:32.688 [ForkJoinPool.commonPool-worker-1] DEBUG GameWorld            - Game world initialized
20:44:32.806 [ForkJoinPool.commonPool-worker-1] DEBUG PhysicsWorld         - Physics world initialized: appHeight=600, physics.ppm=50,0
20:44:32.859 [ForkJoinPool.commonPool-worker-1] DEBUG Input                - Registered new binding: Pause - Esc
20:44:32.953 [JavaFX Application Thread] DEBUG FXGL                 - Running preInit()
20:44:32.956 [JavaFX Application Thread] DEBUG Input                - Registered new binding: Screenshot - P
20:44:32.957 [JavaFX Application Thread] DEBUG Input                - Registered new binding: Dev Options - CTRL+0
20:44:32.958 [JavaFX Application Thread] DEBUG Input                - Registered new binding: System info dump - CTRL+9
20:44:32.959 [JavaFX Application Thread] DEBUG Input                - Registered new binding: Restart - CTRL+R
20:44:32.959 [JavaFX Application Thread] DEBUG Input                - Registered new binding: Move Right - D
20:44:32.960 [JavaFX Application Thread] DEBUG Input                - Registered new binding: Move Left - A
20:44:32.960 [JavaFX Application Thread] DEBUG Input                - Registered new binding: Move Ball - Space
20:44:32.961 [JavaFX Application Thread] DEBUG Input                - Registered new binding: New Level - N
20:44:32.961 [JavaFX Application Thread] DEBUG Input                - Registered new binding: New Ball - M
20:44:32.963 [JavaFX Application Thread] DEBUG Input                - Registered new binding: Testing - LMB
20:44:32.966 [JavaFX Application Thread] INFO  FXGL                 - FXGL initialization took: 1,624 sec
20:44:32.966 [JavaFX Application Thread] DEBUG LoopRunner           - Starting loop
20:44:32.969 [JavaFX Application Thread] DEBUG StartupState         - STARTUP
20:44:32.969 [JavaFX Application Thread] DEBUG GameApplication      - Starting new game
20:44:32.969 [JavaFX Application Thread] DEBUG Input                - Clearing active input actions
20:44:32.971 [JavaFX Application Thread] DEBUG AssetLoader          - Loading from disk: /assets/ui/css/fxgl_dark.css
20:44:32.984 [JavaFX Application Thread] DEBUG AppStateMachine      - StartupState -> LoadingState
20:44:33.012 [FXGL Background Thread 1 ] DEBUG InitAppTask          - Clearing previous game
20:44:33.012 [FXGL Background Thread 1 ] DEBUG GameWorld            - Clearing game world
20:44:33.013 [FXGL Background Thread 1 ] DEBUG PhysicsWorld         - Clearing physics world
20:44:33.014 [FXGL Background Thread 1 ] DEBUG GameScene            - Clearing game scene
20:44:33.016 [FXGL Background Thread 1 ] DEBUG InitAppTask          - Initializing Game
20:44:33.267 [FXGL Background Thread 1 ] DEBUG GameScene            - Creating render group for layer: DEFAULT(100000)
20:44:33.271 [FXGL Background Thread 1 ] DEBUG GameScene            - Creating render group for layer: BACKGROUND(1000)
20:44:33.277 [FXGL Background Thread 1 ] DEBUG InitAppTask          - Initializing Physics
20:44:33.279 [FXGL Background Thread 1 ] DEBUG InitAppTask          - Initializing UI
20:44:33.294 [FXGL Background Thread 1 ] DEBUG InitAppTask          - Initialization Complete
20:44:33.295 [FXGL Background Thread 1 ] INFO  InitAppTask          - Game initialization took: 0,283 sec
20:44:33.304 [JavaFX Application Thread] DEBUG Input                - Clearing active input actions
20:44:33.304 [JavaFX Application Thread] DEBUG AssetLoader          - Loading from disk: /assets/ui/css/fxgl_dark.css
20:44:33.337 [JavaFX Application Thread] DEBUG AppStateMachine      - LoadingState -> PlayState
20:44:37.264 [JavaFX Application Thread] DEBUG AssetLoader          - Loading from cache: /assets/sounds/boom8.wav
20:44:37.280 [JavaFX Application Thread] DEBUG AssetLoader          - Loading from cache: /assets/sounds/boom8.wav
20:44:37.375 [JavaFX Application Thread] DEBUG AssetLoader          - Loading from cache: /assets/sounds/boom8.wav
20:44:37.376 [JavaFX Application Thread] DEBUG AssetLoader          - Loading from cache: /assets/sounds/boom8.wav
20:44:39.808 [JavaFX Application Thread] DEBUG AssetLoader          - Loading from cache: /assets/sounds/boom8.wav
20:44:41.600 [JavaFX Application Thread] DEBUG AssetLoader          - Loading from cache: /assets/sounds/boom8.wav
20:44:41.601 [JavaFX Application Thread] DEBUG AssetLoader          - Loading from cache: /assets/sounds/boom8.wav
20:44:44.144 [JavaFX Application Thread] DEBUG AssetLoader          - Loading from cache: /assets/sounds/boom8.wav
20:44:45.650 [JavaFX Application Thread] DEBUG AssetLoader          - Loading from cache: /assets/ui/fonts/VarelaRound-Regular.ttf
20:44:45.652 [JavaFX Application Thread] DEBUG AssetLoader          - Loading from cache: /assets/ui/fonts/VarelaRound-Regular.ttf
20:44:45.656 [JavaFX Application Thread] DEBUG AssetLoader          - Loading from disk: /assets/properties/languages/english.properties
20:44:45.657 [JavaFX Application Thread] DEBUG AssetLoader          - Loading from cache: /assets/ui/fonts/VarelaRound-Regular.ttf
20:44:45.658 [JavaFX Application Thread] DEBUG AssetLoader          - Loading from cache: /assets/properties/languages/english.properties
20:44:45.662 [JavaFX Application Thread] DEBUG AssetLoader          - Loading from cache: /assets/ui/fonts/VarelaRound-Regular.ttf
20:44:45.664 [JavaFX Application Thread] DEBUG AppStateMachine      - Push state: DialogSubState
20:44:45.664 [JavaFX Application Thread] DEBUG Input                - Clearing active input actions
20:44:45.664 [JavaFX Application Thread] DEBUG AppStateMachine      - PlayState -> DialogSubState
20:44:47.124 [JavaFX Application Thread] DEBUG AssetLoader          - Loading from cache: /assets/sounds/menu/select.wav
20:44:47.537 [JavaFX Application Thread] DEBUG AppStateMachine      - Pop state: DialogSubState
20:44:47.537 [JavaFX Application Thread] DEBUG Input                - Clearing active input actions
20:44:47.538 [JavaFX Application Thread] DEBUG AppStateMachine      - PlayState <- DialogSubState
20:44:47.548 [JavaFX Application Thread] DEBUG GameApplication      - Starting new game
20:44:47.549 [JavaFX Application Thread] DEBUG Input                - Clearing active input actions
20:44:47.558 [JavaFX Application Thread] DEBUG AppStateMachine      - PlayState -> LoadingState
20:44:47.560 [FXGL Background Thread 1 ] DEBUG InitAppTask          - Clearing previous game
20:44:47.560 [FXGL Background Thread 1 ] DEBUG GameWorld            - Clearing game world
20:44:47.566 [FXGL Background Thread 1 ] DEBUG PhysicsWorld         - Clearing physics world
20:44:47.566 [FXGL Background Thread 1 ] DEBUG GameScene            - Clearing game scene
20:44:47.567 [FXGL Background Thread 1 ] DEBUG InitAppTask          - Initializing Game
20:44:47.570 [FXGL Background Thread 1 ] DEBUG GameScene            - Creating render group for layer: DEFAULT(100000)
20:44:47.572 [FXGL Background Thread 1 ] DEBUG GameScene            - Creating render group for layer: BACKGROUND(1000)
20:44:47.574 [FXGL Background Thread 1 ] DEBUG InitAppTask          - Initializing Physics
20:44:47.574 [FXGL Background Thread 1 ] DEBUG InitAppTask          - Initializing UI
20:44:47.575 [FXGL Background Thread 1 ] DEBUG InitAppTask          - Initialization Complete
20:44:47.575 [FXGL Background Thread 1 ] INFO  InitAppTask          - Game initialization took: 0,015 sec
20:44:47.584 [JavaFX Application Thread] DEBUG Input                - Clearing active input actions
20:44:47.597 [JavaFX Application Thread] DEBUG AppStateMachine      - LoadingState -> PlayState
20:44:50.626 [JavaFX Application Thread] DEBUG FXGL                 - Exiting FXGL
20:44:50.626 [JavaFX Application Thread] DEBUG FXGL                 - Shutting down background threads
20:44:50.626 [JavaFX Application Thread] DEBUG FXGL                 - Saving FXGL system data
20:44:50.629 [JavaFX Application Thread] DEBUG DesktopFSService     - Writing to: system\fxgl.bundle
20:44:50.633 [JavaFX Application Thread] DEBUG FXGL                 - Closing logger and exiting JavaFX
