22:58:32.099 [JavaFX Application Thread] DEBUG GameApplication      - Logger initialized
22:58:32.139 [JavaFX Application Thread] DEBUG GameApplication      - Logging settings
Title: BreakOut
Version: 0.1
Width: 600
Height: 600
Fullscreen: false
Intro: false
Menus: false
Profiling: false
Single step:false
App Mode: DEVELOPER
Menu Key: ESCAPE
Stage Style: DECORATED
Scene Factory: class com.almasb.fxgl.scene.SceneFactory
Dialog Factory: class com.almasb.fxgl.ui.FXGLDialogFactory
UI Factory: class com.almasb.fxgl.ui.FXGLUIFactory
Notification Service: class com.almasb.fxgl.gameplay.notification.XboxNotificationView
Exception Handler: class com.almasb.fxgl.app.FXGLExceptionHandler
22:58:32.139 [JavaFX Application Thread] DEBUG GameApplication      - Starting FXGL
22:58:32.160 [JavaFX Application Thread] INFO  FXGL                 - FXGL-0.5.4 on DESKTOP
22:58:32.161 [JavaFX Application Thread] INFO  FXGL                 - Source code and latest versions at: https://github.com/AlmasB/FXGL
22:58:32.162 [JavaFX Application Thread] INFO  FXGL                 -              Join the FXGL chat at: https://gitter.im/AlmasB/FXGL
22:58:32.162 [JavaFX Application Thread] DEBUG FXGL                 - FXGL started
22:58:32.163 [JavaFX Application Thread] DEBUG FXGL                 - Initializing FXGL
22:58:32.325 [JavaFX Application Thread] DEBUG AssetLoader          - Loading from disk: /assets/ui/cursors/fxgl_default.png
22:58:32.461 [JavaFX Application Thread] DEBUG AssetLoader          - Loading from disk: /assets/ui/fonts/VarelaRound-Regular.ttf
22:58:32.877 [JavaFX Application Thread] DEBUG MainWindow           - Creating a JavaFX scene
22:58:34.459 [JavaFX Application Thread] DEBUG MainWindow           - Target settings size: 600.0 x 600.0
22:58:34.461 [JavaFX Application Thread] DEBUG MainWindow           - Scaled scene size:    600.0 x 600.0
22:58:34.467 [JavaFX Application Thread] DEBUG MainWindow           - Scaled ratio: (1.0, 1.0)
22:58:34.480 [JavaFX Application Thread] DEBUG AssetLoader          - Loading from disk: /assets/ui/css/fxgl_dark.css
22:58:34.495 [JavaFX Application Thread] DEBUG AssetLoader          - Loading from disk: /assets/textures/fxgl_icon.png
22:58:34.694 [JavaFX Application Thread] DEBUG MainWindow           - Opening main window
22:58:36.014 [JavaFX Application Thread] DEBUG MainWindow           - Window border size: (6.0, 29.0)
22:58:36.019 [JavaFX Application Thread] DEBUG MainWindow           - Scaled size: 600.0 x 600.0
22:58:36.020 [JavaFX Application Thread] DEBUG MainWindow           - Scaled ratio: (1.0, 1.0)
22:58:36.022 [JavaFX Application Thread] DEBUG MainWindow           - Scene size: 600.0 x 600.0
22:58:36.023 [JavaFX Application Thread] DEBUG MainWindow           - Stage size: 606.0 x 629.0
22:58:36.261 [ForkJoinPool.commonPool-worker-1] DEBUG FS                   - Loaded DesktopFSService
22:58:36.262 [ForkJoinPool.commonPool-worker-1] DEBUG FXGL                 - Loading FXGL system data
22:58:36.288 [ForkJoinPool.commonPool-worker-1] DEBUG DesktopFSService     - Reading from: system\fxgl.bundle
22:58:36.311 [ForkJoinPool.commonPool-worker-1] DEBUG Bundle               - Logging bundle: FXGL
22:58:36.314 [ForkJoinPool.commonPool-worker-1] DEBUG Bundle               - FXGL.offline.timer.version.check=2018-12-14T14:58:08.605
22:58:36.316 [ForkJoinPool.commonPool-worker-1] DEBUG FXGL                 - Initializing state machine and application states
22:58:36.320 [ForkJoinPool.commonPool-worker-1] DEBUG AssetLoader          - Loading from disk: /assets/ui/cursors/fxgl_default.png
22:58:36.335 [ForkJoinPool.commonPool-worker-1] DEBUG AssetLoader          - Loading from disk: /assets/ui/cursors/fxgl_default.png
22:58:36.350 [ForkJoinPool.commonPool-worker-1] DEBUG AssetLoader          - Loading from cache: /assets/ui/fonts/VarelaRound-Regular.ttf
22:58:36.357 [ForkJoinPool.commonPool-worker-1] DEBUG AssetLoader          - Loading from disk: /assets/ui/cursors/fxgl_default.png
22:58:36.364 [ForkJoinPool.commonPool-worker-1] DEBUG GameScene            - Game scene initialized: 600x600
22:58:36.380 [ForkJoinPool.commonPool-worker-1] DEBUG GameWorld            - Game world initialized
22:58:36.527 [ForkJoinPool.commonPool-worker-1] DEBUG PhysicsWorld         - Physics world initialized: appHeight=600, physics.ppm=50,0
22:58:36.593 [ForkJoinPool.commonPool-worker-1] DEBUG Input                - Registered new binding: Pause - Esc
22:58:36.729 [JavaFX Application Thread] DEBUG FXGL                 - Running preInit()
22:58:36.732 [JavaFX Application Thread] DEBUG Input                - Registered new binding: Screenshot - P
22:58:36.736 [JavaFX Application Thread] DEBUG Input                - Registered new binding: Dev Options - CTRL+0
22:58:36.737 [JavaFX Application Thread] DEBUG Input                - Registered new binding: System info dump - CTRL+9
22:58:36.738 [JavaFX Application Thread] DEBUG Input                - Registered new binding: Restart - CTRL+R
22:58:36.738 [JavaFX Application Thread] DEBUG Input                - Registered new binding: Move Right - D
22:58:36.738 [JavaFX Application Thread] DEBUG Input                - Registered new binding: Move Left - A
22:58:36.739 [JavaFX Application Thread] DEBUG Input                - Registered new binding: Move Ball - Space
22:58:36.739 [JavaFX Application Thread] DEBUG Input                - Registered new binding: New Level - N
22:58:36.739 [JavaFX Application Thread] DEBUG Input                - Registered new binding: New Ball - M
22:58:36.742 [JavaFX Application Thread] DEBUG Input                - Registered new binding: Testing - LMB
22:58:36.746 [JavaFX Application Thread] INFO  FXGL                 - FXGL initialization took: 4,582 sec
22:58:36.747 [JavaFX Application Thread] DEBUG LoopRunner           - Starting loop
22:58:36.750 [JavaFX Application Thread] DEBUG StartupState         - STARTUP
22:58:36.751 [JavaFX Application Thread] DEBUG GameApplication      - Starting new game
22:58:36.751 [JavaFX Application Thread] DEBUG Input                - Clearing active input actions
22:58:36.752 [JavaFX Application Thread] DEBUG AssetLoader          - Loading from disk: /assets/ui/css/fxgl_dark.css
22:58:36.772 [JavaFX Application Thread] DEBUG AppStateMachine      - StartupState -> LoadingState
22:58:36.791 [FXGL Background Thread 1 ] DEBUG InitAppTask          - Clearing previous game
22:58:36.791 [FXGL Background Thread 1 ] DEBUG GameWorld            - Clearing game world
22:58:36.792 [FXGL Background Thread 1 ] DEBUG PhysicsWorld         - Clearing physics world
22:58:36.793 [FXGL Background Thread 1 ] DEBUG GameScene            - Clearing game scene
22:58:36.795 [FXGL Background Thread 1 ] DEBUG InitAppTask          - Initializing Game
22:58:37.155 [FXGL Background Thread 1 ] DEBUG GameScene            - Creating render group for layer: DEFAULT(100000)
22:58:37.161 [FXGL Background Thread 1 ] DEBUG GameScene            - Creating render group for layer: BACKGROUND(1000)
22:58:37.171 [FXGL Background Thread 1 ] DEBUG InitAppTask          - Initializing Physics
22:58:37.173 [FXGL Background Thread 1 ] DEBUG InitAppTask          - Initializing UI
22:58:37.190 [FXGL Background Thread 1 ] DEBUG InitAppTask          - Initialization Complete
22:58:37.192 [FXGL Background Thread 1 ] INFO  InitAppTask          - Game initialization took: 0,400 sec
22:58:37.200 [JavaFX Application Thread] DEBUG Input                - Clearing active input actions
22:58:37.201 [JavaFX Application Thread] DEBUG AssetLoader          - Loading from disk: /assets/ui/css/fxgl_dark.css
22:58:37.242 [JavaFX Application Thread] DEBUG AppStateMachine      - LoadingState -> PlayState
22:58:40.732 [JavaFX Application Thread] DEBUG AssetLoader          - Loading from cache: /assets/ui/fonts/VarelaRound-Regular.ttf
22:58:40.741 [JavaFX Application Thread] DEBUG AssetLoader          - Loading from cache: /assets/ui/fonts/VarelaRound-Regular.ttf
22:58:40.747 [JavaFX Application Thread] DEBUG AssetLoader          - Loading from disk: /assets/properties/languages/english.properties
22:58:40.753 [JavaFX Application Thread] DEBUG AssetLoader          - Loading from cache: /assets/ui/fonts/VarelaRound-Regular.ttf
22:58:40.754 [JavaFX Application Thread] DEBUG AssetLoader          - Loading from cache: /assets/properties/languages/english.properties
22:58:40.767 [JavaFX Application Thread] DEBUG AssetLoader          - Loading from cache: /assets/ui/fonts/VarelaRound-Regular.ttf
22:58:40.770 [JavaFX Application Thread] DEBUG AppStateMachine      - Push state: DialogSubState
22:58:40.771 [JavaFX Application Thread] DEBUG Input                - Clearing active input actions
22:58:40.771 [JavaFX Application Thread] DEBUG AppStateMachine      - PlayState -> DialogSubState
22:58:43.168 [JavaFX Application Thread] DEBUG AppStateMachine      - Pop state: DialogSubState
22:58:43.169 [JavaFX Application Thread] DEBUG Input                - Clearing active input actions
22:58:43.171 [JavaFX Application Thread] DEBUG AppStateMachine      - PlayState <- DialogSubState
22:58:43.172 [JavaFX Application Thread] DEBUG FXGL                 - Exiting FXGL
22:58:43.173 [JavaFX Application Thread] DEBUG FXGL                 - Shutting down background threads
22:58:43.174 [JavaFX Application Thread] DEBUG FXGL                 - Saving FXGL system data
22:58:43.188 [JavaFX Application Thread] DEBUG DesktopFSService     - Writing to: system\fxgl.bundle
22:58:43.205 [JavaFX Application Thread] DEBUG FXGL                 - Closing logger and exiting JavaFX
