17:31:28.390 [JavaFX Application Thread] DEBUG GameApplication      - Logger initialized
17:31:28.412 [JavaFX Application Thread] DEBUG GameApplication      - Logging settings
Title: BreakOut
Version: 0.1
Width: 600
Height: 600
Fullscreen: false
Intro: false
Menus: false
Profiling: false
Single step:false
App Mode: DEVELOPER
Menu Key: ESCAPE
Stage Style: DECORATED
Scene Factory: class com.almasb.fxgl.scene.SceneFactory
Dialog Factory: class com.almasb.fxgl.ui.FXGLDialogFactory
UI Factory: class com.almasb.fxgl.ui.FXGLUIFactory
Notification Service: class com.almasb.fxgl.gameplay.notification.XboxNotificationView
Exception Handler: class com.almasb.fxgl.app.FXGLExceptionHandler
17:31:28.417 [JavaFX Application Thread] DEBUG GameApplication      - Starting FXGL
17:31:28.437 [JavaFX Application Thread] INFO  FXGL                 - FXGL-0.5.4 on DESKTOP
17:31:28.438 [JavaFX Application Thread] INFO  FXGL                 - Source code and latest versions at: https://github.com/AlmasB/FXGL
17:31:28.438 [JavaFX Application Thread] INFO  FXGL                 -              Join the FXGL chat at: https://gitter.im/AlmasB/FXGL
17:31:28.440 [JavaFX Application Thread] DEBUG FXGL                 - FXGL started
17:31:28.440 [JavaFX Application Thread] DEBUG FXGL                 - Initializing FXGL
17:31:28.556 [JavaFX Application Thread] DEBUG AssetLoader          - Loading from disk: /assets/ui/cursors/fxgl_default.png
17:31:28.637 [JavaFX Application Thread] DEBUG AssetLoader          - Loading from disk: /assets/ui/fonts/VarelaRound-Regular.ttf
17:31:28.888 [JavaFX Application Thread] DEBUG MainWindow           - Creating a JavaFX scene
17:31:28.979 [JavaFX Application Thread] DEBUG MainWindow           - Target settings size: 600.0 x 600.0
17:31:28.980 [JavaFX Application Thread] DEBUG MainWindow           - Scaled scene size:    600.0 x 600.0
17:31:28.981 [JavaFX Application Thread] DEBUG MainWindow           - Scaled ratio: (1.0, 1.0)
17:31:28.986 [JavaFX Application Thread] DEBUG AssetLoader          - Loading from disk: /assets/ui/css/fxgl_dark.css
17:31:28.995 [JavaFX Application Thread] DEBUG AssetLoader          - Loading from disk: /assets/textures/fxgl_icon.png
17:31:29.034 [JavaFX Application Thread] DEBUG MainWindow           - Opening main window
17:31:29.467 [JavaFX Application Thread] DEBUG MainWindow           - Window border size: (6.0, 29.0)
17:31:29.467 [JavaFX Application Thread] DEBUG MainWindow           - Scaled size: 600.0 x 600.0
17:31:29.467 [JavaFX Application Thread] DEBUG MainWindow           - Scaled ratio: (1.0, 1.0)
17:31:29.469 [JavaFX Application Thread] DEBUG MainWindow           - Scene size: 600.0 x 600.0
17:31:29.469 [JavaFX Application Thread] DEBUG MainWindow           - Stage size: 606.0 x 629.0
17:31:29.583 [ForkJoinPool.commonPool-worker-1] DEBUG FS                   - Loaded DesktopFSService
17:31:29.583 [ForkJoinPool.commonPool-worker-1] DEBUG FXGL                 - Loading FXGL system data
17:31:29.593 [ForkJoinPool.commonPool-worker-1] DEBUG DesktopFSService     - Reading from: system\fxgl.bundle
17:31:29.607 [ForkJoinPool.commonPool-worker-1] DEBUG Bundle               - Logging bundle: FXGL
17:31:29.609 [ForkJoinPool.commonPool-worker-1] DEBUG Bundle               - FXGL.offline.timer.version.check=2018-12-14T14:58:08.605
17:31:29.610 [ForkJoinPool.commonPool-worker-1] DEBUG FXGL                 - Initializing state machine and application states
17:31:29.613 [ForkJoinPool.commonPool-worker-1] DEBUG AssetLoader          - Loading from disk: /assets/ui/cursors/fxgl_default.png
17:31:29.622 [ForkJoinPool.commonPool-worker-1] DEBUG AssetLoader          - Loading from disk: /assets/ui/cursors/fxgl_default.png
17:31:29.632 [ForkJoinPool.commonPool-worker-1] DEBUG AssetLoader          - Loading from cache: /assets/ui/fonts/VarelaRound-Regular.ttf
17:31:29.635 [ForkJoinPool.commonPool-worker-1] DEBUG AssetLoader          - Loading from disk: /assets/ui/cursors/fxgl_default.png
17:31:29.642 [ForkJoinPool.commonPool-worker-1] DEBUG GameScene            - Game scene initialized: 600x600
17:31:29.651 [ForkJoinPool.commonPool-worker-1] DEBUG GameWorld            - Game world initialized
17:31:29.783 [ForkJoinPool.commonPool-worker-1] DEBUG PhysicsWorld         - Physics world initialized: appHeight=600, physics.ppm=50,0
17:31:29.831 [ForkJoinPool.commonPool-worker-1] DEBUG Input                - Registered new binding: Pause - Esc
17:31:29.902 [JavaFX Application Thread] DEBUG FXGL                 - Running preInit()
17:31:29.905 [JavaFX Application Thread] DEBUG Input                - Registered new binding: Screenshot - P
17:31:29.906 [JavaFX Application Thread] DEBUG Input                - Registered new binding: Dev Options - CTRL+0
17:31:29.907 [JavaFX Application Thread] DEBUG Input                - Registered new binding: System info dump - CTRL+9
17:31:29.908 [JavaFX Application Thread] DEBUG Input                - Registered new binding: Restart - CTRL+R
17:31:29.909 [JavaFX Application Thread] DEBUG Input                - Registered new binding: Move Right - D
17:31:29.909 [JavaFX Application Thread] DEBUG Input                - Registered new binding: Move Left - A
17:31:29.909 [JavaFX Application Thread] DEBUG Input                - Registered new binding: Move Ball - Space
17:31:29.910 [JavaFX Application Thread] DEBUG Input                - Registered new binding: New Level - N
17:31:29.910 [JavaFX Application Thread] DEBUG Input                - Registered new binding: New Ball - M
17:31:29.911 [JavaFX Application Thread] INFO  FXGL                 - FXGL initialization took: 1,471 sec
17:31:29.912 [JavaFX Application Thread] DEBUG LoopRunner           - Starting loop
17:31:29.914 [JavaFX Application Thread] DEBUG StartupState         - STARTUP
17:31:29.914 [JavaFX Application Thread] DEBUG GameApplication      - Starting new game
17:31:29.915 [JavaFX Application Thread] DEBUG Input                - Clearing active input actions
17:31:29.916 [JavaFX Application Thread] DEBUG AssetLoader          - Loading from disk: /assets/ui/css/fxgl_dark.css
17:31:29.929 [JavaFX Application Thread] DEBUG AppStateMachine      - StartupState -> LoadingState
17:31:29.954 [FXGL Background Thread 1 ] DEBUG InitAppTask          - Clearing previous game
17:31:29.955 [FXGL Background Thread 1 ] DEBUG GameWorld            - Clearing game world
17:31:29.955 [FXGL Background Thread 1 ] DEBUG PhysicsWorld         - Clearing physics world
17:31:29.955 [FXGL Background Thread 1 ] DEBUG GameScene            - Clearing game scene
17:31:29.957 [FXGL Background Thread 1 ] DEBUG InitAppTask          - Initializing Game
17:31:30.195 [FXGL Background Thread 1 ] DEBUG GameScene            - Creating render group for layer: DEFAULT(100000)
17:31:30.200 [FXGL Background Thread 1 ] DEBUG GameScene            - Creating render group for layer: BACKGROUND(1000)
17:31:30.206 [FXGL Background Thread 1 ] DEBUG InitAppTask          - Initializing Physics
17:31:30.208 [FXGL Background Thread 1 ] DEBUG InitAppTask          - Initializing UI
17:31:30.216 [FXGL Background Thread 1 ] DEBUG InitAppTask          - Initialization Complete
17:31:30.216 [FXGL Background Thread 1 ] INFO  InitAppTask          - Game initialization took: 0,262 sec
17:31:30.218 [JavaFX Application Thread] DEBUG Input                - Clearing active input actions
17:31:30.218 [JavaFX Application Thread] DEBUG AssetLoader          - Loading from disk: /assets/ui/css/fxgl_dark.css
17:31:30.242 [JavaFX Application Thread] DEBUG AppStateMachine      - LoadingState -> PlayState
17:31:41.165 [JavaFX Application Thread] DEBUG AssetLoader          - Loading from cache: /assets/ui/fonts/VarelaRound-Regular.ttf
17:31:41.169 [JavaFX Application Thread] DEBUG AssetLoader          - Loading from cache: /assets/ui/fonts/VarelaRound-Regular.ttf
17:31:41.173 [JavaFX Application Thread] DEBUG AssetLoader          - Loading from disk: /assets/properties/languages/english.properties
17:31:41.176 [JavaFX Application Thread] DEBUG AssetLoader          - Loading from cache: /assets/ui/fonts/VarelaRound-Regular.ttf
17:31:41.177 [JavaFX Application Thread] DEBUG AssetLoader          - Loading from cache: /assets/properties/languages/english.properties
17:31:41.184 [JavaFX Application Thread] DEBUG AssetLoader          - Loading from cache: /assets/ui/fonts/VarelaRound-Regular.ttf
17:31:41.186 [JavaFX Application Thread] DEBUG AppStateMachine      - Push state: DialogSubState
17:31:41.186 [JavaFX Application Thread] DEBUG Input                - Clearing active input actions
17:31:41.186 [JavaFX Application Thread] DEBUG AppStateMachine      - PlayState -> DialogSubState
17:31:43.317 [JavaFX Application Thread] DEBUG AppStateMachine      - Pop state: DialogSubState
17:31:43.317 [JavaFX Application Thread] DEBUG Input                - Clearing active input actions
17:31:43.319 [JavaFX Application Thread] DEBUG AppStateMachine      - PlayState <- DialogSubState
17:31:43.320 [JavaFX Application Thread] DEBUG FXGL                 - Exiting FXGL
17:31:43.320 [JavaFX Application Thread] DEBUG FXGL                 - Shutting down background threads
17:31:43.322 [JavaFX Application Thread] DEBUG FXGL                 - Saving FXGL system data
17:31:43.331 [JavaFX Application Thread] DEBUG DesktopFSService     - Writing to: system\fxgl.bundle
17:31:43.342 [JavaFX Application Thread] DEBUG FXGL                 - Closing logger and exiting JavaFX
