19:47:40.432 [JavaFX Application Thread] DEBUG GameApplication      - Logger initialized
19:47:40.464 [JavaFX Application Thread] DEBUG GameApplication      - Logging settings
Title: BreakOut
Version: 0.1
Width: 600
Height: 600
Fullscreen: false
Intro: false
Menus: false
Profiling: false
Single step:false
App Mode: DEVELOPER
Menu Key: ESCAPE
Stage Style: DECORATED
Scene Factory: class com.almasb.fxgl.scene.SceneFactory
Dialog Factory: class com.almasb.fxgl.ui.FXGLDialogFactory
UI Factory: class com.almasb.fxgl.ui.FXGLUIFactory
Notification Service: class com.almasb.fxgl.gameplay.notification.XboxNotificationView
Exception Handler: class com.almasb.fxgl.app.FXGLExceptionHandler
19:47:40.465 [JavaFX Application Thread] DEBUG GameApplication      - Starting FXGL
19:47:40.477 [JavaFX Application Thread] INFO  FXGL                 - FXGL-0.5.4 on DESKTOP
19:47:40.478 [JavaFX Application Thread] INFO  FXGL                 - Source code and latest versions at: https://github.com/AlmasB/FXGL
19:47:40.478 [JavaFX Application Thread] INFO  FXGL                 -              Join the FXGL chat at: https://gitter.im/AlmasB/FXGL
19:47:40.479 [JavaFX Application Thread] DEBUG FXGL                 - FXGL started
19:47:40.479 [JavaFX Application Thread] DEBUG FXGL                 - Initializing FXGL
19:47:40.569 [JavaFX Application Thread] DEBUG AssetLoader          - Loading from disk: /assets/ui/cursors/fxgl_default.png
19:47:40.658 [JavaFX Application Thread] DEBUG AssetLoader          - Loading from disk: /assets/ui/fonts/VarelaRound-Regular.ttf
19:47:40.926 [JavaFX Application Thread] DEBUG MainWindow           - Creating a JavaFX scene
19:47:41.085 [JavaFX Application Thread] DEBUG MainWindow           - Target settings size: 600.0 x 600.0
19:47:41.085 [JavaFX Application Thread] DEBUG MainWindow           - Scaled scene size:    600.0 x 600.0
19:47:41.085 [JavaFX Application Thread] DEBUG MainWindow           - Scaled ratio: (1.0, 1.0)
19:47:41.092 [JavaFX Application Thread] DEBUG AssetLoader          - Loading from disk: /assets/ui/css/fxgl_dark.css
19:47:41.106 [JavaFX Application Thread] DEBUG AssetLoader          - Loading from disk: /assets/textures/fxgl_icon.png
19:47:41.138 [JavaFX Application Thread] DEBUG MainWindow           - Opening main window
19:47:41.645 [JavaFX Application Thread] DEBUG MainWindow           - Window border size: (6.0, 29.0)
19:47:41.645 [JavaFX Application Thread] DEBUG MainWindow           - Scaled size: 600.0 x 600.0
19:47:41.645 [JavaFX Application Thread] DEBUG MainWindow           - Scaled ratio: (1.0, 1.0)
19:47:41.645 [JavaFX Application Thread] DEBUG MainWindow           - Scene size: 600.0 x 600.0
19:47:41.645 [JavaFX Application Thread] DEBUG MainWindow           - Stage size: 606.0 x 629.0
19:47:41.784 [ForkJoinPool.commonPool-worker-1] DEBUG FS                   - Loaded DesktopFSService
19:47:41.785 [ForkJoinPool.commonPool-worker-1] DEBUG FXGL                 - Loading FXGL system data
19:47:41.801 [ForkJoinPool.commonPool-worker-1] DEBUG DesktopFSService     - Reading from: system\fxgl.bundle
19:47:41.822 [ForkJoinPool.commonPool-worker-1] DEBUG Bundle               - Logging bundle: FXGL
19:47:41.822 [ForkJoinPool.commonPool-worker-1] DEBUG Bundle               - FXGL.offline.timer.version.check=2018-12-14T14:58:08.605
19:47:41.824 [ForkJoinPool.commonPool-worker-1] DEBUG FXGL                 - Initializing state machine and application states
19:47:41.826 [ForkJoinPool.commonPool-worker-1] DEBUG AssetLoader          - Loading from disk: /assets/ui/cursors/fxgl_default.png
19:47:41.838 [ForkJoinPool.commonPool-worker-1] DEBUG AssetLoader          - Loading from disk: /assets/ui/cursors/fxgl_default.png
19:47:41.851 [ForkJoinPool.commonPool-worker-1] DEBUG AssetLoader          - Loading from cache: /assets/ui/fonts/VarelaRound-Regular.ttf
19:47:41.856 [ForkJoinPool.commonPool-worker-1] DEBUG AssetLoader          - Loading from disk: /assets/ui/cursors/fxgl_default.png
19:47:41.861 [ForkJoinPool.commonPool-worker-1] DEBUG GameScene            - Game scene initialized: 600x600
19:47:41.904 [ForkJoinPool.commonPool-worker-1] DEBUG GameWorld            - Game world initialized
19:47:42.028 [ForkJoinPool.commonPool-worker-1] DEBUG PhysicsWorld         - Physics world initialized: appHeight=600, physics.ppm=50,0
19:47:42.067 [ForkJoinPool.commonPool-worker-1] DEBUG Input                - Registered new binding: Pause - Esc
19:47:42.141 [JavaFX Application Thread] DEBUG FXGL                 - Running preInit()
19:47:42.144 [JavaFX Application Thread] DEBUG Input                - Registered new binding: Screenshot - P
19:47:42.145 [JavaFX Application Thread] DEBUG Input                - Registered new binding: Dev Options - CTRL+0
19:47:42.146 [JavaFX Application Thread] DEBUG Input                - Registered new binding: System info dump - CTRL+9
19:47:42.147 [JavaFX Application Thread] DEBUG Input                - Registered new binding: Restart - CTRL+R
19:47:42.148 [JavaFX Application Thread] DEBUG Input                - Registered new binding: Move Right - D
19:47:42.148 [JavaFX Application Thread] DEBUG Input                - Registered new binding: Move Left - A
19:47:42.148 [JavaFX Application Thread] DEBUG Input                - Registered new binding: Move Ball - Space
19:47:42.149 [JavaFX Application Thread] DEBUG Input                - Registered new binding: New Level - N
19:47:42.149 [JavaFX Application Thread] DEBUG Input                - Registered new binding: New Ball - M
19:47:42.152 [JavaFX Application Thread] DEBUG Input                - Registered new binding: Testing - LMB
19:47:42.154 [JavaFX Application Thread] INFO  FXGL                 - FXGL initialization took: 1,674 sec
19:47:42.154 [JavaFX Application Thread] DEBUG LoopRunner           - Starting loop
19:47:42.156 [JavaFX Application Thread] DEBUG StartupState         - STARTUP
19:47:42.157 [JavaFX Application Thread] DEBUG GameApplication      - Starting new game
19:47:42.157 [JavaFX Application Thread] DEBUG Input                - Clearing active input actions
19:47:42.159 [JavaFX Application Thread] DEBUG AssetLoader          - Loading from disk: /assets/ui/css/fxgl_dark.css
19:47:42.172 [JavaFX Application Thread] DEBUG AppStateMachine      - StartupState -> LoadingState
19:47:42.191 [FXGL Background Thread 1 ] DEBUG InitAppTask          - Clearing previous game
19:47:42.191 [FXGL Background Thread 1 ] DEBUG GameWorld            - Clearing game world
19:47:42.191 [FXGL Background Thread 1 ] DEBUG PhysicsWorld         - Clearing physics world
19:47:42.192 [FXGL Background Thread 1 ] DEBUG GameScene            - Clearing game scene
19:47:42.194 [FXGL Background Thread 1 ] DEBUG InitAppTask          - Initializing Game
19:47:42.462 [FXGL Background Thread 1 ] DEBUG GameScene            - Creating render group for layer: DEFAULT(100000)
19:47:42.467 [FXGL Background Thread 1 ] DEBUG GameScene            - Creating render group for layer: BACKGROUND(1000)
19:47:42.487 [FXGL Background Thread 1 ] DEBUG InitAppTask          - Initializing Physics
19:47:42.488 [FXGL Background Thread 1 ] DEBUG InitAppTask          - Initializing UI
19:47:42.505 [FXGL Background Thread 1 ] DEBUG InitAppTask          - Initialization Complete
19:47:42.505 [FXGL Background Thread 1 ] INFO  InitAppTask          - Game initialization took: 0,314 sec
19:47:42.512 [JavaFX Application Thread] DEBUG Input                - Clearing active input actions
19:47:42.512 [JavaFX Application Thread] DEBUG AssetLoader          - Loading from disk: /assets/ui/css/fxgl_dark.css
19:47:42.537 [JavaFX Application Thread] DEBUG AppStateMachine      - LoadingState -> PlayState
19:47:50.748 [JavaFX Application Thread] DEBUG AssetLoader          - Loading from cache: /assets/sounds/boom8.wav
19:47:50.779 [JavaFX Application Thread] DEBUG AssetLoader          - Loading from cache: /assets/sounds/boom8.wav
19:47:50.859 [JavaFX Application Thread] DEBUG AssetLoader          - Loading from cache: /assets/sounds/boom8.wav
19:47:50.861 [JavaFX Application Thread] DEBUG AssetLoader          - Loading from cache: /assets/sounds/boom8.wav
19:47:53.403 [JavaFX Application Thread] DEBUG AssetLoader          - Loading from cache: /assets/sounds/boom8.wav
19:47:55.212 [JavaFX Application Thread] DEBUG AssetLoader          - Loading from cache: /assets/sounds/boom8.wav
19:47:55.214 [JavaFX Application Thread] DEBUG AssetLoader          - Loading from cache: /assets/sounds/boom8.wav
19:47:59.159 [JavaFX Application Thread] DEBUG FXGL                 - Exiting FXGL
19:47:59.161 [JavaFX Application Thread] DEBUG FXGL                 - Shutting down background threads
19:47:59.161 [JavaFX Application Thread] DEBUG FXGL                 - Saving FXGL system data
19:47:59.168 [JavaFX Application Thread] DEBUG DesktopFSService     - Writing to: system\fxgl.bundle
19:47:59.176 [JavaFX Application Thread] DEBUG FXGL                 - Closing logger and exiting JavaFX
