20:42:59.776 [JavaFX Application Thread] DEBUG GameApplication      - Logger initialized
20:42:59.791 [JavaFX Application Thread] DEBUG GameApplication      - Logging settings
Title: BreakOut
Version: 0.1
Width: 600
Height: 600
Fullscreen: false
Intro: false
Menus: false
Profiling: false
Single step:false
App Mode: DEVELOPER
Menu Key: ESCAPE
Stage Style: DECORATED
Scene Factory: class com.almasb.fxgl.scene.SceneFactory
Dialog Factory: class com.almasb.fxgl.ui.FXGLDialogFactory
UI Factory: class com.almasb.fxgl.ui.FXGLUIFactory
Notification Service: class com.almasb.fxgl.gameplay.notification.XboxNotificationView
Exception Handler: class com.almasb.fxgl.app.FXGLExceptionHandler
20:42:59.791 [JavaFX Application Thread] DEBUG GameApplication      - Starting FXGL
20:42:59.803 [JavaFX Application Thread] INFO  FXGL                 - FXGL-0.5.4 on DESKTOP
20:42:59.804 [JavaFX Application Thread] INFO  FXGL                 - Source code and latest versions at: https://github.com/AlmasB/FXGL
20:42:59.804 [JavaFX Application Thread] INFO  FXGL                 -              Join the FXGL chat at: https://gitter.im/AlmasB/FXGL
20:42:59.805 [JavaFX Application Thread] DEBUG FXGL                 - FXGL started
20:42:59.806 [JavaFX Application Thread] DEBUG FXGL                 - Initializing FXGL
20:42:59.935 [JavaFX Application Thread] DEBUG AssetLoader          - Loading from disk: /assets/ui/cursors/fxgl_default.png
20:43:00.025 [JavaFX Application Thread] DEBUG AssetLoader          - Loading from disk: /assets/ui/fonts/VarelaRound-Regular.ttf
20:43:00.273 [JavaFX Application Thread] DEBUG MainWindow           - Creating a JavaFX scene
20:43:00.362 [JavaFX Application Thread] DEBUG MainWindow           - Target settings size: 600.0 x 600.0
20:43:00.363 [JavaFX Application Thread] DEBUG MainWindow           - Scaled scene size:    600.0 x 600.0
20:43:00.364 [JavaFX Application Thread] DEBUG MainWindow           - Scaled ratio: (1.0, 1.0)
20:43:00.369 [JavaFX Application Thread] DEBUG AssetLoader          - Loading from disk: /assets/ui/css/fxgl_dark.css
20:43:00.377 [JavaFX Application Thread] DEBUG AssetLoader          - Loading from disk: /assets/textures/fxgl_icon.png
20:43:00.414 [JavaFX Application Thread] DEBUG MainWindow           - Opening main window
20:43:00.960 [JavaFX Application Thread] DEBUG MainWindow           - Window border size: (6.0, 29.0)
20:43:00.960 [JavaFX Application Thread] DEBUG MainWindow           - Scaled size: 600.0 x 600.0
20:43:00.961 [JavaFX Application Thread] DEBUG MainWindow           - Scaled ratio: (1.0, 1.0)
20:43:00.961 [JavaFX Application Thread] DEBUG MainWindow           - Scene size: 600.0 x 600.0
20:43:00.961 [JavaFX Application Thread] DEBUG MainWindow           - Stage size: 606.0 x 629.0
20:43:01.102 [ForkJoinPool.commonPool-worker-1] DEBUG FS                   - Loaded DesktopFSService
20:43:01.103 [ForkJoinPool.commonPool-worker-1] DEBUG FXGL                 - Loading FXGL system data
20:43:01.115 [ForkJoinPool.commonPool-worker-1] DEBUG DesktopFSService     - Reading from: system\fxgl.bundle
20:43:01.133 [ForkJoinPool.commonPool-worker-1] DEBUG Bundle               - Logging bundle: FXGL
20:43:01.134 [ForkJoinPool.commonPool-worker-1] DEBUG Bundle               - FXGL.offline.timer.version.check=2018-12-14T14:58:08.605
20:43:01.136 [ForkJoinPool.commonPool-worker-1] DEBUG FXGL                 - Initializing state machine and application states
20:43:01.139 [ForkJoinPool.commonPool-worker-1] DEBUG AssetLoader          - Loading from disk: /assets/ui/cursors/fxgl_default.png
20:43:01.149 [ForkJoinPool.commonPool-worker-1] DEBUG AssetLoader          - Loading from disk: /assets/ui/cursors/fxgl_default.png
20:43:01.161 [ForkJoinPool.commonPool-worker-1] DEBUG AssetLoader          - Loading from cache: /assets/ui/fonts/VarelaRound-Regular.ttf
20:43:01.166 [ForkJoinPool.commonPool-worker-1] DEBUG AssetLoader          - Loading from disk: /assets/ui/cursors/fxgl_default.png
20:43:01.176 [ForkJoinPool.commonPool-worker-1] DEBUG GameScene            - Game scene initialized: 600x600
20:43:01.191 [ForkJoinPool.commonPool-worker-1] DEBUG GameWorld            - Game world initialized
20:43:01.311 [ForkJoinPool.commonPool-worker-1] DEBUG PhysicsWorld         - Physics world initialized: appHeight=600, physics.ppm=50,0
20:43:01.348 [ForkJoinPool.commonPool-worker-1] DEBUG Input                - Registered new binding: Pause - Esc
20:43:01.432 [JavaFX Application Thread] DEBUG FXGL                 - Running preInit()
20:43:01.435 [JavaFX Application Thread] DEBUG Input                - Registered new binding: Screenshot - P
20:43:01.436 [JavaFX Application Thread] DEBUG Input                - Registered new binding: Dev Options - CTRL+0
20:43:01.437 [JavaFX Application Thread] DEBUG Input                - Registered new binding: System info dump - CTRL+9
20:43:01.437 [JavaFX Application Thread] DEBUG Input                - Registered new binding: Restart - CTRL+R
20:43:01.438 [JavaFX Application Thread] DEBUG Input                - Registered new binding: Move Right - D
20:43:01.438 [JavaFX Application Thread] DEBUG Input                - Registered new binding: Move Left - A
20:43:01.439 [JavaFX Application Thread] DEBUG Input                - Registered new binding: Move Ball - Space
20:43:01.439 [JavaFX Application Thread] DEBUG Input                - Registered new binding: New Level - N
20:43:01.440 [JavaFX Application Thread] DEBUG Input                - Registered new binding: New Ball - M
20:43:01.442 [JavaFX Application Thread] DEBUG Input                - Registered new binding: Testing - LMB
20:43:01.443 [JavaFX Application Thread] INFO  FXGL                 - FXGL initialization took: 1,637 sec
20:43:01.444 [JavaFX Application Thread] DEBUG LoopRunner           - Starting loop
20:43:01.446 [JavaFX Application Thread] DEBUG StartupState         - STARTUP
20:43:01.447 [JavaFX Application Thread] DEBUG GameApplication      - Starting new game
20:43:01.447 [JavaFX Application Thread] DEBUG Input                - Clearing active input actions
20:43:01.448 [JavaFX Application Thread] DEBUG AssetLoader          - Loading from disk: /assets/ui/css/fxgl_dark.css
20:43:01.462 [JavaFX Application Thread] DEBUG AppStateMachine      - StartupState -> LoadingState
20:43:01.481 [FXGL Background Thread 1 ] DEBUG InitAppTask          - Clearing previous game
20:43:01.481 [FXGL Background Thread 1 ] DEBUG GameWorld            - Clearing game world
20:43:01.481 [FXGL Background Thread 1 ] DEBUG PhysicsWorld         - Clearing physics world
20:43:01.482 [FXGL Background Thread 1 ] DEBUG GameScene            - Clearing game scene
20:43:01.488 [FXGL Background Thread 1 ] DEBUG InitAppTask          - Initializing Game
20:43:01.730 [FXGL Background Thread 1 ] DEBUG GameScene            - Creating render group for layer: DEFAULT(100000)
20:43:01.733 [FXGL Background Thread 1 ] DEBUG GameScene            - Creating render group for layer: BACKGROUND(1000)
20:43:01.739 [FXGL Background Thread 1 ] DEBUG InitAppTask          - Initializing Physics
20:43:01.740 [FXGL Background Thread 1 ] DEBUG InitAppTask          - Initializing UI
20:43:01.750 [FXGL Background Thread 1 ] DEBUG InitAppTask          - Initialization Complete
20:43:01.750 [FXGL Background Thread 1 ] INFO  InitAppTask          - Game initialization took: 0,270 sec
20:43:01.755 [JavaFX Application Thread] DEBUG Input                - Clearing active input actions
20:43:01.755 [JavaFX Application Thread] DEBUG AssetLoader          - Loading from disk: /assets/ui/css/fxgl_dark.css
20:43:01.779 [JavaFX Application Thread] DEBUG AppStateMachine      - LoadingState -> PlayState
20:43:03.833 [JavaFX Application Thread] FATAL FXGL                 - Uncaught Exception:

Fatal exception occurred: java.lang.NullPointerException : null
E: View.BrickComponent.hit(BrickComponent.java:24)
E: View.GameApp$8.onCollisionBegin(GameApp.java:189)
E: com.almasb.fxgl.physics.CollisionPair.collisionBegin(CollisionPair.java:44)
E: com.almasb.fxgl.physics.PhysicsWorld.beginContact(PhysicsWorld.java:324)
E: com.almasb.fxgl.physics.box2d.dynamics.contacts.Contact.update(Contact.java:277)
E: com.almasb.fxgl.physics.box2d.dynamics.World.solveTOI(World.java:629)
E: com.almasb.fxgl.physics.box2d.dynamics.World.step(World.java:314)
E: com.almasb.fxgl.physics.PhysicsWorld.onUpdate(PhysicsWorld.java:235)
E: com.almasb.fxgl.app.PlayState.step(AppStates.kt:245)
E: com.almasb.fxgl.app.PlayState.onUpdate(AppStates.kt:240)
E: com.almasb.fxgl.app.State.update(State.java:73)
E: com.almasb.fxgl.app.AppStateMachine.onUpdate(AppStateMachine.java:100)
E: com.almasb.fxgl.app.FXGL.loop(FXGL.kt:356)
E: com.almasb.fxgl.app.FXGL.access$loop(FXGL.kt:54)
E: com.almasb.fxgl.app.FXGL$loop$1.accept(FXGL.kt:78)
E: com.almasb.fxgl.app.FXGL$loop$1.accept(FXGL.kt:54)
E: com.almasb.fxgl.app.LoopRunner.frame(LoopRunner.kt:88)
E: com.almasb.fxgl.app.LoopRunner.access$frame(LoopRunner.kt:19)
E: com.almasb.fxgl.app.LoopRunner$impl$2$1.handle(LoopRunner.kt:39)
E: javafx.animation.AnimationTimer$AnimationTimerReceiver.lambda$handle$485(AnimationTimer.java:57)
E: java.security.AccessController.doPrivileged(Native Method)
E: javafx.animation.AnimationTimer$AnimationTimerReceiver.handle(AnimationTimer.java:56)
E: com.sun.scenario.animation.AbstractMasterTimer.timePulseImpl(AbstractMasterTimer.java:357)
E: com.sun.scenario.animation.AbstractMasterTimer$MainLoop.run(AbstractMasterTimer.java:267)
E: com.sun.javafx.tk.quantum.QuantumToolkit.pulse(QuantumToolkit.java:514)
E: com.sun.javafx.tk.quantum.QuantumToolkit.pulse(QuantumToolkit.java:498)
E: com.sun.javafx.tk.quantum.QuantumToolkit.pulseFromQueue(QuantumToolkit.java:491)
E: com.sun.javafx.tk.quantum.QuantumToolkit.lambda$runToolkit$403(QuantumToolkit.java:319)
E: com.sun.glass.ui.InvokeLaterDispatcher$Future.run(InvokeLaterDispatcher.java:95)
E: com.sun.glass.ui.win.WinApplication._runLoop(Native Method)
E: com.sun.glass.ui.win.WinApplication.lambda$null$147(WinApplication.java:177)
E: java.lang.Thread.run(Thread.java:748)

20:43:03.834 [JavaFX Application Thread] FATAL FXGL                 - Application will now exit
20:43:03.834 [JavaFX Application Thread] DEBUG LoopRunner           - Stopping loop
20:43:09.538 [JavaFX Application Thread] DEBUG FXGL                 - Exiting FXGL
20:43:09.539 [JavaFX Application Thread] DEBUG FXGL                 - Shutting down background threads
20:43:09.539 [JavaFX Application Thread] DEBUG FXGL                 - Saving FXGL system data
20:43:09.545 [JavaFX Application Thread] DEBUG DesktopFSService     - Writing to: system\fxgl.bundle
20:43:09.553 [JavaFX Application Thread] DEBUG FXGL                 - Closing logger and exiting JavaFX
