14:45:38.035 [JavaFX Application Thread] DEBUG GameApplication      - Logger initialized
14:45:38.062 [JavaFX Application Thread] DEBUG GameApplication      - Logging settings
Title: BreakOut
Version: 0.1
Width: 600
Height: 600
Fullscreen: false
Intro: false
Menus: false
Profiling: false
Single step:false
App Mode: DEVELOPER
Menu Key: ESCAPE
Stage Style: DECORATED
Scene Factory: class com.almasb.fxgl.scene.SceneFactory
Dialog Factory: class com.almasb.fxgl.ui.FXGLDialogFactory
UI Factory: class com.almasb.fxgl.ui.FXGLUIFactory
Notification Service: class com.almasb.fxgl.gameplay.notification.XboxNotificationView
Exception Handler: class com.almasb.fxgl.app.FXGLExceptionHandler
14:45:38.063 [JavaFX Application Thread] DEBUG GameApplication      - Starting FXGL
14:45:38.072 [JavaFX Application Thread] INFO  FXGL                 - FXGL-0.5.4 on DESKTOP
14:45:38.073 [JavaFX Application Thread] INFO  FXGL                 - Source code and latest versions at: https://github.com/AlmasB/FXGL
14:45:38.073 [JavaFX Application Thread] INFO  FXGL                 -              Join the FXGL chat at: https://gitter.im/AlmasB/FXGL
14:45:38.073 [JavaFX Application Thread] DEBUG FXGL                 - FXGL started
14:45:38.074 [JavaFX Application Thread] DEBUG FXGL                 - Initializing FXGL
14:45:38.137 [JavaFX Application Thread] DEBUG AssetLoader          - Loading from disk: /assets/ui/cursors/fxgl_default.png
14:45:38.198 [JavaFX Application Thread] DEBUG AssetLoader          - Loading from disk: /assets/ui/fonts/VarelaRound-Regular.ttf
14:45:38.261 [JavaFX Application Thread] DEBUG MainWindow           - Creating a JavaFX scene
14:45:38.317 [JavaFX Application Thread] DEBUG MainWindow           - Target settings size: 600.0 x 600.0
14:45:38.318 [JavaFX Application Thread] DEBUG MainWindow           - Scaled scene size:    600.0 x 600.0
14:45:38.318 [JavaFX Application Thread] DEBUG MainWindow           - Scaled ratio: (1.0, 1.0)
14:45:38.321 [JavaFX Application Thread] DEBUG AssetLoader          - Loading from disk: /assets/ui/css/fxgl_dark.css
14:45:38.343 [JavaFX Application Thread] DEBUG AssetLoader          - Loading from disk: /assets/textures/fxgl_icon.png
14:45:38.380 [JavaFX Application Thread] DEBUG MainWindow           - Opening main window
14:45:38.753 [JavaFX Application Thread] DEBUG MainWindow           - Window border size: (6.0, 29.0)
14:45:38.753 [JavaFX Application Thread] DEBUG MainWindow           - Scaled size: 600.0 x 600.0
14:45:38.753 [JavaFX Application Thread] DEBUG MainWindow           - Scaled ratio: (1.0, 1.0)
14:45:38.754 [JavaFX Application Thread] DEBUG MainWindow           - Scene size: 600.0 x 600.0
14:45:38.754 [JavaFX Application Thread] DEBUG MainWindow           - Stage size: 606.0 x 629.0
14:45:38.825 [ForkJoinPool.commonPool-worker-1] DEBUG FS                   - Loaded DesktopFSService
14:45:38.826 [ForkJoinPool.commonPool-worker-1] DEBUG FXGL                 - Loading FXGL system data
14:45:38.840 [ForkJoinPool.commonPool-worker-1] DEBUG DesktopFSService     - Reading from: system\fxgl.bundle
14:45:38.855 [ForkJoinPool.commonPool-worker-1] DEBUG Bundle               - Logging bundle: FXGL
14:45:38.856 [ForkJoinPool.commonPool-worker-1] DEBUG Bundle               - FXGL.offline.timer.version.check=2018-12-14T14:58:08.605
14:45:38.858 [ForkJoinPool.commonPool-worker-1] DEBUG FXGL                 - Initializing state machine and application states
14:45:38.864 [ForkJoinPool.commonPool-worker-1] DEBUG AssetLoader          - Loading from disk: /assets/ui/cursors/fxgl_default.png
14:45:38.872 [ForkJoinPool.commonPool-worker-1] DEBUG AssetLoader          - Loading from disk: /assets/ui/cursors/fxgl_default.png
14:45:38.883 [ForkJoinPool.commonPool-worker-1] DEBUG AssetLoader          - Loading from cache: /assets/ui/fonts/VarelaRound-Regular.ttf
14:45:38.898 [ForkJoinPool.commonPool-worker-1] DEBUG AssetLoader          - Loading from disk: /assets/ui/cursors/fxgl_default.png
14:45:38.903 [ForkJoinPool.commonPool-worker-1] DEBUG GameScene            - Game scene initialized: 600x600
14:45:38.910 [ForkJoinPool.commonPool-worker-1] DEBUG GameWorld            - Game world initialized
14:45:39.016 [ForkJoinPool.commonPool-worker-1] DEBUG PhysicsWorld         - Physics world initialized: appHeight=600, physics.ppm=50,0
14:45:39.052 [ForkJoinPool.commonPool-worker-1] DEBUG Input                - Registered new binding: Pause - Esc
14:45:39.151 [JavaFX Application Thread] DEBUG FXGL                 - Running preInit()
14:45:39.154 [JavaFX Application Thread] DEBUG Input                - Registered new binding: Screenshot - P
14:45:39.155 [JavaFX Application Thread] DEBUG Input                - Registered new binding: Dev Options - CTRL+0
14:45:39.156 [JavaFX Application Thread] DEBUG Input                - Registered new binding: System info dump - CTRL+9
14:45:39.157 [JavaFX Application Thread] DEBUG Input                - Registered new binding: Restart - CTRL+R
14:45:39.158 [JavaFX Application Thread] DEBUG Input                - Registered new binding: Move Right - D
14:45:39.158 [JavaFX Application Thread] DEBUG Input                - Registered new binding: Move Left - A
14:45:39.158 [JavaFX Application Thread] DEBUG Input                - Registered new binding: Move Ball - Space
14:45:39.158 [JavaFX Application Thread] DEBUG Input                - Registered new binding: New Level - N
14:45:39.159 [JavaFX Application Thread] DEBUG Input                - Registered new binding: New Ball - M
14:45:39.160 [JavaFX Application Thread] INFO  FXGL                 - FXGL initialization took: 1,085 sec
14:45:39.160 [JavaFX Application Thread] DEBUG LoopRunner           - Starting loop
14:45:39.163 [JavaFX Application Thread] DEBUG StartupState         - STARTUP
14:45:39.164 [JavaFX Application Thread] DEBUG GameApplication      - Starting new game
14:45:39.164 [JavaFX Application Thread] DEBUG Input                - Clearing active input actions
14:45:39.166 [JavaFX Application Thread] DEBUG AssetLoader          - Loading from disk: /assets/ui/css/fxgl_dark.css
14:45:39.174 [JavaFX Application Thread] DEBUG AppStateMachine      - StartupState -> LoadingState
14:45:39.184 [FXGL Background Thread 1 ] DEBUG InitAppTask          - Clearing previous game
14:45:39.185 [FXGL Background Thread 1 ] DEBUG GameWorld            - Clearing game world
14:45:39.185 [FXGL Background Thread 1 ] DEBUG PhysicsWorld         - Clearing physics world
14:45:39.185 [FXGL Background Thread 1 ] DEBUG GameScene            - Clearing game scene
14:45:39.187 [FXGL Background Thread 1 ] DEBUG InitAppTask          - Initializing Game
14:45:39.409 [FXGL Background Thread 1 ] DEBUG GameScene            - Creating render group for layer: DEFAULT(100000)
14:45:39.414 [FXGL Background Thread 1 ] DEBUG GameScene            - Creating render group for layer: BACKGROUND(1000)
14:45:39.438 [FXGL Background Thread 1 ] DEBUG InitAppTask          - Initializing Physics
14:45:39.440 [FXGL Background Thread 1 ] DEBUG InitAppTask          - Initializing UI
14:45:39.442 [FXGL Background Thread 1 ] DEBUG InitAppTask          - Initialization Complete
14:45:39.443 [FXGL Background Thread 1 ] INFO  InitAppTask          - Game initialization took: 0,258 sec
14:45:39.451 [JavaFX Application Thread] DEBUG Input                - Clearing active input actions
14:45:39.451 [JavaFX Application Thread] DEBUG AssetLoader          - Loading from disk: /assets/ui/css/fxgl_dark.css
14:45:39.473 [JavaFX Application Thread] DEBUG AppStateMachine      - LoadingState -> PlayState
14:45:50.822 [JavaFX Application Thread] DEBUG FXGL                 - Exiting FXGL
14:45:50.823 [JavaFX Application Thread] DEBUG FXGL                 - Shutting down background threads
14:45:50.823 [JavaFX Application Thread] DEBUG FXGL                 - Saving FXGL system data
14:45:50.826 [JavaFX Application Thread] DEBUG DesktopFSService     - Writing to: system\fxgl.bundle
14:45:50.830 [JavaFX Application Thread] DEBUG FXGL                 - Closing logger and exiting JavaFX
