14:44:39.037 [JavaFX Application Thread] DEBUG GameApplication      - Logger initialized
14:44:39.054 [JavaFX Application Thread] DEBUG GameApplication      - Logging settings
Title: BreakOut
Version: 0.1
Width: 600
Height: 600
Fullscreen: false
Intro: false
Menus: false
Profiling: false
Single step:false
App Mode: DEVELOPER
Menu Key: ESCAPE
Stage Style: DECORATED
Scene Factory: class com.almasb.fxgl.scene.SceneFactory
Dialog Factory: class com.almasb.fxgl.ui.FXGLDialogFactory
UI Factory: class com.almasb.fxgl.ui.FXGLUIFactory
Notification Service: class com.almasb.fxgl.gameplay.notification.XboxNotificationView
Exception Handler: class com.almasb.fxgl.app.FXGLExceptionHandler
14:44:39.054 [JavaFX Application Thread] DEBUG GameApplication      - Starting FXGL
14:44:39.064 [JavaFX Application Thread] INFO  FXGL                 - FXGL-0.5.4 on DESKTOP
14:44:39.064 [JavaFX Application Thread] INFO  FXGL                 - Source code and latest versions at: https://github.com/AlmasB/FXGL
14:44:39.065 [JavaFX Application Thread] INFO  FXGL                 -              Join the FXGL chat at: https://gitter.im/AlmasB/FXGL
14:44:39.065 [JavaFX Application Thread] DEBUG FXGL                 - FXGL started
14:44:39.065 [JavaFX Application Thread] DEBUG FXGL                 - Initializing FXGL
14:44:39.116 [JavaFX Application Thread] DEBUG AssetLoader          - Loading from disk: /assets/ui/cursors/fxgl_default.png
14:44:39.181 [JavaFX Application Thread] DEBUG AssetLoader          - Loading from disk: /assets/ui/fonts/VarelaRound-Regular.ttf
14:44:39.375 [JavaFX Application Thread] DEBUG MainWindow           - Creating a JavaFX scene
14:44:39.441 [JavaFX Application Thread] DEBUG MainWindow           - Target settings size: 600.0 x 600.0
14:44:39.442 [JavaFX Application Thread] DEBUG MainWindow           - Scaled scene size:    600.0 x 600.0
14:44:39.442 [JavaFX Application Thread] DEBUG MainWindow           - Scaled ratio: (1.0, 1.0)
14:44:39.445 [JavaFX Application Thread] DEBUG AssetLoader          - Loading from disk: /assets/ui/css/fxgl_dark.css
14:44:39.450 [JavaFX Application Thread] DEBUG AssetLoader          - Loading from disk: /assets/textures/fxgl_icon.png
14:44:39.469 [JavaFX Application Thread] DEBUG MainWindow           - Opening main window
14:44:39.789 [JavaFX Application Thread] DEBUG MainWindow           - Window border size: (6.0, 29.0)
14:44:39.790 [JavaFX Application Thread] DEBUG MainWindow           - Scaled size: 600.0 x 600.0
14:44:39.790 [JavaFX Application Thread] DEBUG MainWindow           - Scaled ratio: (1.0, 1.0)
14:44:39.790 [JavaFX Application Thread] DEBUG MainWindow           - Scene size: 600.0 x 600.0
14:44:39.790 [JavaFX Application Thread] DEBUG MainWindow           - Stage size: 606.0 x 629.0
14:44:39.854 [ForkJoinPool.commonPool-worker-1] DEBUG FS                   - Loaded DesktopFSService
14:44:39.855 [ForkJoinPool.commonPool-worker-1] DEBUG FXGL                 - Loading FXGL system data
14:44:39.901 [ForkJoinPool.commonPool-worker-1] DEBUG DesktopFSService     - Reading from: system\fxgl.bundle
14:44:39.913 [ForkJoinPool.commonPool-worker-1] DEBUG Bundle               - Logging bundle: FXGL
14:44:39.914 [ForkJoinPool.commonPool-worker-1] DEBUG Bundle               - FXGL.offline.timer.version.check=2018-12-14T14:58:08.605
14:44:39.915 [ForkJoinPool.commonPool-worker-1] DEBUG FXGL                 - Initializing state machine and application states
14:44:39.917 [ForkJoinPool.commonPool-worker-1] DEBUG AssetLoader          - Loading from disk: /assets/ui/cursors/fxgl_default.png
14:44:39.927 [ForkJoinPool.commonPool-worker-1] DEBUG AssetLoader          - Loading from disk: /assets/ui/cursors/fxgl_default.png
14:44:39.934 [ForkJoinPool.commonPool-worker-1] DEBUG AssetLoader          - Loading from cache: /assets/ui/fonts/VarelaRound-Regular.ttf
14:44:39.939 [ForkJoinPool.commonPool-worker-1] DEBUG AssetLoader          - Loading from disk: /assets/ui/cursors/fxgl_default.png
14:44:39.943 [ForkJoinPool.commonPool-worker-1] DEBUG GameScene            - Game scene initialized: 600x600
14:44:39.960 [ForkJoinPool.commonPool-worker-1] DEBUG GameWorld            - Game world initialized
14:44:40.033 [ForkJoinPool.commonPool-worker-1] DEBUG PhysicsWorld         - Physics world initialized: appHeight=600, physics.ppm=50,0
14:44:40.060 [ForkJoinPool.commonPool-worker-1] DEBUG Input                - Registered new binding: Pause - Esc
14:44:40.124 [JavaFX Application Thread] DEBUG FXGL                 - Running preInit()
14:44:40.126 [JavaFX Application Thread] DEBUG Input                - Registered new binding: Screenshot - P
14:44:40.126 [JavaFX Application Thread] DEBUG Input                - Registered new binding: Dev Options - CTRL+0
14:44:40.127 [JavaFX Application Thread] DEBUG Input                - Registered new binding: System info dump - CTRL+9
14:44:40.128 [JavaFX Application Thread] DEBUG Input                - Registered new binding: Restart - CTRL+R
14:44:40.128 [JavaFX Application Thread] DEBUG Input                - Registered new binding: Move Right - D
14:44:40.128 [JavaFX Application Thread] DEBUG Input                - Registered new binding: Move Left - A
14:44:40.128 [JavaFX Application Thread] DEBUG Input                - Registered new binding: Move Ball - Space
14:44:40.129 [JavaFX Application Thread] DEBUG Input                - Registered new binding: New Level - N
14:44:40.129 [JavaFX Application Thread] DEBUG Input                - Registered new binding: New Ball - M
14:44:40.133 [JavaFX Application Thread] INFO  FXGL                 - FXGL initialization took: 1,063 sec
14:44:40.134 [JavaFX Application Thread] DEBUG LoopRunner           - Starting loop
14:44:40.138 [JavaFX Application Thread] DEBUG StartupState         - STARTUP
14:44:40.138 [JavaFX Application Thread] DEBUG GameApplication      - Starting new game
14:44:40.138 [JavaFX Application Thread] DEBUG Input                - Clearing active input actions
14:44:40.139 [JavaFX Application Thread] DEBUG AssetLoader          - Loading from disk: /assets/ui/css/fxgl_dark.css
14:44:40.148 [JavaFX Application Thread] DEBUG AppStateMachine      - StartupState -> LoadingState
14:44:40.166 [FXGL Background Thread 1 ] DEBUG InitAppTask          - Clearing previous game
14:44:40.166 [FXGL Background Thread 1 ] DEBUG GameWorld            - Clearing game world
14:44:40.167 [FXGL Background Thread 1 ] DEBUG PhysicsWorld         - Clearing physics world
14:44:40.167 [FXGL Background Thread 1 ] DEBUG GameScene            - Clearing game scene
14:44:40.169 [FXGL Background Thread 1 ] DEBUG InitAppTask          - Initializing Game
14:44:40.380 [FXGL Background Thread 1 ] DEBUG GameScene            - Creating render group for layer: DEFAULT(100000)
14:44:40.384 [FXGL Background Thread 1 ] DEBUG GameScene            - Creating render group for layer: BACKGROUND(1000)
14:44:40.410 [FXGL Background Thread 1 ] DEBUG InitAppTask          - Initializing Physics
14:44:40.411 [FXGL Background Thread 1 ] DEBUG InitAppTask          - Initializing UI
14:44:40.413 [FXGL Background Thread 1 ] DEBUG InitAppTask          - Initialization Complete
14:44:40.413 [FXGL Background Thread 1 ] INFO  InitAppTask          - Game initialization took: 0,247 sec
14:44:40.416 [JavaFX Application Thread] DEBUG Input                - Clearing active input actions
14:44:40.416 [JavaFX Application Thread] DEBUG AssetLoader          - Loading from disk: /assets/ui/css/fxgl_dark.css
14:44:40.433 [JavaFX Application Thread] DEBUG AppStateMachine      - LoadingState -> PlayState
14:44:53.049 [JavaFX Application Thread] DEBUG FXGL                 - Exiting FXGL
14:44:53.049 [JavaFX Application Thread] DEBUG FXGL                 - Shutting down background threads
14:44:53.049 [JavaFX Application Thread] DEBUG FXGL                 - Saving FXGL system data
14:44:53.052 [JavaFX Application Thread] DEBUG DesktopFSService     - Writing to: system\fxgl.bundle
14:44:53.056 [JavaFX Application Thread] DEBUG FXGL                 - Closing logger and exiting JavaFX
