10:18:32.269 [JavaFX Application Thread] DEBUG GameApplication      - Logger initialized
10:18:32.312 [JavaFX Application Thread] DEBUG GameApplication      - Logging settings
Title: BreakOut
Version: 0.1
Width: 600
Height: 600
Fullscreen: false
Intro: false
Menus: false
Profiling: false
Single step:false
App Mode: DEVELOPER
Menu Key: ESCAPE
Stage Style: DECORATED
Scene Factory: class com.almasb.fxgl.scene.SceneFactory
Dialog Factory: class com.almasb.fxgl.ui.FXGLDialogFactory
UI Factory: class com.almasb.fxgl.ui.FXGLUIFactory
Notification Service: class com.almasb.fxgl.gameplay.notification.XboxNotificationView
Exception Handler: class com.almasb.fxgl.app.FXGLExceptionHandler
10:18:32.312 [JavaFX Application Thread] DEBUG GameApplication      - Starting FXGL
10:18:32.324 [JavaFX Application Thread] INFO  FXGL                 - FXGL-0.5.4 on DESKTOP
10:18:32.325 [JavaFX Application Thread] INFO  FXGL                 - Source code and latest versions at: https://github.com/AlmasB/FXGL
10:18:32.325 [JavaFX Application Thread] INFO  FXGL                 -              Join the FXGL chat at: https://gitter.im/AlmasB/FXGL
10:18:32.325 [JavaFX Application Thread] DEBUG FXGL                 - FXGL started
10:18:32.326 [JavaFX Application Thread] DEBUG FXGL                 - Initializing FXGL
10:18:32.415 [JavaFX Application Thread] DEBUG AssetLoader          - Loading from disk: /assets/ui/cursors/fxgl_default.png
10:18:32.508 [JavaFX Application Thread] DEBUG AssetLoader          - Loading from disk: /assets/ui/fonts/VarelaRound-Regular.ttf
10:18:32.786 [JavaFX Application Thread] DEBUG MainWindow           - Creating a JavaFX scene
10:18:32.864 [JavaFX Application Thread] DEBUG MainWindow           - Target settings size: 600.0 x 600.0
10:18:32.866 [JavaFX Application Thread] DEBUG MainWindow           - Scaled scene size:    600.0 x 600.0
10:18:32.866 [JavaFX Application Thread] DEBUG MainWindow           - Scaled ratio: (1.0, 1.0)
10:18:32.880 [JavaFX Application Thread] DEBUG AssetLoader          - Loading from disk: /assets/ui/css/fxgl_dark.css
10:18:32.897 [JavaFX Application Thread] DEBUG AssetLoader          - Loading from disk: /assets/textures/fxgl_icon.png
10:18:32.921 [JavaFX Application Thread] DEBUG MainWindow           - Opening main window
10:18:33.304 [JavaFX Application Thread] DEBUG MainWindow           - Window border size: (6.0, 29.0)
10:18:33.304 [JavaFX Application Thread] DEBUG MainWindow           - Scaled size: 600.0 x 600.0
10:18:33.305 [JavaFX Application Thread] DEBUG MainWindow           - Scaled ratio: (1.0, 1.0)
10:18:33.305 [JavaFX Application Thread] DEBUG MainWindow           - Scene size: 600.0 x 600.0
10:18:33.305 [JavaFX Application Thread] DEBUG MainWindow           - Stage size: 606.0 x 629.0
10:18:33.486 [ForkJoinPool.commonPool-worker-1] DEBUG FS                   - Loaded DesktopFSService
10:18:33.486 [ForkJoinPool.commonPool-worker-1] DEBUG FXGL                 - Loading FXGL system data
10:18:33.496 [ForkJoinPool.commonPool-worker-1] DEBUG DesktopFSService     - Reading from: system\fxgl.bundle
10:18:33.512 [ForkJoinPool.commonPool-worker-1] DEBUG Bundle               - Logging bundle: FXGL
10:18:33.513 [ForkJoinPool.commonPool-worker-1] DEBUG Bundle               - FXGL.offline.timer.version.check=2018-12-21T23:35:16.236
10:18:33.514 [ForkJoinPool.commonPool-worker-1] DEBUG FXGL                 - Initializing state machine and application states
10:18:33.519 [ForkJoinPool.commonPool-worker-1] DEBUG AssetLoader          - Loading from disk: /assets/ui/cursors/fxgl_default.png
10:18:33.528 [ForkJoinPool.commonPool-worker-1] DEBUG AssetLoader          - Loading from disk: /assets/ui/cursors/fxgl_default.png
10:18:33.540 [ForkJoinPool.commonPool-worker-1] DEBUG AssetLoader          - Loading from cache: /assets/ui/fonts/VarelaRound-Regular.ttf
10:18:33.545 [ForkJoinPool.commonPool-worker-1] DEBUG AssetLoader          - Loading from disk: /assets/ui/cursors/fxgl_default.png
10:18:33.555 [ForkJoinPool.commonPool-worker-1] DEBUG GameScene            - Game scene initialized: 600x600
10:18:33.570 [ForkJoinPool.commonPool-worker-1] DEBUG GameWorld            - Game world initialized
10:18:33.695 [ForkJoinPool.commonPool-worker-1] DEBUG PhysicsWorld         - Physics world initialized: appHeight=600, physics.ppm=50,0
10:18:33.738 [ForkJoinPool.commonPool-worker-1] DEBUG Input                - Registered new binding: Pause - Esc
10:18:33.823 [JavaFX Application Thread] DEBUG FXGL                 - Running preInit()
10:18:33.826 [JavaFX Application Thread] DEBUG Input                - Registered new binding: Screenshot - P
10:18:33.827 [JavaFX Application Thread] DEBUG Input                - Registered new binding: Dev Options - CTRL+0
10:18:33.828 [JavaFX Application Thread] DEBUG Input                - Registered new binding: System info dump - CTRL+9
10:18:33.829 [JavaFX Application Thread] DEBUG Input                - Registered new binding: Restart - CTRL+R
10:18:33.829 [JavaFX Application Thread] DEBUG Input                - Registered new binding: Move Right - D
10:18:33.829 [JavaFX Application Thread] DEBUG Input                - Registered new binding: Move Left - A
10:18:33.830 [JavaFX Application Thread] DEBUG Input                - Registered new binding: Move Ball - Space
10:18:33.830 [JavaFX Application Thread] DEBUG Input                - Registered new binding: New Level - N
10:18:33.830 [JavaFX Application Thread] DEBUG Input                - Registered new binding: New Ball - M
10:18:33.831 [JavaFX Application Thread] INFO  FXGL                 - FXGL initialization took: 1,505 sec
10:18:33.832 [JavaFX Application Thread] DEBUG LoopRunner           - Starting loop
10:18:33.835 [JavaFX Application Thread] DEBUG StartupState         - STARTUP
10:18:33.835 [JavaFX Application Thread] DEBUG GameApplication      - Starting new game
10:18:33.836 [JavaFX Application Thread] DEBUG Input                - Clearing active input actions
10:18:33.837 [JavaFX Application Thread] DEBUG AssetLoader          - Loading from disk: /assets/ui/css/fxgl_dark.css
10:18:33.848 [JavaFX Application Thread] DEBUG AppStateMachine      - StartupState -> LoadingState
10:18:33.858 [FXGL Background Thread 1 ] DEBUG InitAppTask          - Clearing previous game
10:18:33.858 [FXGL Background Thread 1 ] DEBUG GameWorld            - Clearing game world
10:18:33.859 [FXGL Background Thread 1 ] DEBUG PhysicsWorld         - Clearing physics world
10:18:33.859 [FXGL Background Thread 1 ] DEBUG GameScene            - Clearing game scene
10:18:33.861 [FXGL Background Thread 1 ] DEBUG InitAppTask          - Initializing Game
10:18:34.140 [FXGL Background Thread 1 ] DEBUG GameScene            - Creating render group for layer: DEFAULT(100000)
10:18:34.144 [FXGL Background Thread 1 ] DEBUG GameScene            - Creating render group for layer: BACKGROUND(1000)
10:18:34.149 [FXGL Background Thread 1 ] DEBUG InitAppTask          - Initializing Physics
10:18:34.150 [FXGL Background Thread 1 ] DEBUG InitAppTask          - Initializing UI
10:18:34.159 [FXGL Background Thread 1 ] DEBUG InitAppTask          - Initialization Complete
10:18:34.159 [FXGL Background Thread 1 ] INFO  InitAppTask          - Game initialization took: 0,300 sec
10:18:34.168 [JavaFX Application Thread] DEBUG Input                - Clearing active input actions
10:18:34.168 [JavaFX Application Thread] DEBUG AssetLoader          - Loading from disk: /assets/ui/css/fxgl_dark.css
10:18:34.191 [JavaFX Application Thread] DEBUG AppStateMachine      - LoadingState -> PlayState
10:18:39.109 [JavaFX Application Thread] DEBUG FXGL                 - Exiting FXGL
10:18:39.109 [JavaFX Application Thread] DEBUG FXGL                 - Shutting down background threads
10:18:39.110 [JavaFX Application Thread] DEBUG FXGL                 - Saving FXGL system data
10:18:39.116 [JavaFX Application Thread] DEBUG DesktopFSService     - Writing to: system\fxgl.bundle
10:18:39.124 [JavaFX Application Thread] DEBUG FXGL                 - Closing logger and exiting JavaFX
