17:32:08.799 [JavaFX Application Thread] DEBUG GameApplication      - Logger initialized
17:32:08.821 [JavaFX Application Thread] DEBUG GameApplication      - Logging settings
Title: BreakOut
Version: 0.1
Width: 600
Height: 600
Fullscreen: false
Intro: false
Menus: false
Profiling: false
Single step:false
App Mode: DEVELOPER
Menu Key: ESCAPE
Stage Style: DECORATED
Scene Factory: class com.almasb.fxgl.scene.SceneFactory
Dialog Factory: class com.almasb.fxgl.ui.FXGLDialogFactory
UI Factory: class com.almasb.fxgl.ui.FXGLUIFactory
Notification Service: class com.almasb.fxgl.gameplay.notification.XboxNotificationView
Exception Handler: class com.almasb.fxgl.app.FXGLExceptionHandler
17:32:08.821 [JavaFX Application Thread] DEBUG GameApplication      - Starting FXGL
17:32:08.838 [JavaFX Application Thread] INFO  FXGL                 - FXGL-0.5.4 on DESKTOP
17:32:08.841 [JavaFX Application Thread] INFO  FXGL                 - Source code and latest versions at: https://github.com/AlmasB/FXGL
17:32:08.842 [JavaFX Application Thread] INFO  FXGL                 -              Join the FXGL chat at: https://gitter.im/AlmasB/FXGL
17:32:08.843 [JavaFX Application Thread] DEBUG FXGL                 - FXGL started
17:32:08.844 [JavaFX Application Thread] DEBUG FXGL                 - Initializing FXGL
17:32:08.942 [JavaFX Application Thread] DEBUG AssetLoader          - Loading from disk: /assets/ui/cursors/fxgl_default.png
17:32:09.024 [JavaFX Application Thread] DEBUG AssetLoader          - Loading from disk: /assets/ui/fonts/VarelaRound-Regular.ttf
17:32:09.283 [JavaFX Application Thread] DEBUG MainWindow           - Creating a JavaFX scene
17:32:09.388 [JavaFX Application Thread] DEBUG MainWindow           - Target settings size: 600.0 x 600.0
17:32:09.388 [JavaFX Application Thread] DEBUG MainWindow           - Scaled scene size:    600.0 x 600.0
17:32:09.389 [JavaFX Application Thread] DEBUG MainWindow           - Scaled ratio: (1.0, 1.0)
17:32:09.394 [JavaFX Application Thread] DEBUG AssetLoader          - Loading from disk: /assets/ui/css/fxgl_dark.css
17:32:09.402 [JavaFX Application Thread] DEBUG AssetLoader          - Loading from disk: /assets/textures/fxgl_icon.png
17:32:09.453 [JavaFX Application Thread] DEBUG MainWindow           - Opening main window
17:32:09.885 [JavaFX Application Thread] DEBUG MainWindow           - Window border size: (6.0, 29.0)
17:32:09.885 [JavaFX Application Thread] DEBUG MainWindow           - Scaled size: 600.0 x 600.0
17:32:09.885 [JavaFX Application Thread] DEBUG MainWindow           - Scaled ratio: (1.0, 1.0)
17:32:09.886 [JavaFX Application Thread] DEBUG MainWindow           - Scene size: 600.0 x 600.0
17:32:09.886 [JavaFX Application Thread] DEBUG MainWindow           - Stage size: 606.0 x 629.0
17:32:10.084 [ForkJoinPool.commonPool-worker-1] DEBUG FS                   - Loaded DesktopFSService
17:32:10.085 [ForkJoinPool.commonPool-worker-1] DEBUG FXGL                 - Loading FXGL system data
17:32:10.095 [ForkJoinPool.commonPool-worker-1] DEBUG DesktopFSService     - Reading from: system\fxgl.bundle
17:32:10.113 [ForkJoinPool.commonPool-worker-1] DEBUG Bundle               - Logging bundle: FXGL
17:32:10.115 [ForkJoinPool.commonPool-worker-1] DEBUG Bundle               - FXGL.offline.timer.version.check=2018-12-14T14:58:08.605
17:32:10.116 [ForkJoinPool.commonPool-worker-1] DEBUG FXGL                 - Initializing state machine and application states
17:32:10.119 [ForkJoinPool.commonPool-worker-1] DEBUG AssetLoader          - Loading from disk: /assets/ui/cursors/fxgl_default.png
17:32:10.131 [ForkJoinPool.commonPool-worker-1] DEBUG AssetLoader          - Loading from disk: /assets/ui/cursors/fxgl_default.png
17:32:10.145 [ForkJoinPool.commonPool-worker-1] DEBUG AssetLoader          - Loading from cache: /assets/ui/fonts/VarelaRound-Regular.ttf
17:32:10.152 [ForkJoinPool.commonPool-worker-1] DEBUG AssetLoader          - Loading from disk: /assets/ui/cursors/fxgl_default.png
17:32:10.159 [ForkJoinPool.commonPool-worker-1] DEBUG GameScene            - Game scene initialized: 600x600
17:32:10.173 [ForkJoinPool.commonPool-worker-1] DEBUG GameWorld            - Game world initialized
17:32:10.289 [ForkJoinPool.commonPool-worker-1] DEBUG PhysicsWorld         - Physics world initialized: appHeight=600, physics.ppm=50,0
17:32:10.324 [ForkJoinPool.commonPool-worker-1] DEBUG Input                - Registered new binding: Pause - Esc
17:32:10.413 [JavaFX Application Thread] DEBUG FXGL                 - Running preInit()
17:32:10.416 [JavaFX Application Thread] DEBUG Input                - Registered new binding: Screenshot - P
17:32:10.417 [JavaFX Application Thread] DEBUG Input                - Registered new binding: Dev Options - CTRL+0
17:32:10.418 [JavaFX Application Thread] DEBUG Input                - Registered new binding: System info dump - CTRL+9
17:32:10.418 [JavaFX Application Thread] DEBUG Input                - Registered new binding: Restart - CTRL+R
17:32:10.419 [JavaFX Application Thread] DEBUG Input                - Registered new binding: Move Right - D
17:32:10.420 [JavaFX Application Thread] DEBUG Input                - Registered new binding: Move Left - A
17:32:10.421 [JavaFX Application Thread] DEBUG Input                - Registered new binding: Move Ball - Space
17:32:10.421 [JavaFX Application Thread] DEBUG Input                - Registered new binding: New Level - N
17:32:10.421 [JavaFX Application Thread] DEBUG Input                - Registered new binding: New Ball - M
17:32:10.423 [JavaFX Application Thread] INFO  FXGL                 - FXGL initialization took: 1,578 sec
17:32:10.423 [JavaFX Application Thread] DEBUG LoopRunner           - Starting loop
17:32:10.426 [JavaFX Application Thread] DEBUG StartupState         - STARTUP
17:32:10.427 [JavaFX Application Thread] DEBUG GameApplication      - Starting new game
17:32:10.427 [JavaFX Application Thread] DEBUG Input                - Clearing active input actions
17:32:10.429 [JavaFX Application Thread] DEBUG AssetLoader          - Loading from disk: /assets/ui/css/fxgl_dark.css
17:32:10.440 [JavaFX Application Thread] DEBUG AppStateMachine      - StartupState -> LoadingState
17:32:10.458 [FXGL Background Thread 1 ] DEBUG InitAppTask          - Clearing previous game
17:32:10.458 [FXGL Background Thread 1 ] DEBUG GameWorld            - Clearing game world
17:32:10.459 [FXGL Background Thread 1 ] DEBUG PhysicsWorld         - Clearing physics world
17:32:10.459 [FXGL Background Thread 1 ] DEBUG GameScene            - Clearing game scene
17:32:10.465 [FXGL Background Thread 1 ] DEBUG InitAppTask          - Initializing Game
17:32:10.636 [FXGL Background Thread 1 ] DEBUG GameScene            - Creating render group for layer: DEFAULT(100000)
17:32:10.640 [FXGL Background Thread 1 ] DEBUG GameScene            - Creating render group for layer: BACKGROUND(1000)
17:32:10.646 [FXGL Background Thread 1 ] DEBUG InitAppTask          - Initializing Physics
17:32:10.647 [FXGL Background Thread 1 ] DEBUG InitAppTask          - Initializing UI
17:32:10.655 [FXGL Background Thread 1 ] DEBUG InitAppTask          - Initialization Complete
17:32:10.656 [FXGL Background Thread 1 ] INFO  InitAppTask          - Game initialization took: 0,198 sec
17:32:10.665 [JavaFX Application Thread] DEBUG Input                - Clearing active input actions
17:32:10.666 [JavaFX Application Thread] DEBUG AssetLoader          - Loading from disk: /assets/ui/css/fxgl_dark.css
17:32:10.693 [JavaFX Application Thread] DEBUG AppStateMachine      - LoadingState -> PlayState
17:32:25.069 [JavaFX Application Thread] DEBUG FXGL                 - Exiting FXGL
17:32:25.070 [JavaFX Application Thread] DEBUG FXGL                 - Shutting down background threads
17:32:25.071 [JavaFX Application Thread] DEBUG FXGL                 - Saving FXGL system data
17:32:25.080 [JavaFX Application Thread] DEBUG DesktopFSService     - Writing to: system\fxgl.bundle
17:32:25.093 [JavaFX Application Thread] DEBUG FXGL                 - Closing logger and exiting JavaFX
