11:11:51.260 [JavaFX Application Thread] DEBUG GameApplication      - Logger initialized
11:11:51.286 [JavaFX Application Thread] DEBUG GameApplication      - Logging settings
Title: BreakOut
Version: 0.1
Width: 600
Height: 600
Fullscreen: false
Intro: false
Menus: false
Profiling: false
Single step:false
App Mode: DEVELOPER
Menu Key: ESCAPE
Stage Style: DECORATED
Scene Factory: class com.almasb.fxgl.scene.SceneFactory
Dialog Factory: class com.almasb.fxgl.ui.FXGLDialogFactory
UI Factory: class com.almasb.fxgl.ui.FXGLUIFactory
Notification Service: class com.almasb.fxgl.gameplay.notification.XboxNotificationView
Exception Handler: class com.almasb.fxgl.app.FXGLExceptionHandler
11:11:51.286 [JavaFX Application Thread] DEBUG GameApplication      - Starting FXGL
11:11:51.302 [JavaFX Application Thread] INFO  FXGL                 - FXGL-0.5.4 on DESKTOP
11:11:51.302 [JavaFX Application Thread] INFO  FXGL                 - Source code and latest versions at: https://github.com/AlmasB/FXGL
11:11:51.303 [JavaFX Application Thread] INFO  FXGL                 -              Join the FXGL chat at: https://gitter.im/AlmasB/FXGL
11:11:51.303 [JavaFX Application Thread] DEBUG FXGL                 - FXGL started
11:11:51.304 [JavaFX Application Thread] DEBUG FXGL                 - Initializing FXGL
11:11:51.421 [JavaFX Application Thread] DEBUG AssetLoader          - Loading from disk: /assets/ui/cursors/fxgl_default.png
11:11:51.554 [JavaFX Application Thread] DEBUG AssetLoader          - Loading from disk: /assets/ui/fonts/VarelaRound-Regular.ttf
11:11:52.019 [JavaFX Application Thread] DEBUG MainWindow           - Creating a JavaFX scene
11:11:52.185 [JavaFX Application Thread] DEBUG MainWindow           - Target settings size: 600.0 x 600.0
11:11:52.185 [JavaFX Application Thread] DEBUG MainWindow           - Scaled scene size:    600.0 x 600.0
11:11:52.185 [JavaFX Application Thread] DEBUG MainWindow           - Scaled ratio: (1.0, 1.0)
11:11:52.240 [JavaFX Application Thread] DEBUG AssetLoader          - Loading from disk: /assets/ui/css/fxgl_dark.css
11:11:52.253 [JavaFX Application Thread] DEBUG AssetLoader          - Loading from disk: /assets/textures/fxgl_icon.png
11:11:52.328 [JavaFX Application Thread] DEBUG MainWindow           - Opening main window
11:11:53.544 [JavaFX Application Thread] DEBUG MainWindow           - Window border size: (6.0, 29.0)
11:11:53.545 [JavaFX Application Thread] DEBUG MainWindow           - Scaled size: 600.0 x 600.0
11:11:53.546 [JavaFX Application Thread] DEBUG MainWindow           - Scaled ratio: (1.0, 1.0)
11:11:53.546 [JavaFX Application Thread] DEBUG MainWindow           - Scene size: 600.0 x 600.0
11:11:53.547 [JavaFX Application Thread] DEBUG MainWindow           - Stage size: 606.0 x 629.0
11:11:53.714 [ForkJoinPool.commonPool-worker-1] DEBUG FS                   - Loaded DesktopFSService
11:11:53.715 [ForkJoinPool.commonPool-worker-1] DEBUG FXGL                 - Loading FXGL system data
11:11:53.757 [ForkJoinPool.commonPool-worker-1] DEBUG DesktopFSService     - Reading from: system\fxgl.bundle
11:11:53.804 [ForkJoinPool.commonPool-worker-1] DEBUG Bundle               - Logging bundle: FXGL
11:11:53.805 [ForkJoinPool.commonPool-worker-1] DEBUG Bundle               - FXGL.offline.timer.version.check=2018-12-14T14:58:08.605
11:11:53.820 [ForkJoinPool.commonPool-worker-1] DEBUG FXGL                 - Initializing state machine and application states
11:11:53.823 [ForkJoinPool.commonPool-worker-1] DEBUG AssetLoader          - Loading from disk: /assets/ui/cursors/fxgl_default.png
11:11:53.895 [ForkJoinPool.commonPool-worker-1] DEBUG AssetLoader          - Loading from disk: /assets/ui/cursors/fxgl_default.png
11:11:53.929 [ForkJoinPool.commonPool-worker-1] DEBUG AssetLoader          - Loading from cache: /assets/ui/fonts/VarelaRound-Regular.ttf
11:11:53.936 [ForkJoinPool.commonPool-worker-1] DEBUG AssetLoader          - Loading from disk: /assets/ui/cursors/fxgl_default.png
11:11:53.949 [ForkJoinPool.commonPool-worker-1] DEBUG GameScene            - Game scene initialized: 600x600
11:11:53.986 [ForkJoinPool.commonPool-worker-1] DEBUG GameWorld            - Game world initialized
11:11:54.193 [ForkJoinPool.commonPool-worker-1] DEBUG PhysicsWorld         - Physics world initialized: appHeight=600, physics.ppm=50,0
11:11:54.263 [ForkJoinPool.commonPool-worker-1] DEBUG Input                - Registered new binding: Pause - Esc
11:11:54.361 [JavaFX Application Thread] DEBUG FXGL                 - Running preInit()
11:11:54.364 [JavaFX Application Thread] DEBUG Input                - Registered new binding: Screenshot - P
11:11:54.364 [JavaFX Application Thread] DEBUG Input                - Registered new binding: Dev Options - CTRL+0
11:11:54.366 [JavaFX Application Thread] DEBUG Input                - Registered new binding: System info dump - CTRL+9
11:11:54.366 [JavaFX Application Thread] DEBUG Input                - Registered new binding: Restart - CTRL+R
11:11:54.367 [JavaFX Application Thread] DEBUG Input                - Registered new binding: Move Right - D
11:11:54.367 [JavaFX Application Thread] DEBUG Input                - Registered new binding: Move Left - A
11:11:54.368 [JavaFX Application Thread] DEBUG Input                - Registered new binding: Move Ball - Space
11:11:54.368 [JavaFX Application Thread] DEBUG Input                - Registered new binding: New Level - N
11:11:54.369 [JavaFX Application Thread] DEBUG Input                - Registered new binding: New Ball - M
11:11:54.373 [JavaFX Application Thread] INFO  FXGL                 - FXGL initialization took: 3,069 sec
11:11:54.373 [JavaFX Application Thread] DEBUG LoopRunner           - Starting loop
11:11:54.376 [JavaFX Application Thread] DEBUG StartupState         - STARTUP
11:11:54.377 [JavaFX Application Thread] DEBUG GameApplication      - Starting new game
11:11:54.377 [JavaFX Application Thread] DEBUG Input                - Clearing active input actions
11:11:54.379 [JavaFX Application Thread] DEBUG AssetLoader          - Loading from disk: /assets/ui/css/fxgl_dark.css
11:11:54.393 [JavaFX Application Thread] DEBUG AppStateMachine      - StartupState -> LoadingState
11:11:54.414 [FXGL Background Thread 1 ] DEBUG InitAppTask          - Clearing previous game
11:11:54.427 [FXGL Background Thread 1 ] DEBUG GameWorld            - Clearing game world
11:11:54.437 [FXGL Background Thread 1 ] DEBUG PhysicsWorld         - Clearing physics world
11:11:54.437 [FXGL Background Thread 1 ] DEBUG GameScene            - Clearing game scene
11:11:54.440 [FXGL Background Thread 1 ] DEBUG InitAppTask          - Initializing Game
11:11:54.859 [FXGL Background Thread 1 ] DEBUG GameScene            - Creating render group for layer: DEFAULT(100000)
11:11:54.865 [FXGL Background Thread 1 ] DEBUG GameScene            - Creating render group for layer: BACKGROUND(1000)
11:11:54.889 [FXGL Background Thread 1 ] DEBUG InitAppTask          - Initializing Physics
11:11:54.890 [FXGL Background Thread 1 ] DEBUG InitAppTask          - Initializing UI
11:11:54.899 [FXGL Background Thread 1 ] DEBUG InitAppTask          - Initialization Complete
11:11:54.900 [FXGL Background Thread 1 ] INFO  InitAppTask          - Game initialization took: 0,486 sec
11:11:54.909 [JavaFX Application Thread] DEBUG Input                - Clearing active input actions
11:11:54.910 [JavaFX Application Thread] DEBUG AssetLoader          - Loading from disk: /assets/ui/css/fxgl_dark.css
11:11:54.937 [JavaFX Application Thread] DEBUG AppStateMachine      - LoadingState -> PlayState
11:12:07.944 [JavaFX Application Thread] DEBUG FXGL                 - Exiting FXGL
11:12:07.944 [JavaFX Application Thread] DEBUG FXGL                 - Shutting down background threads
11:12:07.946 [JavaFX Application Thread] DEBUG FXGL                 - Saving FXGL system data
11:12:07.954 [JavaFX Application Thread] DEBUG DesktopFSService     - Writing to: system\fxgl.bundle
11:12:07.970 [JavaFX Application Thread] DEBUG FXGL                 - Closing logger and exiting JavaFX
