17:08:16.972 [JavaFX Application Thread] DEBUG GameApplication      - Logger initialized
17:08:17.010 [JavaFX Application Thread] DEBUG GameApplication      - Logging settings
Title: BreakOut
Version: 0.1
Width: 600
Height: 600
Fullscreen: false
Intro: false
Menus: false
Profiling: false
Single step:false
App Mode: DEVELOPER
Menu Key: ESCAPE
Stage Style: DECORATED
Scene Factory: class com.almasb.fxgl.scene.SceneFactory
Dialog Factory: class com.almasb.fxgl.ui.FXGLDialogFactory
UI Factory: class com.almasb.fxgl.ui.FXGLUIFactory
Notification Service: class com.almasb.fxgl.gameplay.notification.XboxNotificationView
Exception Handler: class com.almasb.fxgl.app.FXGLExceptionHandler
17:08:17.010 [JavaFX Application Thread] DEBUG GameApplication      - Starting FXGL
17:08:17.021 [JavaFX Application Thread] INFO  FXGL                 - FXGL-0.5.4 on DESKTOP
17:08:17.021 [JavaFX Application Thread] INFO  FXGL                 - Source code and latest versions at: https://github.com/AlmasB/FXGL
17:08:17.021 [JavaFX Application Thread] INFO  FXGL                 -              Join the FXGL chat at: https://gitter.im/AlmasB/FXGL
17:08:17.022 [JavaFX Application Thread] DEBUG FXGL                 - FXGL started
17:08:17.022 [JavaFX Application Thread] DEBUG FXGL                 - Initializing FXGL
17:08:17.280 [JavaFX Application Thread] DEBUG AssetLoader          - Loading from disk: /assets/ui/cursors/fxgl_default.png
17:08:17.425 [JavaFX Application Thread] DEBUG AssetLoader          - Loading from disk: /assets/ui/fonts/VarelaRound-Regular.ttf
17:08:17.693 [JavaFX Application Thread] DEBUG MainWindow           - Creating a JavaFX scene
17:08:17.780 [JavaFX Application Thread] DEBUG MainWindow           - Target settings size: 600.0 x 600.0
17:08:17.781 [JavaFX Application Thread] DEBUG MainWindow           - Scaled scene size:    600.0 x 600.0
17:08:17.782 [JavaFX Application Thread] DEBUG MainWindow           - Scaled ratio: (1.0, 1.0)
17:08:17.787 [JavaFX Application Thread] DEBUG AssetLoader          - Loading from disk: /assets/ui/css/fxgl_dark.css
17:08:17.818 [JavaFX Application Thread] DEBUG AssetLoader          - Loading from disk: /assets/textures/fxgl_icon.png
17:08:17.857 [JavaFX Application Thread] DEBUG MainWindow           - Opening main window
17:08:18.220 [JavaFX Application Thread] DEBUG MainWindow           - Window border size: (6.0, 29.0)
17:08:18.221 [JavaFX Application Thread] DEBUG MainWindow           - Scaled size: 600.0 x 600.0
17:08:18.222 [JavaFX Application Thread] DEBUG MainWindow           - Scaled ratio: (1.0, 1.0)
17:08:18.223 [JavaFX Application Thread] DEBUG MainWindow           - Scene size: 600.0 x 600.0
17:08:18.223 [JavaFX Application Thread] DEBUG MainWindow           - Stage size: 606.0 x 629.0
17:08:18.291 [ForkJoinPool.commonPool-worker-1] DEBUG FS                   - Loaded DesktopFSService
17:08:18.292 [ForkJoinPool.commonPool-worker-1] DEBUG FXGL                 - Loading FXGL system data
17:08:18.301 [ForkJoinPool.commonPool-worker-1] DEBUG DesktopFSService     - Reading from: system\fxgl.bundle
17:08:18.324 [ForkJoinPool.commonPool-worker-1] DEBUG Bundle               - Logging bundle: FXGL
17:08:18.325 [ForkJoinPool.commonPool-worker-1] DEBUG Bundle               - FXGL.offline.timer.version.check=2018-12-21T23:35:16.236
17:08:18.326 [ForkJoinPool.commonPool-worker-1] DEBUG FXGL                 - Initializing state machine and application states
17:08:18.328 [ForkJoinPool.commonPool-worker-1] DEBUG AssetLoader          - Loading from disk: /assets/ui/cursors/fxgl_default.png
17:08:18.334 [ForkJoinPool.commonPool-worker-1] DEBUG AssetLoader          - Loading from disk: /assets/ui/cursors/fxgl_default.png
17:08:18.344 [ForkJoinPool.commonPool-worker-1] DEBUG AssetLoader          - Loading from cache: /assets/ui/fonts/VarelaRound-Regular.ttf
17:08:18.348 [ForkJoinPool.commonPool-worker-1] DEBUG AssetLoader          - Loading from disk: /assets/ui/cursors/fxgl_default.png
17:08:18.355 [ForkJoinPool.commonPool-worker-1] DEBUG GameScene            - Game scene initialized: 600x600
17:08:18.363 [ForkJoinPool.commonPool-worker-1] DEBUG GameWorld            - Game world initialized
17:08:18.477 [ForkJoinPool.commonPool-worker-1] DEBUG PhysicsWorld         - Physics world initialized: appHeight=600, physics.ppm=50,0
17:08:18.505 [ForkJoinPool.commonPool-worker-1] DEBUG Input                - Registered new binding: Pause - Esc
17:08:18.566 [JavaFX Application Thread] DEBUG FXGL                 - Running preInit()
17:08:18.569 [JavaFX Application Thread] DEBUG Input                - Registered new binding: Screenshot - P
17:08:18.569 [JavaFX Application Thread] DEBUG Input                - Registered new binding: Dev Options - CTRL+0
17:08:18.571 [JavaFX Application Thread] DEBUG Input                - Registered new binding: System info dump - CTRL+9
17:08:18.572 [JavaFX Application Thread] DEBUG Input                - Registered new binding: Restart - CTRL+R
17:08:18.572 [JavaFX Application Thread] DEBUG Input                - Registered new binding: Move Right - D
17:08:18.573 [JavaFX Application Thread] DEBUG Input                - Registered new binding: Move Left - A
17:08:18.573 [JavaFX Application Thread] DEBUG Input                - Registered new binding: Move Ball - Space
17:08:18.573 [JavaFX Application Thread] DEBUG Input                - Registered new binding: New Level - N
17:08:18.573 [JavaFX Application Thread] DEBUG Input                - Registered new binding: New Ball - M
17:08:18.574 [JavaFX Application Thread] INFO  FXGL                 - FXGL initialization took: 1,551 sec
17:08:18.574 [JavaFX Application Thread] DEBUG LoopRunner           - Starting loop
17:08:18.576 [JavaFX Application Thread] DEBUG StartupState         - STARTUP
17:08:18.577 [JavaFX Application Thread] DEBUG GameApplication      - Starting new game
17:08:18.577 [JavaFX Application Thread] DEBUG Input                - Clearing active input actions
17:08:18.578 [JavaFX Application Thread] DEBUG AssetLoader          - Loading from disk: /assets/ui/css/fxgl_dark.css
17:08:18.588 [JavaFX Application Thread] DEBUG AppStateMachine      - StartupState -> LoadingState
17:08:18.600 [FXGL Background Thread 1 ] DEBUG InitAppTask          - Clearing previous game
17:08:18.601 [FXGL Background Thread 1 ] DEBUG GameWorld            - Clearing game world
17:08:18.601 [FXGL Background Thread 1 ] DEBUG PhysicsWorld         - Clearing physics world
17:08:18.601 [FXGL Background Thread 1 ] DEBUG GameScene            - Clearing game scene
17:08:18.603 [FXGL Background Thread 1 ] DEBUG InitAppTask          - Initializing Game
17:08:18.741 [FXGL Background Thread 1 ] DEBUG GameScene            - Creating render group for layer: DEFAULT(100000)
17:08:18.744 [FXGL Background Thread 1 ] DEBUG GameScene            - Creating render group for layer: BACKGROUND(1000)
17:08:18.808 [FXGL Background Thread 1 ] DEBUG InitAppTask          - Initializing Physics
17:08:18.809 [FXGL Background Thread 1 ] DEBUG InitAppTask          - Initializing UI
17:08:18.819 [FXGL Background Thread 1 ] DEBUG InitAppTask          - Initialization Complete
17:08:18.820 [FXGL Background Thread 1 ] INFO  InitAppTask          - Game initialization took: 0,220 sec
17:08:18.835 [JavaFX Application Thread] DEBUG Input                - Clearing active input actions
17:08:18.835 [JavaFX Application Thread] DEBUG AssetLoader          - Loading from disk: /assets/ui/css/fxgl_dark.css
17:08:18.856 [JavaFX Application Thread] DEBUG AppStateMachine      - LoadingState -> PlayState
17:08:23.270 [JavaFX Application Thread] DEBUG AssetLoader          - Loading from cache: /assets/sounds/boom8.wav
17:08:27.084 [JavaFX Application Thread] DEBUG AssetLoader          - Loading from cache: /assets/sounds/boom2.wav
17:08:27.233 [JavaFX Application Thread] DEBUG AssetLoader          - Loading from cache: /assets/sounds/boom2.wav
17:08:27.428 [JavaFX Application Thread] DEBUG AssetLoader          - Loading from cache: /assets/sounds/boom2.wav
17:08:29.727 [JavaFX Application Thread] DEBUG AssetLoader          - Loading from cache: /assets/sounds/boom2.wav
17:08:29.903 [JavaFX Application Thread] DEBUG AssetLoader          - Loading from cache: /assets/sounds/boom2.wav
17:08:30.210 [JavaFX Application Thread] DEBUG AssetLoader          - Loading from cache: /assets/sounds/boom2.wav
17:08:30.368 [JavaFX Application Thread] DEBUG AssetLoader          - Loading from cache: /assets/sounds/boom2.wav
17:08:30.560 [JavaFX Application Thread] DEBUG AssetLoader          - Loading from cache: /assets/sounds/boom2.wav
17:08:30.729 [JavaFX Application Thread] DEBUG AssetLoader          - Loading from cache: /assets/sounds/boom2.wav
17:08:30.730 [JavaFX Application Thread] DEBUG AssetLoader          - Loading from cache: /assets/sounds/boom8.wav
17:08:33.348 [JavaFX Application Thread] DEBUG AssetLoader          - Loading from cache: /assets/sounds/boom8.wav
17:08:36.356 [JavaFX Application Thread] DEBUG AssetLoader          - Loading from cache: /assets/sounds/blacksmith_1.wav
17:08:38.419 [JavaFX Application Thread] DEBUG AssetLoader          - Loading from cache: /assets/sounds/blacksmith_1.wav
17:08:44.916 [JavaFX Application Thread] DEBUG AssetLoader          - Loading from cache: /assets/sounds/boom8.wav
17:08:45.685 [JavaFX Application Thread] DEBUG AssetLoader          - Loading from cache: /assets/sounds/boom8.wav
17:08:46.251 [JavaFX Application Thread] DEBUG AssetLoader          - Loading from cache: /assets/sounds/boom8.wav
17:08:47.252 [JavaFX Application Thread] DEBUG AssetLoader          - Loading from cache: /assets/sounds/pumpkin_break_01.wav
17:08:47.409 [JavaFX Application Thread] DEBUG AssetLoader          - Loading from cache: /assets/sounds/pumpkin_break_01.wav
17:08:47.410 [JavaFX Application Thread] DEBUG AssetLoader          - Loading from cache: /assets/sounds/boom8.wav
17:08:47.459 [JavaFX Application Thread] DEBUG AssetLoader          - Loading from cache: /assets/sounds/blacksmith_1.wav
17:08:47.524 [JavaFX Application Thread] DEBUG AssetLoader          - Loading from cache: /assets/sounds/boom8.wav
17:08:48.604 [JavaFX Application Thread] DEBUG AssetLoader          - Loading from cache: /assets/sounds/blacksmith_1.wav
17:08:48.785 [JavaFX Application Thread] DEBUG AssetLoader          - Loading from cache: /assets/sounds/blacksmith_1.wav
17:08:48.918 [JavaFX Application Thread] DEBUG AssetLoader          - Loading from cache: /assets/sounds/blacksmith_1.wav
17:08:49.068 [JavaFX Application Thread] DEBUG AssetLoader          - Loading from cache: /assets/sounds/blacksmith_1.wav
17:08:49.285 [JavaFX Application Thread] DEBUG AssetLoader          - Loading from cache: /assets/sounds/blacksmith_1.wav
17:08:49.457 [JavaFX Application Thread] DEBUG AssetLoader          - Loading from cache: /assets/sounds/blacksmith_1.wav
17:08:49.953 [JavaFX Application Thread] DEBUG AssetLoader          - Loading from cache: /assets/sounds/blacksmith_1.wav
17:08:50.118 [JavaFX Application Thread] DEBUG AssetLoader          - Loading from cache: /assets/sounds/blacksmith_1.wav
17:08:50.274 [JavaFX Application Thread] DEBUG AssetLoader          - Loading from cache: /assets/sounds/blacksmith_1.wav
17:08:50.444 [JavaFX Application Thread] DEBUG AssetLoader          - Loading from cache: /assets/sounds/blacksmith_1.wav
17:08:50.444 [JavaFX Application Thread] DEBUG AssetLoader          - Loading from cache: /assets/sounds/boom8.wav
17:08:52.862 [JavaFX Application Thread] DEBUG FXGL                 - Exiting FXGL
17:08:52.862 [JavaFX Application Thread] DEBUG FXGL                 - Shutting down background threads
17:08:52.863 [JavaFX Application Thread] DEBUG FXGL                 - Saving FXGL system data
17:08:52.867 [JavaFX Application Thread] DEBUG DesktopFSService     - Writing to: system\fxgl.bundle
17:08:52.874 [JavaFX Application Thread] DEBUG FXGL                 - Closing logger and exiting JavaFX
