19:22:29.206 [JavaFX Application Thread] DEBUG GameApplication      - Logger initialized
19:22:29.223 [JavaFX Application Thread] DEBUG GameApplication      - Logging settings
Title: BreakOut
Version: 0.1
Width: 600
Height: 600
Fullscreen: false
Intro: false
Menus: false
Profiling: false
Single step:false
App Mode: DEVELOPER
Menu Key: ESCAPE
Stage Style: DECORATED
Scene Factory: class com.almasb.fxgl.scene.SceneFactory
Dialog Factory: class com.almasb.fxgl.ui.FXGLDialogFactory
UI Factory: class com.almasb.fxgl.ui.FXGLUIFactory
Notification Service: class com.almasb.fxgl.gameplay.notification.XboxNotificationView
Exception Handler: class com.almasb.fxgl.app.FXGLExceptionHandler
19:22:29.223 [JavaFX Application Thread] DEBUG GameApplication      - Starting FXGL
19:22:29.236 [JavaFX Application Thread] INFO  FXGL                 - FXGL-0.5.4 on DESKTOP
19:22:29.237 [JavaFX Application Thread] INFO  FXGL                 - Source code and latest versions at: https://github.com/AlmasB/FXGL
19:22:29.237 [JavaFX Application Thread] INFO  FXGL                 -              Join the FXGL chat at: https://gitter.im/AlmasB/FXGL
19:22:29.238 [JavaFX Application Thread] DEBUG FXGL                 - FXGL started
19:22:29.238 [JavaFX Application Thread] DEBUG FXGL                 - Initializing FXGL
19:22:29.334 [JavaFX Application Thread] DEBUG AssetLoader          - Loading from disk: /assets/ui/cursors/fxgl_default.png
19:22:29.423 [JavaFX Application Thread] DEBUG AssetLoader          - Loading from disk: /assets/ui/fonts/VarelaRound-Regular.ttf
19:22:29.696 [JavaFX Application Thread] DEBUG MainWindow           - Creating a JavaFX scene
19:22:29.829 [JavaFX Application Thread] DEBUG MainWindow           - Target settings size: 600.0 x 600.0
19:22:29.830 [JavaFX Application Thread] DEBUG MainWindow           - Scaled scene size:    600.0 x 600.0
19:22:29.830 [JavaFX Application Thread] DEBUG MainWindow           - Scaled ratio: (1.0, 1.0)
19:22:29.852 [JavaFX Application Thread] DEBUG AssetLoader          - Loading from disk: /assets/ui/css/fxgl_dark.css
19:22:29.860 [JavaFX Application Thread] DEBUG AssetLoader          - Loading from disk: /assets/textures/fxgl_icon.png
19:22:29.905 [JavaFX Application Thread] DEBUG MainWindow           - Opening main window
19:22:30.400 [JavaFX Application Thread] DEBUG MainWindow           - Window border size: (6.0, 29.0)
19:22:30.402 [JavaFX Application Thread] DEBUG MainWindow           - Scaled size: 600.0 x 600.0
19:22:30.402 [JavaFX Application Thread] DEBUG MainWindow           - Scaled ratio: (1.0, 1.0)
19:22:30.403 [JavaFX Application Thread] DEBUG MainWindow           - Scene size: 600.0 x 600.0
19:22:30.403 [JavaFX Application Thread] DEBUG MainWindow           - Stage size: 606.0 x 629.0
19:22:30.530 [ForkJoinPool.commonPool-worker-1] DEBUG FS                   - Loaded DesktopFSService
19:22:30.530 [ForkJoinPool.commonPool-worker-1] DEBUG FXGL                 - Loading FXGL system data
19:22:30.542 [ForkJoinPool.commonPool-worker-1] DEBUG DesktopFSService     - Reading from: system\fxgl.bundle
19:22:30.561 [ForkJoinPool.commonPool-worker-1] DEBUG Bundle               - Logging bundle: FXGL
19:22:30.563 [ForkJoinPool.commonPool-worker-1] DEBUG Bundle               - FXGL.offline.timer.version.check=2018-12-14T14:58:08.605
19:22:30.564 [ForkJoinPool.commonPool-worker-1] DEBUG FXGL                 - Initializing state machine and application states
19:22:30.567 [ForkJoinPool.commonPool-worker-1] DEBUG AssetLoader          - Loading from disk: /assets/ui/cursors/fxgl_default.png
19:22:30.578 [ForkJoinPool.commonPool-worker-1] DEBUG AssetLoader          - Loading from disk: /assets/ui/cursors/fxgl_default.png
19:22:30.590 [ForkJoinPool.commonPool-worker-1] DEBUG AssetLoader          - Loading from cache: /assets/ui/fonts/VarelaRound-Regular.ttf
19:22:30.594 [ForkJoinPool.commonPool-worker-1] DEBUG AssetLoader          - Loading from disk: /assets/ui/cursors/fxgl_default.png
19:22:30.604 [ForkJoinPool.commonPool-worker-1] DEBUG GameScene            - Game scene initialized: 600x600
19:22:30.638 [ForkJoinPool.commonPool-worker-1] DEBUG GameWorld            - Game world initialized
19:22:30.743 [ForkJoinPool.commonPool-worker-1] DEBUG PhysicsWorld         - Physics world initialized: appHeight=600, physics.ppm=50,0
19:22:30.791 [ForkJoinPool.commonPool-worker-1] DEBUG Input                - Registered new binding: Pause - Esc
19:22:30.890 [JavaFX Application Thread] DEBUG FXGL                 - Running preInit()
19:22:30.892 [JavaFX Application Thread] DEBUG Input                - Registered new binding: Screenshot - P
19:22:30.893 [JavaFX Application Thread] DEBUG Input                - Registered new binding: Dev Options - CTRL+0
19:22:30.894 [JavaFX Application Thread] DEBUG Input                - Registered new binding: System info dump - CTRL+9
19:22:30.894 [JavaFX Application Thread] DEBUG Input                - Registered new binding: Restart - CTRL+R
19:22:30.896 [JavaFX Application Thread] DEBUG Input                - Registered new binding: Move Right - D
19:22:30.896 [JavaFX Application Thread] DEBUG Input                - Registered new binding: Move Left - A
19:22:30.896 [JavaFX Application Thread] DEBUG Input                - Registered new binding: Move Ball - Space
19:22:30.897 [JavaFX Application Thread] DEBUG Input                - Registered new binding: New Level - N
19:22:30.897 [JavaFX Application Thread] DEBUG Input                - Registered new binding: New Ball - M
19:22:30.899 [JavaFX Application Thread] DEBUG Input                - Registered new binding: Testing - LMB
19:22:30.900 [JavaFX Application Thread] INFO  FXGL                 - FXGL initialization took: 1,662 sec
19:22:30.901 [JavaFX Application Thread] DEBUG LoopRunner           - Starting loop
19:22:30.904 [JavaFX Application Thread] DEBUG StartupState         - STARTUP
19:22:30.905 [JavaFX Application Thread] DEBUG GameApplication      - Starting new game
19:22:30.905 [JavaFX Application Thread] DEBUG Input                - Clearing active input actions
19:22:30.907 [JavaFX Application Thread] DEBUG AssetLoader          - Loading from disk: /assets/ui/css/fxgl_dark.css
19:22:30.919 [JavaFX Application Thread] DEBUG AppStateMachine      - StartupState -> LoadingState
19:22:30.941 [FXGL Background Thread 1 ] DEBUG InitAppTask          - Clearing previous game
19:22:30.941 [FXGL Background Thread 1 ] DEBUG GameWorld            - Clearing game world
19:22:30.941 [FXGL Background Thread 1 ] DEBUG PhysicsWorld         - Clearing physics world
19:22:30.942 [FXGL Background Thread 1 ] DEBUG GameScene            - Clearing game scene
19:22:30.944 [FXGL Background Thread 1 ] DEBUG InitAppTask          - Initializing Game
19:22:31.180 [FXGL Background Thread 1 ] DEBUG GameScene            - Creating render group for layer: DEFAULT(100000)
19:22:31.184 [FXGL Background Thread 1 ] DEBUG GameScene            - Creating render group for layer: BACKGROUND(1000)
19:22:31.190 [FXGL Background Thread 1 ] DEBUG InitAppTask          - Initializing Physics
19:22:31.191 [FXGL Background Thread 1 ] DEBUG InitAppTask          - Initializing UI
19:22:31.203 [JavaFX Application Thread] FATAL FXGL                 - Uncaught Exception:

Fatal exception occurred: java.lang.IllegalArgumentException : Property Level Name does not exist
E: com.almasb.fxgl.core.collection.PropertyMap.get(PropertyMap.kt:208)
E: com.almasb.fxgl.core.collection.PropertyMap.stringProperty(PropertyMap.kt:165)
E: com.almasb.fxgl.core.collection.PropertyMap.getString(PropertyMap.kt:155)
E: com.almasb.fxgl.gameplay.GameState.getString(GameState.kt:68)
E: View.GameApp.initUI(GameApp.java:108)
E: com.almasb.fxgl.app.LoadingState$InitAppTask.initUI(AppStates.kt:178)
E: com.almasb.fxgl.app.LoadingState$InitAppTask.call(AppStates.kt:140)
E: com.almasb.fxgl.app.LoadingState$InitAppTask.call(AppStates.kt:127)
E: javafx.concurrent.Task$TaskCallable.call(Task.java:1423)
E: java.util.concurrent.FutureTask.run(FutureTask.java:266)
E: java.util.concurrent.Executors$RunnableAdapter.call(Executors.java:511)
E: java.util.concurrent.FutureTask.run(FutureTask.java:266)
E: java.util.concurrent.ThreadPoolExecutor.runWorker(ThreadPoolExecutor.java:1149)
E: java.util.concurrent.ThreadPoolExecutor$Worker.run(ThreadPoolExecutor.java:624)
E: java.lang.Thread.run(Thread.java:748)

19:22:31.203 [JavaFX Application Thread] FATAL FXGL                 - Application will now exit
19:22:31.204 [JavaFX Application Thread] DEBUG LoopRunner           - Stopping loop
19:22:35.254 [JavaFX Application Thread] DEBUG FXGL                 - Exiting FXGL
19:22:35.254 [JavaFX Application Thread] DEBUG FXGL                 - Shutting down background threads
19:22:35.255 [JavaFX Application Thread] DEBUG FXGL                 - Saving FXGL system data
19:22:35.269 [JavaFX Application Thread] DEBUG DesktopFSService     - Writing to: system\fxgl.bundle
19:22:35.290 [JavaFX Application Thread] DEBUG FXGL                 - Closing logger and exiting JavaFX
