10:34:44.922 [JavaFX Application Thread] DEBUG GameApplication      - Logger initialized
10:34:44.941 [JavaFX Application Thread] DEBUG GameApplication      - Logging settings
Title: BreakOut
Version: 0.1
Width: 600
Height: 600
Fullscreen: false
Intro: false
Menus: false
Profiling: false
Single step:false
App Mode: DEVELOPER
Menu Key: ESCAPE
Stage Style: DECORATED
Scene Factory: class com.almasb.fxgl.scene.SceneFactory
Dialog Factory: class com.almasb.fxgl.ui.FXGLDialogFactory
UI Factory: class com.almasb.fxgl.ui.FXGLUIFactory
Notification Service: class com.almasb.fxgl.gameplay.notification.XboxNotificationView
Exception Handler: class com.almasb.fxgl.app.FXGLExceptionHandler
10:34:44.942 [JavaFX Application Thread] DEBUG GameApplication      - Starting FXGL
10:34:44.952 [JavaFX Application Thread] INFO  FXGL                 - FXGL-0.5.4 on DESKTOP
10:34:44.953 [JavaFX Application Thread] INFO  FXGL                 - Source code and latest versions at: https://github.com/AlmasB/FXGL
10:34:44.953 [JavaFX Application Thread] INFO  FXGL                 -              Join the FXGL chat at: https://gitter.im/AlmasB/FXGL
10:34:44.953 [JavaFX Application Thread] DEBUG FXGL                 - FXGL started
10:34:44.954 [JavaFX Application Thread] DEBUG FXGL                 - Initializing FXGL
10:34:45.030 [JavaFX Application Thread] DEBUG AssetLoader          - Loading from disk: /assets/ui/cursors/fxgl_default.png
10:34:45.106 [JavaFX Application Thread] DEBUG AssetLoader          - Loading from disk: /assets/ui/fonts/VarelaRound-Regular.ttf
10:34:45.377 [JavaFX Application Thread] DEBUG MainWindow           - Creating a JavaFX scene
10:34:45.459 [JavaFX Application Thread] DEBUG MainWindow           - Target settings size: 600.0 x 600.0
10:34:45.460 [JavaFX Application Thread] DEBUG MainWindow           - Scaled scene size:    600.0 x 600.0
10:34:45.460 [JavaFX Application Thread] DEBUG MainWindow           - Scaled ratio: (1.0, 1.0)
10:34:45.465 [JavaFX Application Thread] DEBUG AssetLoader          - Loading from disk: /assets/ui/css/fxgl_dark.css
10:34:45.495 [JavaFX Application Thread] DEBUG AssetLoader          - Loading from disk: /assets/textures/fxgl_icon.png
10:34:45.531 [JavaFX Application Thread] DEBUG MainWindow           - Opening main window
10:34:45.966 [JavaFX Application Thread] DEBUG MainWindow           - Window border size: (6.0, 29.0)
10:34:45.966 [JavaFX Application Thread] DEBUG MainWindow           - Scaled size: 600.0 x 600.0
10:34:45.966 [JavaFX Application Thread] DEBUG MainWindow           - Scaled ratio: (1.0, 1.0)
10:34:45.966 [JavaFX Application Thread] DEBUG MainWindow           - Scene size: 600.0 x 600.0
10:34:45.967 [JavaFX Application Thread] DEBUG MainWindow           - Stage size: 606.0 x 629.0
10:34:46.082 [ForkJoinPool.commonPool-worker-1] DEBUG FS                   - Loaded DesktopFSService
10:34:46.083 [ForkJoinPool.commonPool-worker-1] DEBUG FXGL                 - Loading FXGL system data
10:34:46.127 [ForkJoinPool.commonPool-worker-1] DEBUG DesktopFSService     - Reading from: system\fxgl.bundle
10:34:46.144 [ForkJoinPool.commonPool-worker-1] DEBUG Bundle               - Logging bundle: FXGL
10:34:46.146 [ForkJoinPool.commonPool-worker-1] DEBUG Bundle               - FXGL.offline.timer.version.check=2018-12-21T23:35:16.236
10:34:46.147 [ForkJoinPool.commonPool-worker-1] DEBUG FXGL                 - Initializing state machine and application states
10:34:46.149 [ForkJoinPool.commonPool-worker-1] DEBUG AssetLoader          - Loading from disk: /assets/ui/cursors/fxgl_default.png
10:34:46.159 [ForkJoinPool.commonPool-worker-1] DEBUG AssetLoader          - Loading from disk: /assets/ui/cursors/fxgl_default.png
10:34:46.171 [ForkJoinPool.commonPool-worker-1] DEBUG AssetLoader          - Loading from cache: /assets/ui/fonts/VarelaRound-Regular.ttf
10:34:46.177 [ForkJoinPool.commonPool-worker-1] DEBUG AssetLoader          - Loading from disk: /assets/ui/cursors/fxgl_default.png
10:34:46.185 [ForkJoinPool.commonPool-worker-1] DEBUG GameScene            - Game scene initialized: 600x600
10:34:46.196 [ForkJoinPool.commonPool-worker-1] DEBUG GameWorld            - Game world initialized
10:34:46.296 [ForkJoinPool.commonPool-worker-1] DEBUG PhysicsWorld         - Physics world initialized: appHeight=600, physics.ppm=50,0
10:34:46.337 [ForkJoinPool.commonPool-worker-1] DEBUG Input                - Registered new binding: Pause - Esc
10:34:46.432 [JavaFX Application Thread] DEBUG FXGL                 - Running preInit()
10:34:46.435 [JavaFX Application Thread] DEBUG Input                - Registered new binding: Screenshot - P
10:34:46.436 [JavaFX Application Thread] DEBUG Input                - Registered new binding: Dev Options - CTRL+0
10:34:46.437 [JavaFX Application Thread] DEBUG Input                - Registered new binding: System info dump - CTRL+9
10:34:46.438 [JavaFX Application Thread] DEBUG Input                - Registered new binding: Restart - CTRL+R
10:34:46.438 [JavaFX Application Thread] DEBUG Input                - Registered new binding: Move Right - D
10:34:46.439 [JavaFX Application Thread] DEBUG Input                - Registered new binding: Move Left - A
10:34:46.439 [JavaFX Application Thread] DEBUG Input                - Registered new binding: Move Ball - Space
10:34:46.440 [JavaFX Application Thread] DEBUG Input                - Registered new binding: New Level - N
10:34:46.440 [JavaFX Application Thread] DEBUG Input                - Registered new binding: New Ball - M
10:34:46.442 [JavaFX Application Thread] INFO  FXGL                 - FXGL initialization took: 1,488 sec
10:34:46.442 [JavaFX Application Thread] DEBUG LoopRunner           - Starting loop
10:34:46.444 [JavaFX Application Thread] DEBUG StartupState         - STARTUP
10:34:46.445 [JavaFX Application Thread] DEBUG GameApplication      - Starting new game
10:34:46.445 [JavaFX Application Thread] DEBUG Input                - Clearing active input actions
10:34:46.447 [JavaFX Application Thread] DEBUG AssetLoader          - Loading from disk: /assets/ui/css/fxgl_dark.css
10:34:46.459 [JavaFX Application Thread] DEBUG AppStateMachine      - StartupState -> LoadingState
10:34:46.467 [FXGL Background Thread 1 ] DEBUG InitAppTask          - Clearing previous game
10:34:46.467 [FXGL Background Thread 1 ] DEBUG GameWorld            - Clearing game world
10:34:46.467 [FXGL Background Thread 1 ] DEBUG PhysicsWorld         - Clearing physics world
10:34:46.468 [FXGL Background Thread 1 ] DEBUG GameScene            - Clearing game scene
10:34:46.470 [FXGL Background Thread 1 ] DEBUG InitAppTask          - Initializing Game
10:34:46.697 [FXGL Background Thread 1 ] DEBUG GameScene            - Creating render group for layer: DEFAULT(100000)
10:34:46.700 [FXGL Background Thread 1 ] DEBUG GameScene            - Creating render group for layer: BACKGROUND(1000)
10:34:46.753 [FXGL Background Thread 1 ] DEBUG InitAppTask          - Initializing Physics
10:34:46.754 [FXGL Background Thread 1 ] DEBUG InitAppTask          - Initializing UI
10:34:46.761 [FXGL Background Thread 1 ] DEBUG InitAppTask          - Initialization Complete
10:34:46.762 [FXGL Background Thread 1 ] INFO  InitAppTask          - Game initialization took: 0,295 sec
10:34:46.763 [JavaFX Application Thread] DEBUG Input                - Clearing active input actions
10:34:46.764 [JavaFX Application Thread] DEBUG AssetLoader          - Loading from disk: /assets/ui/css/fxgl_dark.css
10:34:46.789 [JavaFX Application Thread] DEBUG AppStateMachine      - LoadingState -> PlayState
10:34:54.046 [JavaFX Application Thread] DEBUG AssetLoader          - Loading from cache: /assets/sounds/boom8.wav
10:34:54.783 [JavaFX Application Thread] DEBUG AssetLoader          - Loading from cache: /assets/sounds/boom8.wav
10:34:56.110 [JavaFX Application Thread] DEBUG AssetLoader          - Loading from cache: /assets/sounds/boom8.wav
10:34:57.243 [JavaFX Application Thread] DEBUG AssetLoader          - Loading from cache: /assets/sounds/boom8.wav
10:34:57.993 [JavaFX Application Thread] DEBUG AssetLoader          - Loading from cache: /assets/sounds/boom8.wav
10:34:59.034 [JavaFX Application Thread] DEBUG AssetLoader          - Loading from cache: /assets/sounds/boom8.wav
10:34:59.815 [JavaFX Application Thread] DEBUG AssetLoader          - Loading from cache: /assets/sounds/boom8.wav
10:35:00.586 [JavaFX Application Thread] DEBUG AssetLoader          - Loading from cache: /assets/sounds/boom8.wav
10:35:01.555 [JavaFX Application Thread] DEBUG AssetLoader          - Loading from cache: /assets/sounds/boom8.wav
10:35:02.385 [JavaFX Application Thread] DEBUG AssetLoader          - Loading from cache: /assets/sounds/pumpkin_break_01.wav
10:35:02.551 [JavaFX Application Thread] DEBUG AssetLoader          - Loading from cache: /assets/sounds/pumpkin_break_01.wav
10:35:02.552 [JavaFX Application Thread] DEBUG AssetLoader          - Loading from cache: /assets/sounds/boom8.wav
10:35:03.495 [JavaFX Application Thread] DEBUG AssetLoader          - Loading from cache: /assets/sounds/pumpkin_break_01.wav
10:35:03.667 [JavaFX Application Thread] DEBUG AssetLoader          - Loading from cache: /assets/sounds/pumpkin_break_01.wav
10:35:03.848 [JavaFX Application Thread] DEBUG AssetLoader          - Loading from cache: /assets/sounds/pumpkin_break_01.wav
10:35:03.848 [JavaFX Application Thread] DEBUG AssetLoader          - Loading from cache: /assets/sounds/boom8.wav
10:35:05.189 [JavaFX Application Thread] DEBUG AssetLoader          - Loading from cache: /assets/sounds/pumpkin_break_01.wav
10:35:05.392 [JavaFX Application Thread] DEBUG AssetLoader          - Loading from cache: /assets/sounds/pumpkin_break_01.wav
10:35:05.573 [JavaFX Application Thread] DEBUG AssetLoader          - Loading from cache: /assets/sounds/pumpkin_break_01.wav
10:35:05.573 [JavaFX Application Thread] DEBUG AssetLoader          - Loading from cache: /assets/sounds/boom8.wav
10:35:06.269 [JavaFX Application Thread] DEBUG AssetLoader          - Loading from cache: /assets/sounds/pumpkin_break_01.wav
10:35:06.457 [JavaFX Application Thread] DEBUG AssetLoader          - Loading from cache: /assets/sounds/pumpkin_break_01.wav
10:35:06.637 [JavaFX Application Thread] DEBUG AssetLoader          - Loading from cache: /assets/sounds/pumpkin_break_01.wav
10:35:06.637 [JavaFX Application Thread] DEBUG AssetLoader          - Loading from cache: /assets/sounds/boom8.wav
10:35:07.072 [JavaFX Application Thread] DEBUG AssetLoader          - Loading from cache: /assets/sounds/pumpkin_break_01.wav
10:35:07.237 [JavaFX Application Thread] DEBUG AssetLoader          - Loading from cache: /assets/sounds/pumpkin_break_01.wav
10:35:07.387 [JavaFX Application Thread] DEBUG AssetLoader          - Loading from cache: /assets/sounds/pumpkin_break_01.wav
10:35:07.387 [JavaFX Application Thread] DEBUG AssetLoader          - Loading from cache: /assets/sounds/boom8.wav
10:35:08.271 [JavaFX Application Thread] DEBUG AssetLoader          - Loading from cache: /assets/sounds/pumpkin_break_01.wav
10:35:08.452 [JavaFX Application Thread] DEBUG AssetLoader          - Loading from cache: /assets/sounds/pumpkin_break_01.wav
10:35:08.640 [JavaFX Application Thread] DEBUG AssetLoader          - Loading from cache: /assets/sounds/pumpkin_break_01.wav
10:35:08.640 [JavaFX Application Thread] DEBUG AssetLoader          - Loading from cache: /assets/sounds/boom8.wav
10:35:09.426 [JavaFX Application Thread] DEBUG AssetLoader          - Loading from cache: /assets/sounds/pumpkin_break_01.wav
10:35:09.613 [JavaFX Application Thread] DEBUG AssetLoader          - Loading from cache: /assets/sounds/pumpkin_break_01.wav
10:35:09.802 [JavaFX Application Thread] DEBUG AssetLoader          - Loading from cache: /assets/sounds/pumpkin_break_01.wav
10:35:09.804 [JavaFX Application Thread] DEBUG AssetLoader          - Loading from cache: /assets/sounds/boom8.wav
10:35:10.956 [JavaFX Application Thread] DEBUG AssetLoader          - Loading from cache: /assets/sounds/pumpkin_break_01.wav
10:35:11.158 [JavaFX Application Thread] DEBUG AssetLoader          - Loading from cache: /assets/sounds/pumpkin_break_01.wav
10:35:11.354 [JavaFX Application Thread] DEBUG AssetLoader          - Loading from cache: /assets/sounds/pumpkin_break_01.wav
10:35:11.355 [JavaFX Application Thread] DEBUG AssetLoader          - Loading from cache: /assets/sounds/boom8.wav
10:35:12.110 [JavaFX Application Thread] DEBUG AssetLoader          - Loading from cache: /assets/sounds/pumpkin_break_01.wav
10:35:12.305 [JavaFX Application Thread] DEBUG AssetLoader          - Loading from cache: /assets/sounds/pumpkin_break_01.wav
10:35:12.501 [JavaFX Application Thread] DEBUG AssetLoader          - Loading from cache: /assets/sounds/pumpkin_break_01.wav
10:35:12.501 [JavaFX Application Thread] DEBUG AssetLoader          - Loading from cache: /assets/sounds/boom8.wav
10:35:13.258 [JavaFX Application Thread] DEBUG AssetLoader          - Loading from cache: /assets/sounds/pumpkin_break_01.wav
10:35:13.437 [JavaFX Application Thread] DEBUG AssetLoader          - Loading from cache: /assets/sounds/pumpkin_break_01.wav
10:35:13.648 [JavaFX Application Thread] DEBUG AssetLoader          - Loading from cache: /assets/sounds/pumpkin_break_01.wav
10:35:13.648 [JavaFX Application Thread] DEBUG AssetLoader          - Loading from cache: /assets/sounds/boom8.wav
10:35:14.165 [JavaFX Application Thread] DEBUG AssetLoader          - Loading from cache: /assets/sounds/pumpkin_break_01.wav
10:35:14.360 [JavaFX Application Thread] DEBUG AssetLoader          - Loading from cache: /assets/sounds/pumpkin_break_01.wav
10:35:14.555 [JavaFX Application Thread] DEBUG AssetLoader          - Loading from cache: /assets/sounds/pumpkin_break_01.wav
10:35:14.556 [JavaFX Application Thread] DEBUG AssetLoader          - Loading from cache: /assets/sounds/boom8.wav
10:35:15.649 [JavaFX Application Thread] DEBUG AssetLoader          - Loading from cache: /assets/sounds/pumpkin_break_01.wav
10:35:15.830 [JavaFX Application Thread] DEBUG AssetLoader          - Loading from cache: /assets/sounds/pumpkin_break_01.wav
10:35:15.995 [JavaFX Application Thread] DEBUG AssetLoader          - Loading from cache: /assets/sounds/pumpkin_break_01.wav
10:35:15.995 [JavaFX Application Thread] DEBUG AssetLoader          - Loading from cache: /assets/sounds/boom8.wav
10:35:16.504 [JavaFX Application Thread] DEBUG AssetLoader          - Loading from cache: /assets/sounds/pumpkin_break_01.wav
10:35:16.684 [JavaFX Application Thread] DEBUG AssetLoader          - Loading from cache: /assets/sounds/pumpkin_break_01.wav
10:35:16.857 [JavaFX Application Thread] DEBUG AssetLoader          - Loading from cache: /assets/sounds/pumpkin_break_01.wav
10:35:16.858 [JavaFX Application Thread] DEBUG AssetLoader          - Loading from cache: /assets/sounds/boom8.wav
10:35:18.251 [JavaFX Application Thread] DEBUG AssetLoader          - Loading from cache: /assets/sounds/pumpkin_break_01.wav
10:35:18.423 [JavaFX Application Thread] DEBUG AssetLoader          - Loading from cache: /assets/sounds/pumpkin_break_01.wav
10:35:18.620 [JavaFX Application Thread] DEBUG AssetLoader          - Loading from cache: /assets/sounds/pumpkin_break_01.wav
10:35:18.621 [JavaFX Application Thread] DEBUG AssetLoader          - Loading from cache: /assets/sounds/boom8.wav
10:35:19.511 [JavaFX Application Thread] DEBUG AssetLoader          - Loading from cache: /assets/sounds/pumpkin_break_01.wav
10:35:19.691 [JavaFX Application Thread] DEBUG AssetLoader          - Loading from cache: /assets/sounds/pumpkin_break_01.wav
10:35:19.886 [JavaFX Application Thread] DEBUG AssetLoader          - Loading from cache: /assets/sounds/pumpkin_break_01.wav
10:35:19.887 [JavaFX Application Thread] DEBUG AssetLoader          - Loading from cache: /assets/sounds/boom8.wav
10:35:20.913 [JavaFX Application Thread] DEBUG AssetLoader          - Loading from cache: /assets/sounds/pumpkin_break_01.wav
10:35:21.093 [JavaFX Application Thread] DEBUG AssetLoader          - Loading from cache: /assets/sounds/pumpkin_break_01.wav
10:35:21.289 [JavaFX Application Thread] DEBUG AssetLoader          - Loading from cache: /assets/sounds/pumpkin_break_01.wav
10:35:21.289 [JavaFX Application Thread] DEBUG AssetLoader          - Loading from cache: /assets/sounds/boom8.wav
10:35:21.933 [JavaFX Application Thread] DEBUG AssetLoader          - Loading from cache: /assets/sounds/pumpkin_break_01.wav
10:35:22.120 [JavaFX Application Thread] DEBUG AssetLoader          - Loading from cache: /assets/sounds/pumpkin_break_01.wav
10:35:22.316 [JavaFX Application Thread] DEBUG AssetLoader          - Loading from cache: /assets/sounds/pumpkin_break_01.wav
10:35:22.316 [JavaFX Application Thread] DEBUG AssetLoader          - Loading from cache: /assets/sounds/boom8.wav
10:35:23.148 [JavaFX Application Thread] DEBUG AssetLoader          - Loading from cache: /assets/sounds/pumpkin_break_01.wav
10:35:23.328 [JavaFX Application Thread] DEBUG AssetLoader          - Loading from cache: /assets/sounds/pumpkin_break_01.wav
10:35:23.538 [JavaFX Application Thread] DEBUG AssetLoader          - Loading from cache: /assets/sounds/pumpkin_break_01.wav
10:35:23.538 [JavaFX Application Thread] DEBUG AssetLoader          - Loading from cache: /assets/sounds/boom8.wav
10:35:24.063 [JavaFX Application Thread] DEBUG AssetLoader          - Loading from cache: /assets/sounds/pumpkin_break_01.wav
10:35:24.257 [JavaFX Application Thread] DEBUG AssetLoader          - Loading from cache: /assets/sounds/pumpkin_break_01.wav
10:35:24.438 [JavaFX Application Thread] DEBUG AssetLoader          - Loading from cache: /assets/sounds/pumpkin_break_01.wav
10:35:24.438 [JavaFX Application Thread] DEBUG AssetLoader          - Loading from cache: /assets/sounds/boom8.wav
10:35:25.210 [JavaFX Application Thread] DEBUG AssetLoader          - Loading from cache: /assets/sounds/pumpkin_break_01.wav
10:35:25.390 [JavaFX Application Thread] DEBUG AssetLoader          - Loading from cache: /assets/sounds/pumpkin_break_01.wav
10:35:25.596 [JavaFX Application Thread] DEBUG AssetLoader          - Loading from cache: /assets/ui/fonts/VarelaRound-Regular.ttf
10:35:25.604 [JavaFX Application Thread] DEBUG AssetLoader          - Loading from cache: /assets/ui/fonts/VarelaRound-Regular.ttf
10:35:25.610 [JavaFX Application Thread] DEBUG AssetLoader          - Loading from disk: /assets/properties/languages/english.properties
10:35:25.619 [JavaFX Application Thread] DEBUG AssetLoader          - Loading from cache: /assets/ui/fonts/VarelaRound-Regular.ttf
10:35:25.619 [JavaFX Application Thread] DEBUG AssetLoader          - Loading from cache: /assets/properties/languages/english.properties
10:35:25.629 [JavaFX Application Thread] DEBUG AssetLoader          - Loading from cache: /assets/ui/fonts/VarelaRound-Regular.ttf
10:35:25.631 [JavaFX Application Thread] DEBUG AppStateMachine      - Push state: DialogSubState
10:35:25.632 [JavaFX Application Thread] DEBUG Input                - Clearing active input actions
10:35:25.632 [JavaFX Application Thread] DEBUG AppStateMachine      - PlayState -> DialogSubState
10:35:25.649 [JavaFX Application Thread] DEBUG AssetLoader          - Loading from cache: /assets/sounds/pumpkin_break_01.wav
10:35:25.649 [JavaFX Application Thread] DEBUG AssetLoader          - Loading from cache: /assets/sounds/boom8.wav
10:35:27.019 [JavaFX Application Thread] DEBUG AppStateMachine      - Pop state: DialogSubState
10:35:27.019 [JavaFX Application Thread] DEBUG Input                - Clearing active input actions
10:35:27.020 [JavaFX Application Thread] DEBUG AppStateMachine      - PlayState <- DialogSubState
10:35:27.032 [JavaFX Application Thread] DEBUG GameApplication      - Starting new game
10:35:27.033 [JavaFX Application Thread] DEBUG Input                - Clearing active input actions
10:35:27.064 [JavaFX Application Thread] DEBUG AppStateMachine      - PlayState -> LoadingState
10:35:27.067 [FXGL Background Thread 1 ] DEBUG InitAppTask          - Clearing previous game
10:35:27.067 [FXGL Background Thread 1 ] DEBUG GameWorld            - Clearing game world
10:35:27.073 [FXGL Background Thread 1 ] DEBUG PhysicsWorld         - Clearing physics world
10:35:27.073 [FXGL Background Thread 1 ] DEBUG GameScene            - Clearing game scene
10:35:27.074 [FXGL Background Thread 1 ] DEBUG InitAppTask          - Initializing Game
10:35:27.088 [FXGL Background Thread 1 ] DEBUG GameScene            - Creating render group for layer: DEFAULT(100000)
10:35:27.089 [FXGL Background Thread 1 ] DEBUG GameScene            - Creating render group for layer: BACKGROUND(1000)
10:35:27.094 [FXGL Background Thread 1 ] DEBUG InitAppTask          - Initializing Physics
10:35:27.094 [FXGL Background Thread 1 ] DEBUG InitAppTask          - Initializing UI
10:35:27.100 [FXGL Background Thread 1 ] DEBUG InitAppTask          - Initialization Complete
10:35:27.102 [FXGL Background Thread 1 ] INFO  InitAppTask          - Game initialization took: 0,033 sec
10:35:27.109 [JavaFX Application Thread] DEBUG Input                - Clearing active input actions
10:35:27.139 [JavaFX Application Thread] DEBUG AppStateMachine      - LoadingState -> PlayState
10:35:33.393 [JavaFX Application Thread] DEBUG AssetLoader          - Loading from cache: /assets/sounds/boom8.wav
10:35:34.194 [JavaFX Application Thread] DEBUG AssetLoader          - Loading from cache: /assets/sounds/boom8.wav
10:35:34.794 [JavaFX Application Thread] DEBUG AssetLoader          - Loading from cache: /assets/sounds/boom8.wav
10:35:35.387 [JavaFX Application Thread] DEBUG AssetLoader          - Loading from cache: /assets/sounds/boom8.wav
10:35:36.555 [JavaFX Application Thread] DEBUG AssetLoader          - Loading from cache: /assets/sounds/boom8.wav
10:35:37.364 [JavaFX Application Thread] DEBUG AssetLoader          - Loading from cache: /assets/sounds/boom8.wav
10:35:38.350 [JavaFX Application Thread] DEBUG AssetLoader          - Loading from cache: /assets/sounds/boom8.wav
10:35:39.989 [JavaFX Application Thread] DEBUG AssetLoader          - Loading from cache: /assets/sounds/pumpkin_break_01.wav
10:35:40.169 [JavaFX Application Thread] DEBUG AssetLoader          - Loading from cache: /assets/sounds/pumpkin_break_01.wav
10:35:40.333 [JavaFX Application Thread] DEBUG AssetLoader          - Loading from cache: /assets/sounds/pumpkin_break_01.wav
10:35:40.335 [JavaFX Application Thread] DEBUG AssetLoader          - Loading from cache: /assets/sounds/boom8.wav
10:35:41.053 [JavaFX Application Thread] DEBUG AssetLoader          - Loading from cache: /assets/sounds/pumpkin_break_01.wav
10:35:41.271 [JavaFX Application Thread] DEBUG AssetLoader          - Loading from cache: /assets/sounds/pumpkin_break_01.wav
10:35:41.473 [JavaFX Application Thread] DEBUG AssetLoader          - Loading from cache: /assets/sounds/pumpkin_break_01.wav
10:35:41.474 [JavaFX Application Thread] DEBUG AssetLoader          - Loading from cache: /assets/sounds/boom8.wav
10:35:42.456 [JavaFX Application Thread] DEBUG AssetLoader          - Loading from cache: /assets/sounds/pumpkin_break_01.wav
10:35:42.688 [JavaFX Application Thread] DEBUG AssetLoader          - Loading from cache: /assets/sounds/pumpkin_break_01.wav
10:35:45.088 [JavaFX Application Thread] DEBUG FXGL                 - Exiting FXGL
10:35:45.089 [JavaFX Application Thread] DEBUG FXGL                 - Shutting down background threads
10:35:45.089 [JavaFX Application Thread] DEBUG FXGL                 - Saving FXGL system data
10:35:45.099 [JavaFX Application Thread] DEBUG DesktopFSService     - Writing to: system\fxgl.bundle
10:35:45.114 [JavaFX Application Thread] DEBUG FXGL                 - Closing logger and exiting JavaFX
