17:24:32.339 [JavaFX Application Thread] DEBUG GameApplication      - Logger initialized
17:24:32.373 [JavaFX Application Thread] DEBUG GameApplication      - Logging settings
Title: BreakOut
Version: 0.1
Width: 600
Height: 600
Fullscreen: false
Intro: false
Menus: false
Profiling: false
Single step:false
App Mode: DEVELOPER
Menu Key: ESCAPE
Stage Style: DECORATED
Scene Factory: class com.almasb.fxgl.scene.SceneFactory
Dialog Factory: class com.almasb.fxgl.ui.FXGLDialogFactory
UI Factory: class com.almasb.fxgl.ui.FXGLUIFactory
Notification Service: class com.almasb.fxgl.gameplay.notification.XboxNotificationView
Exception Handler: class com.almasb.fxgl.app.FXGLExceptionHandler
17:24:32.373 [JavaFX Application Thread] DEBUG GameApplication      - Starting FXGL
17:24:32.386 [JavaFX Application Thread] INFO  FXGL                 - FXGL-0.5.4 on DESKTOP
17:24:32.387 [JavaFX Application Thread] INFO  FXGL                 - Source code and latest versions at: https://github.com/AlmasB/FXGL
17:24:32.387 [JavaFX Application Thread] INFO  FXGL                 -              Join the FXGL chat at: https://gitter.im/AlmasB/FXGL
17:24:32.387 [JavaFX Application Thread] DEBUG FXGL                 - FXGL started
17:24:32.387 [JavaFX Application Thread] DEBUG FXGL                 - Initializing FXGL
17:24:32.463 [JavaFX Application Thread] DEBUG AssetLoader          - Loading from disk: /assets/ui/cursors/fxgl_default.png
17:24:32.538 [JavaFX Application Thread] DEBUG AssetLoader          - Loading from disk: /assets/ui/fonts/VarelaRound-Regular.ttf
17:24:33.375 [JavaFX Application Thread] DEBUG MainWindow           - Creating a JavaFX scene
17:24:33.468 [JavaFX Application Thread] DEBUG MainWindow           - Target settings size: 600.0 x 600.0
17:24:33.468 [JavaFX Application Thread] DEBUG MainWindow           - Scaled scene size:    600.0 x 600.0
17:24:33.469 [JavaFX Application Thread] DEBUG MainWindow           - Scaled ratio: (1.0, 1.0)
17:24:33.475 [JavaFX Application Thread] DEBUG AssetLoader          - Loading from disk: /assets/ui/css/fxgl_dark.css
17:24:33.483 [JavaFX Application Thread] DEBUG AssetLoader          - Loading from disk: /assets/textures/fxgl_icon.png
17:24:33.514 [JavaFX Application Thread] DEBUG MainWindow           - Opening main window
17:24:33.991 [JavaFX Application Thread] DEBUG MainWindow           - Window border size: (6.0, 29.0)
17:24:33.992 [JavaFX Application Thread] DEBUG MainWindow           - Scaled size: 600.0 x 600.0
17:24:33.992 [JavaFX Application Thread] DEBUG MainWindow           - Scaled ratio: (1.0, 1.0)
17:24:33.992 [JavaFX Application Thread] DEBUG MainWindow           - Scene size: 600.0 x 600.0
17:24:33.993 [JavaFX Application Thread] DEBUG MainWindow           - Stage size: 606.0 x 629.0
17:24:34.131 [ForkJoinPool.commonPool-worker-1] DEBUG FS                   - Loaded DesktopFSService
17:24:34.132 [ForkJoinPool.commonPool-worker-1] DEBUG FXGL                 - Loading FXGL system data
17:24:34.154 [ForkJoinPool.commonPool-worker-1] DEBUG DesktopFSService     - Reading from: system\fxgl.bundle
17:24:34.172 [ForkJoinPool.commonPool-worker-1] DEBUG Bundle               - Logging bundle: FXGL
17:24:34.173 [ForkJoinPool.commonPool-worker-1] DEBUG Bundle               - FXGL.offline.timer.version.check=2018-12-14T14:58:08.605
17:24:34.175 [ForkJoinPool.commonPool-worker-1] DEBUG FXGL                 - Initializing state machine and application states
17:24:34.178 [ForkJoinPool.commonPool-worker-1] DEBUG AssetLoader          - Loading from disk: /assets/ui/cursors/fxgl_default.png
17:24:34.189 [ForkJoinPool.commonPool-worker-1] DEBUG AssetLoader          - Loading from disk: /assets/ui/cursors/fxgl_default.png
17:24:34.201 [ForkJoinPool.commonPool-worker-1] DEBUG AssetLoader          - Loading from cache: /assets/ui/fonts/VarelaRound-Regular.ttf
17:24:34.207 [ForkJoinPool.commonPool-worker-1] DEBUG AssetLoader          - Loading from disk: /assets/ui/cursors/fxgl_default.png
17:24:34.213 [ForkJoinPool.commonPool-worker-1] DEBUG GameScene            - Game scene initialized: 600x600
17:24:34.254 [ForkJoinPool.commonPool-worker-1] DEBUG GameWorld            - Game world initialized
17:24:34.346 [ForkJoinPool.commonPool-worker-1] DEBUG PhysicsWorld         - Physics world initialized: appHeight=600, physics.ppm=50,0
17:24:34.374 [ForkJoinPool.commonPool-worker-1] DEBUG Input                - Registered new binding: Pause - Esc
17:24:34.445 [JavaFX Application Thread] DEBUG FXGL                 - Running preInit()
17:24:34.448 [JavaFX Application Thread] DEBUG Input                - Registered new binding: Screenshot - P
17:24:34.449 [JavaFX Application Thread] DEBUG Input                - Registered new binding: Dev Options - CTRL+0
17:24:34.450 [JavaFX Application Thread] DEBUG Input                - Registered new binding: System info dump - CTRL+9
17:24:34.451 [JavaFX Application Thread] DEBUG Input                - Registered new binding: Restart - CTRL+R
17:24:34.451 [JavaFX Application Thread] DEBUG Input                - Registered new binding: Move Right - D
17:24:34.452 [JavaFX Application Thread] DEBUG Input                - Registered new binding: Move Left - A
17:24:34.452 [JavaFX Application Thread] DEBUG Input                - Registered new binding: Move Ball - Space
17:24:34.453 [JavaFX Application Thread] DEBUG Input                - Registered new binding: New Level - N
17:24:34.453 [JavaFX Application Thread] DEBUG Input                - Registered new binding: New Ball - M
17:24:34.455 [JavaFX Application Thread] INFO  FXGL                 - FXGL initialization took: 2,066 sec
17:24:34.455 [JavaFX Application Thread] DEBUG LoopRunner           - Starting loop
17:24:34.457 [JavaFX Application Thread] DEBUG StartupState         - STARTUP
17:24:34.458 [JavaFX Application Thread] DEBUG GameApplication      - Starting new game
17:24:34.458 [JavaFX Application Thread] DEBUG Input                - Clearing active input actions
17:24:34.459 [JavaFX Application Thread] DEBUG AssetLoader          - Loading from disk: /assets/ui/css/fxgl_dark.css
17:24:34.470 [JavaFX Application Thread] DEBUG AppStateMachine      - StartupState -> LoadingState
17:24:34.481 [FXGL Background Thread 1 ] DEBUG InitAppTask          - Clearing previous game
17:24:34.482 [FXGL Background Thread 1 ] DEBUG GameWorld            - Clearing game world
17:24:34.483 [FXGL Background Thread 1 ] DEBUG PhysicsWorld         - Clearing physics world
17:24:34.483 [FXGL Background Thread 1 ] DEBUG GameScene            - Clearing game scene
17:24:34.485 [FXGL Background Thread 1 ] DEBUG InitAppTask          - Initializing Game
17:24:34.654 [FXGL Background Thread 1 ] DEBUG GameScene            - Creating render group for layer: DEFAULT(100000)
17:24:34.659 [FXGL Background Thread 1 ] DEBUG GameScene            - Creating render group for layer: BACKGROUND(1000)
17:24:34.673 [FXGL Background Thread 1 ] DEBUG InitAppTask          - Initializing Physics
17:24:34.673 [FXGL Background Thread 1 ] DEBUG InitAppTask          - Initializing UI
17:24:34.675 [JavaFX Application Thread] FATAL FXGL                 - Uncaught Exception:

Fatal exception occurred: java.lang.NullPointerException : null
E: View.GameApp.initUI(GameApp.java:98)
E: com.almasb.fxgl.app.LoadingState$InitAppTask.initUI(AppStates.kt:178)
E: com.almasb.fxgl.app.LoadingState$InitAppTask.call(AppStates.kt:140)
E: com.almasb.fxgl.app.LoadingState$InitAppTask.call(AppStates.kt:127)
E: javafx.concurrent.Task$TaskCallable.call(Task.java:1423)
E: java.util.concurrent.FutureTask.run(FutureTask.java:266)
E: java.util.concurrent.Executors$RunnableAdapter.call(Executors.java:511)
E: java.util.concurrent.FutureTask.run(FutureTask.java:266)
E: java.util.concurrent.ThreadPoolExecutor.runWorker(ThreadPoolExecutor.java:1149)
E: java.util.concurrent.ThreadPoolExecutor$Worker.run(ThreadPoolExecutor.java:624)
E: java.lang.Thread.run(Thread.java:748)

17:24:34.676 [JavaFX Application Thread] FATAL FXGL                 - Application will now exit
17:24:34.676 [JavaFX Application Thread] DEBUG LoopRunner           - Stopping loop
17:24:38.425 [JavaFX Application Thread] DEBUG FXGL                 - Exiting FXGL
17:24:38.426 [JavaFX Application Thread] DEBUG FXGL                 - Shutting down background threads
17:24:38.426 [JavaFX Application Thread] DEBUG FXGL                 - Saving FXGL system data
17:24:38.436 [JavaFX Application Thread] DEBUG DesktopFSService     - Writing to: system\fxgl.bundle
17:24:38.447 [JavaFX Application Thread] DEBUG FXGL                 - Closing logger and exiting JavaFX
