14:46:40.733 [JavaFX Application Thread] DEBUG GameApplication      - Logger initialized
14:46:40.755 [JavaFX Application Thread] DEBUG GameApplication      - Logging settings
Title: BreakOut
Version: 0.1
Width: 600
Height: 600
Fullscreen: false
Intro: false
Menus: false
Profiling: false
Single step:false
App Mode: DEVELOPER
Menu Key: ESCAPE
Stage Style: DECORATED
Scene Factory: class com.almasb.fxgl.scene.SceneFactory
Dialog Factory: class com.almasb.fxgl.ui.FXGLDialogFactory
UI Factory: class com.almasb.fxgl.ui.FXGLUIFactory
Notification Service: class com.almasb.fxgl.gameplay.notification.XboxNotificationView
Exception Handler: class com.almasb.fxgl.app.FXGLExceptionHandler
14:46:40.755 [JavaFX Application Thread] DEBUG GameApplication      - Starting FXGL
14:46:40.768 [JavaFX Application Thread] INFO  FXGL                 - FXGL-0.5.4 on DESKTOP
14:46:40.768 [JavaFX Application Thread] INFO  FXGL                 - Source code and latest versions at: https://github.com/AlmasB/FXGL
14:46:40.769 [JavaFX Application Thread] INFO  FXGL                 -              Join the FXGL chat at: https://gitter.im/AlmasB/FXGL
14:46:40.769 [JavaFX Application Thread] DEBUG FXGL                 - FXGL started
14:46:40.769 [JavaFX Application Thread] DEBUG FXGL                 - Initializing FXGL
14:46:40.835 [JavaFX Application Thread] DEBUG AssetLoader          - Loading from disk: /assets/ui/cursors/fxgl_default.png
14:46:40.899 [JavaFX Application Thread] DEBUG AssetLoader          - Loading from disk: /assets/ui/fonts/VarelaRound-Regular.ttf
14:46:41.098 [JavaFX Application Thread] DEBUG MainWindow           - Creating a JavaFX scene
14:46:41.162 [JavaFX Application Thread] DEBUG MainWindow           - Target settings size: 600.0 x 600.0
14:46:41.162 [JavaFX Application Thread] DEBUG MainWindow           - Scaled scene size:    600.0 x 600.0
14:46:41.162 [JavaFX Application Thread] DEBUG MainWindow           - Scaled ratio: (1.0, 1.0)
14:46:41.166 [JavaFX Application Thread] DEBUG AssetLoader          - Loading from disk: /assets/ui/css/fxgl_dark.css
14:46:41.172 [JavaFX Application Thread] DEBUG AssetLoader          - Loading from disk: /assets/textures/fxgl_icon.png
14:46:41.209 [JavaFX Application Thread] DEBUG MainWindow           - Opening main window
14:46:41.602 [JavaFX Application Thread] DEBUG MainWindow           - Window border size: (6.0, 29.0)
14:46:41.603 [JavaFX Application Thread] DEBUG MainWindow           - Scaled size: 600.0 x 600.0
14:46:41.604 [JavaFX Application Thread] DEBUG MainWindow           - Scaled ratio: (1.0, 1.0)
14:46:41.604 [JavaFX Application Thread] DEBUG MainWindow           - Scene size: 600.0 x 600.0
14:46:41.604 [JavaFX Application Thread] DEBUG MainWindow           - Stage size: 606.0 x 629.0
14:46:41.685 [ForkJoinPool.commonPool-worker-1] DEBUG FS                   - Loaded DesktopFSService
14:46:41.685 [ForkJoinPool.commonPool-worker-1] DEBUG FXGL                 - Loading FXGL system data
14:46:41.711 [ForkJoinPool.commonPool-worker-1] DEBUG DesktopFSService     - Reading from: system\fxgl.bundle
14:46:41.723 [ForkJoinPool.commonPool-worker-1] DEBUG Bundle               - Logging bundle: FXGL
14:46:41.727 [ForkJoinPool.commonPool-worker-1] DEBUG Bundle               - FXGL.offline.timer.version.check=2018-12-14T14:58:08.605
14:46:41.729 [ForkJoinPool.commonPool-worker-1] DEBUG FXGL                 - Initializing state machine and application states
14:46:41.731 [ForkJoinPool.commonPool-worker-1] DEBUG AssetLoader          - Loading from disk: /assets/ui/cursors/fxgl_default.png
14:46:41.737 [ForkJoinPool.commonPool-worker-1] DEBUG AssetLoader          - Loading from disk: /assets/ui/cursors/fxgl_default.png
14:46:41.749 [ForkJoinPool.commonPool-worker-1] DEBUG AssetLoader          - Loading from cache: /assets/ui/fonts/VarelaRound-Regular.ttf
14:46:41.752 [ForkJoinPool.commonPool-worker-1] DEBUG AssetLoader          - Loading from disk: /assets/ui/cursors/fxgl_default.png
14:46:41.759 [ForkJoinPool.commonPool-worker-1] DEBUG GameScene            - Game scene initialized: 600x600
14:46:41.769 [ForkJoinPool.commonPool-worker-1] DEBUG GameWorld            - Game world initialized
14:46:41.847 [ForkJoinPool.commonPool-worker-1] DEBUG PhysicsWorld         - Physics world initialized: appHeight=600, physics.ppm=50,0
14:46:41.873 [ForkJoinPool.commonPool-worker-1] DEBUG Input                - Registered new binding: Pause - Esc
14:46:41.934 [JavaFX Application Thread] DEBUG FXGL                 - Running preInit()
14:46:41.935 [JavaFX Application Thread] DEBUG Input                - Registered new binding: Screenshot - P
14:46:41.936 [JavaFX Application Thread] DEBUG Input                - Registered new binding: Dev Options - CTRL+0
14:46:41.937 [JavaFX Application Thread] DEBUG Input                - Registered new binding: System info dump - CTRL+9
14:46:41.937 [JavaFX Application Thread] DEBUG Input                - Registered new binding: Restart - CTRL+R
14:46:41.938 [JavaFX Application Thread] DEBUG Input                - Registered new binding: Move Right - D
14:46:41.938 [JavaFX Application Thread] DEBUG Input                - Registered new binding: Move Left - A
14:46:41.938 [JavaFX Application Thread] DEBUG Input                - Registered new binding: Move Ball - Space
14:46:41.939 [JavaFX Application Thread] DEBUG Input                - Registered new binding: New Level - N
14:46:41.939 [JavaFX Application Thread] DEBUG Input                - Registered new binding: New Ball - M
14:46:41.944 [JavaFX Application Thread] INFO  FXGL                 - FXGL initialization took: 1,170 sec
14:46:41.944 [JavaFX Application Thread] DEBUG LoopRunner           - Starting loop
14:46:41.946 [JavaFX Application Thread] DEBUG StartupState         - STARTUP
14:46:41.946 [JavaFX Application Thread] DEBUG GameApplication      - Starting new game
14:46:41.946 [JavaFX Application Thread] DEBUG Input                - Clearing active input actions
14:46:41.948 [JavaFX Application Thread] DEBUG AssetLoader          - Loading from disk: /assets/ui/css/fxgl_dark.css
14:46:41.958 [JavaFX Application Thread] DEBUG AppStateMachine      - StartupState -> LoadingState
14:46:41.976 [FXGL Background Thread 1 ] DEBUG InitAppTask          - Clearing previous game
14:46:41.976 [FXGL Background Thread 1 ] DEBUG GameWorld            - Clearing game world
14:46:41.976 [FXGL Background Thread 1 ] DEBUG PhysicsWorld         - Clearing physics world
14:46:41.976 [FXGL Background Thread 1 ] DEBUG GameScene            - Clearing game scene
14:46:41.978 [FXGL Background Thread 1 ] DEBUG InitAppTask          - Initializing Game
14:46:42.174 [FXGL Background Thread 1 ] DEBUG GameScene            - Creating render group for layer: DEFAULT(100000)
14:46:42.176 [FXGL Background Thread 1 ] DEBUG GameScene            - Creating render group for layer: BACKGROUND(1000)
14:46:42.204 [FXGL Background Thread 1 ] DEBUG InitAppTask          - Initializing Physics
14:46:42.205 [FXGL Background Thread 1 ] DEBUG InitAppTask          - Initializing UI
14:46:42.208 [FXGL Background Thread 1 ] DEBUG InitAppTask          - Initialization Complete
14:46:42.209 [FXGL Background Thread 1 ] INFO  InitAppTask          - Game initialization took: 0,232 sec
14:46:42.213 [JavaFX Application Thread] DEBUG Input                - Clearing active input actions
14:46:42.213 [JavaFX Application Thread] DEBUG AssetLoader          - Loading from disk: /assets/ui/css/fxgl_dark.css
14:46:42.229 [JavaFX Application Thread] DEBUG AppStateMachine      - LoadingState -> PlayState
14:46:45.004 [JavaFX Application Thread] DEBUG FXGL                 - Exiting FXGL
14:46:45.004 [JavaFX Application Thread] DEBUG FXGL                 - Shutting down background threads
14:46:45.004 [JavaFX Application Thread] DEBUG FXGL                 - Saving FXGL system data
14:46:45.006 [JavaFX Application Thread] DEBUG DesktopFSService     - Writing to: system\fxgl.bundle
14:46:45.010 [JavaFX Application Thread] DEBUG FXGL                 - Closing logger and exiting JavaFX
