14:45:20.697 [JavaFX Application Thread] DEBUG GameApplication      - Logger initialized
14:45:20.715 [JavaFX Application Thread] DEBUG GameApplication      - Logging settings
Title: BreakOut
Version: 0.1
Width: 600
Height: 600
Fullscreen: false
Intro: false
Menus: false
Profiling: false
Single step:false
App Mode: DEVELOPER
Menu Key: ESCAPE
Stage Style: DECORATED
Scene Factory: class com.almasb.fxgl.scene.SceneFactory
Dialog Factory: class com.almasb.fxgl.ui.FXGLDialogFactory
UI Factory: class com.almasb.fxgl.ui.FXGLUIFactory
Notification Service: class com.almasb.fxgl.gameplay.notification.XboxNotificationView
Exception Handler: class com.almasb.fxgl.app.FXGLExceptionHandler
14:45:20.716 [JavaFX Application Thread] DEBUG GameApplication      - Starting FXGL
14:45:20.726 [JavaFX Application Thread] INFO  FXGL                 - FXGL-0.5.4 on DESKTOP
14:45:20.726 [JavaFX Application Thread] INFO  FXGL                 - Source code and latest versions at: https://github.com/AlmasB/FXGL
14:45:20.726 [JavaFX Application Thread] INFO  FXGL                 -              Join the FXGL chat at: https://gitter.im/AlmasB/FXGL
14:45:20.727 [JavaFX Application Thread] DEBUG FXGL                 - FXGL started
14:45:20.727 [JavaFX Application Thread] DEBUG FXGL                 - Initializing FXGL
14:45:20.801 [JavaFX Application Thread] DEBUG AssetLoader          - Loading from disk: /assets/ui/cursors/fxgl_default.png
14:45:20.900 [JavaFX Application Thread] DEBUG AssetLoader          - Loading from disk: /assets/ui/fonts/VarelaRound-Regular.ttf
14:45:21.101 [JavaFX Application Thread] DEBUG MainWindow           - Creating a JavaFX scene
14:45:21.170 [JavaFX Application Thread] DEBUG MainWindow           - Target settings size: 600.0 x 600.0
14:45:21.171 [JavaFX Application Thread] DEBUG MainWindow           - Scaled scene size:    600.0 x 600.0
14:45:21.171 [JavaFX Application Thread] DEBUG MainWindow           - Scaled ratio: (1.0, 1.0)
14:45:21.177 [JavaFX Application Thread] DEBUG AssetLoader          - Loading from disk: /assets/ui/css/fxgl_dark.css
14:45:21.185 [JavaFX Application Thread] DEBUG AssetLoader          - Loading from disk: /assets/textures/fxgl_icon.png
14:45:21.238 [JavaFX Application Thread] DEBUG MainWindow           - Opening main window
14:45:21.641 [JavaFX Application Thread] DEBUG MainWindow           - Window border size: (6.0, 29.0)
14:45:21.641 [JavaFX Application Thread] DEBUG MainWindow           - Scaled size: 600.0 x 600.0
14:45:21.642 [JavaFX Application Thread] DEBUG MainWindow           - Scaled ratio: (1.0, 1.0)
14:45:21.642 [JavaFX Application Thread] DEBUG MainWindow           - Scene size: 600.0 x 600.0
14:45:21.642 [JavaFX Application Thread] DEBUG MainWindow           - Stage size: 606.0 x 629.0
14:45:21.729 [ForkJoinPool.commonPool-worker-1] DEBUG FS                   - Loaded DesktopFSService
14:45:21.729 [ForkJoinPool.commonPool-worker-1] DEBUG FXGL                 - Loading FXGL system data
14:45:21.749 [ForkJoinPool.commonPool-worker-1] DEBUG DesktopFSService     - Reading from: system\fxgl.bundle
14:45:21.763 [ForkJoinPool.commonPool-worker-1] DEBUG Bundle               - Logging bundle: FXGL
14:45:21.764 [ForkJoinPool.commonPool-worker-1] DEBUG Bundle               - FXGL.offline.timer.version.check=2018-12-14T14:58:08.605
14:45:21.765 [ForkJoinPool.commonPool-worker-1] DEBUG FXGL                 - Initializing state machine and application states
14:45:21.767 [ForkJoinPool.commonPool-worker-1] DEBUG AssetLoader          - Loading from disk: /assets/ui/cursors/fxgl_default.png
14:45:21.775 [ForkJoinPool.commonPool-worker-1] DEBUG AssetLoader          - Loading from disk: /assets/ui/cursors/fxgl_default.png
14:45:21.783 [ForkJoinPool.commonPool-worker-1] DEBUG AssetLoader          - Loading from cache: /assets/ui/fonts/VarelaRound-Regular.ttf
14:45:21.786 [ForkJoinPool.commonPool-worker-1] DEBUG AssetLoader          - Loading from disk: /assets/ui/cursors/fxgl_default.png
14:45:21.791 [ForkJoinPool.commonPool-worker-1] DEBUG GameScene            - Game scene initialized: 600x600
14:45:21.800 [ForkJoinPool.commonPool-worker-1] DEBUG GameWorld            - Game world initialized
14:45:21.895 [ForkJoinPool.commonPool-worker-1] DEBUG PhysicsWorld         - Physics world initialized: appHeight=600, physics.ppm=50,0
14:45:21.924 [ForkJoinPool.commonPool-worker-1] DEBUG Input                - Registered new binding: Pause - Esc
14:45:21.985 [JavaFX Application Thread] DEBUG FXGL                 - Running preInit()
14:45:21.987 [JavaFX Application Thread] DEBUG Input                - Registered new binding: Screenshot - P
14:45:21.987 [JavaFX Application Thread] DEBUG Input                - Registered new binding: Dev Options - CTRL+0
14:45:21.989 [JavaFX Application Thread] DEBUG Input                - Registered new binding: System info dump - CTRL+9
14:45:21.990 [JavaFX Application Thread] DEBUG Input                - Registered new binding: Restart - CTRL+R
14:45:21.990 [JavaFX Application Thread] DEBUG Input                - Registered new binding: Move Right - D
14:45:21.990 [JavaFX Application Thread] DEBUG Input                - Registered new binding: Move Left - A
14:45:21.991 [JavaFX Application Thread] DEBUG Input                - Registered new binding: Move Ball - Space
14:45:21.991 [JavaFX Application Thread] DEBUG Input                - Registered new binding: New Level - N
14:45:21.991 [JavaFX Application Thread] DEBUG Input                - Registered new binding: New Ball - M
14:45:21.996 [JavaFX Application Thread] INFO  FXGL                 - FXGL initialization took: 1,264 sec
14:45:21.996 [JavaFX Application Thread] DEBUG LoopRunner           - Starting loop
14:45:21.998 [JavaFX Application Thread] DEBUG StartupState         - STARTUP
14:45:21.998 [JavaFX Application Thread] DEBUG GameApplication      - Starting new game
14:45:21.998 [JavaFX Application Thread] DEBUG Input                - Clearing active input actions
14:45:21.999 [JavaFX Application Thread] DEBUG AssetLoader          - Loading from disk: /assets/ui/css/fxgl_dark.css
14:45:22.008 [JavaFX Application Thread] DEBUG AppStateMachine      - StartupState -> LoadingState
14:45:22.019 [FXGL Background Thread 1 ] DEBUG InitAppTask          - Clearing previous game
14:45:22.019 [FXGL Background Thread 1 ] DEBUG GameWorld            - Clearing game world
14:45:22.020 [FXGL Background Thread 1 ] DEBUG PhysicsWorld         - Clearing physics world
14:45:22.020 [FXGL Background Thread 1 ] DEBUG GameScene            - Clearing game scene
14:45:22.022 [FXGL Background Thread 1 ] DEBUG InitAppTask          - Initializing Game
14:45:22.195 [FXGL Background Thread 1 ] DEBUG GameScene            - Creating render group for layer: DEFAULT(100000)
14:45:22.198 [FXGL Background Thread 1 ] DEBUG GameScene            - Creating render group for layer: BACKGROUND(1000)
14:45:22.216 [JavaFX Application Thread] FATAL FXGL                 - Uncaught Exception:

Fatal exception occurred: java.lang.IllegalArgumentException : Entity already has component: com.almasb.fxgl.entity.components.CollidableComponent
E: com.almasb.fxgl.entity.Entity.checkNotDuplicate(Entity.java:427)
E: com.almasb.fxgl.entity.Entity.checkRequirementsMet(Entity.java:401)
E: com.almasb.fxgl.entity.Entity.addComponent(Entity.java:302)
E: View.Level1.init(Level1.java:33)
E: View.GameApp.initLevel(GameApp.java:66)
E: View.GameApp.initGame(GameApp.java:53)
E: com.almasb.fxgl.app.GameApplication.internalInitGame(GameApplication.java:238)
E: com.almasb.fxgl.app.LoadingState$InitAppTask.initGame(AppStates.kt:168)
E: com.almasb.fxgl.app.LoadingState$InitAppTask.call(AppStates.kt:138)
E: com.almasb.fxgl.app.LoadingState$InitAppTask.call(AppStates.kt:127)
E: javafx.concurrent.Task$TaskCallable.call(Task.java:1423)
E: java.util.concurrent.FutureTask.run(FutureTask.java:266)
E: java.util.concurrent.Executors$RunnableAdapter.call(Executors.java:511)
E: java.util.concurrent.FutureTask.run(FutureTask.java:266)
E: java.util.concurrent.ThreadPoolExecutor.runWorker(ThreadPoolExecutor.java:1149)
E: java.util.concurrent.ThreadPoolExecutor$Worker.run(ThreadPoolExecutor.java:624)
E: java.lang.Thread.run(Thread.java:748)

14:45:22.217 [JavaFX Application Thread] FATAL FXGL                 - Application will now exit
14:45:22.217 [JavaFX Application Thread] DEBUG LoopRunner           - Stopping loop
14:45:25.146 [JavaFX Application Thread] DEBUG FXGL                 - Exiting FXGL
14:45:25.147 [JavaFX Application Thread] DEBUG FXGL                 - Shutting down background threads
14:45:25.147 [JavaFX Application Thread] DEBUG FXGL                 - Saving FXGL system data
14:45:25.152 [JavaFX Application Thread] DEBUG DesktopFSService     - Writing to: system\fxgl.bundle
14:45:25.158 [JavaFX Application Thread] DEBUG FXGL                 - Closing logger and exiting JavaFX
