14:44:14.659 [JavaFX Application Thread] DEBUG GameApplication      - Logger initialized
14:44:14.686 [JavaFX Application Thread] DEBUG GameApplication      - Logging settings
Title: BreakOut
Version: 0.1
Width: 600
Height: 600
Fullscreen: false
Intro: false
Menus: false
Profiling: false
Single step:false
App Mode: DEVELOPER
Menu Key: ESCAPE
Stage Style: DECORATED
Scene Factory: class com.almasb.fxgl.scene.SceneFactory
Dialog Factory: class com.almasb.fxgl.ui.FXGLDialogFactory
UI Factory: class com.almasb.fxgl.ui.FXGLUIFactory
Notification Service: class com.almasb.fxgl.gameplay.notification.XboxNotificationView
Exception Handler: class com.almasb.fxgl.app.FXGLExceptionHandler
14:44:14.686 [JavaFX Application Thread] DEBUG GameApplication      - Starting FXGL
14:44:14.697 [JavaFX Application Thread] INFO  FXGL                 - FXGL-0.5.4 on DESKTOP
14:44:14.698 [JavaFX Application Thread] INFO  FXGL                 - Source code and latest versions at: https://github.com/AlmasB/FXGL
14:44:14.698 [JavaFX Application Thread] INFO  FXGL                 -              Join the FXGL chat at: https://gitter.im/AlmasB/FXGL
14:44:14.698 [JavaFX Application Thread] DEBUG FXGL                 - FXGL started
14:44:14.699 [JavaFX Application Thread] DEBUG FXGL                 - Initializing FXGL
14:44:14.764 [JavaFX Application Thread] DEBUG AssetLoader          - Loading from disk: /assets/ui/cursors/fxgl_default.png
14:44:14.837 [JavaFX Application Thread] DEBUG AssetLoader          - Loading from disk: /assets/ui/fonts/VarelaRound-Regular.ttf
14:44:15.065 [JavaFX Application Thread] DEBUG MainWindow           - Creating a JavaFX scene
14:44:15.142 [JavaFX Application Thread] DEBUG MainWindow           - Target settings size: 600.0 x 600.0
14:44:15.142 [JavaFX Application Thread] DEBUG MainWindow           - Scaled scene size:    600.0 x 600.0
14:44:15.142 [JavaFX Application Thread] DEBUG MainWindow           - Scaled ratio: (1.0, 1.0)
14:44:15.145 [JavaFX Application Thread] DEBUG AssetLoader          - Loading from disk: /assets/ui/css/fxgl_dark.css
14:44:15.150 [JavaFX Application Thread] DEBUG AssetLoader          - Loading from disk: /assets/textures/fxgl_icon.png
14:44:15.174 [JavaFX Application Thread] DEBUG MainWindow           - Opening main window
14:44:15.549 [JavaFX Application Thread] DEBUG MainWindow           - Window border size: (6.0, 29.0)
14:44:15.550 [JavaFX Application Thread] DEBUG MainWindow           - Scaled size: 600.0 x 600.0
14:44:15.550 [JavaFX Application Thread] DEBUG MainWindow           - Scaled ratio: (1.0, 1.0)
14:44:15.550 [JavaFX Application Thread] DEBUG MainWindow           - Scene size: 600.0 x 600.0
14:44:15.550 [JavaFX Application Thread] DEBUG MainWindow           - Stage size: 606.0 x 629.0
14:44:15.640 [ForkJoinPool.commonPool-worker-1] DEBUG FS                   - Loaded DesktopFSService
14:44:15.641 [ForkJoinPool.commonPool-worker-1] DEBUG FXGL                 - Loading FXGL system data
14:44:15.655 [ForkJoinPool.commonPool-worker-1] DEBUG DesktopFSService     - Reading from: system\fxgl.bundle
14:44:15.669 [ForkJoinPool.commonPool-worker-1] DEBUG Bundle               - Logging bundle: FXGL
14:44:15.670 [ForkJoinPool.commonPool-worker-1] DEBUG Bundle               - FXGL.offline.timer.version.check=2018-12-14T14:58:08.605
14:44:15.671 [ForkJoinPool.commonPool-worker-1] DEBUG FXGL                 - Initializing state machine and application states
14:44:15.673 [ForkJoinPool.commonPool-worker-1] DEBUG AssetLoader          - Loading from disk: /assets/ui/cursors/fxgl_default.png
14:44:15.682 [ForkJoinPool.commonPool-worker-1] DEBUG AssetLoader          - Loading from disk: /assets/ui/cursors/fxgl_default.png
14:44:15.689 [ForkJoinPool.commonPool-worker-1] DEBUG AssetLoader          - Loading from cache: /assets/ui/fonts/VarelaRound-Regular.ttf
14:44:15.694 [ForkJoinPool.commonPool-worker-1] DEBUG AssetLoader          - Loading from disk: /assets/ui/cursors/fxgl_default.png
14:44:15.722 [ForkJoinPool.commonPool-worker-1] DEBUG GameScene            - Game scene initialized: 600x600
14:44:15.733 [ForkJoinPool.commonPool-worker-1] DEBUG GameWorld            - Game world initialized
14:44:15.812 [ForkJoinPool.commonPool-worker-1] DEBUG PhysicsWorld         - Physics world initialized: appHeight=600, physics.ppm=50,0
14:44:15.838 [ForkJoinPool.commonPool-worker-1] DEBUG Input                - Registered new binding: Pause - Esc
14:44:15.912 [JavaFX Application Thread] DEBUG FXGL                 - Running preInit()
14:44:15.914 [JavaFX Application Thread] DEBUG Input                - Registered new binding: Screenshot - P
14:44:15.915 [JavaFX Application Thread] DEBUG Input                - Registered new binding: Dev Options - CTRL+0
14:44:15.915 [JavaFX Application Thread] DEBUG Input                - Registered new binding: System info dump - CTRL+9
14:44:15.916 [JavaFX Application Thread] DEBUG Input                - Registered new binding: Restart - CTRL+R
14:44:15.916 [JavaFX Application Thread] DEBUG Input                - Registered new binding: Move Right - D
14:44:15.916 [JavaFX Application Thread] DEBUG Input                - Registered new binding: Move Left - A
14:44:15.917 [JavaFX Application Thread] DEBUG Input                - Registered new binding: Move Ball - Space
14:44:15.917 [JavaFX Application Thread] DEBUG Input                - Registered new binding: New Level - N
14:44:15.917 [JavaFX Application Thread] DEBUG Input                - Registered new binding: New Ball - M
14:44:15.918 [JavaFX Application Thread] INFO  FXGL                 - FXGL initialization took: 1,219 sec
14:44:15.918 [JavaFX Application Thread] DEBUG LoopRunner           - Starting loop
14:44:15.926 [JavaFX Application Thread] DEBUG StartupState         - STARTUP
14:44:15.927 [JavaFX Application Thread] DEBUG GameApplication      - Starting new game
14:44:15.927 [JavaFX Application Thread] DEBUG Input                - Clearing active input actions
14:44:15.928 [JavaFX Application Thread] DEBUG AssetLoader          - Loading from disk: /assets/ui/css/fxgl_dark.css
14:44:15.937 [JavaFX Application Thread] DEBUG AppStateMachine      - StartupState -> LoadingState
14:44:15.947 [FXGL Background Thread 1 ] DEBUG InitAppTask          - Clearing previous game
14:44:15.947 [FXGL Background Thread 1 ] DEBUG GameWorld            - Clearing game world
14:44:15.948 [FXGL Background Thread 1 ] DEBUG PhysicsWorld         - Clearing physics world
14:44:15.948 [FXGL Background Thread 1 ] DEBUG GameScene            - Clearing game scene
14:44:15.953 [FXGL Background Thread 1 ] DEBUG InitAppTask          - Initializing Game
14:44:16.149 [FXGL Background Thread 1 ] DEBUG GameScene            - Creating render group for layer: DEFAULT(100000)
14:44:16.153 [FXGL Background Thread 1 ] DEBUG GameScene            - Creating render group for layer: BACKGROUND(1000)
14:44:16.181 [FXGL Background Thread 1 ] DEBUG InitAppTask          - Initializing Physics
14:44:16.182 [FXGL Background Thread 1 ] DEBUG InitAppTask          - Initializing UI
14:44:16.185 [FXGL Background Thread 1 ] DEBUG InitAppTask          - Initialization Complete
14:44:16.185 [FXGL Background Thread 1 ] INFO  InitAppTask          - Game initialization took: 0,238 sec
14:44:16.197 [JavaFX Application Thread] DEBUG Input                - Clearing active input actions
14:44:16.197 [JavaFX Application Thread] DEBUG AssetLoader          - Loading from disk: /assets/ui/css/fxgl_dark.css
14:44:16.213 [JavaFX Application Thread] DEBUG AppStateMachine      - LoadingState -> PlayState
14:44:28.538 [JavaFX Application Thread] DEBUG FXGL                 - Exiting FXGL
14:44:28.538 [JavaFX Application Thread] DEBUG FXGL                 - Shutting down background threads
14:44:28.539 [JavaFX Application Thread] DEBUG FXGL                 - Saving FXGL system data
14:44:28.545 [JavaFX Application Thread] DEBUG DesktopFSService     - Writing to: system\fxgl.bundle
14:44:28.548 [JavaFX Application Thread] DEBUG FXGL                 - Closing logger and exiting JavaFX
