23:01:52.993 [JavaFX Application Thread] DEBUG GameApplication      - Logger initialized
23:01:53.008 [JavaFX Application Thread] DEBUG GameApplication      - Logging settings
Title: BreakOut
Version: 0.1
Width: 600
Height: 600
Fullscreen: false
Intro: false
Menus: false
Profiling: false
Single step:false
App Mode: DEVELOPER
Menu Key: ESCAPE
Stage Style: DECORATED
Scene Factory: class com.almasb.fxgl.scene.SceneFactory
Dialog Factory: class com.almasb.fxgl.ui.FXGLDialogFactory
UI Factory: class com.almasb.fxgl.ui.FXGLUIFactory
Notification Service: class com.almasb.fxgl.gameplay.notification.XboxNotificationView
Exception Handler: class com.almasb.fxgl.app.FXGLExceptionHandler
23:01:53.008 [JavaFX Application Thread] DEBUG GameApplication      - Starting FXGL
23:01:53.022 [JavaFX Application Thread] INFO  FXGL                 - FXGL-0.5.4 on DESKTOP
23:01:53.023 [JavaFX Application Thread] INFO  FXGL                 - Source code and latest versions at: https://github.com/AlmasB/FXGL
23:01:53.023 [JavaFX Application Thread] INFO  FXGL                 -              Join the FXGL chat at: https://gitter.im/AlmasB/FXGL
23:01:53.024 [JavaFX Application Thread] DEBUG FXGL                 - FXGL started
23:01:53.024 [JavaFX Application Thread] DEBUG FXGL                 - Initializing FXGL
23:01:53.122 [JavaFX Application Thread] DEBUG AssetLoader          - Loading from disk: /assets/ui/cursors/fxgl_default.png
23:01:53.205 [JavaFX Application Thread] DEBUG AssetLoader          - Loading from disk: /assets/ui/fonts/VarelaRound-Regular.ttf
23:01:53.478 [JavaFX Application Thread] DEBUG MainWindow           - Creating a JavaFX scene
23:01:53.581 [JavaFX Application Thread] DEBUG MainWindow           - Target settings size: 600.0 x 600.0
23:01:53.582 [JavaFX Application Thread] DEBUG MainWindow           - Scaled scene size:    600.0 x 600.0
23:01:53.582 [JavaFX Application Thread] DEBUG MainWindow           - Scaled ratio: (1.0, 1.0)
23:01:53.588 [JavaFX Application Thread] DEBUG AssetLoader          - Loading from disk: /assets/ui/css/fxgl_dark.css
23:01:53.597 [JavaFX Application Thread] DEBUG AssetLoader          - Loading from disk: /assets/textures/fxgl_icon.png
23:01:53.662 [JavaFX Application Thread] DEBUG MainWindow           - Opening main window
23:01:54.157 [JavaFX Application Thread] DEBUG MainWindow           - Window border size: (6.0, 29.0)
23:01:54.158 [JavaFX Application Thread] DEBUG MainWindow           - Scaled size: 600.0 x 600.0
23:01:54.158 [JavaFX Application Thread] DEBUG MainWindow           - Scaled ratio: (1.0, 1.0)
23:01:54.159 [JavaFX Application Thread] DEBUG MainWindow           - Scene size: 600.0 x 600.0
23:01:54.159 [JavaFX Application Thread] DEBUG MainWindow           - Stage size: 606.0 x 629.0
23:01:54.332 [ForkJoinPool.commonPool-worker-1] DEBUG FS                   - Loaded DesktopFSService
23:01:54.333 [ForkJoinPool.commonPool-worker-1] DEBUG FXGL                 - Loading FXGL system data
23:01:54.343 [ForkJoinPool.commonPool-worker-1] DEBUG DesktopFSService     - Reading from: system\fxgl.bundle
23:01:54.360 [ForkJoinPool.commonPool-worker-1] DEBUG Bundle               - Logging bundle: FXGL
23:01:54.361 [ForkJoinPool.commonPool-worker-1] DEBUG Bundle               - FXGL.offline.timer.version.check=2018-12-14T14:58:08.605
23:01:54.363 [ForkJoinPool.commonPool-worker-1] DEBUG FXGL                 - Initializing state machine and application states
23:01:54.366 [ForkJoinPool.commonPool-worker-1] DEBUG AssetLoader          - Loading from disk: /assets/ui/cursors/fxgl_default.png
23:01:54.377 [ForkJoinPool.commonPool-worker-1] DEBUG AssetLoader          - Loading from disk: /assets/ui/cursors/fxgl_default.png
23:01:54.390 [ForkJoinPool.commonPool-worker-1] DEBUG AssetLoader          - Loading from cache: /assets/ui/fonts/VarelaRound-Regular.ttf
23:01:54.396 [ForkJoinPool.commonPool-worker-1] DEBUG AssetLoader          - Loading from disk: /assets/ui/cursors/fxgl_default.png
23:01:54.402 [ForkJoinPool.commonPool-worker-1] DEBUG GameScene            - Game scene initialized: 600x600
23:01:54.440 [ForkJoinPool.commonPool-worker-1] DEBUG GameWorld            - Game world initialized
23:01:54.553 [ForkJoinPool.commonPool-worker-1] DEBUG PhysicsWorld         - Physics world initialized: appHeight=600, physics.ppm=50,0
23:01:54.597 [ForkJoinPool.commonPool-worker-1] DEBUG Input                - Registered new binding: Pause - Esc
23:01:54.676 [JavaFX Application Thread] DEBUG FXGL                 - Running preInit()
23:01:54.679 [JavaFX Application Thread] DEBUG Input                - Registered new binding: Screenshot - P
23:01:54.680 [JavaFX Application Thread] DEBUG Input                - Registered new binding: Dev Options - CTRL+0
23:01:54.681 [JavaFX Application Thread] DEBUG Input                - Registered new binding: System info dump - CTRL+9
23:01:54.682 [JavaFX Application Thread] DEBUG Input                - Registered new binding: Restart - CTRL+R
23:01:54.682 [JavaFX Application Thread] DEBUG Input                - Registered new binding: Move Right - D
23:01:54.683 [JavaFX Application Thread] DEBUG Input                - Registered new binding: Move Left - A
23:01:54.683 [JavaFX Application Thread] DEBUG Input                - Registered new binding: Move Ball - Space
23:01:54.684 [JavaFX Application Thread] DEBUG Input                - Registered new binding: New Level - N
23:01:54.684 [JavaFX Application Thread] DEBUG Input                - Registered new binding: New Ball - M
23:01:54.685 [JavaFX Application Thread] DEBUG Input                - Registered new binding: Testing - LMB
23:01:54.687 [JavaFX Application Thread] INFO  FXGL                 - FXGL initialization took: 1,663 sec
23:01:54.688 [JavaFX Application Thread] DEBUG LoopRunner           - Starting loop
23:01:54.691 [JavaFX Application Thread] DEBUG StartupState         - STARTUP
23:01:54.691 [JavaFX Application Thread] DEBUG GameApplication      - Starting new game
23:01:54.691 [JavaFX Application Thread] DEBUG Input                - Clearing active input actions
23:01:54.694 [JavaFX Application Thread] DEBUG AssetLoader          - Loading from disk: /assets/ui/css/fxgl_dark.css
23:01:54.707 [JavaFX Application Thread] DEBUG AppStateMachine      - StartupState -> LoadingState
23:01:54.723 [FXGL Background Thread 1 ] DEBUG InitAppTask          - Clearing previous game
23:01:54.723 [FXGL Background Thread 1 ] DEBUG GameWorld            - Clearing game world
23:01:54.724 [FXGL Background Thread 1 ] DEBUG PhysicsWorld         - Clearing physics world
23:01:54.724 [FXGL Background Thread 1 ] DEBUG GameScene            - Clearing game scene
23:01:54.730 [FXGL Background Thread 1 ] DEBUG InitAppTask          - Initializing Game
23:01:54.994 [FXGL Background Thread 1 ] DEBUG GameScene            - Creating render group for layer: DEFAULT(100000)
23:01:54.997 [FXGL Background Thread 1 ] DEBUG GameScene            - Creating render group for layer: BACKGROUND(1000)
23:01:55.005 [FXGL Background Thread 1 ] DEBUG InitAppTask          - Initializing Physics
23:01:55.006 [FXGL Background Thread 1 ] DEBUG InitAppTask          - Initializing UI
23:01:55.013 [FXGL Background Thread 1 ] DEBUG InitAppTask          - Initialization Complete
23:01:55.013 [FXGL Background Thread 1 ] INFO  InitAppTask          - Game initialization took: 0,290 sec
23:01:55.017 [JavaFX Application Thread] DEBUG Input                - Clearing active input actions
23:01:55.017 [JavaFX Application Thread] DEBUG AssetLoader          - Loading from disk: /assets/ui/css/fxgl_dark.css
23:01:55.042 [JavaFX Application Thread] DEBUG AppStateMachine      - LoadingState -> PlayState
23:02:04.639 [JavaFX Application Thread] DEBUG FXGL                 - Exiting FXGL
23:02:04.640 [JavaFX Application Thread] DEBUG FXGL                 - Shutting down background threads
23:02:04.641 [JavaFX Application Thread] DEBUG FXGL                 - Saving FXGL system data
23:02:04.653 [JavaFX Application Thread] DEBUG DesktopFSService     - Writing to: system\fxgl.bundle
23:02:04.669 [JavaFX Application Thread] DEBUG FXGL                 - Closing logger and exiting JavaFX
