11:13:25.604 [JavaFX Application Thread] DEBUG GameApplication      - Logger initialized
11:13:25.621 [JavaFX Application Thread] DEBUG GameApplication      - Logging settings
Title: BreakOut
Version: 0.1
Width: 600
Height: 600
Fullscreen: false
Intro: false
Menus: false
Profiling: false
Single step:false
App Mode: DEVELOPER
Menu Key: ESCAPE
Stage Style: DECORATED
Scene Factory: class com.almasb.fxgl.scene.SceneFactory
Dialog Factory: class com.almasb.fxgl.ui.FXGLDialogFactory
UI Factory: class com.almasb.fxgl.ui.FXGLUIFactory
Notification Service: class com.almasb.fxgl.gameplay.notification.XboxNotificationView
Exception Handler: class com.almasb.fxgl.app.FXGLExceptionHandler
11:13:25.622 [JavaFX Application Thread] DEBUG GameApplication      - Starting FXGL
11:13:25.638 [JavaFX Application Thread] INFO  FXGL                 - FXGL-0.5.4 on DESKTOP
11:13:25.638 [JavaFX Application Thread] INFO  FXGL                 - Source code and latest versions at: https://github.com/AlmasB/FXGL
11:13:25.639 [JavaFX Application Thread] INFO  FXGL                 -              Join the FXGL chat at: https://gitter.im/AlmasB/FXGL
11:13:25.639 [JavaFX Application Thread] DEBUG FXGL                 - FXGL started
11:13:25.640 [JavaFX Application Thread] DEBUG FXGL                 - Initializing FXGL
11:13:25.750 [JavaFX Application Thread] DEBUG AssetLoader          - Loading from disk: /assets/ui/cursors/fxgl_default.png
11:13:25.832 [JavaFX Application Thread] DEBUG AssetLoader          - Loading from disk: /assets/ui/fonts/VarelaRound-Regular.ttf
11:13:26.115 [JavaFX Application Thread] DEBUG MainWindow           - Creating a JavaFX scene
11:13:26.206 [JavaFX Application Thread] DEBUG MainWindow           - Target settings size: 600.0 x 600.0
11:13:26.206 [JavaFX Application Thread] DEBUG MainWindow           - Scaled scene size:    600.0 x 600.0
11:13:26.207 [JavaFX Application Thread] DEBUG MainWindow           - Scaled ratio: (1.0, 1.0)
11:13:26.219 [JavaFX Application Thread] DEBUG AssetLoader          - Loading from disk: /assets/ui/css/fxgl_dark.css
11:13:26.241 [JavaFX Application Thread] DEBUG AssetLoader          - Loading from disk: /assets/textures/fxgl_icon.png
11:13:26.286 [JavaFX Application Thread] DEBUG MainWindow           - Opening main window
11:13:26.765 [JavaFX Application Thread] DEBUG MainWindow           - Window border size: (6.0, 29.0)
11:13:26.765 [JavaFX Application Thread] DEBUG MainWindow           - Scaled size: 600.0 x 600.0
11:13:26.766 [JavaFX Application Thread] DEBUG MainWindow           - Scaled ratio: (1.0, 1.0)
11:13:26.766 [JavaFX Application Thread] DEBUG MainWindow           - Scene size: 600.0 x 600.0
11:13:26.766 [JavaFX Application Thread] DEBUG MainWindow           - Stage size: 606.0 x 629.0
11:13:27.003 [ForkJoinPool.commonPool-worker-1] DEBUG FS                   - Loaded DesktopFSService
11:13:27.004 [ForkJoinPool.commonPool-worker-1] DEBUG FXGL                 - Loading FXGL system data
11:13:27.019 [ForkJoinPool.commonPool-worker-1] DEBUG DesktopFSService     - Reading from: system\fxgl.bundle
11:13:27.035 [ForkJoinPool.commonPool-worker-1] DEBUG Bundle               - Logging bundle: FXGL
11:13:27.037 [ForkJoinPool.commonPool-worker-1] DEBUG Bundle               - FXGL.offline.timer.version.check=2018-12-14T14:58:08.605
11:13:27.038 [ForkJoinPool.commonPool-worker-1] DEBUG FXGL                 - Initializing state machine and application states
11:13:27.040 [ForkJoinPool.commonPool-worker-1] DEBUG AssetLoader          - Loading from disk: /assets/ui/cursors/fxgl_default.png
11:13:27.055 [ForkJoinPool.commonPool-worker-1] DEBUG AssetLoader          - Loading from disk: /assets/ui/cursors/fxgl_default.png
11:13:27.067 [ForkJoinPool.commonPool-worker-1] DEBUG AssetLoader          - Loading from cache: /assets/ui/fonts/VarelaRound-Regular.ttf
11:13:27.071 [ForkJoinPool.commonPool-worker-1] DEBUG AssetLoader          - Loading from disk: /assets/ui/cursors/fxgl_default.png
11:13:27.077 [ForkJoinPool.commonPool-worker-1] DEBUG GameScene            - Game scene initialized: 600x600
11:13:27.087 [ForkJoinPool.commonPool-worker-1] DEBUG GameWorld            - Game world initialized
11:13:27.223 [ForkJoinPool.commonPool-worker-1] DEBUG PhysicsWorld         - Physics world initialized: appHeight=600, physics.ppm=50,0
11:13:27.266 [ForkJoinPool.commonPool-worker-1] DEBUG Input                - Registered new binding: Pause - Esc
11:13:27.367 [JavaFX Application Thread] DEBUG FXGL                 - Running preInit()
11:13:27.370 [JavaFX Application Thread] DEBUG Input                - Registered new binding: Screenshot - P
11:13:27.371 [JavaFX Application Thread] DEBUG Input                - Registered new binding: Dev Options - CTRL+0
11:13:27.372 [JavaFX Application Thread] DEBUG Input                - Registered new binding: System info dump - CTRL+9
11:13:27.372 [JavaFX Application Thread] DEBUG Input                - Registered new binding: Restart - CTRL+R
11:13:27.373 [JavaFX Application Thread] DEBUG Input                - Registered new binding: Move Right - D
11:13:27.373 [JavaFX Application Thread] DEBUG Input                - Registered new binding: Move Left - A
11:13:27.374 [JavaFX Application Thread] DEBUG Input                - Registered new binding: Move Ball - Space
11:13:27.374 [JavaFX Application Thread] DEBUG Input                - Registered new binding: New Level - N
11:13:27.374 [JavaFX Application Thread] DEBUG Input                - Registered new binding: New Ball - M
11:13:27.375 [JavaFX Application Thread] INFO  FXGL                 - FXGL initialization took: 1,735 sec
11:13:27.376 [JavaFX Application Thread] DEBUG LoopRunner           - Starting loop
11:13:27.380 [JavaFX Application Thread] DEBUG StartupState         - STARTUP
11:13:27.380 [JavaFX Application Thread] DEBUG GameApplication      - Starting new game
11:13:27.381 [JavaFX Application Thread] DEBUG Input                - Clearing active input actions
11:13:27.383 [JavaFX Application Thread] DEBUG AssetLoader          - Loading from disk: /assets/ui/css/fxgl_dark.css
11:13:27.395 [JavaFX Application Thread] DEBUG AppStateMachine      - StartupState -> LoadingState
11:13:27.411 [FXGL Background Thread 1 ] DEBUG InitAppTask          - Clearing previous game
11:13:27.411 [FXGL Background Thread 1 ] DEBUG GameWorld            - Clearing game world
11:13:27.412 [FXGL Background Thread 1 ] DEBUG PhysicsWorld         - Clearing physics world
11:13:27.412 [FXGL Background Thread 1 ] DEBUG GameScene            - Clearing game scene
11:13:27.414 [FXGL Background Thread 1 ] DEBUG InitAppTask          - Initializing Game
11:13:27.694 [FXGL Background Thread 1 ] DEBUG GameScene            - Creating render group for layer: DEFAULT(100000)
11:13:27.698 [FXGL Background Thread 1 ] DEBUG GameScene            - Creating render group for layer: BACKGROUND(1000)
11:13:27.704 [FXGL Background Thread 1 ] DEBUG InitAppTask          - Initializing Physics
11:13:27.705 [FXGL Background Thread 1 ] DEBUG InitAppTask          - Initializing UI
11:13:27.714 [FXGL Background Thread 1 ] DEBUG InitAppTask          - Initialization Complete
11:13:27.715 [FXGL Background Thread 1 ] INFO  InitAppTask          - Game initialization took: 0,303 sec
11:13:27.727 [JavaFX Application Thread] DEBUG Input                - Clearing active input actions
11:13:27.727 [JavaFX Application Thread] DEBUG AssetLoader          - Loading from disk: /assets/ui/css/fxgl_dark.css
11:13:27.752 [JavaFX Application Thread] DEBUG AppStateMachine      - LoadingState -> PlayState
11:13:34.511 [JavaFX Application Thread] DEBUG FXGL                 - Exiting FXGL
11:13:34.512 [JavaFX Application Thread] DEBUG FXGL                 - Shutting down background threads
11:13:34.513 [JavaFX Application Thread] DEBUG FXGL                 - Saving FXGL system data
11:13:34.522 [JavaFX Application Thread] DEBUG DesktopFSService     - Writing to: system\fxgl.bundle
11:13:34.537 [JavaFX Application Thread] DEBUG FXGL                 - Closing logger and exiting JavaFX
