17:09:31.971 [JavaFX Application Thread] DEBUG GameApplication      - Logger initialized
17:09:31.986 [JavaFX Application Thread] DEBUG GameApplication      - Logging settings
Title: BreakOut
Version: 0.1
Width: 600
Height: 600
Fullscreen: false
Intro: false
Menus: false
Profiling: false
Single step:false
App Mode: DEVELOPER
Menu Key: ESCAPE
Stage Style: DECORATED
Scene Factory: class com.almasb.fxgl.scene.SceneFactory
Dialog Factory: class com.almasb.fxgl.ui.FXGLDialogFactory
UI Factory: class com.almasb.fxgl.ui.FXGLUIFactory
Notification Service: class com.almasb.fxgl.gameplay.notification.XboxNotificationView
Exception Handler: class com.almasb.fxgl.app.FXGLExceptionHandler
17:09:31.986 [JavaFX Application Thread] DEBUG GameApplication      - Starting FXGL
17:09:31.994 [JavaFX Application Thread] INFO  FXGL                 - FXGL-0.5.4 on DESKTOP
17:09:31.994 [JavaFX Application Thread] INFO  FXGL                 - Source code and latest versions at: https://github.com/AlmasB/FXGL
17:09:31.995 [JavaFX Application Thread] INFO  FXGL                 -              Join the FXGL chat at: https://gitter.im/AlmasB/FXGL
17:09:31.995 [JavaFX Application Thread] DEBUG FXGL                 - FXGL started
17:09:31.995 [JavaFX Application Thread] DEBUG FXGL                 - Initializing FXGL
17:09:32.062 [JavaFX Application Thread] DEBUG AssetLoader          - Loading from disk: /assets/ui/cursors/fxgl_default.png
17:09:32.111 [JavaFX Application Thread] DEBUG AssetLoader          - Loading from disk: /assets/ui/fonts/VarelaRound-Regular.ttf
17:09:32.351 [JavaFX Application Thread] DEBUG MainWindow           - Creating a JavaFX scene
17:09:32.421 [JavaFX Application Thread] DEBUG MainWindow           - Target settings size: 600.0 x 600.0
17:09:32.421 [JavaFX Application Thread] DEBUG MainWindow           - Scaled scene size:    600.0 x 600.0
17:09:32.421 [JavaFX Application Thread] DEBUG MainWindow           - Scaled ratio: (1.0, 1.0)
17:09:32.426 [JavaFX Application Thread] DEBUG AssetLoader          - Loading from disk: /assets/ui/css/fxgl_dark.css
17:09:32.431 [JavaFX Application Thread] DEBUG AssetLoader          - Loading from disk: /assets/textures/fxgl_icon.png
17:09:32.466 [JavaFX Application Thread] DEBUG MainWindow           - Opening main window
17:09:32.848 [JavaFX Application Thread] DEBUG MainWindow           - Window border size: (6.0, 29.0)
17:09:32.849 [JavaFX Application Thread] DEBUG MainWindow           - Scaled size: 600.0 x 600.0
17:09:32.850 [JavaFX Application Thread] DEBUG MainWindow           - Scaled ratio: (1.0, 1.0)
17:09:32.850 [JavaFX Application Thread] DEBUG MainWindow           - Scene size: 600.0 x 600.0
17:09:32.850 [JavaFX Application Thread] DEBUG MainWindow           - Stage size: 606.0 x 629.0
17:09:32.947 [ForkJoinPool.commonPool-worker-1] DEBUG FS                   - Loaded DesktopFSService
17:09:32.948 [ForkJoinPool.commonPool-worker-1] DEBUG FXGL                 - Loading FXGL system data
17:09:32.961 [ForkJoinPool.commonPool-worker-1] DEBUG DesktopFSService     - Reading from: system\fxgl.bundle
17:09:32.974 [ForkJoinPool.commonPool-worker-1] DEBUG Bundle               - Logging bundle: FXGL
17:09:32.975 [ForkJoinPool.commonPool-worker-1] DEBUG Bundle               - FXGL.offline.timer.version.check=2018-12-21T23:35:16.236
17:09:32.976 [ForkJoinPool.commonPool-worker-1] DEBUG FXGL                 - Initializing state machine and application states
17:09:32.978 [ForkJoinPool.commonPool-worker-1] DEBUG AssetLoader          - Loading from disk: /assets/ui/cursors/fxgl_default.png
17:09:32.985 [ForkJoinPool.commonPool-worker-1] DEBUG AssetLoader          - Loading from disk: /assets/ui/cursors/fxgl_default.png
17:09:32.997 [ForkJoinPool.commonPool-worker-1] DEBUG AssetLoader          - Loading from cache: /assets/ui/fonts/VarelaRound-Regular.ttf
17:09:33.000 [ForkJoinPool.commonPool-worker-1] DEBUG AssetLoader          - Loading from disk: /assets/ui/cursors/fxgl_default.png
17:09:33.009 [ForkJoinPool.commonPool-worker-1] DEBUG GameScene            - Game scene initialized: 600x600
17:09:33.022 [ForkJoinPool.commonPool-worker-1] DEBUG GameWorld            - Game world initialized
17:09:33.099 [ForkJoinPool.commonPool-worker-1] DEBUG PhysicsWorld         - Physics world initialized: appHeight=600, physics.ppm=50,0
17:09:33.126 [ForkJoinPool.commonPool-worker-1] DEBUG Input                - Registered new binding: Pause - Esc
17:09:33.195 [JavaFX Application Thread] DEBUG FXGL                 - Running preInit()
17:09:33.197 [JavaFX Application Thread] DEBUG Input                - Registered new binding: Screenshot - P
17:09:33.198 [JavaFX Application Thread] DEBUG Input                - Registered new binding: Dev Options - CTRL+0
17:09:33.199 [JavaFX Application Thread] DEBUG Input                - Registered new binding: System info dump - CTRL+9
17:09:33.200 [JavaFX Application Thread] DEBUG Input                - Registered new binding: Restart - CTRL+R
17:09:33.200 [JavaFX Application Thread] DEBUG Input                - Registered new binding: Move Right - D
17:09:33.201 [JavaFX Application Thread] DEBUG Input                - Registered new binding: Move Left - A
17:09:33.201 [JavaFX Application Thread] DEBUG Input                - Registered new binding: Move Ball - Space
17:09:33.201 [JavaFX Application Thread] DEBUG Input                - Registered new binding: New Level - N
17:09:33.201 [JavaFX Application Thread] DEBUG Input                - Registered new binding: New Ball - M
17:09:33.202 [JavaFX Application Thread] INFO  FXGL                 - FXGL initialization took: 1,207 sec
17:09:33.202 [JavaFX Application Thread] DEBUG LoopRunner           - Starting loop
17:09:33.206 [JavaFX Application Thread] DEBUG StartupState         - STARTUP
17:09:33.206 [JavaFX Application Thread] DEBUG GameApplication      - Starting new game
17:09:33.206 [JavaFX Application Thread] DEBUG Input                - Clearing active input actions
17:09:33.208 [JavaFX Application Thread] DEBUG AssetLoader          - Loading from disk: /assets/ui/css/fxgl_dark.css
17:09:33.216 [JavaFX Application Thread] DEBUG AppStateMachine      - StartupState -> LoadingState
17:09:33.237 [FXGL Background Thread 1 ] DEBUG InitAppTask          - Clearing previous game
17:09:33.237 [FXGL Background Thread 1 ] DEBUG GameWorld            - Clearing game world
17:09:33.237 [FXGL Background Thread 1 ] DEBUG PhysicsWorld         - Clearing physics world
17:09:33.237 [FXGL Background Thread 1 ] DEBUG GameScene            - Clearing game scene
17:09:33.239 [FXGL Background Thread 1 ] DEBUG InitAppTask          - Initializing Game
17:09:33.364 [FXGL Background Thread 1 ] DEBUG GameScene            - Creating render group for layer: DEFAULT(100000)
17:09:33.435 [FXGL Background Thread 1 ] DEBUG GameScene            - Creating render group for layer: BACKGROUND(1000)
17:09:33.439 [FXGL Background Thread 1 ] DEBUG InitAppTask          - Initializing Physics
17:09:33.440 [FXGL Background Thread 1 ] DEBUG InitAppTask          - Initializing UI
17:09:33.446 [FXGL Background Thread 1 ] DEBUG InitAppTask          - Initialization Complete
17:09:33.446 [FXGL Background Thread 1 ] INFO  InitAppTask          - Game initialization took: 0,209 sec
17:09:33.448 [JavaFX Application Thread] DEBUG Input                - Clearing active input actions
17:09:33.448 [JavaFX Application Thread] DEBUG AssetLoader          - Loading from disk: /assets/ui/css/fxgl_dark.css
17:09:33.464 [JavaFX Application Thread] DEBUG AppStateMachine      - LoadingState -> PlayState
17:09:36.970 [JavaFX Application Thread] DEBUG FXGL                 - Exiting FXGL
17:09:36.970 [JavaFX Application Thread] DEBUG FXGL                 - Shutting down background threads
17:09:36.971 [JavaFX Application Thread] DEBUG FXGL                 - Saving FXGL system data
17:09:36.974 [JavaFX Application Thread] DEBUG DesktopFSService     - Writing to: system\fxgl.bundle
17:09:36.979 [JavaFX Application Thread] DEBUG FXGL                 - Closing logger and exiting JavaFX
