10:38:37.096 [JavaFX Application Thread] DEBUG GameApplication      - Logger initialized
10:38:37.126 [JavaFX Application Thread] DEBUG GameApplication      - Logging settings
Title: BreakOut
Version: 0.1
Width: 600
Height: 600
Fullscreen: false
Intro: false
Menus: false
Profiling: false
Single step:false
App Mode: DEVELOPER
Menu Key: ESCAPE
Stage Style: DECORATED
Scene Factory: class com.almasb.fxgl.scene.SceneFactory
Dialog Factory: class com.almasb.fxgl.ui.FXGLDialogFactory
UI Factory: class com.almasb.fxgl.ui.FXGLUIFactory
Notification Service: class com.almasb.fxgl.gameplay.notification.XboxNotificationView
Exception Handler: class com.almasb.fxgl.app.FXGLExceptionHandler
10:38:37.128 [JavaFX Application Thread] DEBUG GameApplication      - Starting FXGL
10:38:37.148 [JavaFX Application Thread] INFO  FXGL                 - FXGL-0.5.4 on DESKTOP
10:38:37.148 [JavaFX Application Thread] INFO  FXGL                 - Source code and latest versions at: https://github.com/AlmasB/FXGL
10:38:37.148 [JavaFX Application Thread] INFO  FXGL                 -              Join the FXGL chat at: https://gitter.im/AlmasB/FXGL
10:38:37.149 [JavaFX Application Thread] DEBUG FXGL                 - FXGL started
10:38:37.149 [JavaFX Application Thread] DEBUG FXGL                 - Initializing FXGL
10:38:37.216 [JavaFX Application Thread] DEBUG AssetLoader          - Loading from disk: /assets/ui/cursors/fxgl_default.png
10:38:37.286 [JavaFX Application Thread] DEBUG AssetLoader          - Loading from disk: /assets/ui/fonts/VarelaRound-Regular.ttf
10:38:37.573 [JavaFX Application Thread] DEBUG MainWindow           - Creating a JavaFX scene
10:38:37.644 [JavaFX Application Thread] DEBUG MainWindow           - Target settings size: 600.0 x 600.0
10:38:37.645 [JavaFX Application Thread] DEBUG MainWindow           - Scaled scene size:    600.0 x 600.0
10:38:37.646 [JavaFX Application Thread] DEBUG MainWindow           - Scaled ratio: (1.0, 1.0)
10:38:37.650 [JavaFX Application Thread] DEBUG AssetLoader          - Loading from disk: /assets/ui/css/fxgl_dark.css
10:38:37.671 [JavaFX Application Thread] DEBUG AssetLoader          - Loading from disk: /assets/textures/fxgl_icon.png
10:38:37.697 [JavaFX Application Thread] DEBUG MainWindow           - Opening main window
10:38:38.094 [JavaFX Application Thread] DEBUG MainWindow           - Window border size: (6.0, 29.0)
10:38:38.095 [JavaFX Application Thread] DEBUG MainWindow           - Scaled size: 600.0 x 600.0
10:38:38.095 [JavaFX Application Thread] DEBUG MainWindow           - Scaled ratio: (1.0, 1.0)
10:38:38.096 [JavaFX Application Thread] DEBUG MainWindow           - Scene size: 600.0 x 600.0
10:38:38.096 [JavaFX Application Thread] DEBUG MainWindow           - Stage size: 606.0 x 629.0
10:38:38.222 [ForkJoinPool.commonPool-worker-1] DEBUG FS                   - Loaded DesktopFSService
10:38:38.223 [ForkJoinPool.commonPool-worker-1] DEBUG FXGL                 - Loading FXGL system data
10:38:38.234 [ForkJoinPool.commonPool-worker-1] DEBUG DesktopFSService     - Reading from: system\fxgl.bundle
10:38:38.250 [ForkJoinPool.commonPool-worker-1] DEBUG Bundle               - Logging bundle: FXGL
10:38:38.251 [ForkJoinPool.commonPool-worker-1] DEBUG Bundle               - FXGL.offline.timer.version.check=2018-12-21T23:35:16.236
10:38:38.252 [ForkJoinPool.commonPool-worker-1] DEBUG FXGL                 - Initializing state machine and application states
10:38:38.255 [ForkJoinPool.commonPool-worker-1] DEBUG AssetLoader          - Loading from disk: /assets/ui/cursors/fxgl_default.png
10:38:38.264 [ForkJoinPool.commonPool-worker-1] DEBUG AssetLoader          - Loading from disk: /assets/ui/cursors/fxgl_default.png
10:38:38.274 [ForkJoinPool.commonPool-worker-1] DEBUG AssetLoader          - Loading from cache: /assets/ui/fonts/VarelaRound-Regular.ttf
10:38:38.279 [ForkJoinPool.commonPool-worker-1] DEBUG AssetLoader          - Loading from disk: /assets/ui/cursors/fxgl_default.png
10:38:38.284 [ForkJoinPool.commonPool-worker-1] DEBUG GameScene            - Game scene initialized: 600x600
10:38:38.292 [ForkJoinPool.commonPool-worker-1] DEBUG GameWorld            - Game world initialized
10:38:38.408 [ForkJoinPool.commonPool-worker-1] DEBUG PhysicsWorld         - Physics world initialized: appHeight=600, physics.ppm=50,0
10:38:38.460 [ForkJoinPool.commonPool-worker-1] DEBUG Input                - Registered new binding: Pause - Esc
10:38:38.533 [JavaFX Application Thread] DEBUG FXGL                 - Running preInit()
10:38:38.536 [JavaFX Application Thread] DEBUG Input                - Registered new binding: Screenshot - P
10:38:38.537 [JavaFX Application Thread] DEBUG Input                - Registered new binding: Dev Options - CTRL+0
10:38:38.537 [JavaFX Application Thread] DEBUG Input                - Registered new binding: System info dump - CTRL+9
10:38:38.538 [JavaFX Application Thread] DEBUG Input                - Registered new binding: Restart - CTRL+R
10:38:38.538 [JavaFX Application Thread] DEBUG Input                - Registered new binding: Move Right - D
10:38:38.539 [JavaFX Application Thread] DEBUG Input                - Registered new binding: Move Left - A
10:38:38.539 [JavaFX Application Thread] DEBUG Input                - Registered new binding: Move Ball - Space
10:38:38.539 [JavaFX Application Thread] DEBUG Input                - Registered new binding: New Level - N
10:38:38.539 [JavaFX Application Thread] DEBUG Input                - Registered new binding: New Ball - M
10:38:38.540 [JavaFX Application Thread] INFO  FXGL                 - FXGL initialization took: 1,391 sec
10:38:38.540 [JavaFX Application Thread] DEBUG LoopRunner           - Starting loop
10:38:38.542 [JavaFX Application Thread] DEBUG StartupState         - STARTUP
10:38:38.542 [JavaFX Application Thread] DEBUG GameApplication      - Starting new game
10:38:38.543 [JavaFX Application Thread] DEBUG Input                - Clearing active input actions
10:38:38.550 [JavaFX Application Thread] DEBUG AssetLoader          - Loading from disk: /assets/ui/css/fxgl_dark.css
10:38:38.561 [JavaFX Application Thread] DEBUG AppStateMachine      - StartupState -> LoadingState
10:38:38.584 [FXGL Background Thread 1 ] DEBUG InitAppTask          - Clearing previous game
10:38:38.584 [FXGL Background Thread 1 ] DEBUG GameWorld            - Clearing game world
10:38:38.584 [FXGL Background Thread 1 ] DEBUG PhysicsWorld         - Clearing physics world
10:38:38.585 [FXGL Background Thread 1 ] DEBUG GameScene            - Clearing game scene
10:38:38.587 [FXGL Background Thread 1 ] DEBUG InitAppTask          - Initializing Game
10:38:38.834 [FXGL Background Thread 1 ] DEBUG GameScene            - Creating render group for layer: DEFAULT(100000)
10:38:38.838 [FXGL Background Thread 1 ] DEBUG GameScene            - Creating render group for layer: BACKGROUND(1000)
10:38:38.843 [FXGL Background Thread 1 ] DEBUG InitAppTask          - Initializing Physics
10:38:38.844 [FXGL Background Thread 1 ] DEBUG InitAppTask          - Initializing UI
10:38:38.854 [FXGL Background Thread 1 ] DEBUG InitAppTask          - Initialization Complete
10:38:38.855 [FXGL Background Thread 1 ] INFO  InitAppTask          - Game initialization took: 0,270 sec
10:38:38.860 [JavaFX Application Thread] DEBUG Input                - Clearing active input actions
10:38:38.860 [JavaFX Application Thread] DEBUG AssetLoader          - Loading from disk: /assets/ui/css/fxgl_dark.css
10:38:38.886 [JavaFX Application Thread] DEBUG AppStateMachine      - LoadingState -> PlayState
10:38:42.862 [JavaFX Application Thread] DEBUG AssetLoader          - Loading from cache: /assets/sounds/boom8.wav
10:38:43.371 [JavaFX Application Thread] DEBUG AssetLoader          - Loading from cache: /assets/sounds/boom8.wav
10:38:44.182 [JavaFX Application Thread] DEBUG AssetLoader          - Loading from cache: /assets/sounds/boom8.wav
10:38:44.685 [JavaFX Application Thread] DEBUG AssetLoader          - Loading from cache: /assets/sounds/boom8.wav
10:38:45.180 [JavaFX Application Thread] DEBUG AssetLoader          - Loading from cache: /assets/sounds/boom8.wav
10:38:45.539 [JavaFX Application Thread] DEBUG AssetLoader          - Loading from cache: /assets/sounds/boom8.wav
10:38:46.079 [JavaFX Application Thread] DEBUG AssetLoader          - Loading from cache: /assets/sounds/boom8.wav
10:38:46.432 [JavaFX Application Thread] DEBUG AssetLoader          - Loading from cache: /assets/sounds/boom8.wav
10:38:47.135 [JavaFX Application Thread] DEBUG AssetLoader          - Loading from cache: /assets/sounds/boom8.wav
10:38:47.706 [JavaFX Application Thread] DEBUG AssetLoader          - Loading from cache: /assets/sounds/boom8.wav
10:38:48.252 [JavaFX Application Thread] DEBUG AssetLoader          - Loading from cache: /assets/sounds/boom8.wav
10:38:49.002 [JavaFX Application Thread] DEBUG AssetLoader          - Loading from cache: /assets/sounds/boom8.wav
10:38:49.895 [JavaFX Application Thread] DEBUG AssetLoader          - Loading from cache: /assets/sounds/boom8.wav
10:38:50.442 [JavaFX Application Thread] DEBUG AssetLoader          - Loading from cache: /assets/sounds/boom8.wav
10:38:50.982 [JavaFX Application Thread] DEBUG AssetLoader          - Loading from cache: /assets/sounds/boom8.wav
10:38:51.581 [JavaFX Application Thread] DEBUG AssetLoader          - Loading from cache: /assets/sounds/boom8.wav
10:38:53.035 [JavaFX Application Thread] DEBUG AssetLoader          - Loading from cache: /assets/sounds/boom8.wav
10:38:53.561 [JavaFX Application Thread] DEBUG AssetLoader          - Loading from cache: /assets/sounds/boom8.wav
10:38:54.108 [JavaFX Application Thread] DEBUG AssetLoader          - Loading from cache: /assets/sounds/boom8.wav
10:38:54.910 [JavaFX Application Thread] DEBUG AssetLoader          - Loading from cache: /assets/sounds/boom8.wav
10:38:55.952 [JavaFX Application Thread] DEBUG AssetLoader          - Loading from cache: /assets/sounds/pumpkin_break_01.wav
10:38:56.161 [JavaFX Application Thread] DEBUG AssetLoader          - Loading from cache: /assets/sounds/pumpkin_break_01.wav
10:38:56.162 [JavaFX Application Thread] DEBUG AssetLoader          - Loading from cache: /assets/sounds/boom8.wav
10:38:56.783 [JavaFX Application Thread] DEBUG AssetLoader          - Loading from cache: /assets/sounds/pumpkin_break_01.wav
10:38:56.987 [JavaFX Application Thread] DEBUG AssetLoader          - Loading from cache: /assets/sounds/pumpkin_break_01.wav
10:38:57.466 [JavaFX Application Thread] DEBUG AssetLoader          - Loading from cache: /assets/sounds/pumpkin_break_01.wav
10:38:57.467 [JavaFX Application Thread] DEBUG AssetLoader          - Loading from cache: /assets/sounds/boom8.wav
10:38:58.351 [JavaFX Application Thread] DEBUG AssetLoader          - Loading from cache: /assets/sounds/pumpkin_break_01.wav
10:38:58.584 [JavaFX Application Thread] DEBUG AssetLoader          - Loading from cache: /assets/sounds/pumpkin_break_01.wav
10:38:59.101 [JavaFX Application Thread] DEBUG AssetLoader          - Loading from cache: /assets/sounds/pumpkin_break_01.wav
10:38:59.102 [JavaFX Application Thread] DEBUG AssetLoader          - Loading from cache: /assets/sounds/boom8.wav
10:38:59.910 [JavaFX Application Thread] DEBUG AssetLoader          - Loading from cache: /assets/sounds/pumpkin_break_01.wav
10:39:00.091 [JavaFX Application Thread] DEBUG AssetLoader          - Loading from cache: /assets/sounds/pumpkin_break_01.wav
10:39:00.255 [JavaFX Application Thread] DEBUG AssetLoader          - Loading from cache: /assets/sounds/pumpkin_break_01.wav
10:39:00.256 [JavaFX Application Thread] DEBUG AssetLoader          - Loading from cache: /assets/sounds/boom8.wav
10:39:01.455 [JavaFX Application Thread] DEBUG AssetLoader          - Loading from cache: /assets/sounds/pumpkin_break_01.wav
10:39:01.642 [JavaFX Application Thread] DEBUG AssetLoader          - Loading from cache: /assets/sounds/pumpkin_break_01.wav
10:39:01.823 [JavaFX Application Thread] DEBUG AssetLoader          - Loading from cache: /assets/sounds/pumpkin_break_01.wav
10:39:01.823 [JavaFX Application Thread] DEBUG AssetLoader          - Loading from cache: /assets/sounds/boom8.wav
10:39:02.564 [JavaFX Application Thread] DEBUG AssetLoader          - Loading from cache: /assets/sounds/pumpkin_break_01.wav
10:39:02.744 [JavaFX Application Thread] DEBUG AssetLoader          - Loading from cache: /assets/sounds/pumpkin_break_01.wav
10:39:02.940 [JavaFX Application Thread] DEBUG AssetLoader          - Loading from cache: /assets/sounds/pumpkin_break_01.wav
10:39:02.940 [JavaFX Application Thread] DEBUG AssetLoader          - Loading from cache: /assets/sounds/boom8.wav
10:39:03.906 [JavaFX Application Thread] DEBUG AssetLoader          - Loading from cache: /assets/sounds/pumpkin_break_01.wav
10:39:04.393 [JavaFX Application Thread] DEBUG AssetLoader          - Loading from cache: /assets/sounds/pumpkin_break_01.wav
10:39:04.582 [JavaFX Application Thread] DEBUG AssetLoader          - Loading from cache: /assets/sounds/pumpkin_break_01.wav
10:39:04.583 [JavaFX Application Thread] DEBUG AssetLoader          - Loading from cache: /assets/sounds/boom8.wav
10:39:05.519 [JavaFX Application Thread] DEBUG AssetLoader          - Loading from cache: /assets/sounds/pumpkin_break_01.wav
10:39:05.698 [JavaFX Application Thread] DEBUG AssetLoader          - Loading from cache: /assets/sounds/pumpkin_break_01.wav
10:39:05.894 [JavaFX Application Thread] DEBUG AssetLoader          - Loading from cache: /assets/sounds/pumpkin_break_01.wav
10:39:05.894 [JavaFX Application Thread] DEBUG AssetLoader          - Loading from cache: /assets/sounds/boom8.wav
10:39:06.710 [JavaFX Application Thread] DEBUG AssetLoader          - Loading from cache: /assets/sounds/pumpkin_break_01.wav
10:39:06.883 [JavaFX Application Thread] DEBUG AssetLoader          - Loading from cache: /assets/sounds/pumpkin_break_01.wav
10:39:07.074 [JavaFX Application Thread] DEBUG AssetLoader          - Loading from cache: /assets/ui/fonts/VarelaRound-Regular.ttf
10:39:07.080 [JavaFX Application Thread] DEBUG AssetLoader          - Loading from cache: /assets/ui/fonts/VarelaRound-Regular.ttf
10:39:07.086 [JavaFX Application Thread] DEBUG AssetLoader          - Loading from disk: /assets/properties/languages/english.properties
10:39:07.093 [JavaFX Application Thread] DEBUG AssetLoader          - Loading from cache: /assets/ui/fonts/VarelaRound-Regular.ttf
10:39:07.093 [JavaFX Application Thread] DEBUG AssetLoader          - Loading from cache: /assets/properties/languages/english.properties
10:39:07.103 [JavaFX Application Thread] DEBUG AssetLoader          - Loading from cache: /assets/ui/fonts/VarelaRound-Regular.ttf
10:39:07.105 [JavaFX Application Thread] DEBUG AppStateMachine      - Push state: DialogSubState
10:39:07.106 [JavaFX Application Thread] DEBUG Input                - Clearing active input actions
10:39:07.107 [JavaFX Application Thread] DEBUG AppStateMachine      - PlayState -> DialogSubState
10:39:07.124 [JavaFX Application Thread] DEBUG AssetLoader          - Loading from cache: /assets/sounds/pumpkin_break_01.wav
10:39:07.124 [JavaFX Application Thread] DEBUG AssetLoader          - Loading from cache: /assets/sounds/boom8.wav
10:39:08.105 [JavaFX Application Thread] DEBUG AssetLoader          - Loading from cache: /assets/sounds/menu/select.wav
10:39:08.377 [JavaFX Application Thread] DEBUG AppStateMachine      - Pop state: DialogSubState
10:39:08.377 [JavaFX Application Thread] DEBUG Input                - Clearing active input actions
10:39:08.378 [JavaFX Application Thread] DEBUG AppStateMachine      - PlayState <- DialogSubState
10:39:08.390 [JavaFX Application Thread] DEBUG GameApplication      - Starting new game
10:39:08.391 [JavaFX Application Thread] DEBUG Input                - Clearing active input actions
10:39:08.425 [JavaFX Application Thread] DEBUG AppStateMachine      - PlayState -> LoadingState
10:39:08.428 [FXGL Background Thread 1 ] DEBUG InitAppTask          - Clearing previous game
10:39:08.428 [FXGL Background Thread 1 ] DEBUG GameWorld            - Clearing game world
10:39:08.436 [FXGL Background Thread 1 ] DEBUG PhysicsWorld         - Clearing physics world
10:39:08.437 [FXGL Background Thread 1 ] DEBUG GameScene            - Clearing game scene
10:39:08.438 [FXGL Background Thread 1 ] DEBUG InitAppTask          - Initializing Game
10:39:08.452 [FXGL Background Thread 1 ] DEBUG GameScene            - Creating render group for layer: DEFAULT(100000)
10:39:08.452 [FXGL Background Thread 1 ] DEBUG GameScene            - Creating render group for layer: BACKGROUND(1000)
10:39:08.454 [FXGL Background Thread 1 ] DEBUG InitAppTask          - Initializing Physics
10:39:08.455 [FXGL Background Thread 1 ] DEBUG InitAppTask          - Initializing UI
10:39:08.467 [FXGL Background Thread 1 ] DEBUG InitAppTask          - Initialization Complete
10:39:08.468 [FXGL Background Thread 1 ] INFO  InitAppTask          - Game initialization took: 0,040 sec
10:39:08.475 [JavaFX Application Thread] DEBUG Input                - Clearing active input actions
10:39:08.511 [JavaFX Application Thread] DEBUG AppStateMachine      - LoadingState -> PlayState
10:39:13.991 [JavaFX Application Thread] DEBUG FXGL                 - Exiting FXGL
10:39:13.992 [JavaFX Application Thread] DEBUG FXGL                 - Shutting down background threads
10:39:13.993 [JavaFX Application Thread] DEBUG FXGL                 - Saving FXGL system data
10:39:14.002 [JavaFX Application Thread] DEBUG DesktopFSService     - Writing to: system\fxgl.bundle
10:39:14.016 [JavaFX Application Thread] DEBUG FXGL                 - Closing logger and exiting JavaFX
