11:45:42.307 [JavaFX Application Thread] DEBUG GameApplication      - Logger initialized
11:45:42.329 [JavaFX Application Thread] DEBUG GameApplication      - Logging settings
Title: BreakOut
Version: 0.1
Width: 600
Height: 600
Fullscreen: false
Intro: false
Menus: false
Profiling: false
Single step:false
App Mode: DEVELOPER
Menu Key: ESCAPE
Stage Style: DECORATED
Scene Factory: class com.almasb.fxgl.scene.SceneFactory
Dialog Factory: class com.almasb.fxgl.ui.FXGLDialogFactory
UI Factory: class com.almasb.fxgl.ui.FXGLUIFactory
Notification Service: class com.almasb.fxgl.gameplay.notification.XboxNotificationView
Exception Handler: class com.almasb.fxgl.app.FXGLExceptionHandler
11:45:42.329 [JavaFX Application Thread] DEBUG GameApplication      - Starting FXGL
11:45:42.343 [JavaFX Application Thread] INFO  FXGL                 - FXGL-0.5.4 on DESKTOP
11:45:42.343 [JavaFX Application Thread] INFO  FXGL                 - Source code and latest versions at: https://github.com/AlmasB/FXGL
11:45:42.344 [JavaFX Application Thread] INFO  FXGL                 -              Join the FXGL chat at: https://gitter.im/AlmasB/FXGL
11:45:42.344 [JavaFX Application Thread] DEBUG FXGL                 - FXGL started
11:45:42.344 [JavaFX Application Thread] DEBUG FXGL                 - Initializing FXGL
11:45:42.446 [JavaFX Application Thread] DEBUG AssetLoader          - Loading from disk: /assets/ui/cursors/fxgl_default.png
11:45:42.530 [JavaFX Application Thread] DEBUG AssetLoader          - Loading from disk: /assets/ui/fonts/VarelaRound-Regular.ttf
11:45:42.829 [JavaFX Application Thread] DEBUG MainWindow           - Creating a JavaFX scene
11:45:42.956 [JavaFX Application Thread] DEBUG MainWindow           - Target settings size: 600.0 x 600.0
11:45:42.956 [JavaFX Application Thread] DEBUG MainWindow           - Scaled scene size:    600.0 x 600.0
11:45:42.956 [JavaFX Application Thread] DEBUG MainWindow           - Scaled ratio: (1.0, 1.0)
11:45:42.961 [JavaFX Application Thread] DEBUG AssetLoader          - Loading from disk: /assets/ui/css/fxgl_dark.css
11:45:42.975 [JavaFX Application Thread] DEBUG AssetLoader          - Loading from disk: /assets/textures/fxgl_icon.png
11:45:43.035 [JavaFX Application Thread] DEBUG MainWindow           - Opening main window
11:45:43.515 [JavaFX Application Thread] DEBUG MainWindow           - Window border size: (6.0, 29.0)
11:45:43.516 [JavaFX Application Thread] DEBUG MainWindow           - Scaled size: 600.0 x 600.0
11:45:43.516 [JavaFX Application Thread] DEBUG MainWindow           - Scaled ratio: (1.0, 1.0)
11:45:43.516 [JavaFX Application Thread] DEBUG MainWindow           - Scene size: 600.0 x 600.0
11:45:43.517 [JavaFX Application Thread] DEBUG MainWindow           - Stage size: 606.0 x 629.0
11:45:43.661 [ForkJoinPool.commonPool-worker-1] DEBUG FS                   - Loaded DesktopFSService
11:45:43.662 [ForkJoinPool.commonPool-worker-1] DEBUG FXGL                 - Loading FXGL system data
11:45:43.672 [ForkJoinPool.commonPool-worker-1] DEBUG DesktopFSService     - Reading from: system\fxgl.bundle
11:45:43.689 [ForkJoinPool.commonPool-worker-1] DEBUG Bundle               - Logging bundle: FXGL
11:45:43.690 [ForkJoinPool.commonPool-worker-1] DEBUG Bundle               - FXGL.offline.timer.version.check=2018-12-14T14:58:08.605
11:45:43.691 [ForkJoinPool.commonPool-worker-1] DEBUG FXGL                 - Initializing state machine and application states
11:45:43.693 [ForkJoinPool.commonPool-worker-1] DEBUG AssetLoader          - Loading from disk: /assets/ui/cursors/fxgl_default.png
11:45:43.703 [ForkJoinPool.commonPool-worker-1] DEBUG AssetLoader          - Loading from disk: /assets/ui/cursors/fxgl_default.png
11:45:43.714 [ForkJoinPool.commonPool-worker-1] DEBUG AssetLoader          - Loading from cache: /assets/ui/fonts/VarelaRound-Regular.ttf
11:45:43.718 [ForkJoinPool.commonPool-worker-1] DEBUG AssetLoader          - Loading from disk: /assets/ui/cursors/fxgl_default.png
11:45:43.728 [ForkJoinPool.commonPool-worker-1] DEBUG GameScene            - Game scene initialized: 600x600
11:45:43.744 [ForkJoinPool.commonPool-worker-1] DEBUG GameWorld            - Game world initialized
11:45:43.866 [ForkJoinPool.commonPool-worker-1] DEBUG PhysicsWorld         - Physics world initialized: appHeight=600, physics.ppm=50,0
11:45:43.911 [ForkJoinPool.commonPool-worker-1] DEBUG Input                - Registered new binding: Pause - Esc
11:45:44.008 [JavaFX Application Thread] DEBUG FXGL                 - Running preInit()
11:45:44.011 [JavaFX Application Thread] DEBUG Input                - Registered new binding: Screenshot - P
11:45:44.012 [JavaFX Application Thread] DEBUG Input                - Registered new binding: Dev Options - CTRL+0
11:45:44.013 [JavaFX Application Thread] DEBUG Input                - Registered new binding: System info dump - CTRL+9
11:45:44.013 [JavaFX Application Thread] DEBUG Input                - Registered new binding: Restart - CTRL+R
11:45:44.014 [JavaFX Application Thread] DEBUG Input                - Registered new binding: Move Right - D
11:45:44.014 [JavaFX Application Thread] DEBUG Input                - Registered new binding: Move Left - A
11:45:44.014 [JavaFX Application Thread] DEBUG Input                - Registered new binding: Move Ball - Space
11:45:44.015 [JavaFX Application Thread] DEBUG Input                - Registered new binding: New Level - N
11:45:44.015 [JavaFX Application Thread] DEBUG Input                - Registered new binding: New Ball - M
11:45:44.016 [JavaFX Application Thread] INFO  FXGL                 - FXGL initialization took: 1,671 sec
11:45:44.017 [JavaFX Application Thread] DEBUG LoopRunner           - Starting loop
11:45:44.020 [JavaFX Application Thread] DEBUG StartupState         - STARTUP
11:45:44.021 [JavaFX Application Thread] DEBUG GameApplication      - Starting new game
11:45:44.021 [JavaFX Application Thread] DEBUG Input                - Clearing active input actions
11:45:44.023 [JavaFX Application Thread] DEBUG AssetLoader          - Loading from disk: /assets/ui/css/fxgl_dark.css
11:45:44.035 [JavaFX Application Thread] DEBUG AppStateMachine      - StartupState -> LoadingState
11:45:44.052 [FXGL Background Thread 1 ] DEBUG InitAppTask          - Clearing previous game
11:45:44.053 [FXGL Background Thread 1 ] DEBUG GameWorld            - Clearing game world
11:45:44.053 [FXGL Background Thread 1 ] DEBUG PhysicsWorld         - Clearing physics world
11:45:44.053 [FXGL Background Thread 1 ] DEBUG GameScene            - Clearing game scene
11:45:44.060 [FXGL Background Thread 1 ] DEBUG InitAppTask          - Initializing Game
11:45:44.328 [FXGL Background Thread 1 ] DEBUG GameScene            - Creating render group for layer: DEFAULT(100000)
11:45:44.331 [FXGL Background Thread 1 ] DEBUG GameScene            - Creating render group for layer: BACKGROUND(1000)
11:45:44.337 [FXGL Background Thread 1 ] DEBUG InitAppTask          - Initializing Physics
11:45:44.338 [FXGL Background Thread 1 ] DEBUG InitAppTask          - Initializing UI
11:45:44.348 [FXGL Background Thread 1 ] DEBUG InitAppTask          - Initialization Complete
11:45:44.348 [FXGL Background Thread 1 ] INFO  InitAppTask          - Game initialization took: 0,296 sec
11:45:44.357 [JavaFX Application Thread] DEBUG Input                - Clearing active input actions
11:45:44.357 [JavaFX Application Thread] DEBUG AssetLoader          - Loading from disk: /assets/ui/css/fxgl_dark.css
11:45:44.380 [JavaFX Application Thread] DEBUG AppStateMachine      - LoadingState -> PlayState
11:45:49.556 [JavaFX Application Thread] DEBUG FXGL                 - Exiting FXGL
11:45:49.557 [JavaFX Application Thread] DEBUG FXGL                 - Shutting down background threads
11:45:49.558 [JavaFX Application Thread] DEBUG FXGL                 - Saving FXGL system data
11:45:49.568 [JavaFX Application Thread] DEBUG DesktopFSService     - Writing to: system\fxgl.bundle
11:45:49.583 [JavaFX Application Thread] DEBUG FXGL                 - Closing logger and exiting JavaFX
