23:16:27.970 [JavaFX Application Thread] DEBUG GameApplication      - Logger initialized
23:16:27.996 [JavaFX Application Thread] DEBUG GameApplication      - Logging settings
Title: BreakOut
Version: 0.1
Width: 600
Height: 600
Fullscreen: false
Intro: false
Menus: false
Profiling: false
Single step:false
App Mode: DEVELOPER
Menu Key: ESCAPE
Stage Style: DECORATED
Scene Factory: class com.almasb.fxgl.scene.SceneFactory
Dialog Factory: class com.almasb.fxgl.ui.FXGLDialogFactory
UI Factory: class com.almasb.fxgl.ui.FXGLUIFactory
Notification Service: class com.almasb.fxgl.gameplay.notification.XboxNotificationView
Exception Handler: class com.almasb.fxgl.app.FXGLExceptionHandler
23:16:27.997 [JavaFX Application Thread] DEBUG GameApplication      - Starting FXGL
23:16:28.015 [JavaFX Application Thread] INFO  FXGL                 - FXGL-0.5.4 on DESKTOP
23:16:28.016 [JavaFX Application Thread] INFO  FXGL                 - Source code and latest versions at: https://github.com/AlmasB/FXGL
23:16:28.017 [JavaFX Application Thread] INFO  FXGL                 -              Join the FXGL chat at: https://gitter.im/AlmasB/FXGL
23:16:28.017 [JavaFX Application Thread] DEBUG FXGL                 - FXGL started
23:16:28.017 [JavaFX Application Thread] DEBUG FXGL                 - Initializing FXGL
23:16:28.100 [JavaFX Application Thread] DEBUG AssetLoader          - Loading from disk: /assets/ui/cursors/fxgl_default.png
23:16:28.178 [JavaFX Application Thread] DEBUG AssetLoader          - Loading from disk: /assets/ui/fonts/VarelaRound-Regular.ttf
23:16:28.378 [JavaFX Application Thread] DEBUG MainWindow           - Creating a JavaFX scene
23:16:28.473 [JavaFX Application Thread] DEBUG MainWindow           - Target settings size: 600.0 x 600.0
23:16:28.473 [JavaFX Application Thread] DEBUG MainWindow           - Scaled scene size:    600.0 x 600.0
23:16:28.474 [JavaFX Application Thread] DEBUG MainWindow           - Scaled ratio: (1.0, 1.0)
23:16:28.478 [JavaFX Application Thread] DEBUG AssetLoader          - Loading from disk: /assets/ui/css/fxgl_dark.css
23:16:28.486 [JavaFX Application Thread] DEBUG AssetLoader          - Loading from disk: /assets/textures/fxgl_icon.png
23:16:28.519 [JavaFX Application Thread] DEBUG MainWindow           - Opening main window
23:16:28.904 [JavaFX Application Thread] DEBUG MainWindow           - Window border size: (6.0, 29.0)
23:16:28.905 [JavaFX Application Thread] DEBUG MainWindow           - Scaled size: 600.0 x 600.0
23:16:28.905 [JavaFX Application Thread] DEBUG MainWindow           - Scaled ratio: (1.0, 1.0)
23:16:28.905 [JavaFX Application Thread] DEBUG MainWindow           - Scene size: 600.0 x 600.0
23:16:28.906 [JavaFX Application Thread] DEBUG MainWindow           - Stage size: 606.0 x 629.0
23:16:29.022 [ForkJoinPool.commonPool-worker-1] DEBUG FS                   - Loaded DesktopFSService
23:16:29.023 [ForkJoinPool.commonPool-worker-1] DEBUG FXGL                 - Loading FXGL system data
23:16:29.031 [ForkJoinPool.commonPool-worker-1] DEBUG DesktopFSService     - Reading from: system\fxgl.bundle
23:16:29.046 [ForkJoinPool.commonPool-worker-1] DEBUG Bundle               - Logging bundle: FXGL
23:16:29.047 [ForkJoinPool.commonPool-worker-1] DEBUG Bundle               - FXGL.offline.timer.version.check=2018-12-14T14:58:08.605
23:16:29.048 [ForkJoinPool.commonPool-worker-1] DEBUG FXGL                 - Initializing state machine and application states
23:16:29.052 [ForkJoinPool.commonPool-worker-1] DEBUG AssetLoader          - Loading from disk: /assets/ui/cursors/fxgl_default.png
23:16:29.060 [ForkJoinPool.commonPool-worker-1] DEBUG AssetLoader          - Loading from disk: /assets/ui/cursors/fxgl_default.png
23:16:29.071 [ForkJoinPool.commonPool-worker-1] DEBUG AssetLoader          - Loading from cache: /assets/ui/fonts/VarelaRound-Regular.ttf
23:16:29.075 [ForkJoinPool.commonPool-worker-1] DEBUG AssetLoader          - Loading from disk: /assets/ui/cursors/fxgl_default.png
23:16:29.080 [ForkJoinPool.commonPool-worker-1] DEBUG GameScene            - Game scene initialized: 600x600
23:16:29.090 [ForkJoinPool.commonPool-worker-1] DEBUG GameWorld            - Game world initialized
23:16:29.193 [ForkJoinPool.commonPool-worker-1] DEBUG PhysicsWorld         - Physics world initialized: appHeight=600, physics.ppm=50,0
23:16:29.237 [ForkJoinPool.commonPool-worker-1] DEBUG Input                - Registered new binding: Pause - Esc
23:16:29.312 [JavaFX Application Thread] DEBUG FXGL                 - Running preInit()
23:16:29.315 [JavaFX Application Thread] DEBUG Input                - Registered new binding: Screenshot - P
23:16:29.316 [JavaFX Application Thread] DEBUG Input                - Registered new binding: Dev Options - CTRL+0
23:16:29.317 [JavaFX Application Thread] DEBUG Input                - Registered new binding: System info dump - CTRL+9
23:16:29.318 [JavaFX Application Thread] DEBUG Input                - Registered new binding: Restart - CTRL+R
23:16:29.319 [JavaFX Application Thread] DEBUG Input                - Registered new binding: Move Right - D
23:16:29.319 [JavaFX Application Thread] DEBUG Input                - Registered new binding: Move Left - A
23:16:29.319 [JavaFX Application Thread] DEBUG Input                - Registered new binding: Move Ball - Space
23:16:29.319 [JavaFX Application Thread] DEBUG Input                - Registered new binding: New Level - N
23:16:29.320 [JavaFX Application Thread] DEBUG Input                - Registered new binding: New Ball - M
23:16:29.321 [JavaFX Application Thread] INFO  FXGL                 - FXGL initialization took: 1,303 sec
23:16:29.321 [JavaFX Application Thread] DEBUG LoopRunner           - Starting loop
23:16:29.323 [JavaFX Application Thread] DEBUG StartupState         - STARTUP
23:16:29.324 [JavaFX Application Thread] DEBUG GameApplication      - Starting new game
23:16:29.324 [JavaFX Application Thread] DEBUG Input                - Clearing active input actions
23:16:29.325 [JavaFX Application Thread] DEBUG AssetLoader          - Loading from disk: /assets/ui/css/fxgl_dark.css
23:16:29.337 [JavaFX Application Thread] DEBUG AppStateMachine      - StartupState -> LoadingState
23:16:29.348 [FXGL Background Thread 1 ] DEBUG InitAppTask          - Clearing previous game
23:16:29.348 [FXGL Background Thread 1 ] DEBUG GameWorld            - Clearing game world
23:16:29.348 [FXGL Background Thread 1 ] DEBUG PhysicsWorld         - Clearing physics world
23:16:29.348 [FXGL Background Thread 1 ] DEBUG GameScene            - Clearing game scene
23:16:29.351 [FXGL Background Thread 1 ] DEBUG InitAppTask          - Initializing Game
23:16:29.549 [FXGL Background Thread 1 ] DEBUG GameScene            - Creating render group for layer: DEFAULT(100000)
23:16:29.556 [FXGL Background Thread 1 ] DEBUG GameScene            - Creating render group for layer: BACKGROUND(1000)
23:16:29.562 [FXGL Background Thread 1 ] DEBUG InitAppTask          - Initializing Physics
23:16:29.563 [FXGL Background Thread 1 ] DEBUG InitAppTask          - Initializing UI
23:16:29.569 [FXGL Background Thread 1 ] DEBUG InitAppTask          - Initialization Complete
23:16:29.570 [FXGL Background Thread 1 ] INFO  InitAppTask          - Game initialization took: 0,222 sec
23:16:29.573 [JavaFX Application Thread] DEBUG Input                - Clearing active input actions
23:16:29.574 [JavaFX Application Thread] DEBUG AssetLoader          - Loading from disk: /assets/ui/css/fxgl_dark.css
23:16:29.592 [JavaFX Application Thread] DEBUG AppStateMachine      - LoadingState -> PlayState
23:16:52.896 [JavaFX Application Thread] DEBUG FXGL                 - Exiting FXGL
23:16:52.896 [JavaFX Application Thread] DEBUG FXGL                 - Shutting down background threads
23:16:52.897 [JavaFX Application Thread] DEBUG FXGL                 - Saving FXGL system data
23:16:52.902 [JavaFX Application Thread] DEBUG DesktopFSService     - Writing to: system\fxgl.bundle
23:16:52.910 [JavaFX Application Thread] DEBUG FXGL                 - Closing logger and exiting JavaFX
