22:32:22.490 [JavaFX Application Thread] DEBUG GameApplication      - Logger initialized
22:32:22.504 [JavaFX Application Thread] DEBUG GameApplication      - Logging settings
Title: BreakOut
Version: 0.1
Width: 600
Height: 600
Fullscreen: false
Intro: false
Menus: false
Profiling: false
Single step:false
App Mode: DEVELOPER
Menu Key: ESCAPE
Stage Style: DECORATED
Scene Factory: class com.almasb.fxgl.scene.SceneFactory
Dialog Factory: class com.almasb.fxgl.ui.FXGLDialogFactory
UI Factory: class com.almasb.fxgl.ui.FXGLUIFactory
Notification Service: class com.almasb.fxgl.gameplay.notification.XboxNotificationView
Exception Handler: class com.almasb.fxgl.app.FXGLExceptionHandler
22:32:22.505 [JavaFX Application Thread] DEBUG GameApplication      - Starting FXGL
22:32:22.517 [JavaFX Application Thread] INFO  FXGL                 - FXGL-0.5.4 on DESKTOP
22:32:22.517 [JavaFX Application Thread] INFO  FXGL                 - Source code and latest versions at: https://github.com/AlmasB/FXGL
22:32:22.518 [JavaFX Application Thread] INFO  FXGL                 -              Join the FXGL chat at: https://gitter.im/AlmasB/FXGL
22:32:22.518 [JavaFX Application Thread] DEBUG FXGL                 - FXGL started
22:32:22.519 [JavaFX Application Thread] DEBUG FXGL                 - Initializing FXGL
22:32:22.617 [JavaFX Application Thread] DEBUG AssetLoader          - Loading from disk: /assets/ui/cursors/fxgl_default.png
22:32:22.700 [JavaFX Application Thread] DEBUG AssetLoader          - Loading from disk: /assets/ui/fonts/VarelaRound-Regular.ttf
22:32:22.952 [JavaFX Application Thread] DEBUG MainWindow           - Creating a JavaFX scene
22:32:23.065 [JavaFX Application Thread] DEBUG MainWindow           - Target settings size: 600.0 x 600.0
22:32:23.070 [JavaFX Application Thread] DEBUG MainWindow           - Scaled scene size:    600.0 x 600.0
22:32:23.070 [JavaFX Application Thread] DEBUG MainWindow           - Scaled ratio: (1.0, 1.0)
22:32:23.076 [JavaFX Application Thread] DEBUG AssetLoader          - Loading from disk: /assets/ui/css/fxgl_dark.css
22:32:23.096 [JavaFX Application Thread] DEBUG AssetLoader          - Loading from disk: /assets/textures/fxgl_icon.png
22:32:23.179 [JavaFX Application Thread] DEBUG MainWindow           - Opening main window
22:32:23.646 [JavaFX Application Thread] DEBUG MainWindow           - Window border size: (6.0, 29.0)
22:32:23.647 [JavaFX Application Thread] DEBUG MainWindow           - Scaled size: 600.0 x 600.0
22:32:23.647 [JavaFX Application Thread] DEBUG MainWindow           - Scaled ratio: (1.0, 1.0)
22:32:23.647 [JavaFX Application Thread] DEBUG MainWindow           - Scene size: 600.0 x 600.0
22:32:23.647 [JavaFX Application Thread] DEBUG MainWindow           - Stage size: 606.0 x 629.0
22:32:23.744 [ForkJoinPool.commonPool-worker-1] DEBUG FS                   - Loaded DesktopFSService
22:32:23.745 [ForkJoinPool.commonPool-worker-1] DEBUG FXGL                 - Loading FXGL system data
22:32:23.759 [ForkJoinPool.commonPool-worker-1] DEBUG DesktopFSService     - Reading from: system\fxgl.bundle
22:32:23.783 [ForkJoinPool.commonPool-worker-1] DEBUG Bundle               - Logging bundle: FXGL
22:32:23.784 [ForkJoinPool.commonPool-worker-1] DEBUG Bundle               - FXGL.offline.timer.version.check=2018-12-14T14:58:08.605
22:32:23.786 [ForkJoinPool.commonPool-worker-1] DEBUG FXGL                 - Initializing state machine and application states
22:32:23.796 [ForkJoinPool.commonPool-worker-1] DEBUG AssetLoader          - Loading from disk: /assets/ui/cursors/fxgl_default.png
22:32:23.807 [ForkJoinPool.commonPool-worker-1] DEBUG AssetLoader          - Loading from disk: /assets/ui/cursors/fxgl_default.png
22:32:23.818 [ForkJoinPool.commonPool-worker-1] DEBUG AssetLoader          - Loading from cache: /assets/ui/fonts/VarelaRound-Regular.ttf
22:32:23.825 [ForkJoinPool.commonPool-worker-1] DEBUG AssetLoader          - Loading from disk: /assets/ui/cursors/fxgl_default.png
22:32:23.830 [ForkJoinPool.commonPool-worker-1] DEBUG GameScene            - Game scene initialized: 600x600
22:32:23.854 [ForkJoinPool.commonPool-worker-1] DEBUG GameWorld            - Game world initialized
22:32:23.973 [ForkJoinPool.commonPool-worker-1] DEBUG PhysicsWorld         - Physics world initialized: appHeight=600, physics.ppm=50,0
22:32:24.011 [ForkJoinPool.commonPool-worker-1] DEBUG Input                - Registered new binding: Pause - Esc
22:32:24.102 [JavaFX Application Thread] DEBUG FXGL                 - Running preInit()
22:32:24.106 [JavaFX Application Thread] DEBUG Input                - Registered new binding: Screenshot - P
22:32:24.107 [JavaFX Application Thread] DEBUG Input                - Registered new binding: Dev Options - CTRL+0
22:32:24.108 [JavaFX Application Thread] DEBUG Input                - Registered new binding: System info dump - CTRL+9
22:32:24.109 [JavaFX Application Thread] DEBUG Input                - Registered new binding: Restart - CTRL+R
22:32:24.109 [JavaFX Application Thread] DEBUG Input                - Registered new binding: Move Right - D
22:32:24.109 [JavaFX Application Thread] DEBUG Input                - Registered new binding: Move Left - A
22:32:24.110 [JavaFX Application Thread] DEBUG Input                - Registered new binding: Move Ball - Space
22:32:24.110 [JavaFX Application Thread] DEBUG Input                - Registered new binding: New Level - N
22:32:24.110 [JavaFX Application Thread] DEBUG Input                - Registered new binding: New Ball - M
22:32:24.112 [JavaFX Application Thread] DEBUG Input                - Registered new binding: Testing - LMB
22:32:24.114 [JavaFX Application Thread] INFO  FXGL                 - FXGL initialization took: 1,594 sec
22:32:24.114 [JavaFX Application Thread] DEBUG LoopRunner           - Starting loop
22:32:24.116 [JavaFX Application Thread] DEBUG StartupState         - STARTUP
22:32:24.117 [JavaFX Application Thread] DEBUG GameApplication      - Starting new game
22:32:24.117 [JavaFX Application Thread] DEBUG Input                - Clearing active input actions
22:32:24.119 [JavaFX Application Thread] DEBUG AssetLoader          - Loading from disk: /assets/ui/css/fxgl_dark.css
22:32:24.131 [JavaFX Application Thread] DEBUG AppStateMachine      - StartupState -> LoadingState
22:32:24.147 [FXGL Background Thread 1 ] DEBUG InitAppTask          - Clearing previous game
22:32:24.147 [FXGL Background Thread 1 ] DEBUG GameWorld            - Clearing game world
22:32:24.147 [FXGL Background Thread 1 ] DEBUG PhysicsWorld         - Clearing physics world
22:32:24.148 [FXGL Background Thread 1 ] DEBUG GameScene            - Clearing game scene
22:32:24.150 [FXGL Background Thread 1 ] DEBUG InitAppTask          - Initializing Game
22:32:24.403 [FXGL Background Thread 1 ] DEBUG GameScene            - Creating render group for layer: DEFAULT(100000)
22:32:24.407 [FXGL Background Thread 1 ] DEBUG GameScene            - Creating render group for layer: BACKGROUND(1000)
22:32:24.413 [FXGL Background Thread 1 ] DEBUG InitAppTask          - Initializing Physics
22:32:24.415 [FXGL Background Thread 1 ] DEBUG InitAppTask          - Initializing UI
22:32:24.424 [FXGL Background Thread 1 ] DEBUG InitAppTask          - Initialization Complete
22:32:24.424 [FXGL Background Thread 1 ] INFO  InitAppTask          - Game initialization took: 0,278 sec
22:32:24.435 [JavaFX Application Thread] DEBUG Input                - Clearing active input actions
22:32:24.435 [JavaFX Application Thread] DEBUG AssetLoader          - Loading from disk: /assets/ui/css/fxgl_dark.css
22:32:24.460 [JavaFX Application Thread] DEBUG AppStateMachine      - LoadingState -> PlayState
22:32:27.149 [JavaFX Application Thread] DEBUG AssetLoader          - Loading from cache: /assets/sounds/boom8.wav
22:32:30.675 [JavaFX Application Thread] DEBUG AssetLoader          - Loading from cache: /assets/sounds/boom8.wav
22:32:30.677 [JavaFX Application Thread] DEBUG AssetLoader          - Loading from cache: /assets/sounds/boom8.wav
22:32:35.011 [JavaFX Application Thread] DEBUG AssetLoader          - Loading from cache: /assets/sounds/boom8.wav
22:32:40.835 [JavaFX Application Thread] DEBUG AssetLoader          - Loading from cache: /assets/sounds/boom8.wav
22:32:42.633 [JavaFX Application Thread] DEBUG AssetLoader          - Loading from cache: /assets/ui/fonts/VarelaRound-Regular.ttf
22:32:42.641 [JavaFX Application Thread] DEBUG AssetLoader          - Loading from cache: /assets/ui/fonts/VarelaRound-Regular.ttf
22:32:42.646 [JavaFX Application Thread] DEBUG AssetLoader          - Loading from disk: /assets/properties/languages/english.properties
22:32:42.651 [JavaFX Application Thread] DEBUG AssetLoader          - Loading from cache: /assets/ui/fonts/VarelaRound-Regular.ttf
22:32:42.653 [JavaFX Application Thread] DEBUG AssetLoader          - Loading from cache: /assets/properties/languages/english.properties
22:32:42.663 [JavaFX Application Thread] DEBUG AssetLoader          - Loading from cache: /assets/ui/fonts/VarelaRound-Regular.ttf
22:32:42.665 [JavaFX Application Thread] DEBUG AppStateMachine      - Push state: DialogSubState
22:32:42.665 [JavaFX Application Thread] DEBUG Input                - Clearing active input actions
22:32:42.666 [JavaFX Application Thread] DEBUG AppStateMachine      - PlayState -> DialogSubState
22:32:44.249 [JavaFX Application Thread] DEBUG AppStateMachine      - Pop state: DialogSubState
22:32:44.249 [JavaFX Application Thread] DEBUG Input                - Clearing active input actions
22:32:44.252 [JavaFX Application Thread] DEBUG AppStateMachine      - PlayState <- DialogSubState
22:32:44.252 [JavaFX Application Thread] DEBUG FXGL                 - Exiting FXGL
22:32:44.253 [JavaFX Application Thread] DEBUG FXGL                 - Shutting down background threads
22:32:44.254 [JavaFX Application Thread] DEBUG FXGL                 - Saving FXGL system data
22:32:44.264 [JavaFX Application Thread] DEBUG DesktopFSService     - Writing to: system\fxgl.bundle
22:32:44.279 [JavaFX Application Thread] DEBUG FXGL                 - Closing logger and exiting JavaFX
